#
# There is insufficient memory for the Java Runtime Environment to continue.
# Native memory allocation (malloc) failed to allocate 1880928 bytes for Chunk::new
# Possible reasons:
#   The system is out of physical RAM or swap space
#   The process is running with CompressedOops enabled, and the Java Heap may be blocking the growth of the native heap
# Possible solutions:
#   Reduce memory load on the system
#   Increase physical memory or swap space
#   Check if swap backing store is full
#   Decrease Java heap size (-Xmx/-Xms)
#   Decrease number of Java threads
#   Decrease Java thread stack sizes (-Xss)
#   Set larger code cache with -XX:ReservedCodeCacheSize=
#   JVM is running with Unscaled Compressed Oops mode in which the Java heap is
#     placed in the first 4GB address space. The Java Heap base address is the
#     maximum limit for the native heap growth. Please use -XX:HeapBaseMinAddress
#     to set the Java Heap base and to place the Java Heap above 4GB virtual address.
# This output file may be truncated or incomplete.
#
#  Out of Memory Error (arena.cpp:189), pid=4004, tid=20860
#
# JRE version: OpenJDK Runtime Environment JBR-17.0.7+7-1000.6-jcef (17.0.7+7) (build 17.0.7+7-b1000.6)
# Java VM: OpenJDK 64-Bit Server VM JBR-17.0.7+7-1000.6-jcef (17.0.7+7-b1000.6, mixed mode, tiered, compressed oops, compressed class ptrs, g1 gc, windows-amd64)
# No core dump will be written. Minidumps are not enabled by default on client versions of Windows
#

---------------  S U M M A R Y ------------

Command Line: --add-opens=java.base/java.util=ALL-UNNAMED --add-opens=java.base/java.lang=ALL-UNNAMED --add-opens=java.base/java.lang.invoke=ALL-UNNAMED --add-opens=java.prefs/java.util.prefs=ALL-UNNAMED --add-exports=jdk.compiler/com.sun.tools.javac.api=ALL-UNNAMED --add-exports=jdk.compiler/com.sun.tools.javac.util=ALL-UNNAMED --add-opens=java.base/java.nio.charset=ALL-UNNAMED --add-opens=java.base/java.net=ALL-UNNAMED --add-opens=java.base/java.util.concurrent.atomic=ALL-UNNAMED -XX:MaxMetaspaceSize=384m -XX:+HeapDumpOnOutOfMemoryError -Xms256m -Xmx512m -Dfile.encoding=windows-1252 -Duser.country=US -Duser.language=en -Duser.variant -javaagent:C:\Users\TUONG VY\.gradle\wrapper\dists\gradle-8.10.2-bin\a04bxjujx95o3nb99gddekhwo\gradle-8.10.2\lib\agents\gradle-instrumentation-agent-8.10.2.jar org.gradle.launcher.daemon.bootstrap.GradleDaemon 8.10.2

Host: AMD Ryzen 3 3250U with Radeon Graphics         , 4 cores, 3G,  Windows 11 , 64 bit Build 22621 (10.0.22621.3958)
Time: Thu Oct 24 20:54:43 2024 SE Asia Standard Time elapsed time: 25.781795 seconds (0d 0h 0m 25s)

---------------  T H R E A D  ---------------

Current thread (0x000002260321f760):  JavaThread "C2 CompilerThread0" daemon [_thread_in_native, id=20860, stack(0x000000c5aa200000,0x000000c5aa300000)]


Current CompileTask:
C2:  25782 2466   !   4       java.lang.ClassLoader::loadClass (121 bytes)

Stack: [0x000000c5aa200000,0x000000c5aa300000]
Native frames: (J=compiled Java code, j=interpreted, Vv=VM code, C=native code)
V  [jvm.dll+0x683bfa]
V  [jvm.dll+0x8430a4]
V  [jvm.dll+0x8449be]
V  [jvm.dll+0x845023]
V  [jvm.dll+0x24ad2f]
V  [jvm.dll+0xac25c]
V  [jvm.dll+0xac82c]
V  [jvm.dll+0x36a187]
V  [jvm.dll+0x1bdf52]
V  [jvm.dll+0x21d3a9]
V  [jvm.dll+0x21c671]
V  [jvm.dll+0x1a605d]
V  [jvm.dll+0x22c148]
V  [jvm.dll+0x22a209]
V  [jvm.dll+0x7f858c]
V  [jvm.dll+0x7f2aea]
V  [jvm.dll+0x682a35]
C  [ucrtbase.dll+0x29333]
C  [KERNEL32.DLL+0x1257d]
C  [ntdll.dll+0x5af08]


---------------  P R O C E S S  ---------------

Threads class SMR info:
_java_thread_list=0x00000226097da950, length=26, elements={
0x000002266d0e1860, 0x00000226031cb380, 0x00000226031d50e0, 0x00000226031e37a0,
0x00000226031e4350, 0x000002260321e020, 0x000002260321e9d0, 0x000002260321f760,
0x0000022603253010, 0x00000226032adbd0, 0x000002260316c650, 0x00000226034b78f0,
0x00000226037b47d0, 0x0000022608cd0980, 0x0000022609473460, 0x0000022608f8de00,
0x0000022608e21eb0, 0x0000022603793760, 0x0000022603794040, 0x0000022608029df0,
0x000002260802b600, 0x0000022608029450, 0x000002260802bad0, 0x00000226080285e0,
0x000002260802a2c0, 0x0000022608029920
}

Java Threads: ( => current thread )
  0x000002266d0e1860 JavaThread "main" [_thread_blocked, id=13092, stack(0x000000c5a9500000,0x000000c5a9600000)]
  0x00000226031cb380 JavaThread "Reference Handler" daemon [_thread_blocked, id=16608, stack(0x000000c5a9c00000,0x000000c5a9d00000)]
  0x00000226031d50e0 JavaThread "Finalizer" daemon [_thread_blocked, id=6976, stack(0x000000c5a9d00000,0x000000c5a9e00000)]
  0x00000226031e37a0 JavaThread "Signal Dispatcher" daemon [_thread_blocked, id=18744, stack(0x000000c5a9e00000,0x000000c5a9f00000)]
  0x00000226031e4350 JavaThread "Attach Listener" daemon [_thread_blocked, id=21940, stack(0x000000c5a9f00000,0x000000c5aa000000)]
  0x000002260321e020 JavaThread "Service Thread" daemon [_thread_blocked, id=524, stack(0x000000c5aa000000,0x000000c5aa100000)]
  0x000002260321e9d0 JavaThread "Monitor Deflation Thread" daemon [_thread_blocked, id=14260, stack(0x000000c5aa100000,0x000000c5aa200000)]
=>0x000002260321f760 JavaThread "C2 CompilerThread0" daemon [_thread_in_native, id=20860, stack(0x000000c5aa200000,0x000000c5aa300000)]
  0x0000022603253010 JavaThread "C1 CompilerThread0" daemon [_thread_blocked, id=12628, stack(0x000000c5aa300000,0x000000c5aa400000)]
  0x00000226032adbd0 JavaThread "Sweeper thread" daemon [_thread_blocked, id=11612, stack(0x000000c5aa400000,0x000000c5aa500000)]
  0x000002260316c650 JavaThread "Common-Cleaner" daemon [_thread_blocked, id=22224, stack(0x000000c5aa500000,0x000000c5aa600000)]
  0x00000226034b78f0 JavaThread "Notification Thread" daemon [_thread_blocked, id=7672, stack(0x000000c5aa600000,0x000000c5aa700000)]
  0x00000226037b47d0 JavaThread "Daemon health stats" [_thread_blocked, id=9244, stack(0x000000c5aab00000,0x000000c5aac00000)]
  0x0000022608cd0980 JavaThread "Incoming local TCP Connector on port 50378" [_thread_in_native, id=1608, stack(0x000000c5aac00000,0x000000c5aad00000)]
  0x0000022609473460 JavaThread "Daemon periodic checks" [_thread_blocked, id=8992, stack(0x000000c5aad00000,0x000000c5aae00000)]
  0x0000022608f8de00 JavaThread "Daemon" [_thread_blocked, id=8808, stack(0x000000c5aae00000,0x000000c5aaf00000)]
  0x0000022608e21eb0 JavaThread "Handler for socket connection from /127.0.0.1:50378 to /127.0.0.1:50380" [_thread_in_native, id=12336, stack(0x000000c5aaf00000,0x000000c5ab000000)]
  0x0000022603793760 JavaThread "Cancel handler" [_thread_blocked, id=1228, stack(0x000000c5ab000000,0x000000c5ab100000)]
  0x0000022603794040 JavaThread "Daemon worker" [_thread_in_vm, id=16348, stack(0x000000c5ab100000,0x000000c5ab200000)]
  0x0000022608029df0 JavaThread "Asynchronous log dispatcher for DefaultDaemonConnection: socket connection from /127.0.0.1:50378 to /127.0.0.1:50380" [_thread_blocked, id=11924, stack(0x000000c5ab200000,0x000000c5ab300000)]
  0x000002260802b600 JavaThread "Stdin handler" [_thread_blocked, id=15120, stack(0x000000c5ab300000,0x000000c5ab400000)]
  0x0000022608029450 JavaThread "Daemon client event forwarder" [_thread_blocked, id=19724, stack(0x000000c5ab400000,0x000000c5ab500000)]
  0x000002260802bad0 JavaThread "Cache worker for journal cache (C:\Users\TUONG VY\.gradle\caches\journal-1)" [_thread_blocked, id=21144, stack(0x000000c5ab500000,0x000000c5ab600000)]
  0x00000226080285e0 JavaThread "File lock request listener" [_thread_in_native, id=14984, stack(0x000000c5ab600000,0x000000c5ab700000)]
  0x000002260802a2c0 JavaThread "Cache worker for file hash cache (C:\Users\TUONG VY\.gradle\caches\8.10.2\fileHashes)" [_thread_blocked, id=4648, stack(0x000000c5ab700000,0x000000c5ab800000)]
  0x0000022608029920 JavaThread "File lock release action executor" [_thread_blocked, id=19460, stack(0x000000c5ab800000,0x000000c5ab900000)]

Other Threads:
  0x00000226031f61a0 VMThread "VM Thread" [stack: 0x000000c5a9b00000,0x000000c5a9c00000] [id=19284]
  0x000002266d0e2410 WatcherThread [stack: 0x000000c5aa700000,0x000000c5aa800000] [id=12156]
  0x000002266d10ef40 GCTaskThread "GC Thread#0" [stack: 0x000000c5a9600000,0x000000c5a9700000] [id=14800]
  0x00000226035a7620 GCTaskThread "GC Thread#1" [stack: 0x000000c5aa800000,0x000000c5aa900000] [id=1072]
  0x00000226035a78d0 GCTaskThread "GC Thread#2" [stack: 0x000000c5aa900000,0x000000c5aaa00000] [id=11772]
  0x0000022603576490 GCTaskThread "GC Thread#3" [stack: 0x000000c5aaa00000,0x000000c5aab00000] [id=1984]
  0x000002266d113d20 ConcurrentGCThread "G1 Main Marker" [stack: 0x000000c5a9700000,0x000000c5a9800000] [id=2784]
  0x000002266d1145d0 ConcurrentGCThread "G1 Conc#0" [stack: 0x000000c5a9800000,0x000000c5a9900000] [id=4288]
  0x000002266d19d570 ConcurrentGCThread "G1 Refine#0" [stack: 0x000000c5a9900000,0x000000c5a9a00000] [id=3236]
  0x000002266d19de30 ConcurrentGCThread "G1 Service" [stack: 0x000000c5a9a00000,0x000000c5a9b00000] [id=8112]

Threads with active compile tasks:
C2 CompilerThread0    25863 2466   !   4       java.lang.ClassLoader::loadClass (121 bytes)

VM state: not at safepoint (normal execution)

VM Mutex/Monitor currently owned by a thread: None

Heap address: 0x00000000e0000000, size: 512 MB, Compressed Oops mode: 32-bit

CDS archive(s) not mapped
Compressed class space mapped at: 0x0000000100000000-0x0000000114000000, reserved size: 335544320
Narrow klass base: 0x0000000000000000, Narrow klass shift: 3, Narrow klass range: 0x114000000

GC Precious Log:
 CPUs: 4 total, 4 available
 Memory: 3534M
 Large Page Support: Disabled
 NUMA Support: Disabled
 Compressed Oops: Enabled (32-bit)
 Heap Region Size: 1M
 Heap Min Capacity: 256M
 Heap Initial Capacity: 256M
 Heap Max Capacity: 512M
 Pre-touch: Disabled
 Parallel Workers: 4
 Concurrent Workers: 1
 Concurrent Refinement Workers: 4
 Periodic GC: Disabled

Heap:
 garbage-first heap   total 262144K, used 39754K [0x00000000e0000000, 0x0000000100000000)
  region size 1024K, 32 young (32768K), 11 survivors (11264K)
 Metaspace       used 24570K, committed 24832K, reserved 393216K
  class space    used 3030K, committed 3200K, reserved 327680K

Heap Regions: E=young(eden), S=young(survivor), O=old, HS=humongous(starts), HC=humongous(continues), CS=collection set, F=free, OA=open archive, CA=closed archive, TAMS=top-at-mark-start (previous, next)
|   0|0x00000000e0000000, 0x00000000e0100000, 0x00000000e0100000|100%|HS|  |TAMS 0x00000000e0100000, 0x00000000e0000000| Complete 
|   1|0x00000000e0100000, 0x00000000e0200000, 0x00000000e0200000|100%|HC|  |TAMS 0x00000000e0200000, 0x00000000e0100000| Complete 
|   2|0x00000000e0200000, 0x00000000e0300000, 0x00000000e0300000|100%|HC|  |TAMS 0x00000000e0300000, 0x00000000e0200000| Complete 
|   3|0x00000000e0300000, 0x00000000e0400000, 0x00000000e0400000|100%|HC|  |TAMS 0x00000000e0400000, 0x00000000e0300000| Complete 
|   4|0x00000000e0400000, 0x00000000e0500000, 0x00000000e0500000|100%| O|  |TAMS 0x00000000e0500000, 0x00000000e0400000| Untracked 
|   5|0x00000000e0500000, 0x00000000e0600000, 0x00000000e0600000|100%| O|  |TAMS 0x00000000e0600000, 0x00000000e0500000| Untracked 
|   6|0x00000000e0600000, 0x00000000e0700000, 0x00000000e0700000|100%| O|  |TAMS 0x00000000e0700000, 0x00000000e0600000| Untracked 
|   7|0x00000000e0700000, 0x00000000e07f6800, 0x00000000e0800000| 96%| O|  |TAMS 0x00000000e07f6800, 0x00000000e0700000| Untracked 
|   8|0x00000000e0800000, 0x00000000e0900000, 0x00000000e0900000|100%|HS|  |TAMS 0x00000000e0900000, 0x00000000e0800000| Complete 
|   9|0x00000000e0900000, 0x00000000e0900000, 0x00000000e0a00000|  0%| F|  |TAMS 0x00000000e0900000, 0x00000000e0900000| Untracked 
|  10|0x00000000e0a00000, 0x00000000e0a00000, 0x00000000e0b00000|  0%| F|  |TAMS 0x00000000e0a00000, 0x00000000e0a00000| Untracked 
|  11|0x00000000e0b00000, 0x00000000e0b00000, 0x00000000e0c00000|  0%| F|  |TAMS 0x00000000e0b00000, 0x00000000e0b00000| Untracked 
|  12|0x00000000e0c00000, 0x00000000e0c00000, 0x00000000e0d00000|  0%| F|  |TAMS 0x00000000e0c00000, 0x00000000e0c00000| Untracked 
|  13|0x00000000e0d00000, 0x00000000e0d00000, 0x00000000e0e00000|  0%| F|  |TAMS 0x00000000e0d00000, 0x00000000e0d00000| Untracked 
|  14|0x00000000e0e00000, 0x00000000e0e00000, 0x00000000e0f00000|  0%| F|  |TAMS 0x00000000e0e00000, 0x00000000e0e00000| Untracked 
|  15|0x00000000e0f00000, 0x00000000e0f00000, 0x00000000e1000000|  0%| F|  |TAMS 0x00000000e0f00000, 0x00000000e0f00000| Untracked 
|  16|0x00000000e1000000, 0x00000000e1000000, 0x00000000e1100000|  0%| F|  |TAMS 0x00000000e1000000, 0x00000000e1000000| Untracked 
|  17|0x00000000e1100000, 0x00000000e1100000, 0x00000000e1200000|  0%| F|  |TAMS 0x00000000e1100000, 0x00000000e1100000| Untracked 
|  18|0x00000000e1200000, 0x00000000e1200000, 0x00000000e1300000|  0%| F|  |TAMS 0x00000000e1200000, 0x00000000e1200000| Untracked 
|  19|0x00000000e1300000, 0x00000000e1300000, 0x00000000e1400000|  0%| F|  |TAMS 0x00000000e1300000, 0x00000000e1300000| Untracked 
|  20|0x00000000e1400000, 0x00000000e1400000, 0x00000000e1500000|  0%| F|  |TAMS 0x00000000e1400000, 0x00000000e1400000| Untracked 
|  21|0x00000000e1500000, 0x00000000e1500000, 0x00000000e1600000|  0%| F|  |TAMS 0x00000000e1500000, 0x00000000e1500000| Untracked 
|  22|0x00000000e1600000, 0x00000000e1600000, 0x00000000e1700000|  0%| F|  |TAMS 0x00000000e1600000, 0x00000000e1600000| Untracked 
|  23|0x00000000e1700000, 0x00000000e1700000, 0x00000000e1800000|  0%| F|  |TAMS 0x00000000e1700000, 0x00000000e1700000| Untracked 
|  24|0x00000000e1800000, 0x00000000e1800000, 0x00000000e1900000|  0%| F|  |TAMS 0x00000000e1800000, 0x00000000e1800000| Untracked 
|  25|0x00000000e1900000, 0x00000000e1900000, 0x00000000e1a00000|  0%| F|  |TAMS 0x00000000e1900000, 0x00000000e1900000| Untracked 
|  26|0x00000000e1a00000, 0x00000000e1a00000, 0x00000000e1b00000|  0%| F|  |TAMS 0x00000000e1a00000, 0x00000000e1a00000| Untracked 
|  27|0x00000000e1b00000, 0x00000000e1b00000, 0x00000000e1c00000|  0%| F|  |TAMS 0x00000000e1b00000, 0x00000000e1b00000| Untracked 
|  28|0x00000000e1c00000, 0x00000000e1c00000, 0x00000000e1d00000|  0%| F|  |TAMS 0x00000000e1c00000, 0x00000000e1c00000| Untracked 
|  29|0x00000000e1d00000, 0x00000000e1d00000, 0x00000000e1e00000|  0%| F|  |TAMS 0x00000000e1d00000, 0x00000000e1d00000| Untracked 
|  30|0x00000000e1e00000, 0x00000000e1e00000, 0x00000000e1f00000|  0%| F|  |TAMS 0x00000000e1e00000, 0x00000000e1e00000| Untracked 
|  31|0x00000000e1f00000, 0x00000000e1f00000, 0x00000000e2000000|  0%| F|  |TAMS 0x00000000e1f00000, 0x00000000e1f00000| Untracked 
|  32|0x00000000e2000000, 0x00000000e2000000, 0x00000000e2100000|  0%| F|  |TAMS 0x00000000e2000000, 0x00000000e2000000| Untracked 
|  33|0x00000000e2100000, 0x00000000e2100000, 0x00000000e2200000|  0%| F|  |TAMS 0x00000000e2100000, 0x00000000e2100000| Untracked 
|  34|0x00000000e2200000, 0x00000000e2200000, 0x00000000e2300000|  0%| F|  |TAMS 0x00000000e2200000, 0x00000000e2200000| Untracked 
|  35|0x00000000e2300000, 0x00000000e2300000, 0x00000000e2400000|  0%| F|  |TAMS 0x00000000e2300000, 0x00000000e2300000| Untracked 
|  36|0x00000000e2400000, 0x00000000e2400000, 0x00000000e2500000|  0%| F|  |TAMS 0x00000000e2400000, 0x00000000e2400000| Untracked 
|  37|0x00000000e2500000, 0x00000000e2500000, 0x00000000e2600000|  0%| F|  |TAMS 0x00000000e2500000, 0x00000000e2500000| Untracked 
|  38|0x00000000e2600000, 0x00000000e2600000, 0x00000000e2700000|  0%| F|  |TAMS 0x00000000e2600000, 0x00000000e2600000| Untracked 
|  39|0x00000000e2700000, 0x00000000e2700000, 0x00000000e2800000|  0%| F|  |TAMS 0x00000000e2700000, 0x00000000e2700000| Untracked 
|  40|0x00000000e2800000, 0x00000000e2800000, 0x00000000e2900000|  0%| F|  |TAMS 0x00000000e2800000, 0x00000000e2800000| Untracked 
|  41|0x00000000e2900000, 0x00000000e2900000, 0x00000000e2a00000|  0%| F|  |TAMS 0x00000000e2900000, 0x00000000e2900000| Untracked 
|  42|0x00000000e2a00000, 0x00000000e2a00000, 0x00000000e2b00000|  0%| F|  |TAMS 0x00000000e2a00000, 0x00000000e2a00000| Untracked 
|  43|0x00000000e2b00000, 0x00000000e2b00000, 0x00000000e2c00000|  0%| F|  |TAMS 0x00000000e2b00000, 0x00000000e2b00000| Untracked 
|  44|0x00000000e2c00000, 0x00000000e2c00000, 0x00000000e2d00000|  0%| F|  |TAMS 0x00000000e2c00000, 0x00000000e2c00000| Untracked 
|  45|0x00000000e2d00000, 0x00000000e2d00000, 0x00000000e2e00000|  0%| F|  |TAMS 0x00000000e2d00000, 0x00000000e2d00000| Untracked 
|  46|0x00000000e2e00000, 0x00000000e2e00000, 0x00000000e2f00000|  0%| F|  |TAMS 0x00000000e2e00000, 0x00000000e2e00000| Untracked 
|  47|0x00000000e2f00000, 0x00000000e2f00000, 0x00000000e3000000|  0%| F|  |TAMS 0x00000000e2f00000, 0x00000000e2f00000| Untracked 
|  48|0x00000000e3000000, 0x00000000e3000000, 0x00000000e3100000|  0%| F|  |TAMS 0x00000000e3000000, 0x00000000e3000000| Untracked 
|  49|0x00000000e3100000, 0x00000000e3100000, 0x00000000e3200000|  0%| F|  |TAMS 0x00000000e3100000, 0x00000000e3100000| Untracked 
|  50|0x00000000e3200000, 0x00000000e3200000, 0x00000000e3300000|  0%| F|  |TAMS 0x00000000e3200000, 0x00000000e3200000| Untracked 
|  51|0x00000000e3300000, 0x00000000e3300000, 0x00000000e3400000|  0%| F|  |TAMS 0x00000000e3300000, 0x00000000e3300000| Untracked 
|  52|0x00000000e3400000, 0x00000000e3400000, 0x00000000e3500000|  0%| F|  |TAMS 0x00000000e3400000, 0x00000000e3400000| Untracked 
|  53|0x00000000e3500000, 0x00000000e3500000, 0x00000000e3600000|  0%| F|  |TAMS 0x00000000e3500000, 0x00000000e3500000| Untracked 
|  54|0x00000000e3600000, 0x00000000e3600000, 0x00000000e3700000|  0%| F|  |TAMS 0x00000000e3600000, 0x00000000e3600000| Untracked 
|  55|0x00000000e3700000, 0x00000000e3700000, 0x00000000e3800000|  0%| F|  |TAMS 0x00000000e3700000, 0x00000000e3700000| Untracked 
|  56|0x00000000e3800000, 0x00000000e3800000, 0x00000000e3900000|  0%| F|  |TAMS 0x00000000e3800000, 0x00000000e3800000| Untracked 
|  57|0x00000000e3900000, 0x00000000e3900000, 0x00000000e3a00000|  0%| F|  |TAMS 0x00000000e3900000, 0x00000000e3900000| Untracked 
|  58|0x00000000e3a00000, 0x00000000e3a00000, 0x00000000e3b00000|  0%| F|  |TAMS 0x00000000e3a00000, 0x00000000e3a00000| Untracked 
|  59|0x00000000e3b00000, 0x00000000e3b00000, 0x00000000e3c00000|  0%| F|  |TAMS 0x00000000e3b00000, 0x00000000e3b00000| Untracked 
|  60|0x00000000e3c00000, 0x00000000e3c00000, 0x00000000e3d00000|  0%| F|  |TAMS 0x00000000e3c00000, 0x00000000e3c00000| Untracked 
|  61|0x00000000e3d00000, 0x00000000e3d00000, 0x00000000e3e00000|  0%| F|  |TAMS 0x00000000e3d00000, 0x00000000e3d00000| Untracked 
|  62|0x00000000e3e00000, 0x00000000e3e00000, 0x00000000e3f00000|  0%| F|  |TAMS 0x00000000e3e00000, 0x00000000e3e00000| Untracked 
|  63|0x00000000e3f00000, 0x00000000e3f00000, 0x00000000e4000000|  0%| F|  |TAMS 0x00000000e3f00000, 0x00000000e3f00000| Untracked 
|  64|0x00000000e4000000, 0x00000000e4000000, 0x00000000e4100000|  0%| F|  |TAMS 0x00000000e4000000, 0x00000000e4000000| Untracked 
|  65|0x00000000e4100000, 0x00000000e4100000, 0x00000000e4200000|  0%| F|  |TAMS 0x00000000e4100000, 0x00000000e4100000| Untracked 
|  66|0x00000000e4200000, 0x00000000e4200000, 0x00000000e4300000|  0%| F|  |TAMS 0x00000000e4200000, 0x00000000e4200000| Untracked 
|  67|0x00000000e4300000, 0x00000000e4300000, 0x00000000e4400000|  0%| F|  |TAMS 0x00000000e4300000, 0x00000000e4300000| Untracked 
|  68|0x00000000e4400000, 0x00000000e4400000, 0x00000000e4500000|  0%| F|  |TAMS 0x00000000e4400000, 0x00000000e4400000| Untracked 
|  69|0x00000000e4500000, 0x00000000e4500000, 0x00000000e4600000|  0%| F|  |TAMS 0x00000000e4500000, 0x00000000e4500000| Untracked 
|  70|0x00000000e4600000, 0x00000000e4600000, 0x00000000e4700000|  0%| F|  |TAMS 0x00000000e4600000, 0x00000000e4600000| Untracked 
|  71|0x00000000e4700000, 0x00000000e4700000, 0x00000000e4800000|  0%| F|  |TAMS 0x00000000e4700000, 0x00000000e4700000| Untracked 
|  72|0x00000000e4800000, 0x00000000e4800000, 0x00000000e4900000|  0%| F|  |TAMS 0x00000000e4800000, 0x00000000e4800000| Untracked 
|  73|0x00000000e4900000, 0x00000000e4900000, 0x00000000e4a00000|  0%| F|  |TAMS 0x00000000e4900000, 0x00000000e4900000| Untracked 
|  74|0x00000000e4a00000, 0x00000000e4a00000, 0x00000000e4b00000|  0%| F|  |TAMS 0x00000000e4a00000, 0x00000000e4a00000| Untracked 
|  75|0x00000000e4b00000, 0x00000000e4b00000, 0x00000000e4c00000|  0%| F|  |TAMS 0x00000000e4b00000, 0x00000000e4b00000| Untracked 
|  76|0x00000000e4c00000, 0x00000000e4c00000, 0x00000000e4d00000|  0%| F|  |TAMS 0x00000000e4c00000, 0x00000000e4c00000| Untracked 
|  77|0x00000000e4d00000, 0x00000000e4d00000, 0x00000000e4e00000|  0%| F|  |TAMS 0x00000000e4d00000, 0x00000000e4d00000| Untracked 
|  78|0x00000000e4e00000, 0x00000000e4e00000, 0x00000000e4f00000|  0%| F|  |TAMS 0x00000000e4e00000, 0x00000000e4e00000| Untracked 
|  79|0x00000000e4f00000, 0x00000000e4f00000, 0x00000000e5000000|  0%| F|  |TAMS 0x00000000e4f00000, 0x00000000e4f00000| Untracked 
|  80|0x00000000e5000000, 0x00000000e5000000, 0x00000000e5100000|  0%| F|  |TAMS 0x00000000e5000000, 0x00000000e5000000| Untracked 
|  81|0x00000000e5100000, 0x00000000e5100000, 0x00000000e5200000|  0%| F|  |TAMS 0x00000000e5100000, 0x00000000e5100000| Untracked 
|  82|0x00000000e5200000, 0x00000000e5200000, 0x00000000e5300000|  0%| F|  |TAMS 0x00000000e5200000, 0x00000000e5200000| Untracked 
|  83|0x00000000e5300000, 0x00000000e5300000, 0x00000000e5400000|  0%| F|  |TAMS 0x00000000e5300000, 0x00000000e5300000| Untracked 
|  84|0x00000000e5400000, 0x00000000e5400000, 0x00000000e5500000|  0%| F|  |TAMS 0x00000000e5400000, 0x00000000e5400000| Untracked 
|  85|0x00000000e5500000, 0x00000000e5500000, 0x00000000e5600000|  0%| F|  |TAMS 0x00000000e5500000, 0x00000000e5500000| Untracked 
|  86|0x00000000e5600000, 0x00000000e5600000, 0x00000000e5700000|  0%| F|  |TAMS 0x00000000e5600000, 0x00000000e5600000| Untracked 
|  87|0x00000000e5700000, 0x00000000e5700000, 0x00000000e5800000|  0%| F|  |TAMS 0x00000000e5700000, 0x00000000e5700000| Untracked 
|  88|0x00000000e5800000, 0x00000000e5800000, 0x00000000e5900000|  0%| F|  |TAMS 0x00000000e5800000, 0x00000000e5800000| Untracked 
|  89|0x00000000e5900000, 0x00000000e5900000, 0x00000000e5a00000|  0%| F|  |TAMS 0x00000000e5900000, 0x00000000e5900000| Untracked 
|  90|0x00000000e5a00000, 0x00000000e5a00000, 0x00000000e5b00000|  0%| F|  |TAMS 0x00000000e5a00000, 0x00000000e5a00000| Untracked 
|  91|0x00000000e5b00000, 0x00000000e5b00000, 0x00000000e5c00000|  0%| F|  |TAMS 0x00000000e5b00000, 0x00000000e5b00000| Untracked 
|  92|0x00000000e5c00000, 0x00000000e5c00000, 0x00000000e5d00000|  0%| F|  |TAMS 0x00000000e5c00000, 0x00000000e5c00000| Untracked 
|  93|0x00000000e5d00000, 0x00000000e5d00000, 0x00000000e5e00000|  0%| F|  |TAMS 0x00000000e5d00000, 0x00000000e5d00000| Untracked 
|  94|0x00000000e5e00000, 0x00000000e5e00000, 0x00000000e5f00000|  0%| F|  |TAMS 0x00000000e5e00000, 0x00000000e5e00000| Untracked 
|  95|0x00000000e5f00000, 0x00000000e5f00000, 0x00000000e6000000|  0%| F|  |TAMS 0x00000000e5f00000, 0x00000000e5f00000| Untracked 
|  96|0x00000000e6000000, 0x00000000e6000000, 0x00000000e6100000|  0%| F|  |TAMS 0x00000000e6000000, 0x00000000e6000000| Untracked 
|  97|0x00000000e6100000, 0x00000000e6100000, 0x00000000e6200000|  0%| F|  |TAMS 0x00000000e6100000, 0x00000000e6100000| Untracked 
|  98|0x00000000e6200000, 0x00000000e6200000, 0x00000000e6300000|  0%| F|  |TAMS 0x00000000e6200000, 0x00000000e6200000| Untracked 
|  99|0x00000000e6300000, 0x00000000e6300000, 0x00000000e6400000|  0%| F|  |TAMS 0x00000000e6300000, 0x00000000e6300000| Untracked 
| 100|0x00000000e6400000, 0x00000000e6400000, 0x00000000e6500000|  0%| F|  |TAMS 0x00000000e6400000, 0x00000000e6400000| Untracked 
| 101|0x00000000e6500000, 0x00000000e6500000, 0x00000000e6600000|  0%| F|  |TAMS 0x00000000e6500000, 0x00000000e6500000| Untracked 
| 102|0x00000000e6600000, 0x00000000e6600000, 0x00000000e6700000|  0%| F|  |TAMS 0x00000000e6600000, 0x00000000e6600000| Untracked 
| 103|0x00000000e6700000, 0x00000000e6700000, 0x00000000e6800000|  0%| F|  |TAMS 0x00000000e6700000, 0x00000000e6700000| Untracked 
| 104|0x00000000e6800000, 0x00000000e6800000, 0x00000000e6900000|  0%| F|  |TAMS 0x00000000e6800000, 0x00000000e6800000| Untracked 
| 105|0x00000000e6900000, 0x00000000e6900000, 0x00000000e6a00000|  0%| F|  |TAMS 0x00000000e6900000, 0x00000000e6900000| Untracked 
| 106|0x00000000e6a00000, 0x00000000e6a00000, 0x00000000e6b00000|  0%| F|  |TAMS 0x00000000e6a00000, 0x00000000e6a00000| Untracked 
| 107|0x00000000e6b00000, 0x00000000e6b00000, 0x00000000e6c00000|  0%| F|  |TAMS 0x00000000e6b00000, 0x00000000e6b00000| Untracked 
| 108|0x00000000e6c00000, 0x00000000e6c00000, 0x00000000e6d00000|  0%| F|  |TAMS 0x00000000e6c00000, 0x00000000e6c00000| Untracked 
| 109|0x00000000e6d00000, 0x00000000e6d00000, 0x00000000e6e00000|  0%| F|  |TAMS 0x00000000e6d00000, 0x00000000e6d00000| Untracked 
| 110|0x00000000e6e00000, 0x00000000e6e00000, 0x00000000e6f00000|  0%| F|  |TAMS 0x00000000e6e00000, 0x00000000e6e00000| Untracked 
| 111|0x00000000e6f00000, 0x00000000e6f00000, 0x00000000e7000000|  0%| F|  |TAMS 0x00000000e6f00000, 0x00000000e6f00000| Untracked 
| 112|0x00000000e7000000, 0x00000000e7000000, 0x00000000e7100000|  0%| F|  |TAMS 0x00000000e7000000, 0x00000000e7000000| Untracked 
| 113|0x00000000e7100000, 0x00000000e7100000, 0x00000000e7200000|  0%| F|  |TAMS 0x00000000e7100000, 0x00000000e7100000| Untracked 
| 114|0x00000000e7200000, 0x00000000e7200000, 0x00000000e7300000|  0%| F|  |TAMS 0x00000000e7200000, 0x00000000e7200000| Untracked 
| 115|0x00000000e7300000, 0x00000000e7300000, 0x00000000e7400000|  0%| F|  |TAMS 0x00000000e7300000, 0x00000000e7300000| Untracked 
| 116|0x00000000e7400000, 0x00000000e7400000, 0x00000000e7500000|  0%| F|  |TAMS 0x00000000e7400000, 0x00000000e7400000| Untracked 
| 117|0x00000000e7500000, 0x00000000e7500000, 0x00000000e7600000|  0%| F|  |TAMS 0x00000000e7500000, 0x00000000e7500000| Untracked 
| 118|0x00000000e7600000, 0x00000000e7600000, 0x00000000e7700000|  0%| F|  |TAMS 0x00000000e7600000, 0x00000000e7600000| Untracked 
| 119|0x00000000e7700000, 0x00000000e7700000, 0x00000000e7800000|  0%| F|  |TAMS 0x00000000e7700000, 0x00000000e7700000| Untracked 
| 120|0x00000000e7800000, 0x00000000e7800000, 0x00000000e7900000|  0%| F|  |TAMS 0x00000000e7800000, 0x00000000e7800000| Untracked 
| 121|0x00000000e7900000, 0x00000000e7900000, 0x00000000e7a00000|  0%| F|  |TAMS 0x00000000e7900000, 0x00000000e7900000| Untracked 
| 122|0x00000000e7a00000, 0x00000000e7a00000, 0x00000000e7b00000|  0%| F|  |TAMS 0x00000000e7a00000, 0x00000000e7a00000| Untracked 
| 123|0x00000000e7b00000, 0x00000000e7b00000, 0x00000000e7c00000|  0%| F|  |TAMS 0x00000000e7b00000, 0x00000000e7b00000| Untracked 
| 124|0x00000000e7c00000, 0x00000000e7c00000, 0x00000000e7d00000|  0%| F|  |TAMS 0x00000000e7c00000, 0x00000000e7c00000| Untracked 
| 125|0x00000000e7d00000, 0x00000000e7d00000, 0x00000000e7e00000|  0%| F|  |TAMS 0x00000000e7d00000, 0x00000000e7d00000| Untracked 
| 126|0x00000000e7e00000, 0x00000000e7e00000, 0x00000000e7f00000|  0%| F|  |TAMS 0x00000000e7e00000, 0x00000000e7e00000| Untracked 
| 127|0x00000000e7f00000, 0x00000000e7f00000, 0x00000000e8000000|  0%| F|  |TAMS 0x00000000e7f00000, 0x00000000e7f00000| Untracked 
| 128|0x00000000e8000000, 0x00000000e8000000, 0x00000000e8100000|  0%| F|  |TAMS 0x00000000e8000000, 0x00000000e8000000| Untracked 
| 129|0x00000000e8100000, 0x00000000e8100000, 0x00000000e8200000|  0%| F|  |TAMS 0x00000000e8100000, 0x00000000e8100000| Untracked 
| 130|0x00000000e8200000, 0x00000000e8200000, 0x00000000e8300000|  0%| F|  |TAMS 0x00000000e8200000, 0x00000000e8200000| Untracked 
| 131|0x00000000e8300000, 0x00000000e8300000, 0x00000000e8400000|  0%| F|  |TAMS 0x00000000e8300000, 0x00000000e8300000| Untracked 
| 132|0x00000000e8400000, 0x00000000e8400000, 0x00000000e8500000|  0%| F|  |TAMS 0x00000000e8400000, 0x00000000e8400000| Untracked 
| 133|0x00000000e8500000, 0x00000000e8500000, 0x00000000e8600000|  0%| F|  |TAMS 0x00000000e8500000, 0x00000000e8500000| Untracked 
| 134|0x00000000e8600000, 0x00000000e8600000, 0x00000000e8700000|  0%| F|  |TAMS 0x00000000e8600000, 0x00000000e8600000| Untracked 
| 135|0x00000000e8700000, 0x00000000e8700000, 0x00000000e8800000|  0%| F|  |TAMS 0x00000000e8700000, 0x00000000e8700000| Untracked 
| 136|0x00000000e8800000, 0x00000000e8800000, 0x00000000e8900000|  0%| F|  |TAMS 0x00000000e8800000, 0x00000000e8800000| Untracked 
| 137|0x00000000e8900000, 0x00000000e8900000, 0x00000000e8a00000|  0%| F|  |TAMS 0x00000000e8900000, 0x00000000e8900000| Untracked 
| 138|0x00000000e8a00000, 0x00000000e8a00000, 0x00000000e8b00000|  0%| F|  |TAMS 0x00000000e8a00000, 0x00000000e8a00000| Untracked 
| 139|0x00000000e8b00000, 0x00000000e8b00000, 0x00000000e8c00000|  0%| F|  |TAMS 0x00000000e8b00000, 0x00000000e8b00000| Untracked 
| 140|0x00000000e8c00000, 0x00000000e8c00000, 0x00000000e8d00000|  0%| F|  |TAMS 0x00000000e8c00000, 0x00000000e8c00000| Untracked 
| 141|0x00000000e8d00000, 0x00000000e8ddc140, 0x00000000e8e00000| 85%| S|CS|TAMS 0x00000000e8d00000, 0x00000000e8d00000| Complete 
| 142|0x00000000e8e00000, 0x00000000e8f00000, 0x00000000e8f00000|100%| S|CS|TAMS 0x00000000e8e00000, 0x00000000e8e00000| Complete 
| 143|0x00000000e8f00000, 0x00000000e8fffff8, 0x00000000e9000000| 99%| S|CS|TAMS 0x00000000e8f00000, 0x00000000e8f00000| Complete 
| 144|0x00000000e9000000, 0x00000000e9100000, 0x00000000e9100000|100%| S|CS|TAMS 0x00000000e9000000, 0x00000000e9000000| Complete 
| 145|0x00000000e9100000, 0x00000000e9200000, 0x00000000e9200000|100%| S|CS|TAMS 0x00000000e9100000, 0x00000000e9100000| Complete 
| 146|0x00000000e9200000, 0x00000000e9300000, 0x00000000e9300000|100%| S|CS|TAMS 0x00000000e9200000, 0x00000000e9200000| Complete 
| 147|0x00000000e9300000, 0x00000000e9400000, 0x00000000e9400000|100%| S|CS|TAMS 0x00000000e9300000, 0x00000000e9300000| Complete 
| 148|0x00000000e9400000, 0x00000000e9500000, 0x00000000e9500000|100%| S|CS|TAMS 0x00000000e9400000, 0x00000000e9400000| Complete 
| 149|0x00000000e9500000, 0x00000000e9600000, 0x00000000e9600000|100%| S|CS|TAMS 0x00000000e9500000, 0x00000000e9500000| Complete 
| 150|0x00000000e9600000, 0x00000000e9700000, 0x00000000e9700000|100%| S|CS|TAMS 0x00000000e9600000, 0x00000000e9600000| Complete 
| 151|0x00000000e9700000, 0x00000000e9800000, 0x00000000e9800000|100%| S|CS|TAMS 0x00000000e9700000, 0x00000000e9700000| Complete 
| 152|0x00000000e9800000, 0x00000000e9800000, 0x00000000e9900000|  0%| F|  |TAMS 0x00000000e9800000, 0x00000000e9800000| Untracked 
| 153|0x00000000e9900000, 0x00000000e9900000, 0x00000000e9a00000|  0%| F|  |TAMS 0x00000000e9900000, 0x00000000e9900000| Untracked 
| 154|0x00000000e9a00000, 0x00000000e9a00000, 0x00000000e9b00000|  0%| F|  |TAMS 0x00000000e9a00000, 0x00000000e9a00000| Untracked 
| 155|0x00000000e9b00000, 0x00000000e9b00000, 0x00000000e9c00000|  0%| F|  |TAMS 0x00000000e9b00000, 0x00000000e9b00000| Untracked 
| 156|0x00000000e9c00000, 0x00000000e9c00000, 0x00000000e9d00000|  0%| F|  |TAMS 0x00000000e9c00000, 0x00000000e9c00000| Untracked 
| 157|0x00000000e9d00000, 0x00000000e9d00000, 0x00000000e9e00000|  0%| F|  |TAMS 0x00000000e9d00000, 0x00000000e9d00000| Untracked 
| 158|0x00000000e9e00000, 0x00000000e9e00000, 0x00000000e9f00000|  0%| F|  |TAMS 0x00000000e9e00000, 0x00000000e9e00000| Untracked 
| 159|0x00000000e9f00000, 0x00000000e9f00000, 0x00000000ea000000|  0%| F|  |TAMS 0x00000000e9f00000, 0x00000000e9f00000| Untracked 
| 160|0x00000000ea000000, 0x00000000ea000000, 0x00000000ea100000|  0%| F|  |TAMS 0x00000000ea000000, 0x00000000ea000000| Untracked 
| 161|0x00000000ea100000, 0x00000000ea100000, 0x00000000ea200000|  0%| F|  |TAMS 0x00000000ea100000, 0x00000000ea100000| Untracked 
| 162|0x00000000ea200000, 0x00000000ea200000, 0x00000000ea300000|  0%| F|  |TAMS 0x00000000ea200000, 0x00000000ea200000| Untracked 
| 163|0x00000000ea300000, 0x00000000ea300000, 0x00000000ea400000|  0%| F|  |TAMS 0x00000000ea300000, 0x00000000ea300000| Untracked 
| 164|0x00000000ea400000, 0x00000000ea400000, 0x00000000ea500000|  0%| F|  |TAMS 0x00000000ea400000, 0x00000000ea400000| Untracked 
| 165|0x00000000ea500000, 0x00000000ea500000, 0x00000000ea600000|  0%| F|  |TAMS 0x00000000ea500000, 0x00000000ea500000| Untracked 
| 166|0x00000000ea600000, 0x00000000ea600000, 0x00000000ea700000|  0%| F|  |TAMS 0x00000000ea600000, 0x00000000ea600000| Untracked 
| 167|0x00000000ea700000, 0x00000000ea700000, 0x00000000ea800000|  0%| F|  |TAMS 0x00000000ea700000, 0x00000000ea700000| Untracked 
| 168|0x00000000ea800000, 0x00000000ea800000, 0x00000000ea900000|  0%| F|  |TAMS 0x00000000ea800000, 0x00000000ea800000| Untracked 
| 169|0x00000000ea900000, 0x00000000ea900000, 0x00000000eaa00000|  0%| F|  |TAMS 0x00000000ea900000, 0x00000000ea900000| Untracked 
| 170|0x00000000eaa00000, 0x00000000eaa00000, 0x00000000eab00000|  0%| F|  |TAMS 0x00000000eaa00000, 0x00000000eaa00000| Untracked 
| 171|0x00000000eab00000, 0x00000000eab00000, 0x00000000eac00000|  0%| F|  |TAMS 0x00000000eab00000, 0x00000000eab00000| Untracked 
| 172|0x00000000eac00000, 0x00000000eac00000, 0x00000000ead00000|  0%| F|  |TAMS 0x00000000eac00000, 0x00000000eac00000| Untracked 
| 173|0x00000000ead00000, 0x00000000ead00000, 0x00000000eae00000|  0%| F|  |TAMS 0x00000000ead00000, 0x00000000ead00000| Untracked 
| 174|0x00000000eae00000, 0x00000000eae00000, 0x00000000eaf00000|  0%| F|  |TAMS 0x00000000eae00000, 0x00000000eae00000| Untracked 
| 175|0x00000000eaf00000, 0x00000000eaf00000, 0x00000000eb000000|  0%| F|  |TAMS 0x00000000eaf00000, 0x00000000eaf00000| Untracked 
| 176|0x00000000eb000000, 0x00000000eb000000, 0x00000000eb100000|  0%| F|  |TAMS 0x00000000eb000000, 0x00000000eb000000| Untracked 
| 177|0x00000000eb100000, 0x00000000eb100000, 0x00000000eb200000|  0%| F|  |TAMS 0x00000000eb100000, 0x00000000eb100000| Untracked 
| 178|0x00000000eb200000, 0x00000000eb200000, 0x00000000eb300000|  0%| F|  |TAMS 0x00000000eb200000, 0x00000000eb200000| Untracked 
| 179|0x00000000eb300000, 0x00000000eb300000, 0x00000000eb400000|  0%| F|  |TAMS 0x00000000eb300000, 0x00000000eb300000| Untracked 
| 180|0x00000000eb400000, 0x00000000eb400000, 0x00000000eb500000|  0%| F|  |TAMS 0x00000000eb400000, 0x00000000eb400000| Untracked 
| 181|0x00000000eb500000, 0x00000000eb500000, 0x00000000eb600000|  0%| F|  |TAMS 0x00000000eb500000, 0x00000000eb500000| Untracked 
| 182|0x00000000eb600000, 0x00000000eb600000, 0x00000000eb700000|  0%| F|  |TAMS 0x00000000eb600000, 0x00000000eb600000| Untracked 
| 183|0x00000000eb700000, 0x00000000eb700000, 0x00000000eb800000|  0%| F|  |TAMS 0x00000000eb700000, 0x00000000eb700000| Untracked 
| 184|0x00000000eb800000, 0x00000000eb800000, 0x00000000eb900000|  0%| F|  |TAMS 0x00000000eb800000, 0x00000000eb800000| Untracked 
| 185|0x00000000eb900000, 0x00000000eb900000, 0x00000000eba00000|  0%| F|  |TAMS 0x00000000eb900000, 0x00000000eb900000| Untracked 
| 186|0x00000000eba00000, 0x00000000eba00000, 0x00000000ebb00000|  0%| F|  |TAMS 0x00000000eba00000, 0x00000000eba00000| Untracked 
| 187|0x00000000ebb00000, 0x00000000ebb00000, 0x00000000ebc00000|  0%| F|  |TAMS 0x00000000ebb00000, 0x00000000ebb00000| Untracked 
| 188|0x00000000ebc00000, 0x00000000ebc00000, 0x00000000ebd00000|  0%| F|  |TAMS 0x00000000ebc00000, 0x00000000ebc00000| Untracked 
| 189|0x00000000ebd00000, 0x00000000ebd00000, 0x00000000ebe00000|  0%| F|  |TAMS 0x00000000ebd00000, 0x00000000ebd00000| Untracked 
| 190|0x00000000ebe00000, 0x00000000ebe00000, 0x00000000ebf00000|  0%| F|  |TAMS 0x00000000ebe00000, 0x00000000ebe00000| Untracked 
| 191|0x00000000ebf00000, 0x00000000ebf00000, 0x00000000ec000000|  0%| F|  |TAMS 0x00000000ebf00000, 0x00000000ebf00000| Untracked 
| 192|0x00000000ec000000, 0x00000000ec000000, 0x00000000ec100000|  0%| F|  |TAMS 0x00000000ec000000, 0x00000000ec000000| Untracked 
| 193|0x00000000ec100000, 0x00000000ec100000, 0x00000000ec200000|  0%| F|  |TAMS 0x00000000ec100000, 0x00000000ec100000| Untracked 
| 194|0x00000000ec200000, 0x00000000ec200000, 0x00000000ec300000|  0%| F|  |TAMS 0x00000000ec200000, 0x00000000ec200000| Untracked 
| 195|0x00000000ec300000, 0x00000000ec300000, 0x00000000ec400000|  0%| F|  |TAMS 0x00000000ec300000, 0x00000000ec300000| Untracked 
| 196|0x00000000ec400000, 0x00000000ec400000, 0x00000000ec500000|  0%| F|  |TAMS 0x00000000ec400000, 0x00000000ec400000| Untracked 
| 197|0x00000000ec500000, 0x00000000ec500000, 0x00000000ec600000|  0%| F|  |TAMS 0x00000000ec500000, 0x00000000ec500000| Untracked 
| 198|0x00000000ec600000, 0x00000000ec600000, 0x00000000ec700000|  0%| F|  |TAMS 0x00000000ec600000, 0x00000000ec600000| Untracked 
| 199|0x00000000ec700000, 0x00000000ec700000, 0x00000000ec800000|  0%| F|  |TAMS 0x00000000ec700000, 0x00000000ec700000| Untracked 
| 200|0x00000000ec800000, 0x00000000ec800000, 0x00000000ec900000|  0%| F|  |TAMS 0x00000000ec800000, 0x00000000ec800000| Untracked 
| 201|0x00000000ec900000, 0x00000000ec900000, 0x00000000eca00000|  0%| F|  |TAMS 0x00000000ec900000, 0x00000000ec900000| Untracked 
| 202|0x00000000eca00000, 0x00000000eca00000, 0x00000000ecb00000|  0%| F|  |TAMS 0x00000000eca00000, 0x00000000eca00000| Untracked 
| 203|0x00000000ecb00000, 0x00000000ecb00000, 0x00000000ecc00000|  0%| F|  |TAMS 0x00000000ecb00000, 0x00000000ecb00000| Untracked 
| 204|0x00000000ecc00000, 0x00000000ecc00000, 0x00000000ecd00000|  0%| F|  |TAMS 0x00000000ecc00000, 0x00000000ecc00000| Untracked 
| 205|0x00000000ecd00000, 0x00000000ecd00000, 0x00000000ece00000|  0%| F|  |TAMS 0x00000000ecd00000, 0x00000000ecd00000| Untracked 
| 206|0x00000000ece00000, 0x00000000ece00000, 0x00000000ecf00000|  0%| F|  |TAMS 0x00000000ece00000, 0x00000000ece00000| Untracked 
| 207|0x00000000ecf00000, 0x00000000ecf00000, 0x00000000ed000000|  0%| F|  |TAMS 0x00000000ecf00000, 0x00000000ecf00000| Untracked 
| 208|0x00000000ed000000, 0x00000000ed000000, 0x00000000ed100000|  0%| F|  |TAMS 0x00000000ed000000, 0x00000000ed000000| Untracked 
| 209|0x00000000ed100000, 0x00000000ed100000, 0x00000000ed200000|  0%| F|  |TAMS 0x00000000ed100000, 0x00000000ed100000| Untracked 
| 210|0x00000000ed200000, 0x00000000ed200000, 0x00000000ed300000|  0%| F|  |TAMS 0x00000000ed200000, 0x00000000ed200000| Untracked 
| 211|0x00000000ed300000, 0x00000000ed300000, 0x00000000ed400000|  0%| F|  |TAMS 0x00000000ed300000, 0x00000000ed300000| Untracked 
| 212|0x00000000ed400000, 0x00000000ed400000, 0x00000000ed500000|  0%| F|  |TAMS 0x00000000ed400000, 0x00000000ed400000| Untracked 
| 213|0x00000000ed500000, 0x00000000ed500000, 0x00000000ed600000|  0%| F|  |TAMS 0x00000000ed500000, 0x00000000ed500000| Untracked 
| 214|0x00000000ed600000, 0x00000000ed600000, 0x00000000ed700000|  0%| F|  |TAMS 0x00000000ed600000, 0x00000000ed600000| Untracked 
| 215|0x00000000ed700000, 0x00000000ed700000, 0x00000000ed800000|  0%| F|  |TAMS 0x00000000ed700000, 0x00000000ed700000| Untracked 
| 216|0x00000000ed800000, 0x00000000ed800000, 0x00000000ed900000|  0%| F|  |TAMS 0x00000000ed800000, 0x00000000ed800000| Untracked 
| 217|0x00000000ed900000, 0x00000000ed900000, 0x00000000eda00000|  0%| F|  |TAMS 0x00000000ed900000, 0x00000000ed900000| Untracked 
| 218|0x00000000eda00000, 0x00000000eda00000, 0x00000000edb00000|  0%| F|  |TAMS 0x00000000eda00000, 0x00000000eda00000| Untracked 
| 219|0x00000000edb00000, 0x00000000edb00000, 0x00000000edc00000|  0%| F|  |TAMS 0x00000000edb00000, 0x00000000edb00000| Untracked 
| 220|0x00000000edc00000, 0x00000000edc00000, 0x00000000edd00000|  0%| F|  |TAMS 0x00000000edc00000, 0x00000000edc00000| Untracked 
| 221|0x00000000edd00000, 0x00000000edd00000, 0x00000000ede00000|  0%| F|  |TAMS 0x00000000edd00000, 0x00000000edd00000| Untracked 
| 222|0x00000000ede00000, 0x00000000ede00000, 0x00000000edf00000|  0%| F|  |TAMS 0x00000000ede00000, 0x00000000ede00000| Untracked 
| 223|0x00000000edf00000, 0x00000000edf00000, 0x00000000ee000000|  0%| F|  |TAMS 0x00000000edf00000, 0x00000000edf00000| Untracked 
| 224|0x00000000ee000000, 0x00000000ee000000, 0x00000000ee100000|  0%| F|  |TAMS 0x00000000ee000000, 0x00000000ee000000| Untracked 
| 225|0x00000000ee100000, 0x00000000ee100000, 0x00000000ee200000|  0%| F|  |TAMS 0x00000000ee100000, 0x00000000ee100000| Untracked 
| 226|0x00000000ee200000, 0x00000000ee200000, 0x00000000ee300000|  0%| F|  |TAMS 0x00000000ee200000, 0x00000000ee200000| Untracked 
| 227|0x00000000ee300000, 0x00000000ee300000, 0x00000000ee400000|  0%| F|  |TAMS 0x00000000ee300000, 0x00000000ee300000| Untracked 
| 228|0x00000000ee400000, 0x00000000ee400000, 0x00000000ee500000|  0%| F|  |TAMS 0x00000000ee400000, 0x00000000ee400000| Untracked 
| 229|0x00000000ee500000, 0x00000000ee500000, 0x00000000ee600000|  0%| F|  |TAMS 0x00000000ee500000, 0x00000000ee500000| Untracked 
| 230|0x00000000ee600000, 0x00000000ee600000, 0x00000000ee700000|  0%| F|  |TAMS 0x00000000ee600000, 0x00000000ee600000| Untracked 
| 231|0x00000000ee700000, 0x00000000ee700000, 0x00000000ee800000|  0%| F|  |TAMS 0x00000000ee700000, 0x00000000ee700000| Untracked 
| 232|0x00000000ee800000, 0x00000000ee800000, 0x00000000ee900000|  0%| F|  |TAMS 0x00000000ee800000, 0x00000000ee800000| Untracked 
| 233|0x00000000ee900000, 0x00000000ee900000, 0x00000000eea00000|  0%| F|  |TAMS 0x00000000ee900000, 0x00000000ee900000| Untracked 
| 234|0x00000000eea00000, 0x00000000eea00000, 0x00000000eeb00000|  0%| F|  |TAMS 0x00000000eea00000, 0x00000000eea00000| Untracked 
| 235|0x00000000eeb00000, 0x00000000eebe4378, 0x00000000eec00000| 89%| E|  |TAMS 0x00000000eeb00000, 0x00000000eeb00000| Complete 
| 236|0x00000000eec00000, 0x00000000eed00000, 0x00000000eed00000|100%| E|CS|TAMS 0x00000000eec00000, 0x00000000eec00000| Complete 
| 237|0x00000000eed00000, 0x00000000eee00000, 0x00000000eee00000|100%| E|CS|TAMS 0x00000000eed00000, 0x00000000eed00000| Complete 
| 238|0x00000000eee00000, 0x00000000eef00000, 0x00000000eef00000|100%| E|CS|TAMS 0x00000000eee00000, 0x00000000eee00000| Complete 
| 239|0x00000000eef00000, 0x00000000ef000000, 0x00000000ef000000|100%| E|CS|TAMS 0x00000000eef00000, 0x00000000eef00000| Complete 
| 240|0x00000000ef000000, 0x00000000ef100000, 0x00000000ef100000|100%| E|CS|TAMS 0x00000000ef000000, 0x00000000ef000000| Complete 
| 241|0x00000000ef100000, 0x00000000ef1ff8a0, 0x00000000ef200000| 99%| E|  |TAMS 0x00000000ef100000, 0x00000000ef100000| Complete 
| 242|0x00000000ef200000, 0x00000000ef300000, 0x00000000ef300000|100%| E|CS|TAMS 0x00000000ef200000, 0x00000000ef200000| Complete 
| 243|0x00000000ef300000, 0x00000000ef400000, 0x00000000ef400000|100%| E|CS|TAMS 0x00000000ef300000, 0x00000000ef300000| Complete 
| 244|0x00000000ef400000, 0x00000000ef500000, 0x00000000ef500000|100%| E|CS|TAMS 0x00000000ef400000, 0x00000000ef400000| Complete 
| 245|0x00000000ef500000, 0x00000000ef600000, 0x00000000ef600000|100%| E|CS|TAMS 0x00000000ef500000, 0x00000000ef500000| Complete 
| 246|0x00000000ef600000, 0x00000000ef700000, 0x00000000ef700000|100%| E|CS|TAMS 0x00000000ef600000, 0x00000000ef600000| Complete 
| 247|0x00000000ef700000, 0x00000000ef800000, 0x00000000ef800000|100%| E|CS|TAMS 0x00000000ef700000, 0x00000000ef700000| Complete 
| 248|0x00000000ef800000, 0x00000000ef900000, 0x00000000ef900000|100%| E|CS|TAMS 0x00000000ef800000, 0x00000000ef800000| Complete 
| 249|0x00000000ef900000, 0x00000000efa00000, 0x00000000efa00000|100%| E|CS|TAMS 0x00000000ef900000, 0x00000000ef900000| Complete 
| 250|0x00000000efa00000, 0x00000000efb00000, 0x00000000efb00000|100%| E|CS|TAMS 0x00000000efa00000, 0x00000000efa00000| Complete 
| 251|0x00000000efb00000, 0x00000000efc00000, 0x00000000efc00000|100%| E|CS|TAMS 0x00000000efb00000, 0x00000000efb00000| Complete 
| 252|0x00000000efc00000, 0x00000000efd00000, 0x00000000efd00000|100%| E|CS|TAMS 0x00000000efc00000, 0x00000000efc00000| Complete 
| 253|0x00000000efd00000, 0x00000000efe00000, 0x00000000efe00000|100%| E|CS|TAMS 0x00000000efd00000, 0x00000000efd00000| Complete 
| 254|0x00000000efe00000, 0x00000000eff00000, 0x00000000eff00000|100%| E|CS|TAMS 0x00000000efe00000, 0x00000000efe00000| Complete 
| 255|0x00000000eff00000, 0x00000000f0000000, 0x00000000f0000000|100%| E|CS|TAMS 0x00000000eff00000, 0x00000000eff00000| Complete 

Card table byte_map: [0x000002267f850000,0x000002267f950000] _byte_map_base: 0x000002267f150000

Marking Bits (Prev, Next): (CMBitMap*) 0x000002266d10f430, (CMBitMap*) 0x000002266d10f3f0
 Prev Bits: [0x0000022600800000, 0x0000022601000000)
 Next Bits: [0x0000022600000000, 0x0000022600800000)

Polling page: 0x000002266b0e0000

Metaspace:

Usage:
  Non-class:     21.04 MB used.
      Class:      2.96 MB used.
       Both:     24.00 MB used.

Virtual space:
  Non-class space:       64.00 MB reserved,      21.12 MB ( 33%) committed,  1 nodes.
      Class space:      320.00 MB reserved,       3.12 MB ( <1%) committed,  1 nodes.
             Both:      384.00 MB reserved,      24.25 MB (  6%) committed. 

Chunk freelists:
   Non-Class:  10.75 MB
       Class:  12.73 MB
        Both:  23.48 MB

MaxMetaspaceSize: 384.00 MB
CompressedClassSpaceSize: 320.00 MB
Initial GC threshold: 21.00 MB
Current GC threshold: 35.12 MB
CDS: off
MetaspaceReclaimPolicy: balanced
 - commit_granule_bytes: 65536.
 - commit_granule_words: 8192.
 - virtual_space_node_default_size: 8388608.
 - enlarge_chunks_in_place: 1.
 - new_chunks_are_fully_committed: 0.
 - uncommit_free_chunks: 1.
 - use_allocation_guard: 0.
 - handle_deallocations: 1.


Internal statistics:

num_allocs_failed_limit: 3.
num_arena_births: 184.
num_arena_deaths: 0.
num_vsnodes_births: 2.
num_vsnodes_deaths: 0.
num_space_committed: 388.
num_space_uncommitted: 0.
num_chunks_returned_to_freelist: 3.
num_chunks_taken_from_freelist: 704.
num_chunk_merges: 0.
num_chunk_splits: 458.
num_chunks_enlarged: 344.
num_inconsistent_stats: 0.

CodeHeap 'non-profiled nmethods': size=120000Kb used=1220Kb max_used=1220Kb free=118779Kb
 bounds [0x0000022678320000, 0x0000022678590000, 0x000002267f850000]
CodeHeap 'profiled nmethods': size=120000Kb used=5132Kb max_used=5132Kb free=114867Kb
 bounds [0x0000022670850000, 0x0000022670d60000, 0x0000022677d80000]
CodeHeap 'non-nmethods': size=5760Kb used=1219Kb max_used=1253Kb free=4541Kb
 bounds [0x0000022677d80000, 0x0000022677ff0000, 0x0000022678320000]
 total_blobs=3013 nmethods=2488 adapters=437
 compilation: enabled
              stopped_count=0, restarted_count=0
 full_count=0

Compilation events (20 events):
Event: 25.578 Thread 0x0000022603253010 2482       3       java.lang.invoke.DirectMethodHandle$Constructor::<init> (44 bytes)
Event: 25.579 Thread 0x0000022603253010 nmethod 2482 0x0000022670d4fd10 code [0x0000022670d4fec0, 0x0000022670d500e8]
Event: 25.587 Thread 0x0000022603253010 2483       3       java.lang.invoke.MethodHandles$Lookup$ClassFile::readUnsignedShort (39 bytes)
Event: 25.587 Thread 0x0000022603253010 nmethod 2483 0x0000022670d50190 code [0x0000022670d50340, 0x0000022670d50548]
Event: 25.634 Thread 0x0000022603253010 2484       3       java.util.concurrent.locks.ReentrantLock$Sync::isHeldExclusively (16 bytes)
Event: 25.635 Thread 0x0000022603253010 nmethod 2484 0x0000022670d50690 code [0x0000022670d50820, 0x0000022670d509b8]
Event: 25.642 Thread 0x0000022603253010 2485       3       java.lang.invoke.InfoFromMemberName::getModifiers (8 bytes)
Event: 25.642 Thread 0x0000022603253010 nmethod 2485 0x0000022670d50a90 code [0x0000022670d50c20, 0x0000022670d50d98]
Event: 25.642 Thread 0x0000022603253010 2486       3       jdk.internal.misc.CDS::isDumpingArchive (4 bytes)
Event: 25.642 Thread 0x0000022603253010 nmethod 2486 0x0000022670d50e90 code [0x0000022670d51020, 0x0000022670d51118]
Event: 25.693 Thread 0x0000022603253010 2487       3       java.util.concurrent.atomic.AtomicInteger::incrementAndGet (14 bytes)
Event: 25.693 Thread 0x0000022603253010 nmethod 2487 0x0000022670d51190 code [0x0000022670d51320, 0x0000022670d51438]
Event: 25.700 Thread 0x0000022603253010 2488       3       jdk.internal.reflect.ReflectionFactory::copyConstructor (11 bytes)
Event: 25.701 Thread 0x0000022603253010 nmethod 2488 0x0000022670d51510 code [0x0000022670d516c0, 0x0000022670d518a8]
Event: 25.701 Thread 0x0000022603253010 2489       3       java.lang.reflect.Constructor::copy (72 bytes)
Event: 25.701 Thread 0x0000022603253010 nmethod 2489 0x0000022670d51a10 code [0x0000022670d51be0, 0x0000022670d51f98]
Event: 25.701 Thread 0x0000022603253010 2490       3       java.lang.reflect.Constructor::<init> (50 bytes)
Event: 25.702 Thread 0x0000022603253010 nmethod 2490 0x0000022670d52090 code [0x0000022670d52260, 0x0000022670d526d8]
Event: 25.707 Thread 0x0000022603253010 2492       3       java.lang.Class::privateGetDeclaredConstructors (79 bytes)
Event: 25.708 Thread 0x0000022603253010 nmethod 2492 0x0000022670d52810 code [0x0000022670d52a00, 0x0000022670d52f48]

GC Heap History (6 events):
Event: 1.878 GC heap before
{Heap before GC invocations=0 (full 0):
 garbage-first heap   total 262144K, used 13312K [0x00000000e0000000, 0x0000000100000000)
  region size 1024K, 13 young (13312K), 0 survivors (0K)
 Metaspace       used 7049K, committed 7168K, reserved 393216K
  class space    used 620K, committed 704K, reserved 327680K
}
Event: 1.906 GC heap after
{Heap after GC invocations=1 (full 0):
 garbage-first heap   total 262144K, used 1200K [0x00000000e0000000, 0x0000000100000000)
  region size 1024K, 2 young (2048K), 2 survivors (2048K)
 Metaspace       used 7049K, committed 7168K, reserved 393216K
  class space    used 620K, committed 704K, reserved 327680K
}
Event: 5.076 GC heap before
{Heap before GC invocations=1 (full 0):
 garbage-first heap   total 262144K, used 23728K [0x00000000e0000000, 0x0000000100000000)
  region size 1024K, 21 young (21504K), 2 survivors (2048K)
 Metaspace       used 10465K, committed 10688K, reserved 393216K
  class space    used 1057K, committed 1152K, reserved 327680K
}
Event: 5.082 GC heap after
{Heap after GC invocations=2 (full 0):
 garbage-first heap   total 262144K, used 11226K [0x00000000e0000000, 0x0000000100000000)
  region size 1024K, 3 young (3072K), 3 survivors (3072K)
 Metaspace       used 10465K, committed 10688K, reserved 393216K
  class space    used 1057K, committed 1152K, reserved 327680K
}
Event: 21.944 GC heap before
{Heap before GC invocations=2 (full 0):
 garbage-first heap   total 262144K, used 115674K [0x00000000e0000000, 0x0000000100000000)
  region size 1024K, 104 young (106496K), 3 survivors (3072K)
 Metaspace       used 21329K, committed 21504K, reserved 393216K
  class space    used 2520K, committed 2624K, reserved 327680K
}
Event: 21.971 GC heap after
{Heap after GC invocations=3 (full 0):
 garbage-first heap   total 262144K, used 20298K [0x00000000e0000000, 0x0000000100000000)
  region size 1024K, 11 young (11264K), 11 survivors (11264K)
 Metaspace       used 21329K, committed 21504K, reserved 393216K
  class space    used 2520K, committed 2624K, reserved 327680K
}

Dll operation events (3 events):
Event: 0.041 Loaded shared library C:\Program Files\JetBrains\IntelliJ IDEA 2023.2\jbr\bin\java.dll
Event: 0.642 Loaded shared library C:\Program Files\JetBrains\IntelliJ IDEA 2023.2\jbr\bin\zip.dll
Event: 3.555 Loaded shared library C:\Program Files\JetBrains\IntelliJ IDEA 2023.2\jbr\bin\verify.dll

Deoptimization events (20 events):
Event: 21.877 Thread 0x0000022603794040 Uncommon trap: trap_request=0xffffff45 fr.pc=0x000002267835f2f0 relative=0x00000000000003b0
Event: 21.877 Thread 0x0000022603794040 Uncommon trap: reason=unstable_if action=reinterpret pc=0x000002267835f2f0 method=java.util.HashMap.getNode(Ljava/lang/Object;)Ljava/util/HashMap$Node; @ 66 c2
Event: 21.877 Thread 0x0000022603794040 DEOPT PACKING pc=0x000002267835f2f0 sp=0x000000c5ab1fbfe0
Event: 21.877 Thread 0x0000022603794040 DEOPT UNPACKING pc=0x0000022677dd69a3 sp=0x000000c5ab1fbf70 mode 2
Event: 21.938 Thread 0x0000022603794040 Uncommon trap: trap_request=0xffffff45 fr.pc=0x00000226783bfb64 relative=0x0000000000000244
Event: 21.938 Thread 0x0000022603794040 Uncommon trap: reason=unstable_if action=reinterpret pc=0x00000226783bfb64 method=java.util.concurrent.ConcurrentHashMap.get(Ljava/lang/Object;)Ljava/lang/Object; @ 76 c2
Event: 21.938 Thread 0x0000022603794040 DEOPT PACKING pc=0x00000226783bfb64 sp=0x000000c5ab1fb4c0
Event: 21.938 Thread 0x0000022603794040 DEOPT UNPACKING pc=0x0000022677dd69a3 sp=0x000000c5ab1fb428 mode 2
Event: 25.234 Thread 0x0000022603794040 Uncommon trap: trap_request=0xffffff45 fr.pc=0x000002267833ddb8 relative=0x0000000000000198
Event: 25.234 Thread 0x0000022603794040 Uncommon trap: reason=unstable_if action=reinterpret pc=0x000002267833ddb8 method=java.util.regex.Matcher.reset()Ljava/util/regex/Matcher; @ 47 c2
Event: 25.234 Thread 0x0000022603794040 DEOPT PACKING pc=0x000002267833ddb8 sp=0x000000c5ab1fa670
Event: 25.234 Thread 0x0000022603794040 DEOPT UNPACKING pc=0x0000022677dd69a3 sp=0x000000c5ab1fa600 mode 2
Event: 25.531 Thread 0x0000022603794040 Uncommon trap: trap_request=0xffffff45 fr.pc=0x0000022678340d8c relative=0x0000000000000a8c
Event: 25.531 Thread 0x0000022603794040 Uncommon trap: reason=unstable_if action=reinterpret pc=0x0000022678340d8c method=java.io.WinNTFileSystem.resolve(Ljava/lang/String;Ljava/lang/String;)Ljava/lang/String; @ 19 c2
Event: 25.531 Thread 0x0000022603794040 DEOPT PACKING pc=0x0000022678340d8c sp=0x000000c5ab1faf70
Event: 25.531 Thread 0x0000022603794040 DEOPT UNPACKING pc=0x0000022677dd69a3 sp=0x000000c5ab1faf18 mode 2
Event: 25.533 Thread 0x0000022603794040 Uncommon trap: trap_request=0xffffff45 fr.pc=0x00000226783b72c0 relative=0x00000000000005a0
Event: 25.533 Thread 0x0000022603794040 Uncommon trap: reason=unstable_if action=reinterpret pc=0x00000226783b72c0 method=java.io.File.getName()Ljava/lang/String; @ 16 c2
Event: 25.533 Thread 0x0000022603794040 DEOPT PACKING pc=0x00000226783b72c0 sp=0x000000c5ab1faf20
Event: 25.533 Thread 0x0000022603794040 DEOPT UNPACKING pc=0x0000022677dd69a3 sp=0x000000c5ab1faef0 mode 2

Classes unloaded (0 events):
No events

Classes redefined (0 events):
No events

Internal exceptions (20 events):
Event: 14.040 Thread 0x000002266d0e1860 Exception <a 'java/lang/NoSuchMethodError'{0x00000000eabec198}: 'java.lang.Object java.lang.invoke.DirectMethodHandle$Holder.invokeStaticInit(java.lang.Object, java.lang.Object, int, int, int, int)'> (0x00000000eabec198) 
thrown [s\src\hotspot\share\interpreter\linkResolver.cpp, line 771]
Event: 16.049 Thread 0x000002266d0e1860 Exception <a 'java/lang/NoSuchMethodError'{0x00000000ea97c898}: 'void java.lang.invoke.DirectMethodHandle$Holder.invokeStatic(java.lang.Object, java.lang.Object, java.lang.Object)'> (0x00000000ea97c898) 
thrown [s\src\hotspot\share\interpreter\linkResolver.cpp, line 771]
Event: 16.296 Thread 0x000002266d0e1860 Exception <a 'java/io/IOException'{0x00000000ea89e250}> (0x00000000ea89e250) 
thrown [s\src\hotspot\share\prims\jni.cpp, line 517]
Event: 16.301 Thread 0x000002266d0e1860 Implicit null exception at 0x000002267836f472 to 0x000002267836fa3c
Event: 16.332 Thread 0x000002266d0e1860 Exception <a 'java/lang/NoSuchMethodError'{0x00000000ea8fda78}: 'java.lang.Object java.lang.invoke.DirectMethodHandle$Holder.newInvokeSpecial(java.lang.Object, java.lang.Object, java.lang.Object, java.lang.Object, java.lang.Object)'> (0x00000000ea8fda78) 
thrown [s\src\hotspot\share\interpreter\linkResolver.cpp, line 771]
Event: 20.222 Thread 0x0000022608f8de00 Exception <a 'java/lang/NoSuchMethodError'{0x00000000ea10a0b0}: 'void java.lang.invoke.DirectMethodHandle$Holder.invokeSpecial(java.lang.Object, java.lang.Object, java.lang.Object)'> (0x00000000ea10a0b0) 
thrown [s\src\hotspot\share\interpreter\linkResolver.cpp, line 771]
Event: 20.610 Thread 0x0000022603794040 Exception <a 'java/lang/NoSuchMethodError'{0x00000000e9e64320}: 'long java.lang.invoke.DirectMethodHandle$Holder.invokeInterface(java.lang.Object, java.lang.Object)'> (0x00000000e9e64320) 
thrown [s\src\hotspot\share\interpreter\linkResolver.cpp, line 771]
Event: 21.493 Thread 0x0000022603794040 Exception <a 'java/lang/NoSuchMethodError'{0x00000000e9addfe8}: 'void java.lang.invoke.DirectMethodHandle$Holder.invokeStatic(java.lang.Object, java.lang.Object)'> (0x00000000e9addfe8) 
thrown [s\src\hotspot\share\interpreter\linkResolver.cpp, line 771]
Event: 21.993 Thread 0x0000022603794040 Exception <a 'java/lang/NoSuchMethodError'{0x00000000eff1e908}: 'int java.lang.invoke.DirectMethodHandle$Holder.invokeVirtual(java.lang.Object, java.lang.Object, java.lang.Object)'> (0x00000000eff1e908) 
thrown [s\src\hotspot\share\interpreter\linkResolver.cpp, line 771]
Event: 22.085 Thread 0x0000022603794040 Exception <a 'java/lang/NoSuchMethodError'{0x00000000efdf92c8}: 'java.lang.Object java.lang.invoke.DirectMethodHandle$Holder.newInvokeSpecial(java.lang.Object, java.lang.Object, java.lang.Object, java.lang.Object, java.lang.Object, java.lang.Object)'> (0x00000000efdf92c8) 
thrown [s\src\hotspot\share\interpreter\linkResolver.cpp, line 771]
Event: 22.089 Thread 0x0000022603794040 Exception <a 'java/lang/NoSuchMethodError'{0x00000000efc166b8}: 'void java.lang.invoke.DirectMethodHandle$Holder.invokeSpecial(java.lang.Object, java.lang.Object, java.lang.Object, java.lang.Object, java.lang.Object)'> (0x00000000efc166b8) 
thrown [s\src\hotspot\share\interpreter\linkResolver.cpp, line 771]
Event: 22.092 Thread 0x0000022603794040 Exception <a 'java/lang/NoSuchMethodError'{0x00000000efc2a1c0}: 'void java.lang.invoke.DirectMethodHandle$Holder.invokeStaticInit(java.lang.Object, java.lang.Object)'> (0x00000000efc2a1c0) 
thrown [s\src\hotspot\share\interpreter\linkResolver.cpp, line 771]
Event: 22.375 Thread 0x0000022603794040 Exception <a 'java/lang/NoSuchMethodError'{0x00000000ef95f730}: 'void java.lang.invoke.DelegatingMethodHandle$Holder.reinvoke_L(java.lang.Object, java.lang.Object, java.lang.Object, java.lang.Object, java.lang.Object, java.lang.Object, java.lang.Object, java.lang.Object, java.lang.Object, java.lang.Object)'> (0x00000000ef95f730) 
thrown [s\src\hotspot\share\interpreter\linkResolver.cpp, line 771]
Event: 22.381 Thread 0x0000022603794040 Exception <a 'java/lang/NoSuchMethodError'{0x00000000ef967ce0}: 'java.lang.Object java.lang.invoke.DirectMethodHandle$Holder.invokeSpecial(java.lang.Object, java.lang.Object, java.lang.Object, java.lang.Object, java.lang.Object, java.lang.Object, java.lang.Object, java.lang.Object, java.lang.Object, java.lang.Object)'> (0x00000000ef967ce0) 
thrown [s\src\hotspot\share\interpreter\linkResolver.cpp, line 771]
Event: 22.381 Thread 0x0000022603794040 Exception <a 'java/lang/NoSuchMethodError'{0x00000000ef96c5b0}: 'java.lang.Object java.lang.invoke.Invokers$Holder.invoker(java.lang.Object, java.lang.Object, java.lang.Object, java.lang.Object, java.lang.Object, java.lang.Object, java.lang.Object, java.lang.Object, java.lang.Object, java.lang.Object)'> (0x00000000ef96c5b0) 
thrown [s\src\hotspot\share\interpreter\linkResolver.cpp, line 771]
Event: 22.385 Thread 0x0000022603794040 Exception <a 'java/lang/NoSuchMethodError'{0x00000000ef9721b8}: 'java.lang.Object java.lang.invoke.DirectMethodHandle$Holder.invokeSpecial(java.lang.Object, java.lang.Object, java.lang.Object, java.lang.Object, java.lang.Object, java.lang.Object, java.lang.Object, java.lang.Object, java.lang.Object, java.lang.Object, java.lang.Object)'> (0x00000000ef9721b8) 
thrown [s\src\hotspot\share\interpreter\linkResolver.cpp, line 771]
Event: 24.990 Thread 0x0000022603794040 Exception <a 'java/lang/NoSuchMethodError'{0x00000000ef2c08c0}: 'java.lang.Object java.lang.invoke.DirectMethodHandle$Holder.newInvokeSpecial(java.lang.Object, java.lang.Object, int)'> (0x00000000ef2c08c0) 
thrown [s\src\hotspot\share\interpreter\linkResolver.cpp, line 771]
Event: 25.692 Thread 0x0000022603794040 Exception <a 'java/lang/NoSuchMethodError'{0x00000000eecd84d8}: 'int java.lang.invoke.DirectMethodHandle$Holder.invokeSpecialIFC(java.lang.Object, java.lang.Object, java.lang.Object, java.lang.Object)'> (0x00000000eecd84d8) 
thrown [s\src\hotspot\share\interpreter\linkResolver.cpp, line 771]
Event: 25.702 Thread 0x0000022603794040 Exception <a 'java/lang/NoSuchMethodError'{0x00000000eece78e0}: 'java.lang.Object java.lang.invoke.DirectMethodHandle$Holder.invokeInterface(java.lang.Object, java.lang.Object, java.lang.Object)'> (0x00000000eece78e0) 
thrown [s\src\hotspot\share\interpreter\linkResolver.cpp, line 771]
Event: 25.705 Thread 0x0000022603794040 Exception <a 'java/lang/IncompatibleClassChangeError'{0x00000000eeceb7a0}: Found class java.lang.Object, but interface was expected> (0x00000000eeceb7a0) 
thrown [s\src\hotspot\share\interpreter\linkResolver.cpp, line 838]

VM Operations (20 events):
Event: 18.490 Executing VM operation: HandshakeAllThreads
Event: 18.490 Executing VM operation: HandshakeAllThreads done
Event: 19.501 Executing VM operation: Cleanup
Event: 19.501 Executing VM operation: Cleanup done
Event: 20.513 Executing VM operation: Cleanup
Event: 20.540 Executing VM operation: Cleanup done
Event: 21.548 Executing VM operation: Cleanup
Event: 21.548 Executing VM operation: Cleanup done
Event: 21.944 Executing VM operation: CollectForMetadataAllocation
Event: 21.976 Executing VM operation: CollectForMetadataAllocation done
Event: 21.983 Executing VM operation: G1Concurrent
Event: 21.988 Executing VM operation: G1Concurrent done
Event: 21.989 Executing VM operation: G1Concurrent
Event: 21.990 Executing VM operation: G1Concurrent done
Event: 22.990 Executing VM operation: Cleanup
Event: 23.008 Executing VM operation: Cleanup done
Event: 24.023 Executing VM operation: Cleanup
Event: 24.025 Executing VM operation: Cleanup done
Event: 25.035 Executing VM operation: Cleanup
Event: 25.053 Executing VM operation: Cleanup done

Events (20 events):
Event: 25.413 loading class sun/security/provider/MD5 done
Event: 25.414 loading class sun/security/provider/SHA5$SHA512
Event: 25.414 loading class sun/security/provider/SHA5
Event: 25.414 loading class sun/security/provider/SHA5 done
Event: 25.414 loading class sun/security/provider/SHA5$SHA512 done
Event: 25.439 loading class sun/security/provider/ByteArrayAccess$LE
Event: 25.439 loading class sun/security/provider/ByteArrayAccess$LE done
Event: 25.446 Thread 0x0000022608029920 Thread added: 0x0000022608029920
Event: 25.532 loading class java/io/File$TempDirectory
Event: 25.532 loading class java/io/File$TempDirectory done
Event: 25.547 loading class java/io/PrintWriter
Event: 25.547 loading class java/io/PrintWriter done
Event: 25.678 loading class java/util/concurrent/Semaphore
Event: 25.679 loading class java/util/concurrent/Semaphore done
Event: 25.685 loading class java/nio/file/FileVisitOption
Event: 25.685 loading class java/nio/file/FileVisitOption done
Event: 25.708 loading class java/util/stream/ReduceOps$1
Event: 25.708 loading class java/util/stream/ReduceOps$1 done
Event: 25.709 loading class java/util/stream/ReduceOps$1ReducingSink
Event: 25.709 loading class java/util/stream/ReduceOps$1ReducingSink done


Dynamic libraries:
0x00007ff6d8a90000 - 0x00007ff6d8a9a000 	C:\Program Files\JetBrains\IntelliJ IDEA 2023.2\jbr\bin\java.exe
0x00007fffb5eb0000 - 0x00007fffb60c7000 	C:\WINDOWS\SYSTEM32\ntdll.dll
0x00007fffb4a30000 - 0x00007fffb4af4000 	C:\WINDOWS\System32\KERNEL32.DLL
0x00007fffb35f0000 - 0x00007fffb39a7000 	C:\WINDOWS\System32\KERNELBASE.dll
0x00007fffb3310000 - 0x00007fffb3421000 	C:\WINDOWS\System32\ucrtbase.dll
0x00007fffa12f0000 - 0x00007fffa1307000 	C:\Program Files\JetBrains\IntelliJ IDEA 2023.2\jbr\bin\jli.dll
0x00007fffa5b10000 - 0x00007fffa5b2b000 	C:\Program Files\JetBrains\IntelliJ IDEA 2023.2\jbr\bin\VCRUNTIME140.dll
0x00007fffb5af0000 - 0x00007fffb5c9f000 	C:\WINDOWS\System32\USER32.dll
0x00007fffb31c0000 - 0x00007fffb31e6000 	C:\WINDOWS\System32\win32u.dll
0x00007fffa28c0000 - 0x00007fffa2b53000 	C:\WINDOWS\WinSxS\amd64_microsoft.windows.common-controls_6595b64144ccf1df_6.0.22621.3672_none_2713b9d173822955\COMCTL32.dll
0x00007fffb3ef0000 - 0x00007fffb3f19000 	C:\WINDOWS\System32\GDI32.dll
0x00007fffb5970000 - 0x00007fffb5a17000 	C:\WINDOWS\System32\msvcrt.dll
0x00007fffb31f0000 - 0x00007fffb3308000 	C:\WINDOWS\System32\gdi32full.dll
0x00007fffb3430000 - 0x00007fffb34ca000 	C:\WINDOWS\System32\msvcp_win.dll
0x00007fffb3f20000 - 0x00007fffb3f51000 	C:\WINDOWS\System32\IMM32.DLL
0x00007fffae560000 - 0x00007fffae56c000 	C:\Program Files\JetBrains\IntelliJ IDEA 2023.2\jbr\bin\vcruntime140_1.dll
0x00007fff96d90000 - 0x00007fff96e1d000 	C:\Program Files\JetBrains\IntelliJ IDEA 2023.2\jbr\bin\msvcp140.dll
0x00007fff6db80000 - 0x00007fff6e800000 	C:\Program Files\JetBrains\IntelliJ IDEA 2023.2\jbr\bin\server\jvm.dll
0x00007fffb4850000 - 0x00007fffb4902000 	C:\WINDOWS\System32\ADVAPI32.dll
0x00007fffb5a40000 - 0x00007fffb5ae8000 	C:\WINDOWS\System32\sechost.dll
0x00007fffb3550000 - 0x00007fffb3578000 	C:\WINDOWS\System32\bcrypt.dll
0x00007fffb4910000 - 0x00007fffb4a24000 	C:\WINDOWS\System32\RPCRT4.dll
0x00007fffab460000 - 0x00007fffab469000 	C:\WINDOWS\SYSTEM32\WSOCK32.dll
0x00007fffb5380000 - 0x00007fffb53f1000 	C:\WINDOWS\System32\WS2_32.dll
0x00007fffac460000 - 0x00007fffac494000 	C:\WINDOWS\SYSTEM32\WINMM.dll
0x00007fffa9120000 - 0x00007fffa912a000 	C:\WINDOWS\SYSTEM32\VERSION.dll
0x00007fffb2210000 - 0x00007fffb2228000 	C:\WINDOWS\SYSTEM32\kernel.appcore.dll
0x00007fffab450000 - 0x00007fffab45a000 	C:\Program Files\JetBrains\IntelliJ IDEA 2023.2\jbr\bin\jimage.dll
0x00007fffb09c0000 - 0x00007fffb0bf2000 	C:\WINDOWS\SYSTEM32\DBGHELP.DLL
0x00007fffb3f70000 - 0x00007fffb42fe000 	C:\WINDOWS\System32\combase.dll
0x00007fffb5d00000 - 0x00007fffb5dd7000 	C:\WINDOWS\System32\OLEAUT32.dll
0x00007fff9b1a0000 - 0x00007fff9b1d2000 	C:\WINDOWS\SYSTEM32\dbgcore.DLL
0x00007fffb34d0000 - 0x00007fffb354b000 	C:\WINDOWS\System32\bcryptPrimitives.dll
0x00007fffa27f0000 - 0x00007fffa27fe000 	C:\Program Files\JetBrains\IntelliJ IDEA 2023.2\jbr\bin\instrument.dll
0x00007fffa77b0000 - 0x00007fffa77d5000 	C:\Program Files\JetBrains\IntelliJ IDEA 2023.2\jbr\bin\java.dll
0x00007fffab430000 - 0x00007fffab448000 	C:\Program Files\JetBrains\IntelliJ IDEA 2023.2\jbr\bin\zip.dll
0x00007fffb4b00000 - 0x00007fffb5369000 	C:\WINDOWS\System32\SHELL32.dll
0x00007fffb1130000 - 0x00007fffb1a2f000 	C:\WINDOWS\SYSTEM32\windows.storage.dll
0x00007fffb0ff0000 - 0x00007fffb112f000 	C:\WINDOWS\SYSTEM32\wintypes.dll
0x00007fffb55b0000 - 0x00007fffb56a9000 	C:\WINDOWS\System32\SHCORE.dll
0x00007fffb5ca0000 - 0x00007fffb5cfe000 	C:\WINDOWS\System32\shlwapi.dll
0x00007fffb30f0000 - 0x00007fffb3117000 	C:\WINDOWS\SYSTEM32\profapi.dll
0x00007fffa7790000 - 0x00007fffa77a9000 	C:\Program Files\JetBrains\IntelliJ IDEA 2023.2\jbr\bin\net.dll
0x00007fffaba20000 - 0x00007fffabb56000 	C:\WINDOWS\SYSTEM32\WINHTTP.dll
0x00007fffb2680000 - 0x00007fffb26e9000 	C:\WINDOWS\system32\mswsock.dll
0x00007fffa5320000 - 0x00007fffa5336000 	C:\Program Files\JetBrains\IntelliJ IDEA 2023.2\jbr\bin\nio.dll
0x00007fffa5510000 - 0x00007fffa5520000 	C:\Program Files\JetBrains\IntelliJ IDEA 2023.2\jbr\bin\verify.dll
0x00007fff6f310000 - 0x00007fff6f337000 	C:\Users\TUONG VY\.gradle\native\c067742578af261105cb4f569cf0c3c89f3d7b1fecec35dd04571415982c5e48\windows-amd64\native-platform.dll
0x00007fff6f1c0000 - 0x00007fff6f304000 	C:\Users\TUONG VY\.gradle\native\100fb08df4bc3b14c8652ba06237920a3bd2aa13389f12d3474272988ae205f9\windows-amd64\native-platform-file-events.dll
0x00007fffa2b60000 - 0x00007fffa2b69000 	C:\Program Files\JetBrains\IntelliJ IDEA 2023.2\jbr\bin\management.dll
0x00007fffa2800000 - 0x00007fffa280b000 	C:\Program Files\JetBrains\IntelliJ IDEA 2023.2\jbr\bin\management_ext.dll
0x00007fffb4300000 - 0x00007fffb4308000 	C:\WINDOWS\System32\PSAPI.DLL
0x00007fffb28d0000 - 0x00007fffb28eb000 	C:\WINDOWS\SYSTEM32\CRYPTSP.dll
0x00007fffb2170000 - 0x00007fffb21a5000 	C:\WINDOWS\system32\rsaenh.dll
0x00007fffb2770000 - 0x00007fffb2798000 	C:\WINDOWS\SYSTEM32\USERENV.dll
0x00007fffb28f0000 - 0x00007fffb28fc000 	C:\WINDOWS\SYSTEM32\CRYPTBASE.dll
0x00007fffb1c90000 - 0x00007fffb1cbd000 	C:\WINDOWS\SYSTEM32\IPHLPAPI.DLL
0x00007fffb5370000 - 0x00007fffb5379000 	C:\WINDOWS\System32\NSI.dll
0x00007fffabe60000 - 0x00007fffabe79000 	C:\WINDOWS\SYSTEM32\dhcpcsvc6.DLL
0x00007fffab8e0000 - 0x00007fffab8ff000 	C:\WINDOWS\SYSTEM32\dhcpcsvc.DLL
0x00007fffb1d00000 - 0x00007fffb1e02000 	C:\WINDOWS\SYSTEM32\DNSAPI.dll
0x00007fffa52e0000 - 0x00007fffa52ee000 	C:\Program Files\JetBrains\IntelliJ IDEA 2023.2\jbr\bin\sunmscapi.dll
0x00007fffb39b0000 - 0x00007fffb3b16000 	C:\WINDOWS\System32\CRYPT32.dll
0x00007fffb2a70000 - 0x00007fffb2a9d000 	C:\WINDOWS\SYSTEM32\ncrypt.dll
0x00007fffb2a30000 - 0x00007fffb2a67000 	C:\WINDOWS\SYSTEM32\NTASN1.dll
0x00007fffa52d0000 - 0x00007fffa52d8000 	C:\WINDOWS\system32\wshunix.dll

dbghelp: loaded successfully - version: 4.0.5 - missing functions: none
symbol engine: initialized successfully - sym options: 0x614 - pdb path: .;C:\Program Files\JetBrains\IntelliJ IDEA 2023.2\jbr\bin;C:\WINDOWS\SYSTEM32;C:\WINDOWS\WinSxS\amd64_microsoft.windows.common-controls_6595b64144ccf1df_6.0.22621.3672_none_2713b9d173822955;C:\Program Files\JetBrains\IntelliJ IDEA 2023.2\jbr\bin\server;C:\Users\TUONG VY\.gradle\native\c067742578af261105cb4f569cf0c3c89f3d7b1fecec35dd04571415982c5e48\windows-amd64;C:\Users\TUONG VY\.gradle\native\100fb08df4bc3b14c8652ba06237920a3bd2aa13389f12d3474272988ae205f9\windows-amd64

VM Arguments:
jvm_args: --add-opens=java.base/java.util=ALL-UNNAMED --add-opens=java.base/java.lang=ALL-UNNAMED --add-opens=java.base/java.lang.invoke=ALL-UNNAMED --add-opens=java.prefs/java.util.prefs=ALL-UNNAMED --add-exports=jdk.compiler/com.sun.tools.javac.api=ALL-UNNAMED --add-exports=jdk.compiler/com.sun.tools.javac.util=ALL-UNNAMED --add-opens=java.base/java.nio.charset=ALL-UNNAMED --add-opens=java.base/java.net=ALL-UNNAMED --add-opens=java.base/java.util.concurrent.atomic=ALL-UNNAMED -XX:MaxMetaspaceSize=384m -XX:+HeapDumpOnOutOfMemoryError -Xms256m -Xmx512m -Dfile.encoding=windows-1252 -Duser.country=US -Duser.language=en -Duser.variant -javaagent:C:\Users\TUONG VY\.gradle\wrapper\dists\gradle-8.10.2-bin\a04bxjujx95o3nb99gddekhwo\gradle-8.10.2\lib\agents\gradle-instrumentation-agent-8.10.2.jar 
java_command: org.gradle.launcher.daemon.bootstrap.GradleDaemon 8.10.2
java_class_path (initial): C:\Users\TUONG VY\.gradle\wrapper\dists\gradle-8.10.2-bin\a04bxjujx95o3nb99gddekhwo\gradle-8.10.2\lib\gradle-daemon-main-8.10.2.jar
Launcher Type: SUN_STANDARD

[Global flags]
     intx CICompilerCount                          = 3                                         {product} {ergonomic}
   size_t CompressedClassSpaceSize                 = 335544320                                 {product} {ergonomic}
     uint ConcGCThreads                            = 1                                         {product} {ergonomic}
     uint G1ConcRefinementThreads                  = 4                                         {product} {ergonomic}
   size_t G1HeapRegionSize                         = 1048576                                   {product} {ergonomic}
    uintx GCDrainStackTargetSize                   = 64                                        {product} {ergonomic}
     bool HeapDumpOnOutOfMemoryError               = true                                   {manageable} {command line}
   size_t InitialHeapSize                          = 268435456                                 {product} {command line}
   size_t MarkStackSize                            = 4194304                                   {product} {ergonomic}
   size_t MaxHeapSize                              = 536870912                                 {product} {command line}
   size_t MaxMetaspaceSize                         = 402653184                                 {product} {command line}
   size_t MaxNewSize                               = 321912832                                 {product} {ergonomic}
   size_t MinHeapDeltaBytes                        = 1048576                                   {product} {ergonomic}
   size_t MinHeapSize                              = 268435456                                 {product} {command line}
    uintx NonNMethodCodeHeapSize                   = 5832780                                {pd product} {ergonomic}
    uintx NonProfiledCodeHeapSize                  = 122912730                              {pd product} {ergonomic}
    uintx ProfiledCodeHeapSize                     = 122912730                              {pd product} {ergonomic}
    uintx ReservedCodeCacheSize                    = 251658240                              {pd product} {ergonomic}
     bool SegmentedCodeCache                       = true                                      {product} {ergonomic}
   size_t SoftMaxHeapSize                          = 536870912                              {manageable} {ergonomic}
     bool UseCompressedClassPointers               = true                           {product lp64_product} {ergonomic}
     bool UseCompressedOops                        = true                           {product lp64_product} {ergonomic}
     bool UseG1GC                                  = true                                      {product} {ergonomic}
     bool UseLargePagesIndividualAllocation        = false                                  {pd product} {ergonomic}

Logging:
Log output configuration:
 #0: stdout all=warning uptime,level,tags
 #1: stderr all=off uptime,level,tags

Environment Variables:
PATH=C:\Python312\Scripts\;C:\Python312\;C:\Program Files\Common Files\Oracle\Java\javapath;C:\Program Files (x86)\Common Files\Oracle\Java\javapath;C:\WINDOWS\system32;C:\WINDOWS;C:\WINDOWS\System32\Wbem;C:\WINDOWS\System32\WindowsPowerShell\v1.0\;C:\WINDOWS\System32\OpenSSH\;C:\Program Files\Git\cmd;C:\Program Files\Microsoft SQL Server\150\Tools\Binn\;C:\Program Files\Microsoft SQL Server\Client SDK\ODBC\170\Tools\Binn\;C:\Program Files\dotnet\;C:\Program Files (x86)\Windows Kits\10\Windows Performance Toolkit\;C:\Program Files\nodejs\;C:\ProgramData\chocolatey\bin;C:\Users\TUONG VY\AppData\Local\Microsoft\WindowsApps;C:\Program Files\JetBrains\IntelliJ IDEA 2023.2\bin;;D:\Microsoft VS Code\bin;D:\flutter_windows_3.19.5-stable\flutter\bin;C:\Users\TUONG VY\.dotnet\tools;C:\Users\TUONG VY\AppData\Roaming\npm
USERNAME=TUONG VY
OS=Windows_NT
PROCESSOR_IDENTIFIER=AMD64 Family 23 Model 24 Stepping 1, AuthenticAMD
TMP=C:\Users\TUONGV~1\AppData\Local\Temp
TEMP=C:\Users\TUONGV~1\AppData\Local\Temp


JNI global refs:
JNI global refs: 22, weak refs: 0

JNI global refs memory usage: 843, weak refs: 841

OOME stack traces (most recent first):
Classloader memory used:
Loader bootstrap                                                                       : 1850K
Loader org.gradle.internal.classloader.VisitableURLClassLoader                         : 1102K
Loader org.gradle.initialization.MixInLegacyTypesClassLoader                           : 72375B
Loader jdk.internal.loader.ClassLoaders$AppClassLoader                                 : 29264B
Loader jdk.internal.loader.ClassLoaders$PlatformClassLoader                            : 17962B
Loader jdk.internal.reflect.DelegatingClassLoader                                      : 1925B

Classes loaded by more than one classloader:
Class org.gradle.internal.installation.GradleInstallation                             : loaded 2 times (x 73B)
Class org.gradle.internal.classpath.ClassPath                                         : loaded 2 times (x 68B)
Class org.gradle.api.internal.classpath.DefaultModuleRegistry                         : loaded 2 times (x 84B)
Class org.gradle.api.Action                                                           : loaded 2 times (x 68B)
Class org.gradle.api.internal.DefaultClassPathProvider                                : loaded 2 times (x 74B)
Class org.gradle.internal.installation.GradleInstallation$1                           : loaded 2 times (x 73B)
Class org.gradle.internal.classloader.FilteringClassLoader                            : loaded 2 times (x 102B)
Class org.gradle.internal.classpath.DefaultClassPath$ImmutableUniqueList$Builder      : loaded 2 times (x 73B)
Class org.gradle.internal.classloader.ClassLoaderVisitor                              : loaded 2 times (x 74B)
Class org.gradle.internal.service.DefaultServiceLocator                               : loaded 2 times (x 81B)
Class org.gradle.internal.service.UnknownServiceException                             : loaded 2 times (x 81B)
Class org.gradle.internal.classloader.VisitableURLClassLoader$Spec                    : loaded 2 times (x 72B)
Class org.gradle.api.GradleException                                                  : loaded 2 times (x 80B)
Class org.gradle.api.internal.classpath.ModuleRegistry                                : loaded 2 times (x 68B)
Class org.gradle.api.internal.ClassPathProvider                                       : loaded 2 times (x 68B)
Class org.gradle.internal.classloader.ClasspathUtil$1                                 : loaded 2 times (x 74B)
Class org.gradle.internal.classloader.ClassLoaderFactory                              : loaded 2 times (x 68B)
Class org.gradle.api.internal.classpath.ManifestUtil                                  : loaded 2 times (x 69B)
Class org.gradle.api.specs.Spec                                                       : loaded 2 times (x 68B)
Class org.gradle.internal.IoActions                                                   : loaded 2 times (x 69B)
Class org.gradle.api.internal.classpath.EffectiveClassPath                            : loaded 2 times (x 88B)
Class org.gradle.internal.installation.CurrentGradleInstallation                      : loaded 2 times (x 71B)
Class org.gradle.internal.installation.CurrentGradleInstallationLocator               : loaded 2 times (x 69B)
Class org.gradle.api.internal.classpath.Module                                        : loaded 2 times (x 68B)
Class org.gradle.internal.service.CachingServiceLocator                               : loaded 2 times (x 80B)
Class org.gradle.internal.classpath.DefaultClassPath                                  : loaded 2 times (x 88B)
Class org.gradle.internal.classloader.SystemClassLoaderSpec                           : loaded 2 times (x 69B)
Class org.gradle.api.UncheckedIOException                                             : loaded 2 times (x 80B)
Class org.gradle.api.internal.classpath.GlobalCacheRootsProvider                      : loaded 2 times (x 68B)
Class org.gradle.internal.classloader.ClasspathUtil                                   : loaded 2 times (x 69B)
Class org.gradle.api.internal.DefaultClassPathRegistry                                : loaded 2 times (x 74B)
Class org.gradle.api.internal.classpath.DefaultModuleRegistry$DefaultModule           : loaded 2 times (x 84B)
Class org.gradle.api.internal.classpath.UnknownModuleException                        : loaded 2 times (x 80B)
Class org.gradle.internal.service.ServiceLookupException                              : loaded 2 times (x 80B)
Class [Lorg.gradle.api.internal.ClassPathProvider;                                    : loaded 2 times (x 67B)
Class org.gradle.util.internal.GUtil                                                  : loaded 2 times (x 69B)
Class org.gradle.internal.classloader.ClassLoaderSpec                                 : loaded 2 times (x 69B)
Class org.gradle.internal.classloader.InstrumentingClassLoader                        : loaded 2 times (x 68B)
Class org.gradle.internal.classloader.VisitableURLClassLoader                         : loaded 2 times (x 114B)
Class org.gradle.internal.Cast                                                        : loaded 2 times (x 69B)
Class org.gradle.api.internal.ClassPathRegistry                                       : loaded 2 times (x 68B)
Class org.gradle.internal.classloader.VisitableURLClassLoader$InstrumentingVisitableURLClassLoader: loaded 2 times (x 120B)
Class org.gradle.internal.classloader.ClassLoaderHierarchy                            : loaded 2 times (x 68B)
Class org.gradle.internal.InternalTransformer                                         : loaded 2 times (x 68B)
Class org.gradle.internal.service.ServiceLocator                                      : loaded 2 times (x 68B)
Class org.gradle.internal.classpath.DefaultClassPath$ImmutableUniqueList              : loaded 2 times (x 159B)
Class org.gradle.internal.classpath.TransformedClassPath                              : loaded 2 times (x 94B)


---------------  S Y S T E M  ---------------

OS:
 Windows 11 , 64 bit Build 22621 (10.0.22621.3958)
OS uptime: 10 days 0:04 hours

CPU: total 4 (initial active 4) (4 cores per cpu, 2 threads per core) family 23 model 24 stepping 1 microcode 0x0, cx8, cmov, fxsr, ht, mmx, 3dnowpref, sse, sse2, sse3, ssse3, sse4a, sse4.1, sse4.2, popcnt, lzcnt, tsc, tscinvbit, avx, avx2, aes, clmul, bmi1, bmi2, adx, sha, fma, vzeroupper, clflush, clflushopt

Memory: 4k page, system-wide physical 3534M (255M free)
TotalPageFile size 14286M (AvailPageFile size 13M)
current process WorkingSet (physical memory assigned to process): 169M, peak: 174M
current process commit charge ("private bytes"): 400M, peak: 403M

vm_info: OpenJDK 64-Bit Server VM (17.0.7+7-b1000.6) for windows-amd64 JRE (17.0.7+7-b1000.6), built on 2023-07-07 by "builduser" with MS VC++ 16.10 / 16.11 (VS2019)

END.
