#
# There is insufficient memory for the Java Runtime Environment to continue.
# Native memory allocation (malloc) failed to allocate 32744 bytes for ChunkPool::allocate
# Possible reasons:
#   The system is out of physical RAM or swap space
#   The process is running with CompressedOops enabled, and the Java Heap may be blocking the growth of the native heap
# Possible solutions:
#   Reduce memory load on the system
#   Increase physical memory or swap space
#   Check if swap backing store is full
#   Decrease Java heap size (-Xmx/-Xms)
#   Decrease number of Java threads
#   Decrease Java thread stack sizes (-Xss)
#   Set larger code cache with -XX:ReservedCodeCacheSize=
#   JVM is running with Unscaled Compressed Oops mode in which the Java heap is
#     placed in the first 4GB address space. The Java Heap base address is the
#     maximum limit for the native heap growth. Please use -XX:HeapBaseMinAddress
#     to set the Java Heap base and to place the Java Heap above 4GB virtual address.
# This output file may be truncated or incomplete.
#
#  Out of Memory Error (arena.cpp:78), pid=17124, tid=8188
#
# JRE version: OpenJDK Runtime Environment JBR-17.0.7+7-1000.6-jcef (17.0.7+7) (build 17.0.7+7-b1000.6)
# Java VM: OpenJDK 64-Bit Server VM JBR-17.0.7+7-1000.6-jcef (17.0.7+7-b1000.6, mixed mode, tiered, compressed oops, compressed class ptrs, g1 gc, windows-amd64)
# No core dump will be written. Minidumps are not enabled by default on client versions of Windows
#

---------------  S U M M A R Y ------------

Command Line: --add-opens=java.base/java.util=ALL-UNNAMED --add-opens=java.base/java.lang=ALL-UNNAMED --add-opens=java.base/java.lang.invoke=ALL-UNNAMED --add-opens=java.prefs/java.util.prefs=ALL-UNNAMED --add-exports=jdk.compiler/com.sun.tools.javac.api=ALL-UNNAMED --add-exports=jdk.compiler/com.sun.tools.javac.util=ALL-UNNAMED --add-opens=java.base/java.nio.charset=ALL-UNNAMED --add-opens=java.base/java.net=ALL-UNNAMED --add-opens=java.base/java.util.concurrent.atomic=ALL-UNNAMED -XX:MaxMetaspaceSize=384m -XX:+HeapDumpOnOutOfMemoryError -Xms256m -Xmx512m -Dfile.encoding=windows-1252 -Duser.country=US -Duser.language=en -Duser.variant -javaagent:C:\Users\TUONG VY\.gradle\wrapper\dists\gradle-8.10.2-bin\a04bxjujx95o3nb99gddekhwo\gradle-8.10.2\lib\agents\gradle-instrumentation-agent-8.10.2.jar org.gradle.launcher.daemon.bootstrap.GradleDaemon 8.10.2

Host: AMD Ryzen 3 3250U with Radeon Graphics         , 4 cores, 3G,  Windows 11 , 64 bit Build 22621 (10.0.22621.3958)
Time: Tue Oct 29 08:04:26 2024 SE Asia Standard Time elapsed time: 115.650794 seconds (0d 0h 1m 55s)

---------------  T H R E A D  ---------------

Current thread (0x00000164d903bad0):  JavaThread "C1 CompilerThread0" daemon [_thread_in_native, id=8188, stack(0x0000001a2d900000,0x0000001a2da00000)]


Current CompileTask:
C1: 115650 4706       3       org.objectweb.asm.ClassReader::readCode (5117 bytes)

Stack: [0x0000001a2d900000,0x0000001a2da00000]
Native frames: (J=compiled Java code, j=interpreted, Vv=VM code, C=native code)
V  [jvm.dll+0x683bfa]
V  [jvm.dll+0x8430a4]
V  [jvm.dll+0x8449be]
V  [jvm.dll+0x845023]
V  [jvm.dll+0x24ad2f]
V  [jvm.dll+0xac47c]
V  [jvm.dll+0xac82c]
V  [jvm.dll+0x17a19c]
V  [jvm.dll+0x17c561]
V  [jvm.dll+0x136cd3]
V  [jvm.dll+0x1365cf]
V  [jvm.dll+0x136806]
V  [jvm.dll+0x135c9a]
V  [jvm.dll+0x137961]
V  [jvm.dll+0x22c148]
V  [jvm.dll+0x22a209]
V  [jvm.dll+0x7f858c]
V  [jvm.dll+0x7f2aea]
V  [jvm.dll+0x682a35]
C  [ucrtbase.dll+0x29333]
C  [KERNEL32.DLL+0x1257d]
C  [ntdll.dll+0x5af08]


---------------  P R O C E S S  ---------------

Threads class SMR info:
_java_thread_list=0x00000164db9a16a0, length=38, elements={
0x00000164bedd10a0, 0x00000164d9012010, 0x00000164d9013e90, 0x00000164d9036520,
0x00000164d9036fe0, 0x00000164d90399a0, 0x00000164d903a350, 0x00000164d903b030,
0x00000164d903bad0, 0x00000164d9053cb0, 0x00000164d90e0140, 0x00000164d932d0e0,
0x00000164da82b9d0, 0x00000164d9e54710, 0x00000164d9e53d80, 0x00000164dabceaa0,
0x00000164db08d840, 0x00000164daaba3c0, 0x00000164d9fda830, 0x00000164da48a3a0,
0x00000164da489060, 0x00000164da48ca20, 0x00000164da48c080, 0x00000164da489a00,
0x00000164da48c550, 0x00000164da489ed0, 0x00000164da48b6e0, 0x00000164da48bbb0,
0x00000164db9d24c0, 0x00000164db9d2e60, 0x00000164db9d4670, 0x00000164db9d1ff0,
0x00000164db9d3800, 0x00000164db9d1650, 0x00000164db9d3cd0, 0x00000164db9d5e80,
0x00000164db9d89d0, 0x00000164db9d3330
}

Java Threads: ( => current thread )
  0x00000164bedd10a0 JavaThread "main" [_thread_blocked, id=18360, stack(0x0000001a2cb00000,0x0000001a2cc00000)]
  0x00000164d9012010 JavaThread "Reference Handler" daemon [_thread_blocked, id=18268, stack(0x0000001a2d200000,0x0000001a2d300000)]
  0x00000164d9013e90 JavaThread "Finalizer" daemon [_thread_blocked, id=3852, stack(0x0000001a2d300000,0x0000001a2d400000)]
  0x00000164d9036520 JavaThread "Signal Dispatcher" daemon [_thread_blocked, id=17684, stack(0x0000001a2d400000,0x0000001a2d500000)]
  0x00000164d9036fe0 JavaThread "Attach Listener" daemon [_thread_blocked, id=5512, stack(0x0000001a2d500000,0x0000001a2d600000)]
  0x00000164d90399a0 JavaThread "Service Thread" daemon [_thread_blocked, id=13600, stack(0x0000001a2d600000,0x0000001a2d700000)]
  0x00000164d903a350 JavaThread "Monitor Deflation Thread" daemon [_thread_blocked, id=1056, stack(0x0000001a2d700000,0x0000001a2d800000)]
  0x00000164d903b030 JavaThread "C2 CompilerThread0" daemon [_thread_blocked, id=11052, stack(0x0000001a2d800000,0x0000001a2d900000)]
=>0x00000164d903bad0 JavaThread "C1 CompilerThread0" daemon [_thread_in_native, id=8188, stack(0x0000001a2d900000,0x0000001a2da00000)]
  0x00000164d9053cb0 JavaThread "Sweeper thread" daemon [_thread_blocked, id=15968, stack(0x0000001a2da00000,0x0000001a2db00000)]
  0x00000164d90e0140 JavaThread "Common-Cleaner" daemon [_thread_blocked, id=15280, stack(0x0000001a2db00000,0x0000001a2dc00000)]
  0x00000164d932d0e0 JavaThread "Notification Thread" daemon [_thread_blocked, id=12040, stack(0x0000001a2dc00000,0x0000001a2dd00000)]
  0x00000164da82b9d0 JavaThread "Daemon health stats" [_thread_blocked, id=3756, stack(0x0000001a2e100000,0x0000001a2e200000)]
  0x00000164d9e54710 JavaThread "Incoming local TCP Connector on port 63915" [_thread_in_native, id=17724, stack(0x0000001a2e200000,0x0000001a2e300000)]
  0x00000164d9e53d80 JavaThread "Daemon periodic checks" [_thread_blocked, id=9304, stack(0x0000001a2e300000,0x0000001a2e400000)]
  0x00000164dabceaa0 JavaThread "Daemon" [_thread_blocked, id=16984, stack(0x0000001a2e400000,0x0000001a2e500000)]
  0x00000164db08d840 JavaThread "Handler for socket connection from /127.0.0.1:63915 to /127.0.0.1:63916" [_thread_in_native, id=18192, stack(0x0000001a2e500000,0x0000001a2e600000)]
  0x00000164daaba3c0 JavaThread "Cancel handler" [_thread_blocked, id=3708, stack(0x0000001a2e600000,0x0000001a2e700000)]
  0x00000164d9fda830 JavaThread "Daemon worker" [_thread_in_native, id=12840, stack(0x0000001a2e700000,0x0000001a2e800000)]
  0x00000164da48a3a0 JavaThread "Asynchronous log dispatcher for DefaultDaemonConnection: socket connection from /127.0.0.1:63915 to /127.0.0.1:63916" [_thread_blocked, id=15548, stack(0x0000001a2e800000,0x0000001a2e900000)]
  0x00000164da489060 JavaThread "Stdin handler" [_thread_blocked, id=10036, stack(0x0000001a2e900000,0x0000001a2ea00000)]
  0x00000164da48ca20 JavaThread "Daemon client event forwarder" [_thread_blocked, id=10692, stack(0x0000001a2ea00000,0x0000001a2eb00000)]
  0x00000164da48c080 JavaThread "Cache worker for journal cache (C:\Users\TUONG VY\.gradle\caches\journal-1)" [_thread_blocked, id=7848, stack(0x0000001a2eb00000,0x0000001a2ec00000)]
  0x00000164da489a00 JavaThread "File lock request listener" [_thread_in_native, id=12816, stack(0x0000001a2ec00000,0x0000001a2ed00000)]
  0x00000164da48c550 JavaThread "Cache worker for file hash cache (C:\Users\TUONG VY\.gradle\caches\8.10.2\fileHashes)" [_thread_blocked, id=14736, stack(0x0000001a2ed00000,0x0000001a2ee00000)]
  0x00000164da489ed0 JavaThread "File lock release action executor" [_thread_blocked, id=18212, stack(0x0000001a2ee00000,0x0000001a2ef00000)]
  0x00000164da48b6e0 JavaThread "Cache worker for file hash cache (D:\CodeGym\module6_C10\C1023L1-BE\C1023L1-BE\project-C1023I1\.gradle\8.10.2\fileHashes)" [_thread_blocked, id=5368, stack(0x0000001a2f100000,0x0000001a2f200000)]
  0x00000164da48bbb0 JavaThread "Cache worker for Build Output Cleanup Cache (D:\CodeGym\module6_C10\C1023L1-BE\C1023L1-BE\project-C1023I1\.gradle\buildOutputCleanup)" [_thread_blocked, id=3216, stack(0x0000001a2f200000,0x0000001a2f300000)]
  0x00000164db9d24c0 JavaThread "File watcher server" daemon [_thread_in_native, id=12752, stack(0x0000001a2f300000,0x0000001a2f400000)]
  0x00000164db9d2e60 JavaThread "File watcher consumer" daemon [_thread_blocked, id=4652, stack(0x0000001a2f400000,0x0000001a2f500000)]
  0x00000164db9d4670 JavaThread "Cache worker for checksums cache (D:\CodeGym\module6_C10\C1023L1-BE\C1023L1-BE\project-C1023I1\.gradle\8.10.2\checksums)" [_thread_blocked, id=3868, stack(0x0000001a2f500000,0x0000001a2f600000)]
  0x00000164db9d1ff0 JavaThread "Cache worker for file content cache (C:\Users\TUONG VY\.gradle\caches\8.10.2\fileContent)" [_thread_blocked, id=4124, stack(0x0000001a2f600000,0x0000001a2f700000)]
  0x00000164db9d3800 JavaThread "Cache worker for cache directory md-rule (C:\Users\TUONG VY\.gradle\caches\8.10.2\md-rule)" [_thread_blocked, id=17648, stack(0x0000001a2f700000,0x0000001a2f800000)]
  0x00000164db9d1650 JavaThread "Cache worker for cache directory md-supplier (C:\Users\TUONG VY\.gradle\caches\8.10.2\md-supplier)" [_thread_blocked, id=15936, stack(0x0000001a2f800000,0x0000001a2f900000)]
  0x00000164db9d3cd0 JavaThread "jar transforms" [_thread_blocked, id=13792, stack(0x0000001a2f900000,0x0000001a2fa00000)]
  0x00000164db9d5e80 JavaThread "jar transforms Thread 2" [_thread_blocked, id=16240, stack(0x0000001a2fa00000,0x0000001a2fb00000)]
  0x00000164db9d89d0 JavaThread "jar transforms Thread 3" [_thread_blocked, id=12768, stack(0x0000001a2c900000,0x0000001a2ca00000)]
  0x00000164db9d3330 JavaThread "jar transforms Thread 4" [_thread_blocked, id=17608, stack(0x0000001a2ca00000,0x0000001a2cb00000)]

Other Threads:
  0x00000164d4d5fba0 VMThread "VM Thread" [stack: 0x0000001a2d100000,0x0000001a2d200000] [id=8828]
  0x00000164bedd1f10 WatcherThread [stack: 0x0000001a2dd00000,0x0000001a2de00000] [id=5768]
  0x00000164bedfedc0 GCTaskThread "GC Thread#0" [stack: 0x0000001a2cc00000,0x0000001a2cd00000] [id=14632]
  0x00000164d9341860 GCTaskThread "GC Thread#1" [stack: 0x0000001a2de00000,0x0000001a2df00000] [id=8696]
  0x00000164d9341b10 GCTaskThread "GC Thread#2" [stack: 0x0000001a2df00000,0x0000001a2e000000] [id=10788]
  0x00000164d9341dc0 GCTaskThread "GC Thread#3" [stack: 0x0000001a2e000000,0x0000001a2e100000] [id=8132]
  0x00000164bee03d00 ConcurrentGCThread "G1 Main Marker" [stack: 0x0000001a2cd00000,0x0000001a2ce00000] [id=17292]
  0x00000164bee04710 ConcurrentGCThread "G1 Conc#0" [stack: 0x0000001a2ce00000,0x0000001a2cf00000] [id=15104]
  0x00000164d4bc24d0 ConcurrentGCThread "G1 Refine#0" [stack: 0x0000001a2cf00000,0x0000001a2d000000] [id=17096]
  0x00000164d4bc2ef0 ConcurrentGCThread "G1 Service" [stack: 0x0000001a2d000000,0x0000001a2d100000] [id=8656]

Threads with active compile tasks:
C1 CompilerThread0   115687 4706       3       org.objectweb.asm.ClassReader::readCode (5117 bytes)

VM state: not at safepoint (normal execution)

VM Mutex/Monitor currently owned by a thread: None

Heap address: 0x00000000e0000000, size: 512 MB, Compressed Oops mode: 32-bit

CDS archive(s) not mapped
Compressed class space mapped at: 0x0000000100000000-0x0000000114000000, reserved size: 335544320
Narrow klass base: 0x0000000000000000, Narrow klass shift: 3, Narrow klass range: 0x114000000

GC Precious Log:
 CPUs: 4 total, 4 available
 Memory: 3534M
 Large Page Support: Disabled
 NUMA Support: Disabled
 Compressed Oops: Enabled (32-bit)
 Heap Region Size: 1M
 Heap Min Capacity: 256M
 Heap Initial Capacity: 256M
 Heap Max Capacity: 512M
 Pre-touch: Disabled
 Parallel Workers: 4
 Concurrent Workers: 1
 Concurrent Refinement Workers: 4
 Periodic GC: Disabled

Heap:
 garbage-first heap   total 262144K, used 137156K [0x00000000e0000000, 0x0000000100000000)
  region size 1024K, 112 young (114688K), 6 survivors (6144K)
 Metaspace       used 49585K, committed 50048K, reserved 393216K
  class space    used 6632K, committed 6848K, reserved 327680K

Heap Regions: E=young(eden), S=young(survivor), O=old, HS=humongous(starts), HC=humongous(continues), CS=collection set, F=free, OA=open archive, CA=closed archive, TAMS=top-at-mark-start (previous, next)
|   0|0x00000000e0000000, 0x00000000e0100000, 0x00000000e0100000|100%|HS|  |TAMS 0x00000000e0100000, 0x00000000e0000000| Complete 
|   1|0x00000000e0100000, 0x00000000e0200000, 0x00000000e0200000|100%|HC|  |TAMS 0x00000000e0200000, 0x00000000e0100000| Complete 
|   2|0x00000000e0200000, 0x00000000e0300000, 0x00000000e0300000|100%|HC|  |TAMS 0x00000000e0300000, 0x00000000e0200000| Complete 
|   3|0x00000000e0300000, 0x00000000e0400000, 0x00000000e0400000|100%|HC|  |TAMS 0x00000000e0400000, 0x00000000e0300000| Complete 
|   4|0x00000000e0400000, 0x00000000e0500000, 0x00000000e0500000|100%| O|  |TAMS 0x00000000e0500000, 0x00000000e0400000| Untracked 
|   5|0x00000000e0500000, 0x00000000e0600000, 0x00000000e0600000|100%| O|  |TAMS 0x00000000e0600000, 0x00000000e0500000| Complete 
|   6|0x00000000e0600000, 0x00000000e0700000, 0x00000000e0700000|100%| O|  |TAMS 0x00000000e0700000, 0x00000000e0600000| Untracked 
|   7|0x00000000e0700000, 0x00000000e0800000, 0x00000000e0800000|100%| O|  |TAMS 0x00000000e0800000, 0x00000000e0700000| Untracked 
|   8|0x00000000e0800000, 0x00000000e0900000, 0x00000000e0900000|100%|HS|  |TAMS 0x00000000e0900000, 0x00000000e0800000| Complete 
|   9|0x00000000e0900000, 0x00000000e0a00000, 0x00000000e0a00000|100%| O|  |TAMS 0x00000000e0a00000, 0x00000000e0900000| Untracked 
|  10|0x00000000e0a00000, 0x00000000e0b00000, 0x00000000e0b00000|100%| O|  |TAMS 0x00000000e0b00000, 0x00000000e0a00000| Untracked 
|  11|0x00000000e0b00000, 0x00000000e0c00000, 0x00000000e0c00000|100%| O|  |TAMS 0x00000000e0c00000, 0x00000000e0b00000| Untracked 
|  12|0x00000000e0c00000, 0x00000000e0d00000, 0x00000000e0d00000|100%| O|  |TAMS 0x00000000e0d00000, 0x00000000e0c00000| Untracked 
|  13|0x00000000e0d00000, 0x00000000e0e00000, 0x00000000e0e00000|100%| O|  |TAMS 0x00000000e0e00000, 0x00000000e0d00000| Untracked 
|  14|0x00000000e0e00000, 0x00000000e0f00000, 0x00000000e0f00000|100%| O|  |TAMS 0x00000000e0f00000, 0x00000000e0e00000| Untracked 
|  15|0x00000000e0f00000, 0x00000000e1000000, 0x00000000e1000000|100%| O|  |TAMS 0x00000000e1000000, 0x00000000e0f00000| Untracked 
|  16|0x00000000e1000000, 0x00000000e1100000, 0x00000000e1100000|100%| O|  |TAMS 0x00000000e1100000, 0x00000000e1000000| Untracked 
|  17|0x00000000e1100000, 0x00000000e1200000, 0x00000000e1200000|100%| O|  |TAMS 0x00000000e1200000, 0x00000000e1100000| Untracked 
|  18|0x00000000e1200000, 0x00000000e1300000, 0x00000000e1300000|100%| O|  |TAMS 0x00000000e1300000, 0x00000000e1200000| Untracked 
|  19|0x00000000e1300000, 0x00000000e133da00, 0x00000000e1400000| 24%| O|  |TAMS 0x00000000e133da00, 0x00000000e1300000| Untracked 
|  20|0x00000000e1400000, 0x00000000e1500000, 0x00000000e1500000|100%|HS|  |TAMS 0x00000000e1400000, 0x00000000e1400000| Complete 
|  21|0x00000000e1500000, 0x00000000e1600000, 0x00000000e1600000|100%|HS|  |TAMS 0x00000000e1500000, 0x00000000e1500000| Complete 
|  22|0x00000000e1600000, 0x00000000e1700000, 0x00000000e1700000|100%|HC|  |TAMS 0x00000000e1600000, 0x00000000e1600000| Complete 
|  23|0x00000000e1700000, 0x00000000e1800000, 0x00000000e1800000|100%|HS|  |TAMS 0x00000000e1700000, 0x00000000e1700000| Complete 
|  24|0x00000000e1800000, 0x00000000e1900000, 0x00000000e1900000|100%|HC|  |TAMS 0x00000000e1800000, 0x00000000e1800000| Complete 
|  25|0x00000000e1900000, 0x00000000e1900000, 0x00000000e1a00000|  0%| F|  |TAMS 0x00000000e1900000, 0x00000000e1900000| Untracked 
|  26|0x00000000e1a00000, 0x00000000e1a00000, 0x00000000e1b00000|  0%| F|  |TAMS 0x00000000e1a00000, 0x00000000e1a00000| Untracked 
|  27|0x00000000e1b00000, 0x00000000e1b00000, 0x00000000e1c00000|  0%| F|  |TAMS 0x00000000e1b00000, 0x00000000e1b00000| Untracked 
|  28|0x00000000e1c00000, 0x00000000e1c00000, 0x00000000e1d00000|  0%| F|  |TAMS 0x00000000e1c00000, 0x00000000e1c00000| Untracked 
|  29|0x00000000e1d00000, 0x00000000e1d00000, 0x00000000e1e00000|  0%| F|  |TAMS 0x00000000e1d00000, 0x00000000e1d00000| Untracked 
|  30|0x00000000e1e00000, 0x00000000e1e00000, 0x00000000e1f00000|  0%| F|  |TAMS 0x00000000e1e00000, 0x00000000e1e00000| Untracked 
|  31|0x00000000e1f00000, 0x00000000e1f00000, 0x00000000e2000000|  0%| F|  |TAMS 0x00000000e1f00000, 0x00000000e1f00000| Untracked 
|  32|0x00000000e2000000, 0x00000000e2000000, 0x00000000e2100000|  0%| F|  |TAMS 0x00000000e2000000, 0x00000000e2000000| Untracked 
|  33|0x00000000e2100000, 0x00000000e2100000, 0x00000000e2200000|  0%| F|  |TAMS 0x00000000e2100000, 0x00000000e2100000| Untracked 
|  34|0x00000000e2200000, 0x00000000e2200000, 0x00000000e2300000|  0%| F|  |TAMS 0x00000000e2200000, 0x00000000e2200000| Untracked 
|  35|0x00000000e2300000, 0x00000000e2300000, 0x00000000e2400000|  0%| F|  |TAMS 0x00000000e2300000, 0x00000000e2300000| Untracked 
|  36|0x00000000e2400000, 0x00000000e2400000, 0x00000000e2500000|  0%| F|  |TAMS 0x00000000e2400000, 0x00000000e2400000| Untracked 
|  37|0x00000000e2500000, 0x00000000e2500000, 0x00000000e2600000|  0%| F|  |TAMS 0x00000000e2500000, 0x00000000e2500000| Untracked 
|  38|0x00000000e2600000, 0x00000000e2600000, 0x00000000e2700000|  0%| F|  |TAMS 0x00000000e2600000, 0x00000000e2600000| Untracked 
|  39|0x00000000e2700000, 0x00000000e2700000, 0x00000000e2800000|  0%| F|  |TAMS 0x00000000e2700000, 0x00000000e2700000| Untracked 
|  40|0x00000000e2800000, 0x00000000e2800000, 0x00000000e2900000|  0%| F|  |TAMS 0x00000000e2800000, 0x00000000e2800000| Untracked 
|  41|0x00000000e2900000, 0x00000000e2900000, 0x00000000e2a00000|  0%| F|  |TAMS 0x00000000e2900000, 0x00000000e2900000| Untracked 
|  42|0x00000000e2a00000, 0x00000000e2a00000, 0x00000000e2b00000|  0%| F|  |TAMS 0x00000000e2a00000, 0x00000000e2a00000| Untracked 
|  43|0x00000000e2b00000, 0x00000000e2b00000, 0x00000000e2c00000|  0%| F|  |TAMS 0x00000000e2b00000, 0x00000000e2b00000| Untracked 
|  44|0x00000000e2c00000, 0x00000000e2c00000, 0x00000000e2d00000|  0%| F|  |TAMS 0x00000000e2c00000, 0x00000000e2c00000| Untracked 
|  45|0x00000000e2d00000, 0x00000000e2d00000, 0x00000000e2e00000|  0%| F|  |TAMS 0x00000000e2d00000, 0x00000000e2d00000| Untracked 
|  46|0x00000000e2e00000, 0x00000000e2e00000, 0x00000000e2f00000|  0%| F|  |TAMS 0x00000000e2e00000, 0x00000000e2e00000| Untracked 
|  47|0x00000000e2f00000, 0x00000000e2f00000, 0x00000000e3000000|  0%| F|  |TAMS 0x00000000e2f00000, 0x00000000e2f00000| Untracked 
|  48|0x00000000e3000000, 0x00000000e3000000, 0x00000000e3100000|  0%| F|  |TAMS 0x00000000e3000000, 0x00000000e3000000| Untracked 
|  49|0x00000000e3100000, 0x00000000e3100000, 0x00000000e3200000|  0%| F|  |TAMS 0x00000000e3100000, 0x00000000e3100000| Untracked 
|  50|0x00000000e3200000, 0x00000000e3200000, 0x00000000e3300000|  0%| F|  |TAMS 0x00000000e3200000, 0x00000000e3200000| Untracked 
|  51|0x00000000e3300000, 0x00000000e3300000, 0x00000000e3400000|  0%| F|  |TAMS 0x00000000e3300000, 0x00000000e3300000| Untracked 
|  52|0x00000000e3400000, 0x00000000e3400000, 0x00000000e3500000|  0%| F|  |TAMS 0x00000000e3400000, 0x00000000e3400000| Untracked 
|  53|0x00000000e3500000, 0x00000000e3500000, 0x00000000e3600000|  0%| F|  |TAMS 0x00000000e3500000, 0x00000000e3500000| Untracked 
|  54|0x00000000e3600000, 0x00000000e3600000, 0x00000000e3700000|  0%| F|  |TAMS 0x00000000e3600000, 0x00000000e3600000| Untracked 
|  55|0x00000000e3700000, 0x00000000e3700000, 0x00000000e3800000|  0%| F|  |TAMS 0x00000000e3700000, 0x00000000e3700000| Untracked 
|  56|0x00000000e3800000, 0x00000000e3800000, 0x00000000e3900000|  0%| F|  |TAMS 0x00000000e3800000, 0x00000000e3800000| Untracked 
|  57|0x00000000e3900000, 0x00000000e3900000, 0x00000000e3a00000|  0%| F|  |TAMS 0x00000000e3900000, 0x00000000e3900000| Untracked 
|  58|0x00000000e3a00000, 0x00000000e3a00000, 0x00000000e3b00000|  0%| F|  |TAMS 0x00000000e3a00000, 0x00000000e3a00000| Untracked 
|  59|0x00000000e3b00000, 0x00000000e3b00000, 0x00000000e3c00000|  0%| F|  |TAMS 0x00000000e3b00000, 0x00000000e3b00000| Untracked 
|  60|0x00000000e3c00000, 0x00000000e3c00000, 0x00000000e3d00000|  0%| F|  |TAMS 0x00000000e3c00000, 0x00000000e3c00000| Untracked 
|  61|0x00000000e3d00000, 0x00000000e3d00000, 0x00000000e3e00000|  0%| F|  |TAMS 0x00000000e3d00000, 0x00000000e3d00000| Untracked 
|  62|0x00000000e3e00000, 0x00000000e3e00000, 0x00000000e3f00000|  0%| F|  |TAMS 0x00000000e3e00000, 0x00000000e3e00000| Untracked 
|  63|0x00000000e3f00000, 0x00000000e3f00000, 0x00000000e4000000|  0%| F|  |TAMS 0x00000000e3f00000, 0x00000000e3f00000| Untracked 
|  64|0x00000000e4000000, 0x00000000e4000000, 0x00000000e4100000|  0%| F|  |TAMS 0x00000000e4000000, 0x00000000e4000000| Untracked 
|  65|0x00000000e4100000, 0x00000000e4100000, 0x00000000e4200000|  0%| F|  |TAMS 0x00000000e4100000, 0x00000000e4100000| Untracked 
|  66|0x00000000e4200000, 0x00000000e4200000, 0x00000000e4300000|  0%| F|  |TAMS 0x00000000e4200000, 0x00000000e4200000| Untracked 
|  67|0x00000000e4300000, 0x00000000e4300000, 0x00000000e4400000|  0%| F|  |TAMS 0x00000000e4300000, 0x00000000e4300000| Untracked 
|  68|0x00000000e4400000, 0x00000000e4400000, 0x00000000e4500000|  0%| F|  |TAMS 0x00000000e4400000, 0x00000000e4400000| Untracked 
|  69|0x00000000e4500000, 0x00000000e4500000, 0x00000000e4600000|  0%| F|  |TAMS 0x00000000e4500000, 0x00000000e4500000| Untracked 
|  70|0x00000000e4600000, 0x00000000e4600000, 0x00000000e4700000|  0%| F|  |TAMS 0x00000000e4600000, 0x00000000e4600000| Untracked 
|  71|0x00000000e4700000, 0x00000000e4700000, 0x00000000e4800000|  0%| F|  |TAMS 0x00000000e4700000, 0x00000000e4700000| Untracked 
|  72|0x00000000e4800000, 0x00000000e4800000, 0x00000000e4900000|  0%| F|  |TAMS 0x00000000e4800000, 0x00000000e4800000| Untracked 
|  73|0x00000000e4900000, 0x00000000e4900000, 0x00000000e4a00000|  0%| F|  |TAMS 0x00000000e4900000, 0x00000000e4900000| Untracked 
|  74|0x00000000e4a00000, 0x00000000e4a00000, 0x00000000e4b00000|  0%| F|  |TAMS 0x00000000e4a00000, 0x00000000e4a00000| Untracked 
|  75|0x00000000e4b00000, 0x00000000e4b00000, 0x00000000e4c00000|  0%| F|  |TAMS 0x00000000e4b00000, 0x00000000e4b00000| Untracked 
|  76|0x00000000e4c00000, 0x00000000e4c00000, 0x00000000e4d00000|  0%| F|  |TAMS 0x00000000e4c00000, 0x00000000e4c00000| Untracked 
|  77|0x00000000e4d00000, 0x00000000e4d00000, 0x00000000e4e00000|  0%| F|  |TAMS 0x00000000e4d00000, 0x00000000e4d00000| Untracked 
|  78|0x00000000e4e00000, 0x00000000e4e00000, 0x00000000e4f00000|  0%| F|  |TAMS 0x00000000e4e00000, 0x00000000e4e00000| Untracked 
|  79|0x00000000e4f00000, 0x00000000e4f00000, 0x00000000e5000000|  0%| F|  |TAMS 0x00000000e4f00000, 0x00000000e4f00000| Untracked 
|  80|0x00000000e5000000, 0x00000000e5000000, 0x00000000e5100000|  0%| F|  |TAMS 0x00000000e5000000, 0x00000000e5000000| Untracked 
|  81|0x00000000e5100000, 0x00000000e5100000, 0x00000000e5200000|  0%| F|  |TAMS 0x00000000e5100000, 0x00000000e5100000| Untracked 
|  82|0x00000000e5200000, 0x00000000e5200000, 0x00000000e5300000|  0%| F|  |TAMS 0x00000000e5200000, 0x00000000e5200000| Untracked 
|  83|0x00000000e5300000, 0x00000000e5300000, 0x00000000e5400000|  0%| F|  |TAMS 0x00000000e5300000, 0x00000000e5300000| Untracked 
|  84|0x00000000e5400000, 0x00000000e5400000, 0x00000000e5500000|  0%| F|  |TAMS 0x00000000e5400000, 0x00000000e5400000| Untracked 
|  85|0x00000000e5500000, 0x00000000e5500000, 0x00000000e5600000|  0%| F|  |TAMS 0x00000000e5500000, 0x00000000e5500000| Untracked 
|  86|0x00000000e5600000, 0x00000000e5600000, 0x00000000e5700000|  0%| F|  |TAMS 0x00000000e5600000, 0x00000000e5600000| Untracked 
|  87|0x00000000e5700000, 0x00000000e5700000, 0x00000000e5800000|  0%| F|  |TAMS 0x00000000e5700000, 0x00000000e5700000| Untracked 
|  88|0x00000000e5800000, 0x00000000e5800000, 0x00000000e5900000|  0%| F|  |TAMS 0x00000000e5800000, 0x00000000e5800000| Untracked 
|  89|0x00000000e5900000, 0x00000000e5900000, 0x00000000e5a00000|  0%| F|  |TAMS 0x00000000e5900000, 0x00000000e5900000| Untracked 
|  90|0x00000000e5a00000, 0x00000000e5a00000, 0x00000000e5b00000|  0%| F|  |TAMS 0x00000000e5a00000, 0x00000000e5a00000| Untracked 
|  91|0x00000000e5b00000, 0x00000000e5b00000, 0x00000000e5c00000|  0%| F|  |TAMS 0x00000000e5b00000, 0x00000000e5b00000| Untracked 
|  92|0x00000000e5c00000, 0x00000000e5c00000, 0x00000000e5d00000|  0%| F|  |TAMS 0x00000000e5c00000, 0x00000000e5c00000| Untracked 
|  93|0x00000000e5d00000, 0x00000000e5d00000, 0x00000000e5e00000|  0%| F|  |TAMS 0x00000000e5d00000, 0x00000000e5d00000| Untracked 
|  94|0x00000000e5e00000, 0x00000000e5e00000, 0x00000000e5f00000|  0%| F|  |TAMS 0x00000000e5e00000, 0x00000000e5e00000| Untracked 
|  95|0x00000000e5f00000, 0x00000000e5f00000, 0x00000000e6000000|  0%| F|  |TAMS 0x00000000e5f00000, 0x00000000e5f00000| Untracked 
|  96|0x00000000e6000000, 0x00000000e6000000, 0x00000000e6100000|  0%| F|  |TAMS 0x00000000e6000000, 0x00000000e6000000| Untracked 
|  97|0x00000000e6100000, 0x00000000e6100000, 0x00000000e6200000|  0%| F|  |TAMS 0x00000000e6100000, 0x00000000e6100000| Untracked 
|  98|0x00000000e6200000, 0x00000000e6200000, 0x00000000e6300000|  0%| F|  |TAMS 0x00000000e6200000, 0x00000000e6200000| Untracked 
|  99|0x00000000e6300000, 0x00000000e6300000, 0x00000000e6400000|  0%| F|  |TAMS 0x00000000e6300000, 0x00000000e6300000| Untracked 
| 100|0x00000000e6400000, 0x00000000e6400000, 0x00000000e6500000|  0%| F|  |TAMS 0x00000000e6400000, 0x00000000e6400000| Untracked 
| 101|0x00000000e6500000, 0x00000000e6500000, 0x00000000e6600000|  0%| F|  |TAMS 0x00000000e6500000, 0x00000000e6500000| Untracked 
| 102|0x00000000e6600000, 0x00000000e6600000, 0x00000000e6700000|  0%| F|  |TAMS 0x00000000e6600000, 0x00000000e6600000| Untracked 
| 103|0x00000000e6700000, 0x00000000e6700000, 0x00000000e6800000|  0%| F|  |TAMS 0x00000000e6700000, 0x00000000e6700000| Untracked 
| 104|0x00000000e6800000, 0x00000000e6800000, 0x00000000e6900000|  0%| F|  |TAMS 0x00000000e6800000, 0x00000000e6800000| Untracked 
| 105|0x00000000e6900000, 0x00000000e6900000, 0x00000000e6a00000|  0%| F|  |TAMS 0x00000000e6900000, 0x00000000e6900000| Untracked 
| 106|0x00000000e6a00000, 0x00000000e6a00000, 0x00000000e6b00000|  0%| F|  |TAMS 0x00000000e6a00000, 0x00000000e6a00000| Untracked 
| 107|0x00000000e6b00000, 0x00000000e6b00000, 0x00000000e6c00000|  0%| F|  |TAMS 0x00000000e6b00000, 0x00000000e6b00000| Untracked 
| 108|0x00000000e6c00000, 0x00000000e6c00000, 0x00000000e6d00000|  0%| F|  |TAMS 0x00000000e6c00000, 0x00000000e6c00000| Untracked 
| 109|0x00000000e6d00000, 0x00000000e6d00000, 0x00000000e6e00000|  0%| F|  |TAMS 0x00000000e6d00000, 0x00000000e6d00000| Untracked 
| 110|0x00000000e6e00000, 0x00000000e6e00000, 0x00000000e6f00000|  0%| F|  |TAMS 0x00000000e6e00000, 0x00000000e6e00000| Untracked 
| 111|0x00000000e6f00000, 0x00000000e6f00000, 0x00000000e7000000|  0%| F|  |TAMS 0x00000000e6f00000, 0x00000000e6f00000| Untracked 
| 112|0x00000000e7000000, 0x00000000e7000000, 0x00000000e7100000|  0%| F|  |TAMS 0x00000000e7000000, 0x00000000e7000000| Untracked 
| 113|0x00000000e7100000, 0x00000000e7100000, 0x00000000e7200000|  0%| F|  |TAMS 0x00000000e7100000, 0x00000000e7100000| Untracked 
| 114|0x00000000e7200000, 0x00000000e7200000, 0x00000000e7300000|  0%| F|  |TAMS 0x00000000e7200000, 0x00000000e7200000| Untracked 
| 115|0x00000000e7300000, 0x00000000e7300000, 0x00000000e7400000|  0%| F|  |TAMS 0x00000000e7300000, 0x00000000e7300000| Untracked 
| 116|0x00000000e7400000, 0x00000000e7400000, 0x00000000e7500000|  0%| F|  |TAMS 0x00000000e7400000, 0x00000000e7400000| Untracked 
| 117|0x00000000e7500000, 0x00000000e7500000, 0x00000000e7600000|  0%| F|  |TAMS 0x00000000e7500000, 0x00000000e7500000| Untracked 
| 118|0x00000000e7600000, 0x00000000e7600000, 0x00000000e7700000|  0%| F|  |TAMS 0x00000000e7600000, 0x00000000e7600000| Untracked 
| 119|0x00000000e7700000, 0x00000000e7700000, 0x00000000e7800000|  0%| F|  |TAMS 0x00000000e7700000, 0x00000000e7700000| Untracked 
| 120|0x00000000e7800000, 0x00000000e7800000, 0x00000000e7900000|  0%| F|  |TAMS 0x00000000e7800000, 0x00000000e7800000| Untracked 
| 121|0x00000000e7900000, 0x00000000e7900000, 0x00000000e7a00000|  0%| F|  |TAMS 0x00000000e7900000, 0x00000000e7900000| Untracked 
| 122|0x00000000e7a00000, 0x00000000e7a00000, 0x00000000e7b00000|  0%| F|  |TAMS 0x00000000e7a00000, 0x00000000e7a00000| Untracked 
| 123|0x00000000e7b00000, 0x00000000e7b00000, 0x00000000e7c00000|  0%| F|  |TAMS 0x00000000e7b00000, 0x00000000e7b00000| Untracked 
| 124|0x00000000e7c00000, 0x00000000e7c00000, 0x00000000e7d00000|  0%| F|  |TAMS 0x00000000e7c00000, 0x00000000e7c00000| Untracked 
| 125|0x00000000e7d00000, 0x00000000e7d00000, 0x00000000e7e00000|  0%| F|  |TAMS 0x00000000e7d00000, 0x00000000e7d00000| Untracked 
| 126|0x00000000e7e00000, 0x00000000e7e00000, 0x00000000e7f00000|  0%| F|  |TAMS 0x00000000e7e00000, 0x00000000e7e00000| Untracked 
| 127|0x00000000e7f00000, 0x00000000e7f00000, 0x00000000e8000000|  0%| F|  |TAMS 0x00000000e7f00000, 0x00000000e7f00000| Untracked 
| 128|0x00000000e8000000, 0x00000000e8000000, 0x00000000e8100000|  0%| F|  |TAMS 0x00000000e8000000, 0x00000000e8000000| Untracked 
| 129|0x00000000e8100000, 0x00000000e8100000, 0x00000000e8200000|  0%| F|  |TAMS 0x00000000e8100000, 0x00000000e8100000| Untracked 
| 130|0x00000000e8200000, 0x00000000e8200000, 0x00000000e8300000|  0%| F|  |TAMS 0x00000000e8200000, 0x00000000e8200000| Untracked 
| 131|0x00000000e8300000, 0x00000000e8300000, 0x00000000e8400000|  0%| F|  |TAMS 0x00000000e8300000, 0x00000000e8300000| Untracked 
| 132|0x00000000e8400000, 0x00000000e8400000, 0x00000000e8500000|  0%| F|  |TAMS 0x00000000e8400000, 0x00000000e8400000| Untracked 
| 133|0x00000000e8500000, 0x00000000e8500000, 0x00000000e8600000|  0%| F|  |TAMS 0x00000000e8500000, 0x00000000e8500000| Untracked 
| 134|0x00000000e8600000, 0x00000000e8600000, 0x00000000e8700000|  0%| F|  |TAMS 0x00000000e8600000, 0x00000000e8600000| Untracked 
| 135|0x00000000e8700000, 0x00000000e8700000, 0x00000000e8800000|  0%| F|  |TAMS 0x00000000e8700000, 0x00000000e8700000| Untracked 
| 136|0x00000000e8800000, 0x00000000e8800000, 0x00000000e8900000|  0%| F|  |TAMS 0x00000000e8800000, 0x00000000e8800000| Untracked 
| 137|0x00000000e8900000, 0x00000000e8900000, 0x00000000e8a00000|  0%| F|  |TAMS 0x00000000e8900000, 0x00000000e8900000| Untracked 
| 138|0x00000000e8a00000, 0x00000000e8a00000, 0x00000000e8b00000|  0%| F|  |TAMS 0x00000000e8a00000, 0x00000000e8a00000| Untracked 
| 139|0x00000000e8b00000, 0x00000000e8b00000, 0x00000000e8c00000|  0%| F|  |TAMS 0x00000000e8b00000, 0x00000000e8b00000| Untracked 
| 140|0x00000000e8c00000, 0x00000000e8c00000, 0x00000000e8d00000|  0%| F|  |TAMS 0x00000000e8c00000, 0x00000000e8c00000| Untracked 
| 141|0x00000000e8d00000, 0x00000000e8d00000, 0x00000000e8e00000|  0%| F|  |TAMS 0x00000000e8d00000, 0x00000000e8d00000| Untracked 
| 142|0x00000000e8e00000, 0x00000000e8e00000, 0x00000000e8f00000|  0%| F|  |TAMS 0x00000000e8e00000, 0x00000000e8e00000| Untracked 
| 143|0x00000000e8f00000, 0x00000000e8f00000, 0x00000000e9000000|  0%| F|  |TAMS 0x00000000e8f00000, 0x00000000e8f00000| Untracked 
| 144|0x00000000e9000000, 0x00000000e9100000, 0x00000000e9100000|100%| E|  |TAMS 0x00000000e9000000, 0x00000000e9000000| Complete 
| 145|0x00000000e9100000, 0x00000000e9200000, 0x00000000e9200000|100%| E|CS|TAMS 0x00000000e9100000, 0x00000000e9100000| Complete 
| 146|0x00000000e9200000, 0x00000000e9300000, 0x00000000e9300000|100%| E|CS|TAMS 0x00000000e9200000, 0x00000000e9200000| Complete 
| 147|0x00000000e9300000, 0x00000000e9400000, 0x00000000e9400000|100%| E|CS|TAMS 0x00000000e9300000, 0x00000000e9300000| Complete 
| 148|0x00000000e9400000, 0x00000000e9500000, 0x00000000e9500000|100%| E|CS|TAMS 0x00000000e9400000, 0x00000000e9400000| Complete 
| 149|0x00000000e9500000, 0x00000000e9600000, 0x00000000e9600000|100%| E|CS|TAMS 0x00000000e9500000, 0x00000000e9500000| Complete 
| 150|0x00000000e9600000, 0x00000000e9700000, 0x00000000e9700000|100%| E|CS|TAMS 0x00000000e9600000, 0x00000000e9600000| Complete 
| 151|0x00000000e9700000, 0x00000000e9800000, 0x00000000e9800000|100%| E|CS|TAMS 0x00000000e9700000, 0x00000000e9700000| Complete 
| 152|0x00000000e9800000, 0x00000000e9900000, 0x00000000e9900000|100%| E|CS|TAMS 0x00000000e9800000, 0x00000000e9800000| Complete 
| 153|0x00000000e9900000, 0x00000000e9a00000, 0x00000000e9a00000|100%| E|CS|TAMS 0x00000000e9900000, 0x00000000e9900000| Complete 
| 154|0x00000000e9a00000, 0x00000000e9b00000, 0x00000000e9b00000|100%| E|CS|TAMS 0x00000000e9a00000, 0x00000000e9a00000| Complete 
| 155|0x00000000e9b00000, 0x00000000e9c00000, 0x00000000e9c00000|100%| E|CS|TAMS 0x00000000e9b00000, 0x00000000e9b00000| Complete 
| 156|0x00000000e9c00000, 0x00000000e9d00000, 0x00000000e9d00000|100%| E|CS|TAMS 0x00000000e9c00000, 0x00000000e9c00000| Complete 
| 157|0x00000000e9d00000, 0x00000000e9e00000, 0x00000000e9e00000|100%| E|CS|TAMS 0x00000000e9d00000, 0x00000000e9d00000| Complete 
| 158|0x00000000e9e00000, 0x00000000e9f00000, 0x00000000e9f00000|100%| E|CS|TAMS 0x00000000e9e00000, 0x00000000e9e00000| Complete 
| 159|0x00000000e9f00000, 0x00000000ea000000, 0x00000000ea000000|100%| E|CS|TAMS 0x00000000e9f00000, 0x00000000e9f00000| Complete 
| 160|0x00000000ea000000, 0x00000000ea100000, 0x00000000ea100000|100%| E|CS|TAMS 0x00000000ea000000, 0x00000000ea000000| Complete 
| 161|0x00000000ea100000, 0x00000000ea200000, 0x00000000ea200000|100%| E|CS|TAMS 0x00000000ea100000, 0x00000000ea100000| Complete 
| 162|0x00000000ea200000, 0x00000000ea300000, 0x00000000ea300000|100%| E|CS|TAMS 0x00000000ea200000, 0x00000000ea200000| Complete 
| 163|0x00000000ea300000, 0x00000000ea400000, 0x00000000ea400000|100%| E|CS|TAMS 0x00000000ea300000, 0x00000000ea300000| Complete 
| 164|0x00000000ea400000, 0x00000000ea500000, 0x00000000ea500000|100%| E|CS|TAMS 0x00000000ea400000, 0x00000000ea400000| Complete 
| 165|0x00000000ea500000, 0x00000000ea600000, 0x00000000ea600000|100%| E|CS|TAMS 0x00000000ea500000, 0x00000000ea500000| Complete 
| 166|0x00000000ea600000, 0x00000000ea700000, 0x00000000ea700000|100%| E|CS|TAMS 0x00000000ea600000, 0x00000000ea600000| Complete 
| 167|0x00000000ea700000, 0x00000000ea800000, 0x00000000ea800000|100%| E|CS|TAMS 0x00000000ea700000, 0x00000000ea700000| Complete 
| 168|0x00000000ea800000, 0x00000000ea900000, 0x00000000ea900000|100%| E|CS|TAMS 0x00000000ea800000, 0x00000000ea800000| Complete 
| 169|0x00000000ea900000, 0x00000000eaa00000, 0x00000000eaa00000|100%| E|CS|TAMS 0x00000000ea900000, 0x00000000ea900000| Complete 
| 170|0x00000000eaa00000, 0x00000000eab00000, 0x00000000eab00000|100%| E|CS|TAMS 0x00000000eaa00000, 0x00000000eaa00000| Complete 
| 171|0x00000000eab00000, 0x00000000eac00000, 0x00000000eac00000|100%| E|CS|TAMS 0x00000000eab00000, 0x00000000eab00000| Complete 
| 172|0x00000000eac00000, 0x00000000ead00000, 0x00000000ead00000|100%| E|CS|TAMS 0x00000000eac00000, 0x00000000eac00000| Complete 
| 173|0x00000000ead00000, 0x00000000eae00000, 0x00000000eae00000|100%| E|CS|TAMS 0x00000000ead00000, 0x00000000ead00000| Complete 
| 174|0x00000000eae00000, 0x00000000eaf00000, 0x00000000eaf00000|100%| E|CS|TAMS 0x00000000eae00000, 0x00000000eae00000| Complete 
| 175|0x00000000eaf00000, 0x00000000eb000000, 0x00000000eb000000|100%| E|CS|TAMS 0x00000000eaf00000, 0x00000000eaf00000| Complete 
| 176|0x00000000eb000000, 0x00000000eb100000, 0x00000000eb100000|100%| E|CS|TAMS 0x00000000eb000000, 0x00000000eb000000| Complete 
| 177|0x00000000eb100000, 0x00000000eb200000, 0x00000000eb200000|100%| E|CS|TAMS 0x00000000eb100000, 0x00000000eb100000| Complete 
| 178|0x00000000eb200000, 0x00000000eb300000, 0x00000000eb300000|100%| E|CS|TAMS 0x00000000eb200000, 0x00000000eb200000| Complete 
| 179|0x00000000eb300000, 0x00000000eb400000, 0x00000000eb400000|100%| E|CS|TAMS 0x00000000eb300000, 0x00000000eb300000| Complete 
| 180|0x00000000eb400000, 0x00000000eb500000, 0x00000000eb500000|100%| E|CS|TAMS 0x00000000eb400000, 0x00000000eb400000| Complete 
| 181|0x00000000eb500000, 0x00000000eb600000, 0x00000000eb600000|100%| E|CS|TAMS 0x00000000eb500000, 0x00000000eb500000| Complete 
| 182|0x00000000eb600000, 0x00000000eb700000, 0x00000000eb700000|100%| E|  |TAMS 0x00000000eb600000, 0x00000000eb600000| Complete 
| 183|0x00000000eb700000, 0x00000000eb800000, 0x00000000eb800000|100%| E|CS|TAMS 0x00000000eb700000, 0x00000000eb700000| Complete 
| 184|0x00000000eb800000, 0x00000000eb900000, 0x00000000eb900000|100%| E|CS|TAMS 0x00000000eb800000, 0x00000000eb800000| Complete 
| 185|0x00000000eb900000, 0x00000000eba00000, 0x00000000eba00000|100%| E|CS|TAMS 0x00000000eb900000, 0x00000000eb900000| Complete 
| 186|0x00000000eba00000, 0x00000000ebb00000, 0x00000000ebb00000|100%| E|CS|TAMS 0x00000000eba00000, 0x00000000eba00000| Complete 
| 187|0x00000000ebb00000, 0x00000000ebc00000, 0x00000000ebc00000|100%| E|CS|TAMS 0x00000000ebb00000, 0x00000000ebb00000| Complete 
| 188|0x00000000ebc00000, 0x00000000ebd00000, 0x00000000ebd00000|100%| E|CS|TAMS 0x00000000ebc00000, 0x00000000ebc00000| Complete 
| 189|0x00000000ebd00000, 0x00000000ebe00000, 0x00000000ebe00000|100%| E|CS|TAMS 0x00000000ebd00000, 0x00000000ebd00000| Complete 
| 190|0x00000000ebe00000, 0x00000000ebf00000, 0x00000000ebf00000|100%| E|CS|TAMS 0x00000000ebe00000, 0x00000000ebe00000| Complete 
| 191|0x00000000ebf00000, 0x00000000ec000000, 0x00000000ec000000|100%| E|CS|TAMS 0x00000000ebf00000, 0x00000000ebf00000| Complete 
| 192|0x00000000ec000000, 0x00000000ec100000, 0x00000000ec100000|100%| E|CS|TAMS 0x00000000ec000000, 0x00000000ec000000| Complete 
| 193|0x00000000ec100000, 0x00000000ec200000, 0x00000000ec200000|100%| E|CS|TAMS 0x00000000ec100000, 0x00000000ec100000| Complete 
| 194|0x00000000ec200000, 0x00000000ec300000, 0x00000000ec300000|100%| E|CS|TAMS 0x00000000ec200000, 0x00000000ec200000| Complete 
| 195|0x00000000ec300000, 0x00000000ec400000, 0x00000000ec400000|100%| E|CS|TAMS 0x00000000ec300000, 0x00000000ec300000| Complete 
| 196|0x00000000ec400000, 0x00000000ec500000, 0x00000000ec500000|100%| E|CS|TAMS 0x00000000ec400000, 0x00000000ec400000| Complete 
| 197|0x00000000ec500000, 0x00000000ec600000, 0x00000000ec600000|100%| E|CS|TAMS 0x00000000ec500000, 0x00000000ec500000| Complete 
| 198|0x00000000ec600000, 0x00000000ec700000, 0x00000000ec700000|100%| E|CS|TAMS 0x00000000ec600000, 0x00000000ec600000| Complete 
| 199|0x00000000ec700000, 0x00000000ec800000, 0x00000000ec800000|100%| E|CS|TAMS 0x00000000ec700000, 0x00000000ec700000| Complete 
| 200|0x00000000ec800000, 0x00000000ec900000, 0x00000000ec900000|100%| E|CS|TAMS 0x00000000ec800000, 0x00000000ec800000| Complete 
| 201|0x00000000ec900000, 0x00000000eca00000, 0x00000000eca00000|100%| E|CS|TAMS 0x00000000ec900000, 0x00000000ec900000| Complete 
| 202|0x00000000eca00000, 0x00000000ecb00000, 0x00000000ecb00000|100%| E|CS|TAMS 0x00000000eca00000, 0x00000000eca00000| Complete 
| 203|0x00000000ecb00000, 0x00000000ecc00000, 0x00000000ecc00000|100%| E|CS|TAMS 0x00000000ecb00000, 0x00000000ecb00000| Complete 
| 204|0x00000000ecc00000, 0x00000000ecd00000, 0x00000000ecd00000|100%| E|CS|TAMS 0x00000000ecc00000, 0x00000000ecc00000| Complete 
| 205|0x00000000ecd00000, 0x00000000ece00000, 0x00000000ece00000|100%| E|CS|TAMS 0x00000000ecd00000, 0x00000000ecd00000| Complete 
| 206|0x00000000ece00000, 0x00000000ecf00000, 0x00000000ecf00000|100%| E|CS|TAMS 0x00000000ece00000, 0x00000000ece00000| Complete 
| 207|0x00000000ecf00000, 0x00000000ed000000, 0x00000000ed000000|100%| E|CS|TAMS 0x00000000ecf00000, 0x00000000ecf00000| Complete 
| 208|0x00000000ed000000, 0x00000000ed100000, 0x00000000ed100000|100%| E|CS|TAMS 0x00000000ed000000, 0x00000000ed000000| Complete 
| 209|0x00000000ed100000, 0x00000000ed200000, 0x00000000ed200000|100%| E|CS|TAMS 0x00000000ed100000, 0x00000000ed100000| Complete 
| 210|0x00000000ed200000, 0x00000000ed300000, 0x00000000ed300000|100%| E|CS|TAMS 0x00000000ed200000, 0x00000000ed200000| Complete 
| 211|0x00000000ed300000, 0x00000000ed400000, 0x00000000ed400000|100%| E|CS|TAMS 0x00000000ed300000, 0x00000000ed300000| Complete 
| 212|0x00000000ed400000, 0x00000000ed500000, 0x00000000ed500000|100%| E|CS|TAMS 0x00000000ed400000, 0x00000000ed400000| Complete 
| 213|0x00000000ed500000, 0x00000000ed600000, 0x00000000ed600000|100%| E|CS|TAMS 0x00000000ed500000, 0x00000000ed500000| Complete 
| 214|0x00000000ed600000, 0x00000000ed700000, 0x00000000ed700000|100%| E|CS|TAMS 0x00000000ed600000, 0x00000000ed600000| Complete 
| 215|0x00000000ed700000, 0x00000000ed800000, 0x00000000ed800000|100%| E|CS|TAMS 0x00000000ed700000, 0x00000000ed700000| Complete 
| 216|0x00000000ed800000, 0x00000000ed900000, 0x00000000ed900000|100%| E|CS|TAMS 0x00000000ed800000, 0x00000000ed800000| Complete 
| 217|0x00000000ed900000, 0x00000000ed9b3640, 0x00000000eda00000| 70%| S|CS|TAMS 0x00000000ed900000, 0x00000000ed900000| Complete 
| 218|0x00000000eda00000, 0x00000000edb00000, 0x00000000edb00000|100%| S|CS|TAMS 0x00000000eda00000, 0x00000000eda00000| Complete 
| 219|0x00000000edb00000, 0x00000000edc00000, 0x00000000edc00000|100%| S|CS|TAMS 0x00000000edb00000, 0x00000000edb00000| Complete 
| 220|0x00000000edc00000, 0x00000000edd00000, 0x00000000edd00000|100%| S|CS|TAMS 0x00000000edc00000, 0x00000000edc00000| Complete 
| 221|0x00000000edd00000, 0x00000000ede00000, 0x00000000ede00000|100%| S|CS|TAMS 0x00000000edd00000, 0x00000000edd00000| Complete 
| 222|0x00000000ede00000, 0x00000000edf00000, 0x00000000edf00000|100%| S|CS|TAMS 0x00000000ede00000, 0x00000000ede00000| Complete 
| 223|0x00000000edf00000, 0x00000000ee000000, 0x00000000ee000000|100%| E|CS|TAMS 0x00000000edf00000, 0x00000000edf00000| Complete 
| 224|0x00000000ee000000, 0x00000000ee100000, 0x00000000ee100000|100%| E|CS|TAMS 0x00000000ee000000, 0x00000000ee000000| Complete 
| 225|0x00000000ee100000, 0x00000000ee200000, 0x00000000ee200000|100%| E|CS|TAMS 0x00000000ee100000, 0x00000000ee100000| Complete 
| 226|0x00000000ee200000, 0x00000000ee300000, 0x00000000ee300000|100%| E|CS|TAMS 0x00000000ee200000, 0x00000000ee200000| Complete 
| 227|0x00000000ee300000, 0x00000000ee400000, 0x00000000ee400000|100%| E|CS|TAMS 0x00000000ee300000, 0x00000000ee300000| Complete 
| 228|0x00000000ee400000, 0x00000000ee500000, 0x00000000ee500000|100%| E|CS|TAMS 0x00000000ee400000, 0x00000000ee400000| Complete 
| 229|0x00000000ee500000, 0x00000000ee600000, 0x00000000ee600000|100%| E|CS|TAMS 0x00000000ee500000, 0x00000000ee500000| Complete 
| 230|0x00000000ee600000, 0x00000000ee700000, 0x00000000ee700000|100%| E|CS|TAMS 0x00000000ee600000, 0x00000000ee600000| Complete 
| 231|0x00000000ee700000, 0x00000000ee800000, 0x00000000ee800000|100%| E|CS|TAMS 0x00000000ee700000, 0x00000000ee700000| Complete 
| 232|0x00000000ee800000, 0x00000000ee900000, 0x00000000ee900000|100%| E|CS|TAMS 0x00000000ee800000, 0x00000000ee800000| Complete 
| 233|0x00000000ee900000, 0x00000000eea00000, 0x00000000eea00000|100%| E|CS|TAMS 0x00000000ee900000, 0x00000000ee900000| Complete 
| 234|0x00000000eea00000, 0x00000000eeb00000, 0x00000000eeb00000|100%| E|CS|TAMS 0x00000000eea00000, 0x00000000eea00000| Complete 
| 235|0x00000000eeb00000, 0x00000000eec00000, 0x00000000eec00000|100%| E|CS|TAMS 0x00000000eeb00000, 0x00000000eeb00000| Complete 
| 236|0x00000000eec00000, 0x00000000eed00000, 0x00000000eed00000|100%| E|CS|TAMS 0x00000000eec00000, 0x00000000eec00000| Complete 
| 237|0x00000000eed00000, 0x00000000eee00000, 0x00000000eee00000|100%| E|CS|TAMS 0x00000000eed00000, 0x00000000eed00000| Complete 
| 238|0x00000000eee00000, 0x00000000eef00000, 0x00000000eef00000|100%| E|CS|TAMS 0x00000000eee00000, 0x00000000eee00000| Complete 
| 239|0x00000000eef00000, 0x00000000ef000000, 0x00000000ef000000|100%| E|CS|TAMS 0x00000000eef00000, 0x00000000eef00000| Complete 
| 240|0x00000000ef000000, 0x00000000ef100000, 0x00000000ef100000|100%| E|CS|TAMS 0x00000000ef000000, 0x00000000ef000000| Complete 
| 241|0x00000000ef100000, 0x00000000ef200000, 0x00000000ef200000|100%| E|CS|TAMS 0x00000000ef100000, 0x00000000ef100000| Complete 
| 242|0x00000000ef200000, 0x00000000ef300000, 0x00000000ef300000|100%| E|CS|TAMS 0x00000000ef200000, 0x00000000ef200000| Complete 
| 243|0x00000000ef300000, 0x00000000ef400000, 0x00000000ef400000|100%| E|CS|TAMS 0x00000000ef300000, 0x00000000ef300000| Complete 
| 244|0x00000000ef400000, 0x00000000ef500000, 0x00000000ef500000|100%| E|CS|TAMS 0x00000000ef400000, 0x00000000ef400000| Complete 
| 245|0x00000000ef500000, 0x00000000ef600000, 0x00000000ef600000|100%| E|CS|TAMS 0x00000000ef500000, 0x00000000ef500000| Complete 
| 246|0x00000000ef600000, 0x00000000ef700000, 0x00000000ef700000|100%| E|CS|TAMS 0x00000000ef600000, 0x00000000ef600000| Complete 
| 247|0x00000000ef700000, 0x00000000ef800000, 0x00000000ef800000|100%| E|CS|TAMS 0x00000000ef700000, 0x00000000ef700000| Complete 
| 248|0x00000000ef800000, 0x00000000ef900000, 0x00000000ef900000|100%| E|CS|TAMS 0x00000000ef800000, 0x00000000ef800000| Complete 
| 249|0x00000000ef900000, 0x00000000efa00000, 0x00000000efa00000|100%| E|CS|TAMS 0x00000000ef900000, 0x00000000ef900000| Complete 
| 250|0x00000000efa00000, 0x00000000efb00000, 0x00000000efb00000|100%| E|CS|TAMS 0x00000000efa00000, 0x00000000efa00000| Complete 
| 251|0x00000000efb00000, 0x00000000efc00000, 0x00000000efc00000|100%| E|CS|TAMS 0x00000000efb00000, 0x00000000efb00000| Complete 
| 252|0x00000000efc00000, 0x00000000efd00000, 0x00000000efd00000|100%| E|CS|TAMS 0x00000000efc00000, 0x00000000efc00000| Complete 
| 253|0x00000000efd00000, 0x00000000efe00000, 0x00000000efe00000|100%| E|CS|TAMS 0x00000000efd00000, 0x00000000efd00000| Complete 
| 254|0x00000000efe00000, 0x00000000eff00000, 0x00000000eff00000|100%| E|CS|TAMS 0x00000000efe00000, 0x00000000efe00000| Complete 
| 255|0x00000000eff00000, 0x00000000f0000000, 0x00000000f0000000|100%| E|CS|TAMS 0x00000000eff00000, 0x00000000eff00000| Complete 

Card table byte_map: [0x00000164d1540000,0x00000164d1640000] _byte_map_base: 0x00000164d0e40000

Marking Bits (Prev, Next): (CMBitMap*) 0x00000164bedff3d0, (CMBitMap*) 0x00000164bedff410
 Prev Bits: [0x00000164d1740000, 0x00000164d1f40000)
 Next Bits: [0x00000164d1f40000, 0x00000164d2740000)

Polling page: 0x00000164bccd0000

Metaspace:

Usage:
  Non-class:     42.08 MB used.
      Class:      6.48 MB used.
       Both:     48.55 MB used.

Virtual space:
  Non-class space:       64.00 MB reserved,      42.31 MB ( 66%) committed,  1 nodes.
      Class space:      320.00 MB reserved,       6.69 MB (  2%) committed,  1 nodes.
             Both:      384.00 MB reserved,      49.00 MB ( 13%) committed. 

Chunk freelists:
   Non-Class:  5.58 MB
       Class:  9.28 MB
        Both:  14.86 MB

MaxMetaspaceSize: 384.00 MB
CompressedClassSpaceSize: 320.00 MB
Initial GC threshold: 21.00 MB
Current GC threshold: 58.88 MB
CDS: off
MetaspaceReclaimPolicy: balanced
 - commit_granule_bytes: 65536.
 - commit_granule_words: 8192.
 - virtual_space_node_default_size: 8388608.
 - enlarge_chunks_in_place: 1.
 - new_chunks_are_fully_committed: 0.
 - uncommit_free_chunks: 1.
 - use_allocation_guard: 0.
 - handle_deallocations: 1.


Internal statistics:

num_allocs_failed_limit: 6.
num_arena_births: 426.
num_arena_deaths: 0.
num_vsnodes_births: 2.
num_vsnodes_deaths: 0.
num_space_committed: 784.
num_space_uncommitted: 0.
num_chunks_returned_to_freelist: 6.
num_chunks_taken_from_freelist: 1971.
num_chunk_merges: 3.
num_chunk_splits: 1302.
num_chunks_enlarged: 909.
num_inconsistent_stats: 0.

CodeHeap 'non-profiled nmethods': size=120000Kb used=2888Kb max_used=2888Kb free=117111Kb
 bounds [0x00000164ca010000, 0x00000164ca2f0000, 0x00000164d1540000]
CodeHeap 'profiled nmethods': size=120000Kb used=9567Kb max_used=9567Kb free=110432Kb
 bounds [0x00000164c2540000, 0x00000164c2ea0000, 0x00000164c9a70000]
CodeHeap 'non-nmethods': size=5760Kb used=2296Kb max_used=2337Kb free=3463Kb
 bounds [0x00000164c9a70000, 0x00000164c9ce0000, 0x00000164ca010000]
 total_blobs=5496 nmethods=4688 adapters=720
 compilation: enabled
              stopped_count=0, restarted_count=0
 full_count=0

Compilation events (20 events):
Event: 115.572 Thread 0x00000164d903bad0 nmethod 4697 0x00000164c2e94690 code [0x00000164c2e94860, 0x00000164c2e94da8]
Event: 115.572 Thread 0x00000164d903b030 4698       4       org.objectweb.asm.MethodWriter::visitEnd (1 bytes)
Event: 115.572 Thread 0x00000164d903bad0 4699       3       org.objectweb.asm.Label::addLineNumber (106 bytes)
Event: 115.572 Thread 0x00000164d903b030 nmethod 4698 0x00000164ca2e0590 code [0x00000164ca2e0700, 0x00000164ca2e0778]
Event: 115.572 Thread 0x00000164d903bad0 nmethod 4699 0x00000164c2e94f90 code [0x00000164c2e95160, 0x00000164c2e95688]
Event: 115.572 Thread 0x00000164d903bad0 4700       3       org.objectweb.asm.MethodWriter::visitLineNumber (50 bytes)
Event: 115.573 Thread 0x00000164d903bad0 nmethod 4700 0x00000164c2e95810 code [0x00000164c2e959e0, 0x00000164c2e95e78]
Event: 115.604 Thread 0x00000164d903b030 4701       4       jdk.internal.loader.URLClassPath$JarLoader$2::getCodeSourceURL (8 bytes)
Event: 115.604 Thread 0x00000164d903b030 nmethod 4701 0x00000164ca2e0890 code [0x00000164ca2e0a00, 0x00000164ca2e0a98]
Event: 115.617 Thread 0x00000164d903b030 4702       4       org.objectweb.asm.ClassReader::readBytecodeInstructionOffset (1 bytes)
Event: 115.617 Thread 0x00000164d903b030 nmethod 4702 0x00000164ca2e0b90 code [0x00000164ca2e0d00, 0x00000164ca2e0d78]
Event: 115.618 Thread 0x00000164d903b030 4703       4       org.objectweb.asm.ByteVector::putShort (52 bytes)
Event: 115.620 Thread 0x00000164d903b030 nmethod 4703 0x00000164ca2e0e90 code [0x00000164ca2e1020, 0x00000164ca2e11a8]
Event: 115.622 Thread 0x00000164d903b030 4704       4       org.objectweb.asm.ClassReader::readUtf (161 bytes)
Event: 115.622 Thread 0x00000164d903bad0 4705       3       org.objectweb.asm.MethodWriter::visitLocalVariable (222 bytes)
Event: 115.625 Thread 0x00000164d903bad0 nmethod 4705 0x00000164c2e96010 code [0x00000164c2e96360, 0x00000164c2e97538]
Event: 115.625 Thread 0x00000164d903bad0 4706       3       org.objectweb.asm.ClassReader::readCode (5117 bytes)
Event: 115.636 Thread 0x00000164d903b030 nmethod 4704 0x00000164ca2e1310 code [0x00000164ca2e14a0, 0x00000164ca2e1bf8]
Event: 115.636 Thread 0x00000164d903b030 4707       4       org.objectweb.asm.ClassReader::readInt (52 bytes)
Event: 115.637 Thread 0x00000164d903b030 nmethod 4707 0x00000164ca2e1f90 code [0x00000164ca2e2100, 0x00000164ca2e21f8]

GC Heap History (10 events):
Event: 4.536 GC heap before
{Heap before GC invocations=0 (full 0):
 garbage-first heap   total 262144K, used 13312K [0x00000000e0000000, 0x0000000100000000)
  region size 1024K, 13 young (13312K), 0 survivors (0K)
 Metaspace       used 7051K, committed 7168K, reserved 393216K
  class space    used 620K, committed 704K, reserved 327680K
}
Event: 4.788 GC heap after
{Heap after GC invocations=1 (full 0):
 garbage-first heap   total 262144K, used 1192K [0x00000000e0000000, 0x0000000100000000)
  region size 1024K, 2 young (2048K), 2 survivors (2048K)
 Metaspace       used 7051K, committed 7168K, reserved 393216K
  class space    used 620K, committed 704K, reserved 327680K
}
Event: 10.456 GC heap before
{Heap before GC invocations=1 (full 0):
 garbage-first heap   total 262144K, used 23720K [0x00000000e0000000, 0x0000000100000000)
  region size 1024K, 21 young (21504K), 2 survivors (2048K)
 Metaspace       used 10465K, committed 10688K, reserved 393216K
  class space    used 1060K, committed 1152K, reserved 327680K
}
Event: 10.463 GC heap after
{Heap after GC invocations=2 (full 0):
 garbage-first heap   total 262144K, used 10734K [0x00000000e0000000, 0x0000000100000000)
  region size 1024K, 3 young (3072K), 3 survivors (3072K)
 Metaspace       used 10465K, committed 10688K, reserved 393216K
  class space    used 1060K, committed 1152K, reserved 327680K
}
Event: 47.905 GC heap before
{Heap before GC invocations=2 (full 0):
 garbage-first heap   total 262144K, used 115182K [0x00000000e0000000, 0x0000000100000000)
  region size 1024K, 104 young (106496K), 3 survivors (3072K)
 Metaspace       used 21312K, committed 21504K, reserved 393216K
  class space    used 2513K, committed 2624K, reserved 327680K
}
Event: 47.936 GC heap after
{Heap after GC invocations=3 (full 0):
 garbage-first heap   total 262144K, used 20209K [0x00000000e0000000, 0x0000000100000000)
  region size 1024K, 12 young (12288K), 12 survivors (12288K)
 Metaspace       used 21312K, committed 21504K, reserved 393216K
  class space    used 2513K, committed 2624K, reserved 327680K
}
Event: 73.468 GC heap before
{Heap before GC invocations=4 (full 0):
 garbage-first heap   total 262144K, used 99057K [0x00000000e0000000, 0x0000000100000000)
  region size 1024K, 90 young (92160K), 12 survivors (12288K)
 Metaspace       used 32119K, committed 32448K, reserved 393216K
  class space    used 4292K, committed 4416K, reserved 327680K
}
Event: 73.545 GC heap after
{Heap after GC invocations=5 (full 0):
 garbage-first heap   total 262144K, used 24712K [0x00000000e0000000, 0x0000000100000000)
  region size 1024K, 5 young (5120K), 5 survivors (5120K)
 Metaspace       used 32119K, committed 32448K, reserved 393216K
  class space    used 4292K, committed 4416K, reserved 327680K
}
Event: 83.004 GC heap before
{Heap before GC invocations=5 (full 0):
 garbage-first heap   total 262144K, used 57480K [0x00000000e0000000, 0x0000000100000000)
  region size 1024K, 38 young (38912K), 5 survivors (5120K)
 Metaspace       used 35622K, committed 35968K, reserved 393216K
  class space    used 4874K, committed 5056K, reserved 327680K
}
Event: 83.014 GC heap after
{Heap after GC invocations=6 (full 0):
 garbage-first heap   total 262144K, used 25540K [0x00000000e0000000, 0x0000000100000000)
  region size 1024K, 6 young (6144K), 6 survivors (6144K)
 Metaspace       used 35622K, committed 35968K, reserved 393216K
  class space    used 4874K, committed 5056K, reserved 327680K
}

Dll operation events (3 events):
Event: 0.097 Loaded shared library C:\Program Files\JetBrains\IntelliJ IDEA 2023.2\jbr\bin\java.dll
Event: 0.890 Loaded shared library C:\Program Files\JetBrains\IntelliJ IDEA 2023.2\jbr\bin\zip.dll
Event: 7.670 Loaded shared library C:\Program Files\JetBrains\IntelliJ IDEA 2023.2\jbr\bin\verify.dll

Deoptimization events (20 events):
Event: 114.637 Thread 0x00000164d9fda830 Uncommon trap: trap_request=0xffffffde fr.pc=0x00000164ca263f2c relative=0x000000000000294c
Event: 114.637 Thread 0x00000164d9fda830 Uncommon trap: reason=class_check action=maybe_recompile pc=0x00000164ca263f2c method=java.util.regex.Pattern$CharProperty.study(Ljava/util/regex/Pattern$TreeInfo;)Z @ 25 c2
Event: 114.637 Thread 0x00000164d9fda830 DEOPT PACKING pc=0x00000164ca263f2c sp=0x0000001a2e7f9cf0
Event: 114.637 Thread 0x00000164d9fda830 DEOPT UNPACKING pc=0x00000164c9ac69a3 sp=0x0000001a2e7f9be8 mode 2
Event: 114.641 Thread 0x00000164d9fda830 Uncommon trap: trap_request=0xffffffde fr.pc=0x00000164ca263f2c relative=0x000000000000294c
Event: 114.641 Thread 0x00000164d9fda830 Uncommon trap: reason=class_check action=maybe_recompile pc=0x00000164ca263f2c method=java.util.regex.Pattern$CharProperty.study(Ljava/util/regex/Pattern$TreeInfo;)Z @ 25 c2
Event: 114.641 Thread 0x00000164d9fda830 DEOPT PACKING pc=0x00000164ca263f2c sp=0x0000001a2e7f9cf0
Event: 114.641 Thread 0x00000164d9fda830 DEOPT UNPACKING pc=0x00000164c9ac69a3 sp=0x0000001a2e7f9be8 mode 2
Event: 115.193 Thread 0x00000164d9fda830 Uncommon trap: trap_request=0xffffff45 fr.pc=0x00000164ca1c8018 relative=0x0000000000000338
Event: 115.193 Thread 0x00000164d9fda830 Uncommon trap: reason=unstable_if action=reinterpret pc=0x00000164ca1c8018 method=org.gradle.internal.reflect.PropertyAccessorType.isGetGetterName(Ljava/lang/String;)Z @ 14 c2
Event: 115.193 Thread 0x00000164d9fda830 DEOPT PACKING pc=0x00000164ca1c8018 sp=0x0000001a2e7f90c0
Event: 115.193 Thread 0x00000164d9fda830 DEOPT UNPACKING pc=0x00000164c9ac69a3 sp=0x0000001a2e7f9018 mode 2
Event: 115.315 Thread 0x00000164d9fda830 Uncommon trap: trap_request=0xffffff45 fr.pc=0x00000164ca1c2568 relative=0x00000000000000e8
Event: 115.315 Thread 0x00000164d9fda830 Uncommon trap: reason=unstable_if action=reinterpret pc=0x00000164ca1c2568 method=org.objectweb.asm.ByteVector.putShort(I)Lorg/objectweb/asm/ByteVector; @ 13 c2
Event: 115.315 Thread 0x00000164d9fda830 DEOPT PACKING pc=0x00000164ca1c2568 sp=0x0000001a2e7f8c60
Event: 115.315 Thread 0x00000164d9fda830 DEOPT UNPACKING pc=0x00000164c9ac69a3 sp=0x0000001a2e7f8bf8 mode 2
Event: 115.482 Thread 0x00000164d9fda830 Uncommon trap: trap_request=0xffffff45 fr.pc=0x00000164ca23eaf0 relative=0x0000000000001710
Event: 115.482 Thread 0x00000164d9fda830 Uncommon trap: reason=unstable_if action=reinterpret pc=0x00000164ca23eaf0 method=java.util.concurrent.ConcurrentHashMap.computeIfAbsent(Ljava/lang/Object;Ljava/util/function/Function;)Ljava/lang/Object; @ 123 c2
Event: 115.482 Thread 0x00000164d9fda830 DEOPT PACKING pc=0x00000164ca23eaf0 sp=0x0000001a2e7f9fc0
Event: 115.483 Thread 0x00000164d9fda830 DEOPT UNPACKING pc=0x00000164c9ac69a3 sp=0x0000001a2e7f9f50 mode 2

Classes unloaded (0 events):
No events

Classes redefined (0 events):
No events

Internal exceptions (20 events):
Event: 113.738 Thread 0x00000164d9fda830 Exception <a 'sun/nio/fs/WindowsException'{0x00000000eacae338}> (0x00000000eacae338) 
thrown [s\src\hotspot\share\prims\jni.cpp, line 517]
Event: 113.739 Thread 0x00000164d9fda830 Exception <a 'sun/nio/fs/WindowsException'{0x00000000eacaf8c8}> (0x00000000eacaf8c8) 
thrown [s\src\hotspot\share\prims\jni.cpp, line 517]
Event: 113.739 Thread 0x00000164d9fda830 Exception <a 'sun/nio/fs/WindowsException'{0x00000000eacb0e80}> (0x00000000eacb0e80) 
thrown [s\src\hotspot\share\prims\jni.cpp, line 517]
Event: 113.775 Thread 0x00000164d9fda830 Exception <a 'java/lang/IncompatibleClassChangeError'{0x00000000eacfa538}: Found class java.lang.Object, but interface was expected> (0x00000000eacfa538) 
thrown [s\src\hotspot\share\interpreter\linkResolver.cpp, line 838]
Event: 113.811 Thread 0x00000164d9fda830 Exception <a 'java/lang/ClassNotFoundException'{0x00000000eabd6b70}: settings_5cn783nu18nekr3275349zwr4BeanInfo> (0x00000000eabd6b70) 
thrown [s\src\hotspot\share\classfile\systemDictionary.cpp, line 256]
Event: 113.813 Thread 0x00000164d9fda830 Exception <a 'java/lang/ClassNotFoundException'{0x00000000eabe13d8}: org/gradle/initialization/SettingsScriptBeanInfo> (0x00000000eabe13d8) 
thrown [s\src\hotspot\share\classfile\systemDictionary.cpp, line 256]
Event: 113.816 Thread 0x00000164d9fda830 Exception <a 'java/lang/ClassNotFoundException'{0x00000000eabec088}: org/gradle/plugin/use/internal/PluginsAwareScriptBeanInfo> (0x00000000eabec088) 
thrown [s\src\hotspot\share\classfile\systemDictionary.cpp, line 256]
Event: 113.818 Thread 0x00000164d9fda830 Exception <a 'java/lang/ClassNotFoundException'{0x00000000eabf6d30}: org/gradle/plugin/use/internal/PluginsAwareScriptCustomizer> (0x00000000eabf6d30) 
thrown [s\src\hotspot\share\classfile\systemDictionary.cpp, line 256]
Event: 113.823 Thread 0x00000164d9fda830 Exception <a 'java/lang/ClassNotFoundException'{0x00000000eaa09de8}: org/gradle/initialization/SettingsScriptCustomizer> (0x00000000eaa09de8) 
thrown [s\src\hotspot\share\classfile\systemDictionary.cpp, line 256]
Event: 113.825 Thread 0x00000164d9fda830 Exception <a 'java/lang/ClassNotFoundException'{0x00000000eaa17e08}: settings_5cn783nu18nekr3275349zwr4Customizer> (0x00000000eaa17e08) 
thrown [s\src\hotspot\share\classfile\systemDictionary.cpp, line 256]
Event: 113.850 Thread 0x00000164d9fda830 Exception <a 'java/lang/ClassNotFoundException'{0x00000000eaaabee0}: org/gradle/initialization/DefaultSettings_DecoratedBeanInfo> (0x00000000eaaabee0) 
thrown [s\src\hotspot\share\classfile\systemDictionary.cpp, line 256]
Event: 113.855 Thread 0x00000164d9fda830 Exception <a 'java/lang/ClassNotFoundException'{0x00000000eaabb3e8}: org/gradle/initialization/DefaultSettingsBeanInfo> (0x00000000eaabb3e8) 
thrown [s\src\hotspot\share\classfile\systemDictionary.cpp, line 256]
Event: 113.857 Thread 0x00000164d9fda830 Exception <a 'java/lang/ClassNotFoundException'{0x00000000eaaca498}: org/gradle/initialization/DefaultSettingsCustomizer> (0x00000000eaaca498) 
thrown [s\src\hotspot\share\classfile\systemDictionary.cpp, line 256]
Event: 113.873 Thread 0x00000164d9fda830 Exception <a 'java/lang/ClassNotFoundException'{0x00000000ea913080}: org/gradle/initialization/DefaultSettings_DecoratedCustomizer> (0x00000000ea913080) 
thrown [s\src\hotspot\share\classfile\systemDictionary.cpp, line 256]
Event: 113.903 Thread 0x00000164d9fda830 Exception <a 'java/lang/ClassNotFoundException'{0x00000000ea98cae8}: org/gradle/initialization/DefaultProjectDescriptorBeanInfo> (0x00000000ea98cae8) 
thrown [s\src\hotspot\share\classfile\systemDictionary.cpp, line 256]
Event: 113.906 Thread 0x00000164d9fda830 Exception <a 'java/lang/ClassNotFoundException'{0x00000000ea99b728}: org/gradle/initialization/DefaultProjectDescriptorCustomizer> (0x00000000ea99b728) 
thrown [s\src\hotspot\share\classfile\systemDictionary.cpp, line 256]
Event: 113.938 Thread 0x00000164d9fda830 Exception <a 'java/lang/NoSuchMethodError'{0x00000000ea9d9bf0}: 'void java.lang.invoke.DirectMethodHandle$Holder.invokeInterface(java.lang.Object, java.lang.Object)'> (0x00000000ea9d9bf0) 
thrown [s\src\hotspot\share\interpreter\linkResolver.cpp, line 771]
Event: 113.994 Thread 0x00000164d9fda830 Implicit null exception at 0x00000164ca1dd5ec to 0x00000164ca1dd690
Event: 115.157 Thread 0x00000164d9fda830 Exception <a 'java/lang/NoSuchMethodError'{0x00000000e987ae88}: 'long java.lang.invoke.DirectMethodHandle$Holder.invokeStatic(java.lang.Object, long)'> (0x00000000e987ae88) 
thrown [s\src\hotspot\share\interpreter\linkResolver.cpp, line 771]
Event: 115.475 Thread 0x00000164d9fda830 Exception <a 'java/lang/NoSuchMethodError'{0x00000000e94d4318}: 'java.lang.Object java.lang.invoke.DirectMethodHandle$Holder.invokeInterface(java.lang.Object, java.lang.Object, int)'> (0x00000000e94d4318) 
thrown [s\src\hotspot\share\interpreter\linkResolver.cpp, line 771]

VM Operations (20 events):
Event: 107.450 Executing VM operation: Cleanup
Event: 107.450 Executing VM operation: Cleanup done
Event: 109.469 Executing VM operation: Cleanup
Event: 109.501 Executing VM operation: Cleanup done
Event: 110.506 Executing VM operation: Cleanup
Event: 110.522 Executing VM operation: Cleanup done
Event: 111.528 Executing VM operation: Cleanup
Event: 111.544 Executing VM operation: Cleanup done
Event: 112.554 Executing VM operation: Cleanup
Event: 112.554 Executing VM operation: Cleanup done
Event: 113.566 Executing VM operation: Cleanup
Event: 113.568 Executing VM operation: Cleanup done
Event: 114.476 Executing VM operation: HandshakeAllThreads
Event: 114.476 Executing VM operation: HandshakeAllThreads done
Event: 114.602 Executing VM operation: HandshakeAllThreads
Event: 114.612 Executing VM operation: HandshakeAllThreads done
Event: 114.612 Executing VM operation: Cleanup
Event: 114.612 Executing VM operation: Cleanup done
Event: 115.208 Executing VM operation: HandshakeAllThreads
Event: 115.209 Executing VM operation: HandshakeAllThreads done

Events (20 events):
Event: 113.737 loading class sun/nio/fs/WindowsException
Event: 113.737 loading class sun/nio/fs/WindowsException done
Event: 114.232 loading class java/nio/file/AtomicMoveNotSupportedException
Event: 114.232 loading class java/nio/file/AtomicMoveNotSupportedException done
Event: 114.475 loading class java/io/FileWriter
Event: 114.475 loading class java/io/FileWriter done
Event: 114.601 loading class java/util/ArrayList$ListItr
Event: 114.601 loading class java/util/ArrayList$ListItr done
Event: 114.969 loading class java/util/DualPivotQuicksort
Event: 114.970 loading class java/util/DualPivotQuicksort done
Event: 115.155 loading class java/util/function/LongUnaryOperator
Event: 115.155 loading class java/util/function/LongUnaryOperator done
Event: 115.173 loading class java/lang/StringIndexOutOfBoundsException
Event: 115.173 loading class java/lang/StringIndexOutOfBoundsException done
Event: 115.418 loading class java/util/PrimitiveIterator$OfInt
Event: 115.418 loading class java/util/PrimitiveIterator
Event: 115.419 loading class java/util/PrimitiveIterator done
Event: 115.419 loading class java/util/PrimitiveIterator$OfInt done
Event: 115.458 loading class java/util/concurrent/RecursiveAction
Event: 115.459 loading class java/util/concurrent/RecursiveAction done


Dynamic libraries:
0x00007ff6cd820000 - 0x00007ff6cd82a000 	C:\Program Files\JetBrains\IntelliJ IDEA 2023.2\jbr\bin\java.exe
0x00007ffc9b110000 - 0x00007ffc9b327000 	C:\WINDOWS\SYSTEM32\ntdll.dll
0x00007ffc99fe0000 - 0x00007ffc9a0a4000 	C:\WINDOWS\System32\KERNEL32.DLL
0x00007ffc98540000 - 0x00007ffc988f7000 	C:\WINDOWS\System32\KERNELBASE.dll
0x00007ffc98420000 - 0x00007ffc98531000 	C:\WINDOWS\System32\ucrtbase.dll
0x00007ffc84d80000 - 0x00007ffc84d97000 	C:\Program Files\JetBrains\IntelliJ IDEA 2023.2\jbr\bin\jli.dll
0x00007ffc84fb0000 - 0x00007ffc84fcb000 	C:\Program Files\JetBrains\IntelliJ IDEA 2023.2\jbr\bin\VCRUNTIME140.dll
0x00007ffc9a0b0000 - 0x00007ffc9a25f000 	C:\WINDOWS\System32\USER32.dll
0x00007ffc989f0000 - 0x00007ffc98a16000 	C:\WINDOWS\System32\win32u.dll
0x00007ffc99520000 - 0x00007ffc99549000 	C:\WINDOWS\System32\GDI32.dll
0x00007ffc98a20000 - 0x00007ffc98b38000 	C:\WINDOWS\System32\gdi32full.dll
0x00007ffc98b40000 - 0x00007ffc98bda000 	C:\WINDOWS\System32\msvcp_win.dll
0x00007ffc85960000 - 0x00007ffc85bf3000 	C:\WINDOWS\WinSxS\amd64_microsoft.windows.common-controls_6595b64144ccf1df_6.0.22621.3672_none_2713b9d173822955\COMCTL32.dll
0x00007ffc992c0000 - 0x00007ffc99367000 	C:\WINDOWS\System32\msvcrt.dll
0x00007ffc9aca0000 - 0x00007ffc9acd1000 	C:\WINDOWS\System32\IMM32.DLL
0x00007ffc8ad20000 - 0x00007ffc8ad2c000 	C:\Program Files\JetBrains\IntelliJ IDEA 2023.2\jbr\bin\vcruntime140_1.dll
0x00007ffc71f80000 - 0x00007ffc7200d000 	C:\Program Files\JetBrains\IntelliJ IDEA 2023.2\jbr\bin\msvcp140.dll
0x00007ffc5d220000 - 0x00007ffc5dea0000 	C:\Program Files\JetBrains\IntelliJ IDEA 2023.2\jbr\bin\server\jvm.dll
0x00007ffc9af10000 - 0x00007ffc9afc2000 	C:\WINDOWS\System32\ADVAPI32.dll
0x00007ffc98e40000 - 0x00007ffc98ee8000 	C:\WINDOWS\System32\sechost.dll
0x00007ffc98900000 - 0x00007ffc98928000 	C:\WINDOWS\System32\bcrypt.dll
0x00007ffc99400000 - 0x00007ffc99514000 	C:\WINDOWS\System32\RPCRT4.dll
0x00007ffc933c0000 - 0x00007ffc933c9000 	C:\WINDOWS\SYSTEM32\WSOCK32.dll
0x00007ffc99370000 - 0x00007ffc993e1000 	C:\WINDOWS\System32\WS2_32.dll
0x00007ffc935f0000 - 0x00007ffc93624000 	C:\WINDOWS\SYSTEM32\WINMM.dll
0x00007ffc8e380000 - 0x00007ffc8e38a000 	C:\WINDOWS\SYSTEM32\VERSION.dll
0x00007ffc97470000 - 0x00007ffc97488000 	C:\WINDOWS\SYSTEM32\kernel.appcore.dll
0x00007ffc933b0000 - 0x00007ffc933ba000 	C:\Program Files\JetBrains\IntelliJ IDEA 2023.2\jbr\bin\jimage.dll
0x00007ffc93820000 - 0x00007ffc93a52000 	C:\WINDOWS\SYSTEM32\DBGHELP.DLL
0x00007ffc9a910000 - 0x00007ffc9ac9e000 	C:\WINDOWS\System32\combase.dll
0x00007ffc99170000 - 0x00007ffc99247000 	C:\WINDOWS\System32\OLEAUT32.dll
0x00007ffc80110000 - 0x00007ffc80142000 	C:\WINDOWS\SYSTEM32\dbgcore.DLL
0x00007ffc98c50000 - 0x00007ffc98ccb000 	C:\WINDOWS\System32\bcryptPrimitives.dll
0x00007ffc8adf0000 - 0x00007ffc8adfe000 	C:\Program Files\JetBrains\IntelliJ IDEA 2023.2\jbr\bin\instrument.dll
0x00007ffc8acd0000 - 0x00007ffc8acf5000 	C:\Program Files\JetBrains\IntelliJ IDEA 2023.2\jbr\bin\java.dll
0x00007ffc86eb0000 - 0x00007ffc86ec8000 	C:\Program Files\JetBrains\IntelliJ IDEA 2023.2\jbr\bin\zip.dll
0x00007ffc99760000 - 0x00007ffc99fc9000 	C:\WINDOWS\System32\SHELL32.dll
0x00007ffc96390000 - 0x00007ffc96c8f000 	C:\WINDOWS\SYSTEM32\windows.storage.dll
0x00007ffc96250000 - 0x00007ffc9638f000 	C:\WINDOWS\SYSTEM32\wintypes.dll
0x00007ffc9afd0000 - 0x00007ffc9b0c9000 	C:\WINDOWS\System32\SHCORE.dll
0x00007ffc9aeb0000 - 0x00007ffc9af0e000 	C:\WINDOWS\System32\shlwapi.dll
0x00007ffc98350000 - 0x00007ffc98377000 	C:\WINDOWS\SYSTEM32\profapi.dll
0x00007ffc790b0000 - 0x00007ffc790c9000 	C:\Program Files\JetBrains\IntelliJ IDEA 2023.2\jbr\bin\net.dll
0x00007ffc90fe0000 - 0x00007ffc91116000 	C:\WINDOWS\SYSTEM32\WINHTTP.dll
0x00007ffc978e0000 - 0x00007ffc97949000 	C:\WINDOWS\system32\mswsock.dll
0x00007ffc78e90000 - 0x00007ffc78ea6000 	C:\Program Files\JetBrains\IntelliJ IDEA 2023.2\jbr\bin\nio.dll
0x00007ffc91820000 - 0x00007ffc91830000 	C:\Program Files\JetBrains\IntelliJ IDEA 2023.2\jbr\bin\verify.dll
0x00007ffc83060000 - 0x00007ffc83087000 	C:\Users\TUONG VY\.gradle\native\c067742578af261105cb4f569cf0c3c89f3d7b1fecec35dd04571415982c5e48\windows-amd64\native-platform.dll
0x00007ffc23e80000 - 0x00007ffc23fc4000 	C:\Users\TUONG VY\.gradle\native\100fb08df4bc3b14c8652ba06237920a3bd2aa13389f12d3474272988ae205f9\windows-amd64\native-platform-file-events.dll
0x00007ffc906a0000 - 0x00007ffc906a9000 	C:\Program Files\JetBrains\IntelliJ IDEA 2023.2\jbr\bin\management.dll
0x00007ffc8ae00000 - 0x00007ffc8ae0b000 	C:\Program Files\JetBrains\IntelliJ IDEA 2023.2\jbr\bin\management_ext.dll
0x00007ffc98fa0000 - 0x00007ffc98fa8000 	C:\WINDOWS\System32\PSAPI.DLL
0x00007ffc97b30000 - 0x00007ffc97b4b000 	C:\WINDOWS\SYSTEM32\CRYPTSP.dll
0x00007ffc973d0000 - 0x00007ffc97405000 	C:\WINDOWS\system32\rsaenh.dll
0x00007ffc979d0000 - 0x00007ffc979f8000 	C:\WINDOWS\SYSTEM32\USERENV.dll
0x00007ffc97b50000 - 0x00007ffc97b5c000 	C:\WINDOWS\SYSTEM32\CRYPTBASE.dll
0x00007ffc96ef0000 - 0x00007ffc96f1d000 	C:\WINDOWS\SYSTEM32\IPHLPAPI.DLL
0x00007ffc99250000 - 0x00007ffc99259000 	C:\WINDOWS\System32\NSI.dll
0x00007ffc917d0000 - 0x00007ffc917e9000 	C:\WINDOWS\SYSTEM32\dhcpcsvc6.DLL
0x00007ffc90ea0000 - 0x00007ffc90ebf000 	C:\WINDOWS\SYSTEM32\dhcpcsvc.DLL
0x00007ffc96fb0000 - 0x00007ffc970b2000 	C:\WINDOWS\SYSTEM32\DNSAPI.dll
0x00007ffc906c0000 - 0x00007ffc906ce000 	C:\Program Files\JetBrains\IntelliJ IDEA 2023.2\jbr\bin\sunmscapi.dll
0x00007ffc98cd0000 - 0x00007ffc98e36000 	C:\WINDOWS\System32\CRYPT32.dll
0x00007ffc97cd0000 - 0x00007ffc97cfd000 	C:\WINDOWS\SYSTEM32\ncrypt.dll
0x00007ffc97c90000 - 0x00007ffc97cc7000 	C:\WINDOWS\SYSTEM32\NTASN1.dll
0x00007ffc84d60000 - 0x00007ffc84d68000 	C:\WINDOWS\system32\wshunix.dll

dbghelp: loaded successfully - version: 4.0.5 - missing functions: none
symbol engine: initialized successfully - sym options: 0x614 - pdb path: .;C:\Program Files\JetBrains\IntelliJ IDEA 2023.2\jbr\bin;C:\WINDOWS\SYSTEM32;C:\WINDOWS\WinSxS\amd64_microsoft.windows.common-controls_6595b64144ccf1df_6.0.22621.3672_none_2713b9d173822955;C:\Program Files\JetBrains\IntelliJ IDEA 2023.2\jbr\bin\server;C:\Users\TUONG VY\.gradle\native\c067742578af261105cb4f569cf0c3c89f3d7b1fecec35dd04571415982c5e48\windows-amd64;C:\Users\TUONG VY\.gradle\native\100fb08df4bc3b14c8652ba06237920a3bd2aa13389f12d3474272988ae205f9\windows-amd64

VM Arguments:
jvm_args: --add-opens=java.base/java.util=ALL-UNNAMED --add-opens=java.base/java.lang=ALL-UNNAMED --add-opens=java.base/java.lang.invoke=ALL-UNNAMED --add-opens=java.prefs/java.util.prefs=ALL-UNNAMED --add-exports=jdk.compiler/com.sun.tools.javac.api=ALL-UNNAMED --add-exports=jdk.compiler/com.sun.tools.javac.util=ALL-UNNAMED --add-opens=java.base/java.nio.charset=ALL-UNNAMED --add-opens=java.base/java.net=ALL-UNNAMED --add-opens=java.base/java.util.concurrent.atomic=ALL-UNNAMED -XX:MaxMetaspaceSize=384m -XX:+HeapDumpOnOutOfMemoryError -Xms256m -Xmx512m -Dfile.encoding=windows-1252 -Duser.country=US -Duser.language=en -Duser.variant -javaagent:C:\Users\TUONG VY\.gradle\wrapper\dists\gradle-8.10.2-bin\a04bxjujx95o3nb99gddekhwo\gradle-8.10.2\lib\agents\gradle-instrumentation-agent-8.10.2.jar 
java_command: org.gradle.launcher.daemon.bootstrap.GradleDaemon 8.10.2
java_class_path (initial): C:\Users\TUONG VY\.gradle\wrapper\dists\gradle-8.10.2-bin\a04bxjujx95o3nb99gddekhwo\gradle-8.10.2\lib\gradle-daemon-main-8.10.2.jar
Launcher Type: SUN_STANDARD

[Global flags]
     intx CICompilerCount                          = 3                                         {product} {ergonomic}
   size_t CompressedClassSpaceSize                 = 335544320                                 {product} {ergonomic}
     uint ConcGCThreads                            = 1                                         {product} {ergonomic}
     uint G1ConcRefinementThreads                  = 4                                         {product} {ergonomic}
   size_t G1HeapRegionSize                         = 1048576                                   {product} {ergonomic}
    uintx GCDrainStackTargetSize                   = 64                                        {product} {ergonomic}
     bool HeapDumpOnOutOfMemoryError               = true                                   {manageable} {command line}
   size_t InitialHeapSize                          = 268435456                                 {product} {command line}
   size_t MarkStackSize                            = 4194304                                   {product} {ergonomic}
   size_t MaxHeapSize                              = 536870912                                 {product} {command line}
   size_t MaxMetaspaceSize                         = 402653184                                 {product} {command line}
   size_t MaxNewSize                               = 321912832                                 {product} {ergonomic}
   size_t MinHeapDeltaBytes                        = 1048576                                   {product} {ergonomic}
   size_t MinHeapSize                              = 268435456                                 {product} {command line}
    uintx NonNMethodCodeHeapSize                   = 5832780                                {pd product} {ergonomic}
    uintx NonProfiledCodeHeapSize                  = 122912730                              {pd product} {ergonomic}
    uintx ProfiledCodeHeapSize                     = 122912730                              {pd product} {ergonomic}
    uintx ReservedCodeCacheSize                    = 251658240                              {pd product} {ergonomic}
     bool SegmentedCodeCache                       = true                                      {product} {ergonomic}
   size_t SoftMaxHeapSize                          = 536870912                              {manageable} {ergonomic}
     bool UseCompressedClassPointers               = true                           {product lp64_product} {ergonomic}
     bool UseCompressedOops                        = true                           {product lp64_product} {ergonomic}
     bool UseG1GC                                  = true                                      {product} {ergonomic}
     bool UseLargePagesIndividualAllocation        = false                                  {pd product} {ergonomic}

Logging:
Log output configuration:
 #0: stdout all=warning uptime,level,tags
 #1: stderr all=off uptime,level,tags

Environment Variables:
PATH=C:\Python312\Scripts\;C:\Python312\;C:\Program Files\Common Files\Oracle\Java\javapath;C:\Program Files (x86)\Common Files\Oracle\Java\javapath;C:\WINDOWS\system32;C:\WINDOWS;C:\WINDOWS\System32\Wbem;C:\WINDOWS\System32\WindowsPowerShell\v1.0\;C:\WINDOWS\System32\OpenSSH\;C:\Program Files\Git\cmd;C:\Program Files\Microsoft SQL Server\150\Tools\Binn\;C:\Program Files\Microsoft SQL Server\Client SDK\ODBC\170\Tools\Binn\;C:\Program Files\dotnet\;C:\Program Files (x86)\Windows Kits\10\Windows Performance Toolkit\;C:\Program Files\nodejs\;C:\ProgramData\chocolatey\bin;C:\Users\TUONG VY\AppData\Local\Microsoft\WindowsApps;C:\Program Files\JetBrains\IntelliJ IDEA 2023.2\bin;;D:\Microsoft VS Code\bin;D:\flutter_windows_3.19.5-stable\flutter\bin;C:\Users\TUONG VY\.dotnet\tools;C:\Users\TUONG VY\AppData\Roaming\npm
USERNAME=TUONG VY
OS=Windows_NT
PROCESSOR_IDENTIFIER=AMD64 Family 23 Model 24 Stepping 1, AuthenticAMD
TMP=C:\Users\TUONGV~1\AppData\Local\Temp
TEMP=C:\Users\TUONGV~1\AppData\Local\Temp


JNI global refs:
JNI global refs: 25, weak refs: 0

JNI global refs memory usage: 843, weak refs: 841

OOME stack traces (most recent first):
Classloader memory used:
Loader org.gradle.internal.classloader.VisitableURLClassLoader                         : 3137K
Loader bootstrap                                                                       : 2366K
Loader org.gradle.initialization.MixInLegacyTypesClassLoader                           : 606K
Loader jdk.internal.loader.ClassLoaders$PlatformClassLoader                            : 69447B
Loader jdk.internal.loader.ClassLoaders$AppClassLoader                                 : 29264B
Loader jdk.internal.reflect.DelegatingClassLoader                                      : 6308B
Loader org.gradle.groovy.scripts.internal.DefaultScriptCompilationHandler$ScriptClassLoader: 3981B
Loader org.codehaus.groovy.runtime.callsite.CallSiteClassLoader                        : 802B


[error occurred during error reporting (Classloader stats), id 0xe0000001, Out of Memory Error (s\src\hotspot\share\memory\arena.cpp:78)]


---------------  S Y S T E M  ---------------

OS:
 Windows 11 , 64 bit Build 22621 (10.0.22621.3958)
OS uptime: 0 days 14:13 hours

CPU: total 4 (initial active 4) (4 cores per cpu, 2 threads per core) family 23 model 24 stepping 1 microcode 0x0, cx8, cmov, fxsr, ht, mmx, 3dnowpref, sse, sse2, sse3, ssse3, sse4a, sse4.1, sse4.2, popcnt, lzcnt, tsc, tscinvbit, avx, avx2, aes, clmul, bmi1, bmi2, adx, sha, fma, vzeroupper, clflush, clflushopt

Memory: 4k page, system-wide physical 3534M (490M free)
TotalPageFile size 14286M (AvailPageFile size 0M)
current process WorkingSet (physical memory assigned to process): 172M, peak: 189M
current process commit charge ("private bytes"): 429M, peak: 439M

vm_info: OpenJDK 64-Bit Server VM (17.0.7+7-b1000.6) for windows-amd64 JRE (17.0.7+7-b1000.6), built on 2023-07-07 by "builduser" with MS VC++ 16.10 / 16.11 (VS2019)

END.
