#
# There is insufficient memory for the Java Runtime Environment to continue.
# Native memory allocation (malloc) failed to allocate 987552 bytes for Chunk::new
# Possible reasons:
#   The system is out of physical RAM or swap space
#   The process is running with CompressedOops enabled, and the Java Heap may be blocking the growth of the native heap
# Possible solutions:
#   Reduce memory load on the system
#   Increase physical memory or swap space
#   Check if swap backing store is full
#   Decrease Java heap size (-Xmx/-Xms)
#   Decrease number of Java threads
#   Decrease Java thread stack sizes (-Xss)
#   Set larger code cache with -XX:ReservedCodeCacheSize=
#   JVM is running with Unscaled Compressed Oops mode in which the Java heap is
#     placed in the first 4GB address space. The Java Heap base address is the
#     maximum limit for the native heap growth. Please use -XX:HeapBaseMinAddress
#     to set the Java Heap base and to place the Java Heap above 4GB virtual address.
# This output file may be truncated or incomplete.
#
#  Out of Memory Error (arena.cpp:189), pid=24432, tid=18960
#
# JRE version: OpenJDK Runtime Environment JBR-17.0.7+7-1000.6-jcef (17.0.7+7) (build 17.0.7+7-b1000.6)
# Java VM: OpenJDK 64-Bit Server VM JBR-17.0.7+7-1000.6-jcef (17.0.7+7-b1000.6, mixed mode, tiered, compressed oops, compressed class ptrs, g1 gc, windows-amd64)
# No core dump will be written. Minidumps are not enabled by default on client versions of Windows
#

---------------  S U M M A R Y ------------

Command Line: --add-opens=java.base/java.util=ALL-UNNAMED --add-opens=java.base/java.lang=ALL-UNNAMED --add-opens=java.base/java.lang.invoke=ALL-UNNAMED --add-opens=java.prefs/java.util.prefs=ALL-UNNAMED --add-exports=jdk.compiler/com.sun.tools.javac.api=ALL-UNNAMED --add-exports=jdk.compiler/com.sun.tools.javac.util=ALL-UNNAMED --add-opens=java.base/java.nio.charset=ALL-UNNAMED --add-opens=java.base/java.net=ALL-UNNAMED --add-opens=java.base/java.util.concurrent.atomic=ALL-UNNAMED -XX:MaxMetaspaceSize=384m -XX:+HeapDumpOnOutOfMemoryError -Xms256m -Xmx512m -Dfile.encoding=windows-1252 -Duser.country=US -Duser.language=en -Duser.variant -javaagent:C:\Users\TUONG VY\.gradle\wrapper\dists\gradle-8.10.2-bin\a04bxjujx95o3nb99gddekhwo\gradle-8.10.2\lib\agents\gradle-instrumentation-agent-8.10.2.jar org.gradle.launcher.daemon.bootstrap.GradleDaemon 8.10.2

Host: AMD Ryzen 3 3250U with Radeon Graphics         , 4 cores, 3G,  Windows 11 , 64 bit Build 22621 (10.0.22621.3958)
Time: Fri Oct 25 18:59:55 2024 SE Asia Standard Time elapsed time: 103.151237 seconds (0d 0h 1m 43s)

---------------  T H R E A D  ---------------

Current thread (0x000001c228e36a20):  JavaThread "C2 CompilerThread1" daemon [_thread_in_native, id=18960, stack(0x000000563c200000,0x000000563c300000)]


Current CompileTask:
C2: 103151 8118       4       org.gradle.api.internal.artifacts.ModuleComponentSelectorSerializer::read (50 bytes)

Stack: [0x000000563c200000,0x000000563c300000]
Native frames: (J=compiled Java code, j=interpreted, Vv=VM code, C=native code)
V  [jvm.dll+0x683bfa]
V  [jvm.dll+0x8430a4]
V  [jvm.dll+0x8449be]
V  [jvm.dll+0x845023]
V  [jvm.dll+0x24ad2f]
V  [jvm.dll+0xac25c]
V  [jvm.dll+0xac82c]
V  [jvm.dll+0x36a187]
V  [jvm.dll+0x334821]
V  [jvm.dll+0x333cca]
V  [jvm.dll+0x21d251]
V  [jvm.dll+0x21c671]
V  [jvm.dll+0x1a605d]
V  [jvm.dll+0x22c148]
V  [jvm.dll+0x22a209]
V  [jvm.dll+0x7f858c]
V  [jvm.dll+0x7f2aea]
V  [jvm.dll+0x682a35]
C  [ucrtbase.dll+0x29333]
C  [KERNEL32.DLL+0x1257d]
C  [ntdll.dll+0x5af08]


---------------  P R O C E S S  ---------------

Threads class SMR info:
_java_thread_list=0x000001c229afea10, length=85, elements={
0x000001c20cf07180, 0x000001c222e79d30, 0x000001c222e83a90, 0x000001c222eaea40,
0x000001c227048610, 0x000001c2270491c0, 0x000001c22704bb80, 0x000001c22704c860,
0x000001c22704e000, 0x000001c227072c20, 0x000001c222e1bcc0, 0x000001c2272bad50,
0x000001c2273da2b0, 0x000001c22850e000, 0x000001c22811b970, 0x000001c22804d560,
0x000001c22804de00, 0x000001c228f94030, 0x000001c227df07e0, 0x000001c227df24c0,
0x000001c227df1650, 0x000001c227def970, 0x000001c227defe40, 0x000001c227df1b20,
0x000001c227df1ff0, 0x000001c22900edb0, 0x000001c22900f750, 0x000001c22900b8c0,
0x000001c229009710, 0x000001c22900d0d0, 0x000001c22900af20, 0x000001c229009240,
0x000001c22900b3f0, 0x000001c2290088a0, 0x000001c22900fc20, 0x000001c22900c730,
0x000001c22900e8e0, 0x000001c2290100f0, 0x000001c22900da70, 0x000001c229008d70,
0x000001c22900a0b0, 0x000001c22900aa50, 0x000001c22900d5a0, 0x000001c22900e410,
0x000001c227df1180, 0x000001c22962c890, 0x000001c2296271f0, 0x000001c22962b550,
0x000001c22962ba20, 0x000001c22962cd60, 0x000001c22962abb0, 0x000001c22962bef0,
0x000001c22962a6e0, 0x000001c229627b90, 0x000001c22962dbd0, 0x000001c22962d230,
0x000001c22962d700, 0x000001c22962e0a0, 0x000001c229626850, 0x000001c2296276c0,
0x000001c229626d20, 0x000001c229629d40, 0x000001c22962b080, 0x000001c22962a210,
0x000001c229628060, 0x000001c22962c3c0, 0x000001c2296293a0, 0x000001c229629870,
0x000001c229628530, 0x000001c229628a00, 0x000001c229628ed0, 0x000001c229708070,
0x000001c2297093b0, 0x000001c22970ba30, 0x000001c229708540, 0x000001c229708ee0,
0x000001c229708a10, 0x000001c229709880, 0x000001c229709d50, 0x000001c22970a220,
0x000001c22970a6f0, 0x000001c22970b090, 0x000001c22970b560, 0x000001c22aa116c0,
0x000001c228e36a20
}

Java Threads: ( => current thread )
  0x000001c20cf07180 JavaThread "main" [_thread_blocked, id=4088, stack(0x0000005639f00000,0x000000563a000000)]
  0x000001c222e79d30 JavaThread "Reference Handler" daemon [_thread_blocked, id=18736, stack(0x000000563a600000,0x000000563a700000)]
  0x000001c222e83a90 JavaThread "Finalizer" daemon [_thread_blocked, id=14192, stack(0x000000563a700000,0x000000563a800000)]
  0x000001c222eaea40 JavaThread "Signal Dispatcher" daemon [_thread_blocked, id=20984, stack(0x000000563a800000,0x000000563a900000)]
  0x000001c227048610 JavaThread "Attach Listener" daemon [_thread_blocked, id=7124, stack(0x000000563a900000,0x000000563aa00000)]
  0x000001c2270491c0 JavaThread "Service Thread" daemon [_thread_blocked, id=14240, stack(0x000000563aa00000,0x000000563ab00000)]
  0x000001c22704bb80 JavaThread "Monitor Deflation Thread" daemon [_thread_blocked, id=4204, stack(0x000000563ab00000,0x000000563ac00000)]
  0x000001c22704c860 JavaThread "C2 CompilerThread0" daemon [_thread_in_native, id=22960, stack(0x000000563ac00000,0x000000563ad00000)]
  0x000001c22704e000 JavaThread "C1 CompilerThread0" daemon [_thread_in_native, id=16408, stack(0x000000563ad00000,0x000000563ae00000)]
  0x000001c227072c20 JavaThread "Sweeper thread" daemon [_thread_blocked, id=2792, stack(0x000000563ae00000,0x000000563af00000)]
  0x000001c222e1bcc0 JavaThread "Common-Cleaner" daemon [_thread_blocked, id=14440, stack(0x000000563af00000,0x000000563b000000)]
  0x000001c2272bad50 JavaThread "Notification Thread" daemon [_thread_blocked, id=6720, stack(0x000000563b000000,0x000000563b100000)]
  0x000001c2273da2b0 JavaThread "Daemon health stats" [_thread_blocked, id=18876, stack(0x000000563b500000,0x000000563b600000)]
  0x000001c22850e000 JavaThread "Incoming local TCP Connector on port 53511" [_thread_in_native, id=15936, stack(0x000000563b600000,0x000000563b700000)]
  0x000001c22811b970 JavaThread "Daemon periodic checks" [_thread_blocked, id=11688, stack(0x000000563b700000,0x000000563b800000)]
  0x000001c22804d560 JavaThread "Daemon" [_thread_blocked, id=5312, stack(0x000000563b800000,0x000000563b900000)]
  0x000001c22804de00 JavaThread "Handler for socket connection from /127.0.0.1:53511 to /127.0.0.1:53512" [_thread_in_native, id=604, stack(0x000000563b900000,0x000000563ba00000)]
  0x000001c228f94030 JavaThread "Cancel handler" [_thread_blocked, id=6400, stack(0x000000563ba00000,0x000000563bb00000)]
  0x000001c227df07e0 JavaThread "Daemon worker" [_thread_in_Java, id=23184, stack(0x000000563bb00000,0x000000563bc00000)]
  0x000001c227df24c0 JavaThread "Asynchronous log dispatcher for DefaultDaemonConnection: socket connection from /127.0.0.1:53511 to /127.0.0.1:53512" [_thread_blocked, id=22540, stack(0x000000563bc00000,0x000000563bd00000)]
  0x000001c227df1650 JavaThread "Stdin handler" [_thread_blocked, id=2072, stack(0x000000563bd00000,0x000000563be00000)]
  0x000001c227def970 JavaThread "Daemon client event forwarder" [_thread_blocked, id=7788, stack(0x000000563be00000,0x000000563bf00000)]
  0x000001c227defe40 JavaThread "Cache worker for journal cache (C:\Users\TUONG VY\.gradle\caches\journal-1)" [_thread_blocked, id=14088, stack(0x000000563bf00000,0x000000563c000000)]
  0x000001c227df1b20 JavaThread "File lock request listener" [_thread_in_native, id=16232, stack(0x000000563c000000,0x000000563c100000)]
  0x000001c227df1ff0 JavaThread "Cache worker for file hash cache (C:\Users\TUONG VY\.gradle\caches\8.10.2\fileHashes)" [_thread_blocked, id=14740, stack(0x000000563c100000,0x000000563c200000)]
  0x000001c22900edb0 JavaThread "Cache worker for file hash cache (D:\CodeGym\module6_C10\C1023L1-BE\C1023L1-BE\project-C1023I1\.gradle\8.10.2\fileHashes)" [_thread_blocked, id=8176, stack(0x000000563c300000,0x000000563c400000)]
  0x000001c22900f750 JavaThread "Cache worker for Build Output Cleanup Cache (D:\CodeGym\module6_C10\C1023L1-BE\C1023L1-BE\project-C1023I1\.gradle\buildOutputCleanup)" [_thread_blocked, id=14156, stack(0x000000563c400000,0x000000563c500000)]
  0x000001c22900b8c0 JavaThread "File watcher server" daemon [_thread_in_native, id=19548, stack(0x000000563c500000,0x000000563c600000)]
  0x000001c229009710 JavaThread "File watcher consumer" daemon [_thread_blocked, id=12372, stack(0x000000563c600000,0x000000563c700000)]
  0x000001c22900d0d0 JavaThread "Cache worker for checksums cache (D:\CodeGym\module6_C10\C1023L1-BE\C1023L1-BE\project-C1023I1\.gradle\8.10.2\checksums)" [_thread_blocked, id=21996, stack(0x000000563c700000,0x000000563c800000)]
  0x000001c22900af20 JavaThread "Cache worker for file content cache (C:\Users\TUONG VY\.gradle\caches\8.10.2\fileContent)" [_thread_blocked, id=4892, stack(0x000000563c800000,0x000000563c900000)]
  0x000001c229009240 JavaThread "Cache worker for cache directory md-rule (C:\Users\TUONG VY\.gradle\caches\8.10.2\md-rule)" [_thread_blocked, id=9096, stack(0x000000563cb00000,0x000000563cc00000)]
  0x000001c22900b3f0 JavaThread "Cache worker for cache directory md-supplier (C:\Users\TUONG VY\.gradle\caches\8.10.2\md-supplier)" [_thread_blocked, id=23644, stack(0x0000005639d00000,0x0000005639e00000)]
  0x000001c2290088a0 JavaThread "jar transforms" [_thread_blocked, id=15472, stack(0x0000005639e00000,0x0000005639f00000)]
  0x000001c22900fc20 JavaThread "jar transforms Thread 2" [_thread_blocked, id=4160, stack(0x000000563cc00000,0x000000563cd00000)]
  0x000001c22900c730 JavaThread "jar transforms Thread 3" [_thread_blocked, id=3076, stack(0x000000563cd00000,0x000000563ce00000)]
  0x000001c22900e8e0 JavaThread "jar transforms Thread 4" [_thread_blocked, id=1092, stack(0x000000563ce00000,0x000000563cf00000)]
  0x000001c2290100f0 JavaThread "Unconstrained build operations" [_thread_blocked, id=7480, stack(0x000000563cf00000,0x000000563d000000)]
  0x000001c22900da70 JavaThread "Unconstrained build operations Thread 2" [_thread_blocked, id=8612, stack(0x000000563d000000,0x000000563d100000)]
  0x000001c229008d70 JavaThread "Unconstrained build operations Thread 3" [_thread_blocked, id=23128, stack(0x000000563d100000,0x000000563d200000)]
  0x000001c22900a0b0 JavaThread "Unconstrained build operations Thread 4" [_thread_blocked, id=17924, stack(0x000000563d200000,0x000000563d300000)]
  0x000001c22900aa50 JavaThread "Unconstrained build operations Thread 5" [_thread_blocked, id=15040, stack(0x000000563d300000,0x000000563d400000)]
  0x000001c22900d5a0 JavaThread "Unconstrained build operations Thread 6" [_thread_blocked, id=21136, stack(0x000000563d400000,0x000000563d500000)]
  0x000001c22900e410 JavaThread "Unconstrained build operations Thread 7" [_thread_blocked, id=6588, stack(0x000000563d500000,0x000000563d600000)]
  0x000001c227df1180 JavaThread "Unconstrained build operations Thread 8" [_thread_blocked, id=19532, stack(0x000000563d600000,0x000000563d700000)]
  0x000001c22962c890 JavaThread "Unconstrained build operations Thread 9" [_thread_blocked, id=16840, stack(0x000000563d700000,0x000000563d800000)]
  0x000001c2296271f0 JavaThread "Memory manager" [_thread_blocked, id=4744, stack(0x000000563d800000,0x000000563d900000)]
  0x000001c22962b550 JavaThread "ForkJoinPool.commonPool-worker-1" daemon [_thread_blocked, id=21076, stack(0x000000563da00000,0x000000563db00000)]
  0x000001c22962ba20 JavaThread "ForkJoinPool.commonPool-worker-2" daemon [_thread_blocked, id=10064, stack(0x000000563db00000,0x000000563dc00000)]
  0x000001c22962cd60 JavaThread "ForkJoinPool.commonPool-worker-3" daemon [_thread_blocked, id=16928, stack(0x000000563dc00000,0x000000563dd00000)]
  0x000001c22962abb0 JavaThread "Exec process" [_thread_blocked, id=11528, stack(0x000000563dd00000,0x000000563de00000)]
  0x000001c22962bef0 JavaThread "Exec process Thread 2" [_thread_blocked, id=15712, stack(0x000000563de00000,0x000000563df00000)]
  0x000001c22962a6e0 JavaThread "Exec process Thread 3" [_thread_blocked, id=7760, stack(0x000000563df00000,0x000000563e000000)]
  0x000001c229627b90 JavaThread "Unconstrained build operations Thread 10" [_thread_blocked, id=10604, stack(0x000000563e000000,0x000000563e100000)]
  0x000001c22962dbd0 JavaThread "Unconstrained build operations Thread 11" [_thread_blocked, id=4016, stack(0x000000563e100000,0x000000563e200000)]
  0x000001c22962d230 JavaThread "Unconstrained build operations Thread 12" [_thread_blocked, id=18252, stack(0x000000563e200000,0x000000563e300000)]
  0x000001c22962d700 JavaThread "Unconstrained build operations Thread 13" [_thread_blocked, id=24560, stack(0x000000563e300000,0x000000563e400000)]
  0x000001c22962e0a0 JavaThread "Unconstrained build operations Thread 14" [_thread_blocked, id=3900, stack(0x000000563e400000,0x000000563e500000)]
  0x000001c229626850 JavaThread "Unconstrained build operations Thread 15" [_thread_blocked, id=6508, stack(0x000000563e500000,0x000000563e600000)]
  0x000001c2296276c0 JavaThread "Unconstrained build operations Thread 16" [_thread_blocked, id=8528, stack(0x000000563e600000,0x000000563e700000)]
  0x000001c229626d20 JavaThread "Unconstrained build operations Thread 17" [_thread_blocked, id=21476, stack(0x000000563e700000,0x000000563e800000)]
  0x000001c229629d40 JavaThread "Unconstrained build operations Thread 18" [_thread_blocked, id=12888, stack(0x000000563e800000,0x000000563e900000)]
  0x000001c22962b080 JavaThread "Unconstrained build operations Thread 19" [_thread_blocked, id=12868, stack(0x000000563e900000,0x000000563ea00000)]
  0x000001c22962a210 JavaThread "Unconstrained build operations Thread 20" [_thread_blocked, id=19236, stack(0x000000563ea00000,0x000000563eb00000)]
  0x000001c229628060 JavaThread "Unconstrained build operations Thread 21" [_thread_blocked, id=22412, stack(0x000000563eb00000,0x000000563ec00000)]
  0x000001c22962c3c0 JavaThread "Unconstrained build operations Thread 22" [_thread_blocked, id=11272, stack(0x000000563ec00000,0x000000563ed00000)]
  0x000001c2296293a0 JavaThread "Unconstrained build operations Thread 23" [_thread_blocked, id=23240, stack(0x000000563ed00000,0x000000563ee00000)]
  0x000001c229629870 JavaThread "Unconstrained build operations Thread 24" [_thread_blocked, id=23092, stack(0x000000563ee00000,0x000000563ef00000)]
  0x000001c229628530 JavaThread "Unconstrained build operations Thread 25" [_thread_blocked, id=16568, stack(0x000000563ef00000,0x000000563f000000)]
  0x000001c229628a00 JavaThread "Unconstrained build operations Thread 26" [_thread_blocked, id=23564, stack(0x000000563f000000,0x000000563f100000)]
  0x000001c229628ed0 JavaThread "Unconstrained build operations Thread 27" [_thread_blocked, id=15548, stack(0x000000563f100000,0x000000563f200000)]
  0x000001c229708070 JavaThread "Unconstrained build operations Thread 28" [_thread_blocked, id=18080, stack(0x000000563f200000,0x000000563f300000)]
  0x000001c2297093b0 JavaThread "Unconstrained build operations Thread 29" [_thread_blocked, id=2716, stack(0x000000563f300000,0x000000563f400000)]
  0x000001c22970ba30 JavaThread "Unconstrained build operations Thread 30" [_thread_blocked, id=12160, stack(0x000000563f400000,0x000000563f500000)]
  0x000001c229708540 JavaThread "Unconstrained build operations Thread 31" [_thread_blocked, id=4732, stack(0x000000563f500000,0x000000563f600000)]
  0x000001c229708ee0 JavaThread "Unconstrained build operations Thread 32" [_thread_blocked, id=23160, stack(0x000000563f600000,0x000000563f700000)]
  0x000001c229708a10 JavaThread "Unconstrained build operations Thread 33" [_thread_blocked, id=6832, stack(0x000000563f700000,0x000000563f800000)]
  0x000001c229709880 JavaThread "Unconstrained build operations Thread 34" [_thread_blocked, id=24112, stack(0x000000563f800000,0x000000563f900000)]
  0x000001c229709d50 JavaThread "Unconstrained build operations Thread 35" [_thread_blocked, id=15436, stack(0x000000563f900000,0x000000563fa00000)]
  0x000001c22970a220 JavaThread "Unconstrained build operations Thread 36" [_thread_blocked, id=19516, stack(0x000000563fa00000,0x000000563fb00000)]
  0x000001c22970a6f0 JavaThread "Unconstrained build operations Thread 37" [_thread_blocked, id=4972, stack(0x000000563fb00000,0x000000563fc00000)]
  0x000001c22970b090 JavaThread "Unconstrained build operations Thread 38" [_thread_blocked, id=24316, stack(0x000000563fc00000,0x000000563fd00000)]
  0x000001c22970b560 JavaThread "Unconstrained build operations Thread 39" [_thread_blocked, id=3868, stack(0x000000563fd00000,0x000000563fe00000)]
  0x000001c22aa116c0 JavaThread "Unconstrained build operations Thread 40" [_thread_blocked, id=20980, stack(0x000000563fe00000,0x000000563ff00000)]
=>0x000001c228e36a20 JavaThread "C2 CompilerThread1" daemon [_thread_in_native, id=18960, stack(0x000000563c200000,0x000000563c300000)]

Other Threads:
  0x000001c222ea5010 VMThread "VM Thread" [stack: 0x000000563a500000,0x000000563a600000] [id=5456]
  0x000001c20cf07d30 WatcherThread [stack: 0x000000563b100000,0x000000563b200000] [id=23896]
  0x000001c20cf33850 GCTaskThread "GC Thread#0" [stack: 0x000000563a000000,0x000000563a100000] [id=23252]
  0x000001c2273a2940 GCTaskThread "GC Thread#1" [stack: 0x000000563b200000,0x000000563b300000] [id=6264]
  0x000001c227361d20 GCTaskThread "GC Thread#2" [stack: 0x000000563b300000,0x000000563b400000] [id=24004]
  0x000001c227657aa0 GCTaskThread "GC Thread#3" [stack: 0x000000563b400000,0x000000563b500000] [id=12760]
  0x000001c20ad2e660 ConcurrentGCThread "G1 Main Marker" [stack: 0x000000563a100000,0x000000563a200000] [id=16356]
  0x000001c20cf34f40 ConcurrentGCThread "G1 Conc#0" [stack: 0x000000563a200000,0x000000563a300000] [id=5212]
  0x000001c222cf24d0 ConcurrentGCThread "G1 Refine#0" [stack: 0x000000563a300000,0x000000563a400000] [id=14632]
  0x000001c22ad3d060 ConcurrentGCThread "G1 Refine#1" [stack: 0x000000563d900000,0x000000563da00000] [id=13572]
  0x000001c222cf2d90 ConcurrentGCThread "G1 Service" [stack: 0x000000563a400000,0x000000563a500000] [id=20496]

Threads with active compile tasks:
C2 CompilerThread0   103208 8357       4       com.esotericsoftware.kryo.io.Output::require (209 bytes)
C2 CompilerThread1   103208 8118       4       org.gradle.api.internal.artifacts.ModuleComponentSelectorSerializer::read (50 bytes)

VM state: not at safepoint (normal execution)

VM Mutex/Monitor currently owned by a thread: None

Heap address: 0x00000000e0000000, size: 512 MB, Compressed Oops mode: 32-bit

CDS archive(s) not mapped
Compressed class space mapped at: 0x0000000100000000-0x0000000114000000, reserved size: 335544320
Narrow klass base: 0x0000000000000000, Narrow klass shift: 3, Narrow klass range: 0x114000000

GC Precious Log:
 CPUs: 4 total, 4 available
 Memory: 3534M
 Large Page Support: Disabled
 NUMA Support: Disabled
 Compressed Oops: Enabled (32-bit)
 Heap Region Size: 1M
 Heap Min Capacity: 256M
 Heap Initial Capacity: 256M
 Heap Max Capacity: 512M
 Pre-touch: Disabled
 Parallel Workers: 4
 Concurrent Workers: 1
 Concurrent Refinement Workers: 4
 Periodic GC: Disabled

Heap:
 garbage-first heap   total 262144K, used 144988K [0x00000000e0000000, 0x0000000100000000)
  region size 1024K, 119 young (121856K), 13 survivors (13312K)
 Metaspace       used 65144K, committed 65664K, reserved 393216K
  class space    used 8878K, committed 9152K, reserved 327680K

Heap Regions: E=young(eden), S=young(survivor), O=old, HS=humongous(starts), HC=humongous(continues), CS=collection set, F=free, OA=open archive, CA=closed archive, TAMS=top-at-mark-start (previous, next)
|   0|0x00000000e0000000, 0x00000000e0100000, 0x00000000e0100000|100%|HS|  |TAMS 0x00000000e0100000, 0x00000000e0000000| Complete 
|   1|0x00000000e0100000, 0x00000000e0200000, 0x00000000e0200000|100%|HC|  |TAMS 0x00000000e0200000, 0x00000000e0100000| Complete 
|   2|0x00000000e0200000, 0x00000000e0300000, 0x00000000e0300000|100%|HC|  |TAMS 0x00000000e0300000, 0x00000000e0200000| Complete 
|   3|0x00000000e0300000, 0x00000000e0400000, 0x00000000e0400000|100%|HC|  |TAMS 0x00000000e0400000, 0x00000000e0300000| Complete 
|   4|0x00000000e0400000, 0x00000000e0500000, 0x00000000e0500000|100%| O|  |TAMS 0x00000000e0500000, 0x00000000e0400000| Untracked 
|   5|0x00000000e0500000, 0x00000000e0600000, 0x00000000e0600000|100%| O|  |TAMS 0x00000000e0600000, 0x00000000e0500000| Untracked 
|   6|0x00000000e0600000, 0x00000000e0700000, 0x00000000e0700000|100%| O|  |TAMS 0x00000000e0700000, 0x00000000e0600000| Untracked 
|   7|0x00000000e0700000, 0x00000000e0800000, 0x00000000e0800000|100%| O|  |TAMS 0x00000000e0800000, 0x00000000e0700000| Untracked 
|   8|0x00000000e0800000, 0x00000000e0900000, 0x00000000e0900000|100%|HS|  |TAMS 0x00000000e0900000, 0x00000000e0800000| Complete 
|   9|0x00000000e0900000, 0x00000000e0a00000, 0x00000000e0a00000|100%| O|  |TAMS 0x00000000e0a00000, 0x00000000e0900000| Untracked 
|  10|0x00000000e0a00000, 0x00000000e0b00000, 0x00000000e0b00000|100%| O|  |TAMS 0x00000000e0b00000, 0x00000000e0a00000| Untracked 
|  11|0x00000000e0b00000, 0x00000000e0c00000, 0x00000000e0c00000|100%| O|  |TAMS 0x00000000e0c00000, 0x00000000e0b00000| Untracked 
|  12|0x00000000e0c00000, 0x00000000e0d00000, 0x00000000e0d00000|100%| O|  |TAMS 0x00000000e0d00000, 0x00000000e0c00000| Untracked 
|  13|0x00000000e0d00000, 0x00000000e0e00000, 0x00000000e0e00000|100%| O|  |TAMS 0x00000000e0e00000, 0x00000000e0d00000| Untracked 
|  14|0x00000000e0e00000, 0x00000000e0f00000, 0x00000000e0f00000|100%| O|  |TAMS 0x00000000e0f00000, 0x00000000e0e00000| Untracked 
|  15|0x00000000e0f00000, 0x00000000e1000000, 0x00000000e1000000|100%| O|  |TAMS 0x00000000e1000000, 0x00000000e0f00000| Untracked 
|  16|0x00000000e1000000, 0x00000000e1100000, 0x00000000e1100000|100%| O|  |TAMS 0x00000000e1100000, 0x00000000e1000000| Untracked 
|  17|0x00000000e1100000, 0x00000000e1200000, 0x00000000e1200000|100%| O|  |TAMS 0x00000000e1200000, 0x00000000e1100000| Untracked 
|  18|0x00000000e1200000, 0x00000000e1300000, 0x00000000e1300000|100%| O|  |TAMS 0x00000000e1300000, 0x00000000e1200000| Untracked 
|  19|0x00000000e1300000, 0x00000000e1400000, 0x00000000e1400000|100%| O|  |TAMS 0x00000000e1325e00, 0x00000000e1300000| Untracked 
|  20|0x00000000e1400000, 0x00000000e1500000, 0x00000000e1500000|100%| O|  |TAMS 0x00000000e1400000, 0x00000000e1400000| Untracked 
|  21|0x00000000e1500000, 0x00000000e1600000, 0x00000000e1600000|100%| O|  |TAMS 0x00000000e1500000, 0x00000000e1500000| Untracked 
|  22|0x00000000e1600000, 0x00000000e1700000, 0x00000000e1700000|100%| O|  |TAMS 0x00000000e1600000, 0x00000000e1600000| Untracked 
|  23|0x00000000e1700000, 0x00000000e1800000, 0x00000000e1800000|100%| O|  |TAMS 0x00000000e1700000, 0x00000000e1700000| Untracked 
|  24|0x00000000e1800000, 0x00000000e1817000, 0x00000000e1900000|  8%| O|  |TAMS 0x00000000e1800000, 0x00000000e1800000| Untracked 
|  25|0x00000000e1900000, 0x00000000e1900000, 0x00000000e1a00000|  0%| F|  |TAMS 0x00000000e1900000, 0x00000000e1900000| Untracked 
|  26|0x00000000e1a00000, 0x00000000e1a00000, 0x00000000e1b00000|  0%| F|  |TAMS 0x00000000e1a00000, 0x00000000e1a00000| Untracked 
|  27|0x00000000e1b00000, 0x00000000e1b00000, 0x00000000e1c00000|  0%| F|  |TAMS 0x00000000e1b00000, 0x00000000e1b00000| Untracked 
|  28|0x00000000e1c00000, 0x00000000e1c00000, 0x00000000e1d00000|  0%| F|  |TAMS 0x00000000e1c00000, 0x00000000e1c00000| Untracked 
|  29|0x00000000e1d00000, 0x00000000e1d00000, 0x00000000e1e00000|  0%| F|  |TAMS 0x00000000e1d00000, 0x00000000e1d00000| Untracked 
|  30|0x00000000e1e00000, 0x00000000e1e00000, 0x00000000e1f00000|  0%| F|  |TAMS 0x00000000e1e00000, 0x00000000e1e00000| Untracked 
|  31|0x00000000e1f00000, 0x00000000e1f00000, 0x00000000e2000000|  0%| F|  |TAMS 0x00000000e1f00000, 0x00000000e1f00000| Untracked 
|  32|0x00000000e2000000, 0x00000000e2000000, 0x00000000e2100000|  0%| F|  |TAMS 0x00000000e2000000, 0x00000000e2000000| Untracked 
|  33|0x00000000e2100000, 0x00000000e2100000, 0x00000000e2200000|  0%| F|  |TAMS 0x00000000e2100000, 0x00000000e2100000| Untracked 
|  34|0x00000000e2200000, 0x00000000e2200000, 0x00000000e2300000|  0%| F|  |TAMS 0x00000000e2200000, 0x00000000e2200000| Untracked 
|  35|0x00000000e2300000, 0x00000000e2300000, 0x00000000e2400000|  0%| F|  |TAMS 0x00000000e2300000, 0x00000000e2300000| Untracked 
|  36|0x00000000e2400000, 0x00000000e2400000, 0x00000000e2500000|  0%| F|  |TAMS 0x00000000e2400000, 0x00000000e2400000| Untracked 
|  37|0x00000000e2500000, 0x00000000e2500000, 0x00000000e2600000|  0%| F|  |TAMS 0x00000000e2500000, 0x00000000e2500000| Untracked 
|  38|0x00000000e2600000, 0x00000000e2600000, 0x00000000e2700000|  0%| F|  |TAMS 0x00000000e2600000, 0x00000000e2600000| Untracked 
|  39|0x00000000e2700000, 0x00000000e2700000, 0x00000000e2800000|  0%| F|  |TAMS 0x00000000e2700000, 0x00000000e2700000| Untracked 
|  40|0x00000000e2800000, 0x00000000e2800000, 0x00000000e2900000|  0%| F|  |TAMS 0x00000000e2800000, 0x00000000e2800000| Untracked 
|  41|0x00000000e2900000, 0x00000000e2900000, 0x00000000e2a00000|  0%| F|  |TAMS 0x00000000e2900000, 0x00000000e2900000| Untracked 
|  42|0x00000000e2a00000, 0x00000000e2a00000, 0x00000000e2b00000|  0%| F|  |TAMS 0x00000000e2a00000, 0x00000000e2a00000| Untracked 
|  43|0x00000000e2b00000, 0x00000000e2b00000, 0x00000000e2c00000|  0%| F|  |TAMS 0x00000000e2b00000, 0x00000000e2b00000| Untracked 
|  44|0x00000000e2c00000, 0x00000000e2c00000, 0x00000000e2d00000|  0%| F|  |TAMS 0x00000000e2c00000, 0x00000000e2c00000| Untracked 
|  45|0x00000000e2d00000, 0x00000000e2d00000, 0x00000000e2e00000|  0%| F|  |TAMS 0x00000000e2d00000, 0x00000000e2d00000| Untracked 
|  46|0x00000000e2e00000, 0x00000000e2e00000, 0x00000000e2f00000|  0%| F|  |TAMS 0x00000000e2e00000, 0x00000000e2e00000| Untracked 
|  47|0x00000000e2f00000, 0x00000000e2f00000, 0x00000000e3000000|  0%| F|  |TAMS 0x00000000e2f00000, 0x00000000e2f00000| Untracked 
|  48|0x00000000e3000000, 0x00000000e3000000, 0x00000000e3100000|  0%| F|  |TAMS 0x00000000e3000000, 0x00000000e3000000| Untracked 
|  49|0x00000000e3100000, 0x00000000e3100000, 0x00000000e3200000|  0%| F|  |TAMS 0x00000000e3100000, 0x00000000e3100000| Untracked 
|  50|0x00000000e3200000, 0x00000000e3200000, 0x00000000e3300000|  0%| F|  |TAMS 0x00000000e3200000, 0x00000000e3200000| Untracked 
|  51|0x00000000e3300000, 0x00000000e3300000, 0x00000000e3400000|  0%| F|  |TAMS 0x00000000e3300000, 0x00000000e3300000| Untracked 
|  52|0x00000000e3400000, 0x00000000e3400000, 0x00000000e3500000|  0%| F|  |TAMS 0x00000000e3400000, 0x00000000e3400000| Untracked 
|  53|0x00000000e3500000, 0x00000000e3500000, 0x00000000e3600000|  0%| F|  |TAMS 0x00000000e3500000, 0x00000000e3500000| Untracked 
|  54|0x00000000e3600000, 0x00000000e3600000, 0x00000000e3700000|  0%| F|  |TAMS 0x00000000e3600000, 0x00000000e3600000| Untracked 
|  55|0x00000000e3700000, 0x00000000e3700000, 0x00000000e3800000|  0%| F|  |TAMS 0x00000000e3700000, 0x00000000e3700000| Untracked 
|  56|0x00000000e3800000, 0x00000000e3800000, 0x00000000e3900000|  0%| F|  |TAMS 0x00000000e3800000, 0x00000000e3800000| Untracked 
|  57|0x00000000e3900000, 0x00000000e3900000, 0x00000000e3a00000|  0%| F|  |TAMS 0x00000000e3900000, 0x00000000e3900000| Untracked 
|  58|0x00000000e3a00000, 0x00000000e3a00000, 0x00000000e3b00000|  0%| F|  |TAMS 0x00000000e3a00000, 0x00000000e3a00000| Untracked 
|  59|0x00000000e3b00000, 0x00000000e3b00000, 0x00000000e3c00000|  0%| F|  |TAMS 0x00000000e3b00000, 0x00000000e3b00000| Untracked 
|  60|0x00000000e3c00000, 0x00000000e3c00000, 0x00000000e3d00000|  0%| F|  |TAMS 0x00000000e3c00000, 0x00000000e3c00000| Untracked 
|  61|0x00000000e3d00000, 0x00000000e3d00000, 0x00000000e3e00000|  0%| F|  |TAMS 0x00000000e3d00000, 0x00000000e3d00000| Untracked 
|  62|0x00000000e3e00000, 0x00000000e3e00000, 0x00000000e3f00000|  0%| F|  |TAMS 0x00000000e3e00000, 0x00000000e3e00000| Untracked 
|  63|0x00000000e3f00000, 0x00000000e3f00000, 0x00000000e4000000|  0%| F|  |TAMS 0x00000000e3f00000, 0x00000000e3f00000| Untracked 
|  64|0x00000000e4000000, 0x00000000e4000000, 0x00000000e4100000|  0%| F|  |TAMS 0x00000000e4000000, 0x00000000e4000000| Untracked 
|  65|0x00000000e4100000, 0x00000000e4100000, 0x00000000e4200000|  0%| F|  |TAMS 0x00000000e4100000, 0x00000000e4100000| Untracked 
|  66|0x00000000e4200000, 0x00000000e4200000, 0x00000000e4300000|  0%| F|  |TAMS 0x00000000e4200000, 0x00000000e4200000| Untracked 
|  67|0x00000000e4300000, 0x00000000e4300000, 0x00000000e4400000|  0%| F|  |TAMS 0x00000000e4300000, 0x00000000e4300000| Untracked 
|  68|0x00000000e4400000, 0x00000000e4400000, 0x00000000e4500000|  0%| F|  |TAMS 0x00000000e4400000, 0x00000000e4400000| Untracked 
|  69|0x00000000e4500000, 0x00000000e4500000, 0x00000000e4600000|  0%| F|  |TAMS 0x00000000e4500000, 0x00000000e4500000| Untracked 
|  70|0x00000000e4600000, 0x00000000e4600000, 0x00000000e4700000|  0%| F|  |TAMS 0x00000000e4600000, 0x00000000e4600000| Untracked 
|  71|0x00000000e4700000, 0x00000000e4700000, 0x00000000e4800000|  0%| F|  |TAMS 0x00000000e4700000, 0x00000000e4700000| Untracked 
|  72|0x00000000e4800000, 0x00000000e4800000, 0x00000000e4900000|  0%| F|  |TAMS 0x00000000e4800000, 0x00000000e4800000| Untracked 
|  73|0x00000000e4900000, 0x00000000e4900000, 0x00000000e4a00000|  0%| F|  |TAMS 0x00000000e4900000, 0x00000000e4900000| Untracked 
|  74|0x00000000e4a00000, 0x00000000e4a00000, 0x00000000e4b00000|  0%| F|  |TAMS 0x00000000e4a00000, 0x00000000e4a00000| Untracked 
|  75|0x00000000e4b00000, 0x00000000e4b00000, 0x00000000e4c00000|  0%| F|  |TAMS 0x00000000e4b00000, 0x00000000e4b00000| Untracked 
|  76|0x00000000e4c00000, 0x00000000e4c00000, 0x00000000e4d00000|  0%| F|  |TAMS 0x00000000e4c00000, 0x00000000e4c00000| Untracked 
|  77|0x00000000e4d00000, 0x00000000e4d00000, 0x00000000e4e00000|  0%| F|  |TAMS 0x00000000e4d00000, 0x00000000e4d00000| Untracked 
|  78|0x00000000e4e00000, 0x00000000e4e00000, 0x00000000e4f00000|  0%| F|  |TAMS 0x00000000e4e00000, 0x00000000e4e00000| Untracked 
|  79|0x00000000e4f00000, 0x00000000e4f00000, 0x00000000e5000000|  0%| F|  |TAMS 0x00000000e4f00000, 0x00000000e4f00000| Untracked 
|  80|0x00000000e5000000, 0x00000000e5000000, 0x00000000e5100000|  0%| F|  |TAMS 0x00000000e5000000, 0x00000000e5000000| Untracked 
|  81|0x00000000e5100000, 0x00000000e5100000, 0x00000000e5200000|  0%| F|  |TAMS 0x00000000e5100000, 0x00000000e5100000| Untracked 
|  82|0x00000000e5200000, 0x00000000e5200000, 0x00000000e5300000|  0%| F|  |TAMS 0x00000000e5200000, 0x00000000e5200000| Untracked 
|  83|0x00000000e5300000, 0x00000000e5300000, 0x00000000e5400000|  0%| F|  |TAMS 0x00000000e5300000, 0x00000000e5300000| Untracked 
|  84|0x00000000e5400000, 0x00000000e5400000, 0x00000000e5500000|  0%| F|  |TAMS 0x00000000e5400000, 0x00000000e5400000| Untracked 
|  85|0x00000000e5500000, 0x00000000e5500000, 0x00000000e5600000|  0%| F|  |TAMS 0x00000000e5500000, 0x00000000e5500000| Untracked 
|  86|0x00000000e5600000, 0x00000000e5600000, 0x00000000e5700000|  0%| F|  |TAMS 0x00000000e5600000, 0x00000000e5600000| Untracked 
|  87|0x00000000e5700000, 0x00000000e5700000, 0x00000000e5800000|  0%| F|  |TAMS 0x00000000e5700000, 0x00000000e5700000| Untracked 
|  88|0x00000000e5800000, 0x00000000e5800000, 0x00000000e5900000|  0%| F|  |TAMS 0x00000000e5800000, 0x00000000e5800000| Untracked 
|  89|0x00000000e5900000, 0x00000000e5900000, 0x00000000e5a00000|  0%| F|  |TAMS 0x00000000e5900000, 0x00000000e5900000| Untracked 
|  90|0x00000000e5a00000, 0x00000000e5a00000, 0x00000000e5b00000|  0%| F|  |TAMS 0x00000000e5a00000, 0x00000000e5a00000| Untracked 
|  91|0x00000000e5b00000, 0x00000000e5b00000, 0x00000000e5c00000|  0%| F|  |TAMS 0x00000000e5b00000, 0x00000000e5b00000| Untracked 
|  92|0x00000000e5c00000, 0x00000000e5c00000, 0x00000000e5d00000|  0%| F|  |TAMS 0x00000000e5c00000, 0x00000000e5c00000| Untracked 
|  93|0x00000000e5d00000, 0x00000000e5d00000, 0x00000000e5e00000|  0%| F|  |TAMS 0x00000000e5d00000, 0x00000000e5d00000| Untracked 
|  94|0x00000000e5e00000, 0x00000000e5e00000, 0x00000000e5f00000|  0%| F|  |TAMS 0x00000000e5e00000, 0x00000000e5e00000| Untracked 
|  95|0x00000000e5f00000, 0x00000000e5f00000, 0x00000000e6000000|  0%| F|  |TAMS 0x00000000e5f00000, 0x00000000e5f00000| Untracked 
|  96|0x00000000e6000000, 0x00000000e6000000, 0x00000000e6100000|  0%| F|  |TAMS 0x00000000e6000000, 0x00000000e6000000| Untracked 
|  97|0x00000000e6100000, 0x00000000e6100000, 0x00000000e6200000|  0%| F|  |TAMS 0x00000000e6100000, 0x00000000e6100000| Untracked 
|  98|0x00000000e6200000, 0x00000000e6200000, 0x00000000e6300000|  0%| F|  |TAMS 0x00000000e6200000, 0x00000000e6200000| Untracked 
|  99|0x00000000e6300000, 0x00000000e6300000, 0x00000000e6400000|  0%| F|  |TAMS 0x00000000e6300000, 0x00000000e6300000| Untracked 
| 100|0x00000000e6400000, 0x00000000e6400000, 0x00000000e6500000|  0%| F|  |TAMS 0x00000000e6400000, 0x00000000e6400000| Untracked 
| 101|0x00000000e6500000, 0x00000000e6500000, 0x00000000e6600000|  0%| F|  |TAMS 0x00000000e6500000, 0x00000000e6500000| Untracked 
| 102|0x00000000e6600000, 0x00000000e6600000, 0x00000000e6700000|  0%| F|  |TAMS 0x00000000e6600000, 0x00000000e6600000| Untracked 
| 103|0x00000000e6700000, 0x00000000e6700000, 0x00000000e6800000|  0%| F|  |TAMS 0x00000000e6700000, 0x00000000e6700000| Untracked 
| 104|0x00000000e6800000, 0x00000000e6800000, 0x00000000e6900000|  0%| F|  |TAMS 0x00000000e6800000, 0x00000000e6800000| Untracked 
| 105|0x00000000e6900000, 0x00000000e6900000, 0x00000000e6a00000|  0%| F|  |TAMS 0x00000000e6900000, 0x00000000e6900000| Untracked 
| 106|0x00000000e6a00000, 0x00000000e6a00000, 0x00000000e6b00000|  0%| F|  |TAMS 0x00000000e6a00000, 0x00000000e6a00000| Untracked 
| 107|0x00000000e6b00000, 0x00000000e6b00000, 0x00000000e6c00000|  0%| F|  |TAMS 0x00000000e6b00000, 0x00000000e6b00000| Untracked 
| 108|0x00000000e6c00000, 0x00000000e6c00000, 0x00000000e6d00000|  0%| F|  |TAMS 0x00000000e6c00000, 0x00000000e6c00000| Untracked 
| 109|0x00000000e6d00000, 0x00000000e6d00000, 0x00000000e6e00000|  0%| F|  |TAMS 0x00000000e6d00000, 0x00000000e6d00000| Untracked 
| 110|0x00000000e6e00000, 0x00000000e6e00000, 0x00000000e6f00000|  0%| F|  |TAMS 0x00000000e6e00000, 0x00000000e6e00000| Untracked 
| 111|0x00000000e6f00000, 0x00000000e6f00000, 0x00000000e7000000|  0%| F|  |TAMS 0x00000000e6f00000, 0x00000000e6f00000| Untracked 
| 112|0x00000000e7000000, 0x00000000e7000000, 0x00000000e7100000|  0%| F|  |TAMS 0x00000000e7000000, 0x00000000e7000000| Untracked 
| 113|0x00000000e7100000, 0x00000000e7100000, 0x00000000e7200000|  0%| F|  |TAMS 0x00000000e7100000, 0x00000000e7100000| Untracked 
| 114|0x00000000e7200000, 0x00000000e7200000, 0x00000000e7300000|  0%| F|  |TAMS 0x00000000e7200000, 0x00000000e7200000| Untracked 
| 115|0x00000000e7300000, 0x00000000e7300000, 0x00000000e7400000|  0%| F|  |TAMS 0x00000000e7300000, 0x00000000e7300000| Untracked 
| 116|0x00000000e7400000, 0x00000000e7400000, 0x00000000e7500000|  0%| F|  |TAMS 0x00000000e7400000, 0x00000000e7400000| Untracked 
| 117|0x00000000e7500000, 0x00000000e7500000, 0x00000000e7600000|  0%| F|  |TAMS 0x00000000e7500000, 0x00000000e7500000| Untracked 
| 118|0x00000000e7600000, 0x00000000e7600000, 0x00000000e7700000|  0%| F|  |TAMS 0x00000000e7600000, 0x00000000e7600000| Untracked 
| 119|0x00000000e7700000, 0x00000000e7700000, 0x00000000e7800000|  0%| F|  |TAMS 0x00000000e7700000, 0x00000000e7700000| Untracked 
| 120|0x00000000e7800000, 0x00000000e7800000, 0x00000000e7900000|  0%| F|  |TAMS 0x00000000e7800000, 0x00000000e7800000| Untracked 
| 121|0x00000000e7900000, 0x00000000e7900000, 0x00000000e7a00000|  0%| F|  |TAMS 0x00000000e7900000, 0x00000000e7900000| Untracked 
| 122|0x00000000e7a00000, 0x00000000e7a00000, 0x00000000e7b00000|  0%| F|  |TAMS 0x00000000e7a00000, 0x00000000e7a00000| Untracked 
| 123|0x00000000e7b00000, 0x00000000e7b00000, 0x00000000e7c00000|  0%| F|  |TAMS 0x00000000e7b00000, 0x00000000e7b00000| Untracked 
| 124|0x00000000e7c00000, 0x00000000e7c00000, 0x00000000e7d00000|  0%| F|  |TAMS 0x00000000e7c00000, 0x00000000e7c00000| Untracked 
| 125|0x00000000e7d00000, 0x00000000e7d00000, 0x00000000e7e00000|  0%| F|  |TAMS 0x00000000e7d00000, 0x00000000e7d00000| Untracked 
| 126|0x00000000e7e00000, 0x00000000e7e00000, 0x00000000e7f00000|  0%| F|  |TAMS 0x00000000e7e00000, 0x00000000e7e00000| Untracked 
| 127|0x00000000e7f00000, 0x00000000e7f00000, 0x00000000e8000000|  0%| F|  |TAMS 0x00000000e7f00000, 0x00000000e7f00000| Untracked 
| 128|0x00000000e8000000, 0x00000000e8000000, 0x00000000e8100000|  0%| F|  |TAMS 0x00000000e8000000, 0x00000000e8000000| Untracked 
| 129|0x00000000e8100000, 0x00000000e8100000, 0x00000000e8200000|  0%| F|  |TAMS 0x00000000e8100000, 0x00000000e8100000| Untracked 
| 130|0x00000000e8200000, 0x00000000e8200000, 0x00000000e8300000|  0%| F|  |TAMS 0x00000000e8200000, 0x00000000e8200000| Untracked 
| 131|0x00000000e8300000, 0x00000000e8300000, 0x00000000e8400000|  0%| F|  |TAMS 0x00000000e8300000, 0x00000000e8300000| Untracked 
| 132|0x00000000e8400000, 0x00000000e8400000, 0x00000000e8500000|  0%| F|  |TAMS 0x00000000e8400000, 0x00000000e8400000| Untracked 
| 133|0x00000000e8500000, 0x00000000e8500000, 0x00000000e8600000|  0%| F|  |TAMS 0x00000000e8500000, 0x00000000e8500000| Untracked 
| 134|0x00000000e8600000, 0x00000000e8600000, 0x00000000e8700000|  0%| F|  |TAMS 0x00000000e8600000, 0x00000000e8600000| Untracked 
| 135|0x00000000e8700000, 0x00000000e8700000, 0x00000000e8800000|  0%| F|  |TAMS 0x00000000e8700000, 0x00000000e8700000| Untracked 
| 136|0x00000000e8800000, 0x00000000e8800000, 0x00000000e8900000|  0%| F|  |TAMS 0x00000000e8800000, 0x00000000e8800000| Untracked 
| 137|0x00000000e8900000, 0x00000000e89e3470, 0x00000000e8a00000| 88%| E|  |TAMS 0x00000000e8900000, 0x00000000e8900000| Complete 
| 138|0x00000000e8a00000, 0x00000000e8b00000, 0x00000000e8b00000|100%| E|CS|TAMS 0x00000000e8a00000, 0x00000000e8a00000| Complete 
| 139|0x00000000e8b00000, 0x00000000e8c00000, 0x00000000e8c00000|100%| E|CS|TAMS 0x00000000e8b00000, 0x00000000e8b00000| Complete 
| 140|0x00000000e8c00000, 0x00000000e8d00000, 0x00000000e8d00000|100%| E|CS|TAMS 0x00000000e8c00000, 0x00000000e8c00000| Complete 
| 141|0x00000000e8d00000, 0x00000000e8e00000, 0x00000000e8e00000|100%| E|CS|TAMS 0x00000000e8d00000, 0x00000000e8d00000| Complete 
| 142|0x00000000e8e00000, 0x00000000e8f00000, 0x00000000e8f00000|100%| E|CS|TAMS 0x00000000e8e00000, 0x00000000e8e00000| Complete 
| 143|0x00000000e8f00000, 0x00000000e9000000, 0x00000000e9000000|100%| E|CS|TAMS 0x00000000e8f00000, 0x00000000e8f00000| Complete 
| 144|0x00000000e9000000, 0x00000000e9100000, 0x00000000e9100000|100%| E|CS|TAMS 0x00000000e9000000, 0x00000000e9000000| Complete 
| 145|0x00000000e9100000, 0x00000000e9200000, 0x00000000e9200000|100%| E|CS|TAMS 0x00000000e9100000, 0x00000000e9100000| Complete 
| 146|0x00000000e9200000, 0x00000000e9300000, 0x00000000e9300000|100%| E|CS|TAMS 0x00000000e9200000, 0x00000000e9200000| Complete 
| 147|0x00000000e9300000, 0x00000000e9400000, 0x00000000e9400000|100%| E|CS|TAMS 0x00000000e9300000, 0x00000000e9300000| Complete 
| 148|0x00000000e9400000, 0x00000000e9500000, 0x00000000e9500000|100%| E|CS|TAMS 0x00000000e9400000, 0x00000000e9400000| Complete 
| 149|0x00000000e9500000, 0x00000000e9600000, 0x00000000e9600000|100%| E|CS|TAMS 0x00000000e9500000, 0x00000000e9500000| Complete 
| 150|0x00000000e9600000, 0x00000000e9700000, 0x00000000e9700000|100%| E|CS|TAMS 0x00000000e9600000, 0x00000000e9600000| Complete 
| 151|0x00000000e9700000, 0x00000000e9800000, 0x00000000e9800000|100%| E|CS|TAMS 0x00000000e9700000, 0x00000000e9700000| Complete 
| 152|0x00000000e9800000, 0x00000000e9900000, 0x00000000e9900000|100%| E|CS|TAMS 0x00000000e9800000, 0x00000000e9800000| Complete 
| 153|0x00000000e9900000, 0x00000000e9a00000, 0x00000000e9a00000|100%| E|CS|TAMS 0x00000000e9900000, 0x00000000e9900000| Complete 
| 154|0x00000000e9a00000, 0x00000000e9b00000, 0x00000000e9b00000|100%| E|CS|TAMS 0x00000000e9a00000, 0x00000000e9a00000| Complete 
| 155|0x00000000e9b00000, 0x00000000e9c00000, 0x00000000e9c00000|100%| E|CS|TAMS 0x00000000e9b00000, 0x00000000e9b00000| Complete 
| 156|0x00000000e9c00000, 0x00000000e9d00000, 0x00000000e9d00000|100%| E|CS|TAMS 0x00000000e9c00000, 0x00000000e9c00000| Complete 
| 157|0x00000000e9d00000, 0x00000000e9e00000, 0x00000000e9e00000|100%| E|CS|TAMS 0x00000000e9d00000, 0x00000000e9d00000| Complete 
| 158|0x00000000e9e00000, 0x00000000e9f00000, 0x00000000e9f00000|100%| E|CS|TAMS 0x00000000e9e00000, 0x00000000e9e00000| Complete 
| 159|0x00000000e9f00000, 0x00000000ea000000, 0x00000000ea000000|100%| E|CS|TAMS 0x00000000e9f00000, 0x00000000e9f00000| Complete 
| 160|0x00000000ea000000, 0x00000000ea100000, 0x00000000ea100000|100%| E|CS|TAMS 0x00000000ea000000, 0x00000000ea000000| Complete 
| 161|0x00000000ea100000, 0x00000000ea200000, 0x00000000ea200000|100%| E|CS|TAMS 0x00000000ea100000, 0x00000000ea100000| Complete 
| 162|0x00000000ea200000, 0x00000000ea300000, 0x00000000ea300000|100%| E|CS|TAMS 0x00000000ea200000, 0x00000000ea200000| Complete 
| 163|0x00000000ea300000, 0x00000000ea400000, 0x00000000ea400000|100%| E|CS|TAMS 0x00000000ea300000, 0x00000000ea300000| Complete 
| 164|0x00000000ea400000, 0x00000000ea500000, 0x00000000ea500000|100%| E|CS|TAMS 0x00000000ea400000, 0x00000000ea400000| Complete 
| 165|0x00000000ea500000, 0x00000000ea600000, 0x00000000ea600000|100%| E|CS|TAMS 0x00000000ea500000, 0x00000000ea500000| Complete 
| 166|0x00000000ea600000, 0x00000000ea700000, 0x00000000ea700000|100%| E|CS|TAMS 0x00000000ea600000, 0x00000000ea600000| Complete 
| 167|0x00000000ea700000, 0x00000000ea800000, 0x00000000ea800000|100%| E|CS|TAMS 0x00000000ea700000, 0x00000000ea700000| Complete 
| 168|0x00000000ea800000, 0x00000000ea900000, 0x00000000ea900000|100%| E|CS|TAMS 0x00000000ea800000, 0x00000000ea800000| Complete 
| 169|0x00000000ea900000, 0x00000000eaa00000, 0x00000000eaa00000|100%| E|CS|TAMS 0x00000000ea900000, 0x00000000ea900000| Complete 
| 170|0x00000000eaa00000, 0x00000000eab00000, 0x00000000eab00000|100%| E|CS|TAMS 0x00000000eaa00000, 0x00000000eaa00000| Complete 
| 171|0x00000000eab00000, 0x00000000eac00000, 0x00000000eac00000|100%| E|CS|TAMS 0x00000000eab00000, 0x00000000eab00000| Complete 
| 172|0x00000000eac00000, 0x00000000ead00000, 0x00000000ead00000|100%| E|CS|TAMS 0x00000000eac00000, 0x00000000eac00000| Complete 
| 173|0x00000000ead00000, 0x00000000eae00000, 0x00000000eae00000|100%| E|CS|TAMS 0x00000000ead00000, 0x00000000ead00000| Complete 
| 174|0x00000000eae00000, 0x00000000eaf00000, 0x00000000eaf00000|100%| E|CS|TAMS 0x00000000eae00000, 0x00000000eae00000| Complete 
| 175|0x00000000eaf00000, 0x00000000eb000000, 0x00000000eb000000|100%| E|CS|TAMS 0x00000000eaf00000, 0x00000000eaf00000| Complete 
| 176|0x00000000eb000000, 0x00000000eb100000, 0x00000000eb100000|100%| E|CS|TAMS 0x00000000eb000000, 0x00000000eb000000| Complete 
| 177|0x00000000eb100000, 0x00000000eb200000, 0x00000000eb200000|100%| E|CS|TAMS 0x00000000eb100000, 0x00000000eb100000| Complete 
| 178|0x00000000eb200000, 0x00000000eb300000, 0x00000000eb300000|100%| E|CS|TAMS 0x00000000eb200000, 0x00000000eb200000| Complete 
| 179|0x00000000eb300000, 0x00000000eb400000, 0x00000000eb400000|100%| E|CS|TAMS 0x00000000eb300000, 0x00000000eb300000| Complete 
| 180|0x00000000eb400000, 0x00000000eb500000, 0x00000000eb500000|100%| E|CS|TAMS 0x00000000eb400000, 0x00000000eb400000| Complete 
| 181|0x00000000eb500000, 0x00000000eb600000, 0x00000000eb600000|100%| E|CS|TAMS 0x00000000eb500000, 0x00000000eb500000| Complete 
| 182|0x00000000eb600000, 0x00000000eb700000, 0x00000000eb700000|100%| E|CS|TAMS 0x00000000eb600000, 0x00000000eb600000| Complete 
| 183|0x00000000eb700000, 0x00000000eb800000, 0x00000000eb800000|100%| E|CS|TAMS 0x00000000eb700000, 0x00000000eb700000| Complete 
| 184|0x00000000eb800000, 0x00000000eb900000, 0x00000000eb900000|100%| E|CS|TAMS 0x00000000eb800000, 0x00000000eb800000| Complete 
| 185|0x00000000eb900000, 0x00000000eba00000, 0x00000000eba00000|100%| E|CS|TAMS 0x00000000eb900000, 0x00000000eb900000| Complete 
| 186|0x00000000eba00000, 0x00000000eba80000, 0x00000000ebb00000| 50%| S|CS|TAMS 0x00000000eba00000, 0x00000000eba00000| Complete 
| 187|0x00000000ebb00000, 0x00000000ebc00000, 0x00000000ebc00000|100%| S|CS|TAMS 0x00000000ebb00000, 0x00000000ebb00000| Complete 
| 188|0x00000000ebc00000, 0x00000000ebd00000, 0x00000000ebd00000|100%| S|CS|TAMS 0x00000000ebc00000, 0x00000000ebc00000| Complete 
| 189|0x00000000ebd00000, 0x00000000ebe00000, 0x00000000ebe00000|100%| S|CS|TAMS 0x00000000ebd00000, 0x00000000ebd00000| Complete 
| 190|0x00000000ebe00000, 0x00000000ebf00000, 0x00000000ebf00000|100%| S|CS|TAMS 0x00000000ebe00000, 0x00000000ebe00000| Complete 
| 191|0x00000000ebf00000, 0x00000000ec000000, 0x00000000ec000000|100%| S|CS|TAMS 0x00000000ebf00000, 0x00000000ebf00000| Complete 
| 192|0x00000000ec000000, 0x00000000ec100000, 0x00000000ec100000|100%| S|CS|TAMS 0x00000000ec000000, 0x00000000ec000000| Complete 
| 193|0x00000000ec100000, 0x00000000ec200000, 0x00000000ec200000|100%| S|CS|TAMS 0x00000000ec100000, 0x00000000ec100000| Complete 
| 194|0x00000000ec200000, 0x00000000ec300000, 0x00000000ec300000|100%| S|CS|TAMS 0x00000000ec200000, 0x00000000ec200000| Complete 
| 195|0x00000000ec300000, 0x00000000ec400000, 0x00000000ec400000|100%| S|CS|TAMS 0x00000000ec300000, 0x00000000ec300000| Complete 
| 196|0x00000000ec400000, 0x00000000ec500000, 0x00000000ec500000|100%| S|CS|TAMS 0x00000000ec400000, 0x00000000ec400000| Complete 
| 197|0x00000000ec500000, 0x00000000ec600000, 0x00000000ec600000|100%| S|CS|TAMS 0x00000000ec500000, 0x00000000ec500000| Complete 
| 198|0x00000000ec600000, 0x00000000ec700000, 0x00000000ec700000|100%| S|CS|TAMS 0x00000000ec600000, 0x00000000ec600000| Complete 
| 199|0x00000000ec700000, 0x00000000ec800000, 0x00000000ec800000|100%| E|CS|TAMS 0x00000000ec700000, 0x00000000ec700000| Complete 
| 200|0x00000000ec800000, 0x00000000ec900000, 0x00000000ec900000|100%| E|CS|TAMS 0x00000000ec800000, 0x00000000ec800000| Complete 
| 201|0x00000000ec900000, 0x00000000eca00000, 0x00000000eca00000|100%| E|CS|TAMS 0x00000000ec900000, 0x00000000ec900000| Complete 
| 202|0x00000000eca00000, 0x00000000ecb00000, 0x00000000ecb00000|100%| E|CS|TAMS 0x00000000eca00000, 0x00000000eca00000| Complete 
| 203|0x00000000ecb00000, 0x00000000ecc00000, 0x00000000ecc00000|100%| E|CS|TAMS 0x00000000ecb00000, 0x00000000ecb00000| Complete 
| 204|0x00000000ecc00000, 0x00000000ecd00000, 0x00000000ecd00000|100%| E|CS|TAMS 0x00000000ecc00000, 0x00000000ecc00000| Complete 
| 205|0x00000000ecd00000, 0x00000000ece00000, 0x00000000ece00000|100%| E|CS|TAMS 0x00000000ecd00000, 0x00000000ecd00000| Complete 
| 206|0x00000000ece00000, 0x00000000ecf00000, 0x00000000ecf00000|100%| E|CS|TAMS 0x00000000ece00000, 0x00000000ece00000| Complete 
| 207|0x00000000ecf00000, 0x00000000ed000000, 0x00000000ed000000|100%| E|CS|TAMS 0x00000000ecf00000, 0x00000000ecf00000| Complete 
| 208|0x00000000ed000000, 0x00000000ed100000, 0x00000000ed100000|100%| E|CS|TAMS 0x00000000ed000000, 0x00000000ed000000| Complete 
| 209|0x00000000ed100000, 0x00000000ed200000, 0x00000000ed200000|100%| E|CS|TAMS 0x00000000ed100000, 0x00000000ed100000| Complete 
| 210|0x00000000ed200000, 0x00000000ed300000, 0x00000000ed300000|100%| E|CS|TAMS 0x00000000ed200000, 0x00000000ed200000| Complete 
| 211|0x00000000ed300000, 0x00000000ed400000, 0x00000000ed400000|100%| E|CS|TAMS 0x00000000ed300000, 0x00000000ed300000| Complete 
| 212|0x00000000ed400000, 0x00000000ed500000, 0x00000000ed500000|100%| E|CS|TAMS 0x00000000ed400000, 0x00000000ed400000| Complete 
| 213|0x00000000ed500000, 0x00000000ed600000, 0x00000000ed600000|100%| E|CS|TAMS 0x00000000ed500000, 0x00000000ed500000| Complete 
| 214|0x00000000ed600000, 0x00000000ed700000, 0x00000000ed700000|100%| E|CS|TAMS 0x00000000ed600000, 0x00000000ed600000| Complete 
| 215|0x00000000ed700000, 0x00000000ed800000, 0x00000000ed800000|100%| E|CS|TAMS 0x00000000ed700000, 0x00000000ed700000| Complete 
| 216|0x00000000ed800000, 0x00000000ed900000, 0x00000000ed900000|100%| E|CS|TAMS 0x00000000ed800000, 0x00000000ed800000| Complete 
| 217|0x00000000ed900000, 0x00000000eda00000, 0x00000000eda00000|100%| E|CS|TAMS 0x00000000ed900000, 0x00000000ed900000| Complete 
| 218|0x00000000eda00000, 0x00000000edb00000, 0x00000000edb00000|100%| E|CS|TAMS 0x00000000eda00000, 0x00000000eda00000| Complete 
| 219|0x00000000edb00000, 0x00000000edc00000, 0x00000000edc00000|100%| E|CS|TAMS 0x00000000edb00000, 0x00000000edb00000| Complete 
| 220|0x00000000edc00000, 0x00000000edd00000, 0x00000000edd00000|100%| E|CS|TAMS 0x00000000edc00000, 0x00000000edc00000| Complete 
| 221|0x00000000edd00000, 0x00000000ede00000, 0x00000000ede00000|100%| E|CS|TAMS 0x00000000edd00000, 0x00000000edd00000| Complete 
| 222|0x00000000ede00000, 0x00000000edf00000, 0x00000000edf00000|100%| E|CS|TAMS 0x00000000ede00000, 0x00000000ede00000| Complete 
| 223|0x00000000edf00000, 0x00000000ee000000, 0x00000000ee000000|100%| E|CS|TAMS 0x00000000edf00000, 0x00000000edf00000| Complete 
| 224|0x00000000ee000000, 0x00000000ee100000, 0x00000000ee100000|100%| E|CS|TAMS 0x00000000ee000000, 0x00000000ee000000| Complete 
| 225|0x00000000ee100000, 0x00000000ee200000, 0x00000000ee200000|100%| E|CS|TAMS 0x00000000ee100000, 0x00000000ee100000| Complete 
| 226|0x00000000ee200000, 0x00000000ee300000, 0x00000000ee300000|100%| E|CS|TAMS 0x00000000ee200000, 0x00000000ee200000| Complete 
| 227|0x00000000ee300000, 0x00000000ee400000, 0x00000000ee400000|100%| E|CS|TAMS 0x00000000ee300000, 0x00000000ee300000| Complete 
| 228|0x00000000ee400000, 0x00000000ee500000, 0x00000000ee500000|100%| E|CS|TAMS 0x00000000ee400000, 0x00000000ee400000| Complete 
| 229|0x00000000ee500000, 0x00000000ee600000, 0x00000000ee600000|100%| E|CS|TAMS 0x00000000ee500000, 0x00000000ee500000| Complete 
| 230|0x00000000ee600000, 0x00000000ee700000, 0x00000000ee700000|100%| E|CS|TAMS 0x00000000ee600000, 0x00000000ee600000| Complete 
| 231|0x00000000ee700000, 0x00000000ee800000, 0x00000000ee800000|100%| E|CS|TAMS 0x00000000ee700000, 0x00000000ee700000| Complete 
| 232|0x00000000ee800000, 0x00000000ee900000, 0x00000000ee900000|100%| E|CS|TAMS 0x00000000ee800000, 0x00000000ee800000| Complete 
| 233|0x00000000ee900000, 0x00000000eea00000, 0x00000000eea00000|100%| E|CS|TAMS 0x00000000ee900000, 0x00000000ee900000| Complete 
| 234|0x00000000eea00000, 0x00000000eeb00000, 0x00000000eeb00000|100%| E|CS|TAMS 0x00000000eea00000, 0x00000000eea00000| Complete 
| 235|0x00000000eeb00000, 0x00000000eec00000, 0x00000000eec00000|100%| E|CS|TAMS 0x00000000eeb00000, 0x00000000eeb00000| Complete 
| 236|0x00000000eec00000, 0x00000000eed00000, 0x00000000eed00000|100%| E|CS|TAMS 0x00000000eec00000, 0x00000000eec00000| Complete 
| 237|0x00000000eed00000, 0x00000000eee00000, 0x00000000eee00000|100%| E|CS|TAMS 0x00000000eed00000, 0x00000000eed00000| Complete 
| 238|0x00000000eee00000, 0x00000000eef00000, 0x00000000eef00000|100%| E|CS|TAMS 0x00000000eee00000, 0x00000000eee00000| Complete 
| 239|0x00000000eef00000, 0x00000000ef000000, 0x00000000ef000000|100%| E|CS|TAMS 0x00000000eef00000, 0x00000000eef00000| Complete 
| 240|0x00000000ef000000, 0x00000000ef100000, 0x00000000ef100000|100%| E|CS|TAMS 0x00000000ef000000, 0x00000000ef000000| Complete 
| 241|0x00000000ef100000, 0x00000000ef200000, 0x00000000ef200000|100%| E|CS|TAMS 0x00000000ef100000, 0x00000000ef100000| Complete 
| 242|0x00000000ef200000, 0x00000000ef300000, 0x00000000ef300000|100%| E|CS|TAMS 0x00000000ef200000, 0x00000000ef200000| Complete 
| 243|0x00000000ef300000, 0x00000000ef400000, 0x00000000ef400000|100%| E|CS|TAMS 0x00000000ef300000, 0x00000000ef300000| Complete 
| 244|0x00000000ef400000, 0x00000000ef500000, 0x00000000ef500000|100%| E|CS|TAMS 0x00000000ef400000, 0x00000000ef400000| Complete 
| 245|0x00000000ef500000, 0x00000000ef600000, 0x00000000ef600000|100%| E|CS|TAMS 0x00000000ef500000, 0x00000000ef500000| Complete 
| 246|0x00000000ef600000, 0x00000000ef700000, 0x00000000ef700000|100%| E|CS|TAMS 0x00000000ef600000, 0x00000000ef600000| Complete 
| 247|0x00000000ef700000, 0x00000000ef800000, 0x00000000ef800000|100%| E|CS|TAMS 0x00000000ef700000, 0x00000000ef700000| Complete 
| 248|0x00000000ef800000, 0x00000000ef900000, 0x00000000ef900000|100%| E|CS|TAMS 0x00000000ef800000, 0x00000000ef800000| Complete 
| 249|0x00000000ef900000, 0x00000000efa00000, 0x00000000efa00000|100%| E|CS|TAMS 0x00000000ef900000, 0x00000000ef900000| Complete 
| 250|0x00000000efa00000, 0x00000000efb00000, 0x00000000efb00000|100%| E|CS|TAMS 0x00000000efa00000, 0x00000000efa00000| Complete 
| 251|0x00000000efb00000, 0x00000000efc00000, 0x00000000efc00000|100%| E|CS|TAMS 0x00000000efb00000, 0x00000000efb00000| Complete 
| 252|0x00000000efc00000, 0x00000000efd00000, 0x00000000efd00000|100%| E|CS|TAMS 0x00000000efc00000, 0x00000000efc00000| Complete 
| 253|0x00000000efd00000, 0x00000000efe00000, 0x00000000efe00000|100%| E|CS|TAMS 0x00000000efd00000, 0x00000000efd00000| Complete 
| 254|0x00000000efe00000, 0x00000000eff00000, 0x00000000eff00000|100%| E|CS|TAMS 0x00000000efe00000, 0x00000000efe00000| Complete 
| 255|0x00000000eff00000, 0x00000000f0000000, 0x00000000f0000000|100%| E|CS|TAMS 0x00000000eff00000, 0x00000000eff00000| Complete 

Card table byte_map: [0x000001c21f670000,0x000001c21f770000] _byte_map_base: 0x000001c21ef70000

Marking Bits (Prev, Next): (CMBitMap*) 0x000001c20ad2afc0, (CMBitMap*) 0x000001c20ad2af80
 Prev Bits: [0x000001c220070000, 0x000001c220870000)
 Next Bits: [0x000001c21f870000, 0x000001c220070000)

Polling page: 0x000001c20ae30000

Metaspace:

Usage:
  Non-class:     54.95 MB used.
      Class:      8.67 MB used.
       Both:     63.62 MB used.

Virtual space:
  Non-class space:       64.00 MB reserved,      55.19 MB ( 86%) committed,  1 nodes.
      Class space:      320.00 MB reserved,       8.94 MB (  3%) committed,  1 nodes.
             Both:      384.00 MB reserved,      64.12 MB ( 17%) committed. 

Chunk freelists:
   Non-Class:  8.39 MB
       Class:  7.11 MB
        Both:  15.50 MB

MaxMetaspaceSize: 384.00 MB
CompressedClassSpaceSize: 320.00 MB
Initial GC threshold: 21.00 MB
Current GC threshold: 98.12 MB
CDS: off
MetaspaceReclaimPolicy: balanced
 - commit_granule_bytes: 65536.
 - commit_granule_words: 8192.
 - virtual_space_node_default_size: 8388608.
 - enlarge_chunks_in_place: 1.
 - new_chunks_are_fully_committed: 0.
 - uncommit_free_chunks: 1.
 - use_allocation_guard: 0.
 - handle_deallocations: 1.


Internal statistics:

num_allocs_failed_limit: 9.
num_arena_births: 620.
num_arena_deaths: 0.
num_vsnodes_births: 2.
num_vsnodes_deaths: 0.
num_space_committed: 1026.
num_space_uncommitted: 0.
num_chunks_returned_to_freelist: 9.
num_chunks_taken_from_freelist: 2970.
num_chunk_merges: 6.
num_chunk_splits: 1899.
num_chunks_enlarged: 1252.
num_inconsistent_stats: 0.

CodeHeap 'non-profiled nmethods': size=120000Kb used=3864Kb max_used=3864Kb free=116136Kb
 bounds [0x000001c218140000, 0x000001c218510000, 0x000001c21f670000]
CodeHeap 'profiled nmethods': size=120000Kb used=14619Kb max_used=14619Kb free=105380Kb
 bounds [0x000001c210670000, 0x000001c2114c0000, 0x000001c217ba0000]
CodeHeap 'non-nmethods': size=5760Kb used=2325Kb max_used=2366Kb free=3434Kb
 bounds [0x000001c217ba0000, 0x000001c217e10000, 0x000001c218140000]
 total_blobs=8394 nmethods=7547 adapters=759
 compilation: enabled
              stopped_count=0, restarted_count=0
 full_count=0

Compilation events (20 events):
Event: 103.131 Thread 0x000001c22704e000 8280       3       it.unimi.dsi.fastutil.longs.Long2ObjectOpenHashMap::putIfAbsent (36 bytes)
Event: 103.131 Thread 0x000001c22704e000 nmethod 8280 0x000001c211493490 code [0x000001c211493640, 0x000001c211493878]
Event: 103.131 Thread 0x000001c22704e000 8277       3       org.gradle.api.internal.artifacts.ivyservice.resolveengine.graph.builder.ComponentState::getRepositoryName (10 bytes)
Event: 103.131 Thread 0x000001c22704e000 nmethod 8277 0x000001c211493990 code [0x000001c211493b40, 0x000001c211493d08]
Event: 103.131 Thread 0x000001c22704e000 8278       3       org.gradle.api.internal.artifacts.ivyservice.resolveengine.graph.builder.ComponentState::getSelectedVariants (24 bytes)
Event: 103.132 Thread 0x000001c22704e000 nmethod 8278 0x000001c211493e10 code [0x000001c211494060, 0x000001c211494a28]
Event: 103.136 Thread 0x000001c22704e000 8281       3       org.gradle.api.internal.artifacts.ivyservice.resolveengine.result.StreamingResolutionResultBuilder::visitNode (42 bytes)
Event: 103.137 Thread 0x000001c22704e000 nmethod 8281 0x000001c211494e10 code [0x000001c211495040, 0x000001c2114959c8]
Event: 103.139 Thread 0x000001c22704e000 8282       3       org.gradle.api.internal.artifacts.ivyservice.resolveengine.result.StreamingResolutionResultBuilder$$Lambda$829/0x000000010074e6c8::write (13 bytes)
Event: 103.139 Thread 0x000001c22704e000 nmethod 8282 0x000001c211495d90 code [0x000001c211495f40, 0x000001c2114961d8]
Event: 103.139 Thread 0x000001c22704e000 8283       3       org.gradle.api.internal.artifacts.ivyservice.resolveengine.result.ComponentSelectionReasons$DefaultComponentSelectionReason::getDescriptions (8 bytes)
Event: 103.140 Thread 0x000001c22704e000 nmethod 8283 0x000001c211496390 code [0x000001c211496520, 0x000001c211496668]
Event: 103.140 Thread 0x000001c22704e000 8284       3       org.gradle.api.internal.artifacts.ivyservice.resolveengine.result.ThisBuildOnlyComponentDetailsSerializer::writeComponentDetails (26 bytes)
Event: 103.140 Thread 0x000001c22704e000 nmethod 8284 0x000001c211496710 code [0x000001c2114968e0, 0x000001c211496bc8]
Event: 103.140 Thread 0x000001c22704e000 8285       3       org.gradle.api.internal.artifacts.ivyservice.resolveengine.result.ThisBuildOnlySelectedVariantSerializer::writeVariantResult (48 bytes)
Event: 103.140 Thread 0x000001c22704e000 nmethod 8285 0x000001c211496d10 code [0x000001c211496f00, 0x000001c211497578]
Event: 103.140 Thread 0x000001c22704e000 8286       3       org.gradle.api.internal.artifacts.ivyservice.resolveengine.graph.CompositeDependencyArtifactsVisitor::visitNode (40 bytes)
Event: 103.141 Thread 0x000001c22704c860 nmethod 8266 0x000001c2184ff790 code [0x000001c2184ff980, 0x000001c218500a08]
Event: 103.141 Thread 0x000001c22704e000 nmethod 8286 0x000001c211497810 code [0x000001c211497a00, 0x000001c211497fb8]
Event: 103.141 Thread 0x000001c22704e000 8287       3       org.gradle.api.internal.artifacts.ivyservice.resolveengine.oldresult.ResolvedConfigurationDependencyGraphVisitor::visitNode (84 bytes)

GC Heap History (14 events):
Event: 2.947 GC heap before
{Heap before GC invocations=0 (full 0):
 garbage-first heap   total 262144K, used 13312K [0x00000000e0000000, 0x0000000100000000)
  region size 1024K, 13 young (13312K), 0 survivors (0K)
 Metaspace       used 7050K, committed 7168K, reserved 393216K
  class space    used 620K, committed 704K, reserved 327680K
}
Event: 2.950 GC heap after
{Heap after GC invocations=1 (full 0):
 garbage-first heap   total 262144K, used 1248K [0x00000000e0000000, 0x0000000100000000)
  region size 1024K, 2 young (2048K), 2 survivors (2048K)
 Metaspace       used 7050K, committed 7168K, reserved 393216K
  class space    used 620K, committed 704K, reserved 327680K
}
Event: 8.674 GC heap before
{Heap before GC invocations=1 (full 0):
 garbage-first heap   total 262144K, used 23776K [0x00000000e0000000, 0x0000000100000000)
  region size 1024K, 21 young (21504K), 2 survivors (2048K)
 Metaspace       used 10474K, committed 10688K, reserved 393216K
  class space    used 1061K, committed 1152K, reserved 327680K
}
Event: 8.680 GC heap after
{Heap after GC invocations=2 (full 0):
 garbage-first heap   total 262144K, used 10498K [0x00000000e0000000, 0x0000000100000000)
  region size 1024K, 3 young (3072K), 3 survivors (3072K)
 Metaspace       used 10474K, committed 10688K, reserved 393216K
  class space    used 1061K, committed 1152K, reserved 327680K
}
Event: 28.354 GC heap before
{Heap before GC invocations=2 (full 0):
 garbage-first heap   total 262144K, used 113922K [0x00000000e0000000, 0x0000000100000000)
  region size 1024K, 103 young (105472K), 3 survivors (3072K)
 Metaspace       used 21299K, committed 21504K, reserved 393216K
  class space    used 2521K, committed 2624K, reserved 327680K
}
Event: 28.379 GC heap after
{Heap after GC invocations=3 (full 0):
 garbage-first heap   total 262144K, used 19788K [0x00000000e0000000, 0x0000000100000000)
  region size 1024K, 12 young (12288K), 12 survivors (12288K)
 Metaspace       used 21299K, committed 21504K, reserved 393216K
  class space    used 2521K, committed 2624K, reserved 327680K
}
Event: 48.032 GC heap before
{Heap before GC invocations=4 (full 0):
 garbage-first heap   total 262144K, used 111948K [0x00000000e0000000, 0x0000000100000000)
  region size 1024K, 103 young (105472K), 12 survivors (12288K)
 Metaspace       used 33445K, committed 33792K, reserved 393216K
  class space    used 4546K, committed 4736K, reserved 327680K
}
Event: 48.143 GC heap after
{Heap after GC invocations=5 (full 0):
 garbage-first heap   total 262144K, used 24727K [0x00000000e0000000, 0x0000000100000000)
  region size 1024K, 5 young (5120K), 5 survivors (5120K)
 Metaspace       used 33445K, committed 33792K, reserved 393216K
  class space    used 4546K, committed 4736K, reserved 327680K
}
Event: 61.949 GC heap before
{Heap before GC invocations=5 (full 0):
 garbage-first heap   total 262144K, used 43159K [0x00000000e0000000, 0x0000000100000000)
  region size 1024K, 24 young (24576K), 5 survivors (5120K)
 Metaspace       used 35669K, committed 35968K, reserved 393216K
  class space    used 4890K, committed 5056K, reserved 327680K
}
Event: 61.980 GC heap after
{Heap after GC invocations=6 (full 0):
 garbage-first heap   total 262144K, used 25507K [0x00000000e0000000, 0x0000000100000000)
  region size 1024K, 6 young (6144K), 6 survivors (6144K)
 Metaspace       used 35669K, committed 35968K, reserved 393216K
  class space    used 4890K, committed 5056K, reserved 327680K
}
Event: 71.694 GC heap before
{Heap before GC invocations=7 (full 0):
 garbage-first heap   total 262144K, used 182179K [0x00000000e0000000, 0x0000000100000000)
  region size 1024K, 153 young (156672K), 6 survivors (6144K)
 Metaspace       used 54792K, committed 55232K, reserved 393216K
  class space    used 7383K, committed 7616K, reserved 327680K
}
Event: 71.726 GC heap after
{Heap after GC invocations=8 (full 0):
 garbage-first heap   total 262144K, used 35439K [0x00000000e0000000, 0x0000000100000000)
  region size 1024K, 16 young (16384K), 16 survivors (16384K)
 Metaspace       used 54792K, committed 55232K, reserved 393216K
  class space    used 7383K, committed 7616K, reserved 327680K
}
Event: 75.602 GC heap before
{Heap before GC invocations=8 (full 0):
 garbage-first heap   total 262144K, used 92783K [0x00000000e0000000, 0x0000000100000000)
  region size 1024K, 73 young (74752K), 16 survivors (16384K)
 Metaspace       used 59714K, committed 60160K, reserved 393216K
  class space    used 8167K, committed 8384K, reserved 327680K
}
Event: 75.632 GC heap after
{Heap after GC invocations=9 (full 0):
 garbage-first heap   total 262144K, used 37468K [0x00000000e0000000, 0x0000000100000000)
  region size 1024K, 13 young (13312K), 13 survivors (13312K)
 Metaspace       used 59714K, committed 60160K, reserved 393216K
  class space    used 8167K, committed 8384K, reserved 327680K
}

Dll operation events (3 events):
Event: 0.041 Loaded shared library C:\Program Files\JetBrains\IntelliJ IDEA 2023.2\jbr\bin\java.dll
Event: 0.769 Loaded shared library C:\Program Files\JetBrains\IntelliJ IDEA 2023.2\jbr\bin\zip.dll
Event: 5.866 Loaded shared library C:\Program Files\JetBrains\IntelliJ IDEA 2023.2\jbr\bin\verify.dll

Deoptimization events (20 events):
Event: 102.643 Thread 0x000001c227df07e0 Uncommon trap: trap_request=0xffffffde fr.pc=0x000001c21847dab0 relative=0x0000000000000270
Event: 102.643 Thread 0x000001c227df07e0 Uncommon trap: reason=class_check action=maybe_recompile pc=0x000001c21847dab0 method=com.google.common.collect.ImmutableList.hashCode()I @ 3 c2
Event: 102.643 Thread 0x000001c227df07e0 DEOPT PACKING pc=0x000001c21847dab0 sp=0x000000563bbf87e0
Event: 102.643 Thread 0x000001c227df07e0 DEOPT UNPACKING pc=0x000001c217bf69a3 sp=0x000000563bbf8770 mode 2
Event: 102.643 Thread 0x000001c227df07e0 Uncommon trap: trap_request=0xffffffde fr.pc=0x000001c21847dab0 relative=0x0000000000000270
Event: 102.643 Thread 0x000001c227df07e0 Uncommon trap: reason=class_check action=maybe_recompile pc=0x000001c21847dab0 method=com.google.common.collect.ImmutableList.hashCode()I @ 3 c2
Event: 102.643 Thread 0x000001c227df07e0 DEOPT PACKING pc=0x000001c21847dab0 sp=0x000000563bbf8950
Event: 102.643 Thread 0x000001c227df07e0 DEOPT UNPACKING pc=0x000001c217bf69a3 sp=0x000000563bbf88e0 mode 2
Event: 102.643 Thread 0x000001c227df07e0 Uncommon trap: trap_request=0xffffffde fr.pc=0x000001c21847dab0 relative=0x0000000000000270
Event: 102.643 Thread 0x000001c227df07e0 Uncommon trap: reason=class_check action=maybe_recompile pc=0x000001c21847dab0 method=com.google.common.collect.ImmutableList.hashCode()I @ 3 c2
Event: 102.643 Thread 0x000001c227df07e0 DEOPT PACKING pc=0x000001c21847dab0 sp=0x000000563bbf87e0
Event: 102.643 Thread 0x000001c227df07e0 DEOPT UNPACKING pc=0x000001c217bf69a3 sp=0x000000563bbf8770 mode 2
Event: 102.975 Thread 0x000001c227df07e0 Uncommon trap: trap_request=0xffffff45 fr.pc=0x000001c218494368 relative=0x0000000000000068
Event: 102.975 Thread 0x000001c227df07e0 Uncommon trap: reason=unstable_if action=reinterpret pc=0x000001c218494368 method=com.esotericsoftware.kryo.io.Output.require(I)Z @ 10 c2
Event: 102.976 Thread 0x000001c227df07e0 DEOPT PACKING pc=0x000001c218494368 sp=0x000000563bbf8850
Event: 102.976 Thread 0x000001c227df07e0 DEOPT UNPACKING pc=0x000001c217bf69a3 sp=0x000000563bbf87d0 mode 2
Event: 102.992 Thread 0x000001c227df07e0 Uncommon trap: trap_request=0xffffffde fr.pc=0x000001c2184e92c8 relative=0x0000000000002ba8
Event: 102.992 Thread 0x000001c227df07e0 Uncommon trap: reason=class_check action=maybe_recompile pc=0x000001c2184e92c8 method=org.gradle.api.internal.artifacts.ivyservice.resolveengine.result.DesugaredAttributeContainerSerializer.read(Lorg/gradle/internal/serialize/Decoder;)Lorg/gradle/api/inte
Event: 102.992 Thread 0x000001c227df07e0 DEOPT PACKING pc=0x000001c2184e92c8 sp=0x000000563bbf9520
Event: 102.992 Thread 0x000001c227df07e0 DEOPT UNPACKING pc=0x000001c217bf69a3 sp=0x000000563bbf9520 mode 2

Classes unloaded (0 events):
No events

Classes redefined (0 events):
No events

Internal exceptions (20 events):
Event: 77.346 Thread 0x000001c227df07e0 Exception <a 'java/lang/ClassNotFoundException'{0x00000000ee289158}: org/gradle/api/internal/tasks/DefaultTaskContainer_DecoratedCustomizer> (0x00000000ee289158) 
thrown [s\src\hotspot\share\classfile\systemDictionary.cpp, line 256]
Event: 77.521 Thread 0x000001c227df07e0 Exception <a 'java/lang/NoSuchMethodError'{0x00000000edcb8948}: 'int java.lang.invoke.DirectMethodHandle$Holder.invokeSpecialIFC(java.lang.Object, java.lang.Object, java.lang.Object, java.lang.Object, java.lang.Object)'> (0x00000000edcb8948) 
thrown [s\src\hotspot\share\interpreter\linkResolver.cpp, line 771]
Event: 77.629 Thread 0x000001c227df07e0 Exception <a 'java/lang/NoSuchMethodError'{0x00000000ed8d03b0}: 'java.lang.Object java.lang.invoke.DirectMethodHandle$Holder.newInvokeSpecial(java.lang.Object, java.lang.Object, java.lang.Object, java.lang.Object, java.lang.Object, java.lang.Object, int)'> (0x00000000ed8d03b0) 
thrown [s\src\hotspot\share\interpreter\linkResolver.cpp, line 771]
Event: 77.630 Thread 0x000001c227df07e0 Exception <a 'java/lang/NoSuchMethodError'{0x00000000ed8d5db8}: 'java.lang.Object java.lang.invoke.DirectMethodHandle$Holder.invokeSpecial(java.lang.Object, java.lang.Object, java.lang.Object, java.lang.Object, java.lang.Object, java.lang.Object, java.lang.Object, int)'> (0x00000000ed8d5db8) 
thrown [s\src\hotspot\share\interpreter\linkResolver.cpp, line 771]
Event: 77.630 Thread 0x000001c227df07e0 Exception <a 'java/lang/NoSuchMethodError'{0x00000000ed8db190}: 'java.lang.Object java.lang.invoke.Invokers$Holder.linkToTargetMethod(java.lang.Object, java.lang.Object, java.lang.Object, java.lang.Object, java.lang.Object, int, java.lang.Object)'> (0x00000000ed8db190) 
thrown [s\src\hotspot\share\interpreter\linkResolver.cpp, line 771]
Event: 77.677 Thread 0x000001c22962b550 Implicit null exception at 0x000001c21816bc83 to 0x000001c21816be48
Event: 77.680 Thread 0x000001c22962b550 Implicit null exception at 0x000001c21839b1cb to 0x000001c21839b1f0
Event: 77.928 Thread 0x000001c22962abb0 Exception <a 'java/lang/NoSuchMethodError'{0x00000000ed58eff0}: 'void java.lang.invoke.DirectMethodHandle$Holder.invokeStatic(java.lang.Object, long)'> (0x00000000ed58eff0) 
thrown [s\src\hotspot\share\interpreter\linkResolver.cpp, line 771]
Event: 77.935 Thread 0x000001c22962abb0 Exception <a 'java/lang/NoSuchMethodError'{0x00000000ed599ed8}: 'java.lang.Object java.lang.invoke.DirectMethodHandle$Holder.invokeStatic(java.lang.Object, java.lang.Object, long, java.lang.Object)'> (0x00000000ed599ed8) 
thrown [s\src\hotspot\share\interpreter\linkResolver.cpp, line 771]
Event: 77.937 Thread 0x000001c22962abb0 Exception <a 'java/lang/NoSuchMethodError'{0x00000000ed59d6b0}: 'java.lang.Object java.lang.invoke.DirectMethodHandle$Holder.invokeStaticInit(java.lang.Object, java.lang.Object, long, java.lang.Object)'> (0x00000000ed59d6b0) 
thrown [s\src\hotspot\share\interpreter\linkResolver.cpp, line 771]
Event: 78.964 Thread 0x000001c22962abb0 Exception <a 'java/lang/NoSuchMethodError'{0x00000000ed5b0dc8}: 'void java.lang.invoke.DirectMethodHandle$Holder.invokeSpecial(java.lang.Object, java.lang.Object, int)'> (0x00000000ed5b0dc8) 
thrown [s\src\hotspot\share\interpreter\linkResolver.cpp, line 771]
Event: 83.126 Thread 0x000001c227df07e0 Exception <a 'java/lang/ClassNotFoundException'{0x00000000eb6f3b80}: org/gradle/api/internal/plugins/NaggingBasePluginConventionBeanInfo> (0x00000000eb6f3b80) 
thrown [s\src\hotspot\share\classfile\systemDictionary.cpp, line 256]
Event: 83.131 Thread 0x000001c227df07e0 Exception <a 'java/lang/ClassNotFoundException'{0x00000000eb5037d0}: org/gradle/api/plugins/BasePluginConventionBeanInfo> (0x00000000eb5037d0) 
thrown [s\src\hotspot\share\classfile\systemDictionary.cpp, line 256]
Event: 83.146 Thread 0x000001c227df07e0 Exception <a 'java/lang/ClassNotFoundException'{0x00000000eb512f08}: org/gradle/api/plugins/BasePluginConventionCustomizer> (0x00000000eb512f08) 
thrown [s\src\hotspot\share\classfile\systemDictionary.cpp, line 256]
Event: 83.443 Thread 0x000001c227df07e0 Exception <a 'java/lang/ClassNotFoundException'{0x00000000eb52ccc8}: org/gradle/api/internal/plugins/NaggingBasePluginConventionCustomizer> (0x00000000eb52ccc8) 
thrown [s\src\hotspot\share\classfile\systemDictionary.cpp, line 256]
Event: 83.449 Thread 0x000001c227df07e0 Exception <a 'java/lang/ClassNotFoundException'{0x00000000eb571ea8}: org/gradle/api/plugins/internal/NaggingJavaPluginConventionBeanInfo> (0x00000000eb571ea8) 
thrown [s\src\hotspot\share\classfile\systemDictionary.cpp, line 256]
Event: 83.451 Thread 0x000001c227df07e0 Exception <a 'java/lang/ClassNotFoundException'{0x00000000eb581960}: org/gradle/api/plugins/JavaPluginConventionBeanInfo> (0x00000000eb581960) 
thrown [s\src\hotspot\share\classfile\systemDictionary.cpp, line 256]
Event: 83.452 Thread 0x000001c227df07e0 Exception <a 'java/lang/ClassNotFoundException'{0x00000000eb591098}: org/gradle/api/plugins/JavaPluginConventionCustomizer> (0x00000000eb591098) 
thrown [s\src\hotspot\share\classfile\systemDictionary.cpp, line 256]
Event: 83.455 Thread 0x000001c227df07e0 Exception <a 'java/lang/ClassNotFoundException'{0x00000000eb5b4af8}: org/gradle/api/plugins/internal/NaggingJavaPluginConventionCustomizer> (0x00000000eb5b4af8) 
thrown [s\src\hotspot\share\classfile\systemDictionary.cpp, line 256]
Event: 93.767 Thread 0x000001c227df07e0 Exception <a 'java/lang/NoSuchMethodError'{0x00000000e9360650}: 'void java.lang.invoke.DirectMethodHandle$Holder.invokeVirtual(java.lang.Object, java.lang.Object, java.lang.Object, java.lang.Object)'> (0x00000000e9360650) 
thrown [s\src\hotspot\share\interpreter\linkResolver.cpp, line 771]

VM Operations (20 events):
Event: 92.821 Executing VM operation: Cleanup
Event: 92.841 Executing VM operation: Cleanup done
Event: 93.849 Executing VM operation: Cleanup
Event: 93.850 Executing VM operation: Cleanup done
Event: 94.850 Executing VM operation: Cleanup
Event: 94.851 Executing VM operation: Cleanup done
Event: 95.854 Executing VM operation: Cleanup
Event: 95.854 Executing VM operation: Cleanup done
Event: 97.876 Executing VM operation: Cleanup
Event: 97.969 Executing VM operation: Cleanup done
Event: 98.972 Executing VM operation: Cleanup
Event: 98.973 Executing VM operation: Cleanup done
Event: 99.985 Executing VM operation: Cleanup
Event: 99.985 Executing VM operation: Cleanup done
Event: 100.997 Executing VM operation: Cleanup
Event: 100.997 Executing VM operation: Cleanup done
Event: 102.856 Executing VM operation: HandshakeAllThreads
Event: 102.856 Executing VM operation: HandshakeAllThreads done
Event: 102.856 Executing VM operation: Cleanup
Event: 102.856 Executing VM operation: Cleanup done

Events (20 events):
Event: 86.389 Thread 0x000001c229628ed0 Thread added: 0x000001c229628ed0
Event: 86.507 Thread 0x000001c229708070 Thread added: 0x000001c229708070
Event: 86.699 Thread 0x000001c2297093b0 Thread added: 0x000001c2297093b0
Event: 86.948 Thread 0x000001c22970ba30 Thread added: 0x000001c22970ba30
Event: 87.066 Thread 0x000001c229708540 Thread added: 0x000001c229708540
Event: 87.144 Thread 0x000001c229708ee0 Thread added: 0x000001c229708ee0
Event: 87.476 Thread 0x000001c229708a10 Thread added: 0x000001c229708a10
Event: 87.769 Thread 0x000001c229709880 Thread added: 0x000001c229709880
Event: 87.876 Thread 0x000001c229709d50 Thread added: 0x000001c229709d50
Event: 88.102 Thread 0x000001c22970a220 Thread added: 0x000001c22970a220
Event: 88.678 Thread 0x000001c22970a6f0 Thread added: 0x000001c22970a6f0
Event: 88.923 Thread 0x000001c22970b090 Thread added: 0x000001c22970b090
Event: 89.193 Thread 0x000001c22970b560 Thread added: 0x000001c22970b560
Event: 89.347 Thread 0x000001c22aa116c0 Thread added: 0x000001c22aa116c0
Event: 96.931 loading class java/util/IdentityHashMap$KeyIterator
Event: 97.587 loading class java/util/IdentityHashMap$IdentityHashMapIterator
Event: 98.130 loading class java/util/IdentityHashMap$IdentityHashMapIterator done
Event: 98.130 loading class java/util/IdentityHashMap$KeyIterator done
Event: 98.181 Thread 0x000001c227def4a0 Thread exited: 0x000001c227def4a0
Event: 103.001 Thread 0x000001c228e36a20 Thread added: 0x000001c228e36a20


Dynamic libraries:
0x00007ff641cb0000 - 0x00007ff641cba000 	C:\Program Files\JetBrains\IntelliJ IDEA 2023.2\jbr\bin\java.exe
0x00007fffb5eb0000 - 0x00007fffb60c7000 	C:\WINDOWS\SYSTEM32\ntdll.dll
0x00007fffb4a30000 - 0x00007fffb4af4000 	C:\WINDOWS\System32\KERNEL32.DLL
0x00007fffb35f0000 - 0x00007fffb39a7000 	C:\WINDOWS\System32\KERNELBASE.dll
0x00007fffb3310000 - 0x00007fffb3421000 	C:\WINDOWS\System32\ucrtbase.dll
0x00007fffa3b50000 - 0x00007fffa3b67000 	C:\Program Files\JetBrains\IntelliJ IDEA 2023.2\jbr\bin\jli.dll
0x00007fffb5af0000 - 0x00007fffb5c9f000 	C:\WINDOWS\System32\USER32.dll
0x00007fffb31c0000 - 0x00007fffb31e6000 	C:\WINDOWS\System32\win32u.dll
0x00007fffb3ef0000 - 0x00007fffb3f19000 	C:\WINDOWS\System32\GDI32.dll
0x00007fffb31f0000 - 0x00007fffb3308000 	C:\WINDOWS\System32\gdi32full.dll
0x00007fffb3430000 - 0x00007fffb34ca000 	C:\WINDOWS\System32\msvcp_win.dll
0x00007fffa26c0000 - 0x00007fffa26db000 	C:\Program Files\JetBrains\IntelliJ IDEA 2023.2\jbr\bin\VCRUNTIME140.dll
0x00007fffa28c0000 - 0x00007fffa2b53000 	C:\WINDOWS\WinSxS\amd64_microsoft.windows.common-controls_6595b64144ccf1df_6.0.22621.3672_none_2713b9d173822955\COMCTL32.dll
0x00007fffb5970000 - 0x00007fffb5a17000 	C:\WINDOWS\System32\msvcrt.dll
0x00007fffb3f20000 - 0x00007fffb3f51000 	C:\WINDOWS\System32\IMM32.DLL
0x00007fffae220000 - 0x00007fffae22c000 	C:\Program Files\JetBrains\IntelliJ IDEA 2023.2\jbr\bin\vcruntime140_1.dll
0x00007fff83920000 - 0x00007fff839ad000 	C:\Program Files\JetBrains\IntelliJ IDEA 2023.2\jbr\bin\msvcp140.dll
0x00007fff58f60000 - 0x00007fff59be0000 	C:\Program Files\JetBrains\IntelliJ IDEA 2023.2\jbr\bin\server\jvm.dll
0x00007fffb4850000 - 0x00007fffb4902000 	C:\WINDOWS\System32\ADVAPI32.dll
0x00007fffb5a40000 - 0x00007fffb5ae8000 	C:\WINDOWS\System32\sechost.dll
0x00007fffb3550000 - 0x00007fffb3578000 	C:\WINDOWS\System32\bcrypt.dll
0x00007fffb4910000 - 0x00007fffb4a24000 	C:\WINDOWS\System32\RPCRT4.dll
0x00007fffa7790000 - 0x00007fffa7799000 	C:\WINDOWS\SYSTEM32\WSOCK32.dll
0x00007fffb5380000 - 0x00007fffb53f1000 	C:\WINDOWS\System32\WS2_32.dll
0x00007fffac460000 - 0x00007fffac494000 	C:\WINDOWS\SYSTEM32\WINMM.dll
0x00007fffa9120000 - 0x00007fffa912a000 	C:\WINDOWS\SYSTEM32\VERSION.dll
0x00007fffb2210000 - 0x00007fffb2228000 	C:\WINDOWS\SYSTEM32\kernel.appcore.dll
0x00007fffaed00000 - 0x00007fffaed0a000 	C:\Program Files\JetBrains\IntelliJ IDEA 2023.2\jbr\bin\jimage.dll
0x00007fffb09c0000 - 0x00007fffb0bf2000 	C:\WINDOWS\SYSTEM32\DBGHELP.DLL
0x00007fffb3f70000 - 0x00007fffb42fe000 	C:\WINDOWS\System32\combase.dll
0x00007fffb5d00000 - 0x00007fffb5dd7000 	C:\WINDOWS\System32\OLEAUT32.dll
0x00007fff9b1a0000 - 0x00007fff9b1d2000 	C:\WINDOWS\SYSTEM32\dbgcore.DLL
0x00007fffb34d0000 - 0x00007fffb354b000 	C:\WINDOWS\System32\bcryptPrimitives.dll
0x00007fffa3b70000 - 0x00007fffa3b7e000 	C:\Program Files\JetBrains\IntelliJ IDEA 2023.2\jbr\bin\instrument.dll
0x00007fffa6450000 - 0x00007fffa6475000 	C:\Program Files\JetBrains\IntelliJ IDEA 2023.2\jbr\bin\java.dll
0x00007fffaa1a0000 - 0x00007fffaa1b8000 	C:\Program Files\JetBrains\IntelliJ IDEA 2023.2\jbr\bin\zip.dll
0x00007fffb4b00000 - 0x00007fffb5369000 	C:\WINDOWS\System32\SHELL32.dll
0x00007fffb1130000 - 0x00007fffb1a2f000 	C:\WINDOWS\SYSTEM32\windows.storage.dll
0x00007fffb0ff0000 - 0x00007fffb112f000 	C:\WINDOWS\SYSTEM32\wintypes.dll
0x00007fffb55b0000 - 0x00007fffb56a9000 	C:\WINDOWS\System32\SHCORE.dll
0x00007fffb5ca0000 - 0x00007fffb5cfe000 	C:\WINDOWS\System32\shlwapi.dll
0x00007fffb30f0000 - 0x00007fffb3117000 	C:\WINDOWS\SYSTEM32\profapi.dll
0x00007fffa54c0000 - 0x00007fffa54d9000 	C:\Program Files\JetBrains\IntelliJ IDEA 2023.2\jbr\bin\net.dll
0x00007fffaba20000 - 0x00007fffabb56000 	C:\WINDOWS\SYSTEM32\WINHTTP.dll
0x00007fffb2680000 - 0x00007fffb26e9000 	C:\WINDOWS\system32\mswsock.dll
0x00007fffa54a0000 - 0x00007fffa54b6000 	C:\Program Files\JetBrains\IntelliJ IDEA 2023.2\jbr\bin\nio.dll
0x00007fffaecf0000 - 0x00007fffaed00000 	C:\Program Files\JetBrains\IntelliJ IDEA 2023.2\jbr\bin\verify.dll
0x00007fff9d520000 - 0x00007fff9d547000 	C:\Users\TUONG VY\.gradle\native\c067742578af261105cb4f569cf0c3c89f3d7b1fecec35dd04571415982c5e48\windows-amd64\native-platform.dll
0x00007fff64590000 - 0x00007fff646d4000 	C:\Users\TUONG VY\.gradle\native\100fb08df4bc3b14c8652ba06237920a3bd2aa13389f12d3474272988ae205f9\windows-amd64\native-platform-file-events.dll
0x00007fffa52e0000 - 0x00007fffa52e9000 	C:\Program Files\JetBrains\IntelliJ IDEA 2023.2\jbr\bin\management.dll
0x00007fffa5150000 - 0x00007fffa515b000 	C:\Program Files\JetBrains\IntelliJ IDEA 2023.2\jbr\bin\management_ext.dll
0x00007fffb4300000 - 0x00007fffb4308000 	C:\WINDOWS\System32\PSAPI.DLL
0x00007fffb28d0000 - 0x00007fffb28eb000 	C:\WINDOWS\SYSTEM32\CRYPTSP.dll
0x00007fffb2170000 - 0x00007fffb21a5000 	C:\WINDOWS\system32\rsaenh.dll
0x00007fffb2770000 - 0x00007fffb2798000 	C:\WINDOWS\SYSTEM32\USERENV.dll
0x00007fffb28f0000 - 0x00007fffb28fc000 	C:\WINDOWS\SYSTEM32\CRYPTBASE.dll
0x00007fffb1c90000 - 0x00007fffb1cbd000 	C:\WINDOWS\SYSTEM32\IPHLPAPI.DLL
0x00007fffb5370000 - 0x00007fffb5379000 	C:\WINDOWS\System32\NSI.dll
0x00007fffabe60000 - 0x00007fffabe79000 	C:\WINDOWS\SYSTEM32\dhcpcsvc6.DLL
0x00007fffab8e0000 - 0x00007fffab8ff000 	C:\WINDOWS\SYSTEM32\dhcpcsvc.DLL
0x00007fffb1d00000 - 0x00007fffb1e02000 	C:\WINDOWS\SYSTEM32\DNSAPI.dll
0x00007fffac300000 - 0x00007fffac30e000 	C:\Program Files\JetBrains\IntelliJ IDEA 2023.2\jbr\bin\sunmscapi.dll
0x00007fffb39b0000 - 0x00007fffb3b16000 	C:\WINDOWS\System32\CRYPT32.dll
0x00007fffb2a70000 - 0x00007fffb2a9d000 	C:\WINDOWS\SYSTEM32\ncrypt.dll
0x00007fffb2a30000 - 0x00007fffb2a67000 	C:\WINDOWS\SYSTEM32\NTASN1.dll
0x00007fffa12f0000 - 0x00007fffa12f8000 	C:\WINDOWS\system32\wshunix.dll

dbghelp: loaded successfully - version: 4.0.5 - missing functions: none
symbol engine: initialized successfully - sym options: 0x614 - pdb path: .;C:\Program Files\JetBrains\IntelliJ IDEA 2023.2\jbr\bin;C:\WINDOWS\SYSTEM32;C:\WINDOWS\WinSxS\amd64_microsoft.windows.common-controls_6595b64144ccf1df_6.0.22621.3672_none_2713b9d173822955;C:\Program Files\JetBrains\IntelliJ IDEA 2023.2\jbr\bin\server;C:\Users\TUONG VY\.gradle\native\c067742578af261105cb4f569cf0c3c89f3d7b1fecec35dd04571415982c5e48\windows-amd64;C:\Users\TUONG VY\.gradle\native\100fb08df4bc3b14c8652ba06237920a3bd2aa13389f12d3474272988ae205f9\windows-amd64

VM Arguments:
jvm_args: --add-opens=java.base/java.util=ALL-UNNAMED --add-opens=java.base/java.lang=ALL-UNNAMED --add-opens=java.base/java.lang.invoke=ALL-UNNAMED --add-opens=java.prefs/java.util.prefs=ALL-UNNAMED --add-exports=jdk.compiler/com.sun.tools.javac.api=ALL-UNNAMED --add-exports=jdk.compiler/com.sun.tools.javac.util=ALL-UNNAMED --add-opens=java.base/java.nio.charset=ALL-UNNAMED --add-opens=java.base/java.net=ALL-UNNAMED --add-opens=java.base/java.util.concurrent.atomic=ALL-UNNAMED -XX:MaxMetaspaceSize=384m -XX:+HeapDumpOnOutOfMemoryError -Xms256m -Xmx512m -Dfile.encoding=windows-1252 -Duser.country=US -Duser.language=en -Duser.variant -javaagent:C:\Users\TUONG VY\.gradle\wrapper\dists\gradle-8.10.2-bin\a04bxjujx95o3nb99gddekhwo\gradle-8.10.2\lib\agents\gradle-instrumentation-agent-8.10.2.jar 
java_command: org.gradle.launcher.daemon.bootstrap.GradleDaemon 8.10.2
java_class_path (initial): C:\Users\TUONG VY\.gradle\wrapper\dists\gradle-8.10.2-bin\a04bxjujx95o3nb99gddekhwo\gradle-8.10.2\lib\gradle-daemon-main-8.10.2.jar
Launcher Type: SUN_STANDARD

[Global flags]
     intx CICompilerCount                          = 3                                         {product} {ergonomic}
   size_t CompressedClassSpaceSize                 = 335544320                                 {product} {ergonomic}
     uint ConcGCThreads                            = 1                                         {product} {ergonomic}
     uint G1ConcRefinementThreads                  = 4                                         {product} {ergonomic}
   size_t G1HeapRegionSize                         = 1048576                                   {product} {ergonomic}
    uintx GCDrainStackTargetSize                   = 64                                        {product} {ergonomic}
     bool HeapDumpOnOutOfMemoryError               = true                                   {manageable} {command line}
   size_t InitialHeapSize                          = 268435456                                 {product} {command line}
   size_t MarkStackSize                            = 4194304                                   {product} {ergonomic}
   size_t MaxHeapSize                              = 536870912                                 {product} {command line}
   size_t MaxMetaspaceSize                         = 402653184                                 {product} {command line}
   size_t MaxNewSize                               = 321912832                                 {product} {ergonomic}
   size_t MinHeapDeltaBytes                        = 1048576                                   {product} {ergonomic}
   size_t MinHeapSize                              = 268435456                                 {product} {command line}
    uintx NonNMethodCodeHeapSize                   = 5832780                                {pd product} {ergonomic}
    uintx NonProfiledCodeHeapSize                  = 122912730                              {pd product} {ergonomic}
    uintx ProfiledCodeHeapSize                     = 122912730                              {pd product} {ergonomic}
    uintx ReservedCodeCacheSize                    = 251658240                              {pd product} {ergonomic}
     bool SegmentedCodeCache                       = true                                      {product} {ergonomic}
   size_t SoftMaxHeapSize                          = 536870912                              {manageable} {ergonomic}
     bool UseCompressedClassPointers               = true                           {product lp64_product} {ergonomic}
     bool UseCompressedOops                        = true                           {product lp64_product} {ergonomic}
     bool UseG1GC                                  = true                                      {product} {ergonomic}
     bool UseLargePagesIndividualAllocation        = false                                  {pd product} {ergonomic}

Logging:
Log output configuration:
 #0: stdout all=warning uptime,level,tags
 #1: stderr all=off uptime,level,tags

Environment Variables:
PATH=C:\Python312\Scripts\;C:\Python312\;C:\Program Files\Common Files\Oracle\Java\javapath;C:\Program Files (x86)\Common Files\Oracle\Java\javapath;C:\WINDOWS\system32;C:\WINDOWS;C:\WINDOWS\System32\Wbem;C:\WINDOWS\System32\WindowsPowerShell\v1.0\;C:\WINDOWS\System32\OpenSSH\;C:\Program Files\Git\cmd;C:\Program Files\Microsoft SQL Server\150\Tools\Binn\;C:\Program Files\Microsoft SQL Server\Client SDK\ODBC\170\Tools\Binn\;C:\Program Files\dotnet\;C:\Program Files (x86)\Windows Kits\10\Windows Performance Toolkit\;C:\Program Files\nodejs\;C:\ProgramData\chocolatey\bin;C:\Users\TUONG VY\AppData\Local\Microsoft\WindowsApps;C:\Program Files\JetBrains\IntelliJ IDEA 2023.2\bin;;D:\Microsoft VS Code\bin;D:\flutter_windows_3.19.5-stable\flutter\bin;C:\Users\TUONG VY\.dotnet\tools;C:\Users\TUONG VY\AppData\Roaming\npm
USERNAME=TUONG VY
OS=Windows_NT
PROCESSOR_IDENTIFIER=AMD64 Family 23 Model 24 Stepping 1, AuthenticAMD
TMP=C:\Users\TUONGV~1\AppData\Local\Temp
TEMP=C:\Users\TUONGV~1\AppData\Local\Temp


JNI global refs:
JNI global refs: 26, weak refs: 1

JNI global refs memory usage: 843, weak refs: 841

OOME stack traces (most recent first):
Classloader memory used:
Loader org.gradle.internal.classloader.VisitableURLClassLoader                         : 3911K
Loader bootstrap                                                                       : 2486K
Loader org.gradle.initialization.MixInLegacyTypesClassLoader                           : 1347K
Loader org.gradle.internal.classloader.VisitableURLClassLoader$InstrumentingVisitableURLClassLoader: 271K
Loader jdk.internal.loader.ClassLoaders$PlatformClassLoader                            : 69179B
Loader jdk.internal.loader.ClassLoaders$AppClassLoader                                 : 29264B
Loader jdk.internal.reflect.DelegatingClassLoader                                      : 17792B
Loader org.gradle.groovy.scripts.internal.DefaultScriptCompilationHandler$ScriptClassLoader: 11643B
Loader org.codehaus.groovy.runtime.callsite.CallSiteClassLoader                        : 2472B

Classes loaded by more than one classloader:
Class org.gradle.internal.installation.GradleInstallation                             : loaded 2 times (x 73B)
Class org.gradle.internal.classpath.ClassPath                                         : loaded 2 times (x 68B)
Class org.gradle.api.internal.classpath.DefaultModuleRegistry                         : loaded 2 times (x 84B)
Class org.gradle.api.Action                                                           : loaded 2 times (x 68B)
Class org.gradle.api.internal.DefaultClassPathProvider                                : loaded 2 times (x 74B)
Class org.gradle.internal.installation.GradleInstallation$1                           : loaded 2 times (x 73B)
Class org.gradle.internal.classloader.FilteringClassLoader                            : loaded 2 times (x 102B)
Class org.gradle.internal.classpath.DefaultClassPath$ImmutableUniqueList$Builder      : loaded 2 times (x 73B)
Class build_775mekhpeyteigwl4olvvx67q                                                 : loaded 2 times (x 178B)
Class org.gradle.internal.classloader.ClassLoaderVisitor                              : loaded 2 times (x 74B)
Class org.gradle.internal.service.DefaultServiceLocator                               : loaded 2 times (x 81B)
Class org.gradle.internal.service.UnknownServiceException                             : loaded 2 times (x 81B)
Class org.gradle.internal.classloader.DefaultClassLoaderFactory                       : loaded 2 times (x 80B)
Class org.gradle.internal.classloader.VisitableURLClassLoader$Spec                    : loaded 2 times (x 72B)
Class org.gradle.api.GradleException                                                  : loaded 2 times (x 80B)
Class org.gradle.api.internal.classpath.ModuleRegistry                                : loaded 2 times (x 68B)
Class org.gradle.api.internal.ClassPathProvider                                       : loaded 2 times (x 68B)
Class org.gradle.internal.classloader.ClasspathUtil$1                                 : loaded 2 times (x 74B)
Class org.gradle.internal.classloader.ClassLoaderFactory                              : loaded 2 times (x 68B)
Class org.gradle.api.internal.classpath.ManifestUtil                                  : loaded 2 times (x 69B)
Class org.gradle.api.specs.Spec                                                       : loaded 2 times (x 68B)
Class org.gradle.internal.IoActions                                                   : loaded 2 times (x 69B)
Class org.gradle.api.internal.classpath.EffectiveClassPath                            : loaded 2 times (x 88B)
Class org.gradle.internal.installation.CurrentGradleInstallation                      : loaded 2 times (x 71B)
Class org.gradle.internal.installation.CurrentGradleInstallationLocator               : loaded 2 times (x 69B)
Class org.gradle.api.internal.classpath.Module                                        : loaded 2 times (x 68B)
Class org.gradle.internal.service.CachingServiceLocator                               : loaded 2 times (x 80B)
Class org.gradle.internal.classpath.DefaultClassPath                                  : loaded 2 times (x 88B)
Class org.gradle.internal.classloader.SystemClassLoaderSpec                           : loaded 2 times (x 69B)
Class org.gradle.api.UncheckedIOException                                             : loaded 2 times (x 80B)
Class org.gradle.api.internal.classpath.GlobalCacheRootsProvider                      : loaded 2 times (x 68B)
Class org.gradle.internal.classloader.ClasspathUtil                                   : loaded 2 times (x 69B)
Class org.gradle.api.internal.DefaultClassPathRegistry                                : loaded 2 times (x 74B)
Class org.gradle.api.internal.classpath.DefaultModuleRegistry$DefaultModule           : loaded 2 times (x 84B)
Class org.gradle.api.internal.classpath.UnknownModuleException                        : loaded 2 times (x 80B)
Class org.gradle.internal.service.ServiceLookupException                              : loaded 2 times (x 80B)
Class [Lorg.gradle.api.internal.ClassPathProvider;                                    : loaded 2 times (x 67B)
Class org.gradle.util.internal.GUtil                                                  : loaded 2 times (x 69B)
Class org.gradle.internal.classloader.ClassLoaderSpec                                 : loaded 2 times (x 69B)
Class org.gradle.internal.classloader.InstrumentingClassLoader                        : loaded 2 times (x 68B)
Class org.gradle.internal.classloader.VisitableURLClassLoader                         : loaded 2 times (x 114B)
Class org.gradle.internal.Cast                                                        : loaded 2 times (x 69B)
Class org.gradle.api.internal.ClassPathRegistry                                       : loaded 2 times (x 68B)
Class org.gradle.internal.classloader.VisitableURLClassLoader$InstrumentingVisitableURLClassLoader: loaded 2 times (x 120B)
Class org.gradle.internal.classloader.ClassLoaderHierarchy                            : loaded 2 times (x 68B)
Class org.gradle.internal.InternalTransformer                                         : loaded 2 times (x 68B)
Class org.gradle.internal.service.ServiceLocator                                      : loaded 2 times (x 68B)
Class org.gradle.internal.classpath.DefaultClassPath$ImmutableUniqueList              : loaded 2 times (x 159B)
Class org.gradle.internal.classpath.TransformedClassPath                              : loaded 2 times (x 94B)
Class build_775mekhpeyteigwl4olvvx67q$_run_closure1                                   : loaded 2 times (x 137B)


---------------  S Y S T E M  ---------------

OS:
 Windows 11 , 64 bit Build 22621 (10.0.22621.3958)
OS uptime: 10 days 22:10 hours

CPU: total 4 (initial active 4) (4 cores per cpu, 2 threads per core) family 23 model 24 stepping 1 microcode 0x0, cx8, cmov, fxsr, ht, mmx, 3dnowpref, sse, sse2, sse3, ssse3, sse4a, sse4.1, sse4.2, popcnt, lzcnt, tsc, tscinvbit, avx, avx2, aes, clmul, bmi1, bmi2, adx, sha, fma, vzeroupper, clflush, clflushopt

Memory: 4k page, system-wide physical 3534M (517M free)
TotalPageFile size 14286M (AvailPageFile size 10M)
current process WorkingSet (physical memory assigned to process): 176M, peak: 315M
current process commit charge ("private bytes"): 467M, peak: 469M

vm_info: OpenJDK 64-Bit Server VM (17.0.7+7-b1000.6) for windows-amd64 JRE (17.0.7+7-b1000.6), built on 2023-07-07 by "builduser" with MS VC++ 16.10 / 16.11 (VS2019)

END.
