#
# There is insufficient memory for the Java Runtime Environment to continue.
# Native memory allocation (mmap) failed to map 91226112 bytes for G1 virtual space
# Possible reasons:
#   The system is out of physical RAM or swap space
#   The process is running with CompressedOops enabled, and the Java Heap may be blocking the growth of the native heap
# Possible solutions:
#   Reduce memory load on the system
#   Increase physical memory or swap space
#   Check if swap backing store is full
#   Decrease Java heap size (-Xmx/-Xms)
#   Decrease number of Java threads
#   Decrease Java thread stack sizes (-Xss)
#   Set larger code cache with -XX:ReservedCodeCacheSize=
#   JVM is running with Unscaled Compressed Oops mode in which the Java heap is
#     placed in the first 4GB address space. The Java Heap base address is the
#     maximum limit for the native heap growth. Please use -XX:HeapBaseMinAddress
#     to set the Java Heap base and to place the Java Heap above 4GB virtual address.
# This output file may be truncated or incomplete.
#
#  Out of Memory Error (os_windows.cpp:3771), pid=8568, tid=15584
#
# JRE version: OpenJDK Runtime Environment JBR-17.0.7+7-1000.6-jcef (17.0.7+7) (build 17.0.7+7-b1000.6)
# Java VM: OpenJDK 64-Bit Server VM JBR-17.0.7+7-1000.6-jcef (17.0.7+7-b1000.6, mixed mode, emulated-client, tiered, compressed oops, compressed class ptrs, g1 gc, windows-amd64)
# No core dump will be written. Minidumps are not enabled by default on client versions of Windows
#

---------------  S U M M A R Y ------------

Command Line: -XX:TieredStopAtLevel=1 -Dspring.output.ansi.enabled=always -Dcom.sun.management.jmxremote -Dspring.jmx.enabled=true -Dspring.liveBeansView.mbeanDomain -Dspring.application.admin.enabled=true -Dmanagement.endpoints.jmx.exposure.include=* -javaagent:C:\Program Files\JetBrains\IntelliJ IDEA 2023.2\lib\idea_rt.jar=55218:C:\Program Files\JetBrains\IntelliJ IDEA 2023.2\bin -Dfile.encoding=UTF-8 com.example.projectc1023i1.ProjectC1023I1Application

Host: AMD Ryzen 3 3250U with Radeon Graphics         , 4 cores, 3G,  Windows 11 , 64 bit Build 22621 (10.0.22621.3958)
Time: Tue Oct 29 21:47:56 2024 SE Asia Standard Time elapsed time: 29.557704 seconds (0d 0h 0m 29s)

---------------  T H R E A D  ---------------

Current thread (0x00000258bb8c73b0):  VMThread "VM Thread" [stack: 0x000000e012300000,0x000000e012400000] [id=15584]

Stack: [0x000000e012300000,0x000000e012400000]
Native frames: (J=compiled Java code, j=interpreted, Vv=VM code, C=native code)
V  [jvm.dll+0x683bfa]
V  [jvm.dll+0x8430a4]
V  [jvm.dll+0x8449be]
V  [jvm.dll+0x845023]
V  [jvm.dll+0x24ad2f]
V  [jvm.dll+0x680ac9]
V  [jvm.dll+0x67519a]
V  [jvm.dll+0x30b3cb]
V  [jvm.dll+0x312876]
V  [jvm.dll+0x36221e]
V  [jvm.dll+0x36244f]
V  [jvm.dll+0x2e14a8]
V  [jvm.dll+0x2df684]
V  [jvm.dll+0x2dec8c]
V  [jvm.dll+0x32382b]
V  [jvm.dll+0x8496eb]
V  [jvm.dll+0x84a424]
V  [jvm.dll+0x84a93d]
V  [jvm.dll+0x84ad14]
V  [jvm.dll+0x84ade0]
V  [jvm.dll+0x7f2aea]
V  [jvm.dll+0x682a35]
C  [ucrtbase.dll+0x29333]
C  [KERNEL32.DLL+0x1257d]
C  [ntdll.dll+0x5af08]

VM_Operation (0x000000e0137fb710): G1CollectForAllocation, mode: safepoint, requested by thread 0x00000258c0cb17d0


---------------  P R O C E S S  ---------------

Threads class SMR info:
_java_thread_list=0x00000258c272ab60, length=24, elements={
0x00000258b0daa580, 0x00000258bb8cc780, 0x00000258bb8cd5f0, 0x00000258bb8eb850,
0x00000258bb8ed410, 0x00000258bb8efdd0, 0x00000258bb8f0780, 0x00000258bbb78da0,
0x00000258bbb7df40, 0x00000258bbc1e430, 0x00000258c01da280, 0x00000258c01df710,
0x00000258c044d120, 0x00000258c0457b30, 0x00000258c070f280, 0x00000258c071aa50,
0x00000258c0cb17d0, 0x00000258c14fdbb0, 0x00000258c14fd210, 0x00000258c14fcd40,
0x00000258c0652020, 0x00000258c14fba00, 0x00000258c14fc3a0, 0x00000258c14fbed0
}

Java Threads: ( => current thread )
  0x00000258b0daa580 JavaThread "main" [_thread_blocked, id=9928, stack(0x000000e011d00000,0x000000e011e00000)]
  0x00000258bb8cc780 JavaThread "Reference Handler" daemon [_thread_blocked, id=1116, stack(0x000000e012400000,0x000000e012500000)]
  0x00000258bb8cd5f0 JavaThread "Finalizer" daemon [_thread_blocked, id=17964, stack(0x000000e012500000,0x000000e012600000)]
  0x00000258bb8eb850 JavaThread "Signal Dispatcher" daemon [_thread_blocked, id=11960, stack(0x000000e012600000,0x000000e012700000)]
  0x00000258bb8ed410 JavaThread "Attach Listener" daemon [_thread_blocked, id=9800, stack(0x000000e012700000,0x000000e012800000)]
  0x00000258bb8efdd0 JavaThread "Service Thread" daemon [_thread_blocked, id=19112, stack(0x000000e012800000,0x000000e012900000)]
  0x00000258bb8f0780 JavaThread "Monitor Deflation Thread" daemon [_thread_blocked, id=2652, stack(0x000000e012900000,0x000000e012a00000)]
  0x00000258bbb78da0 JavaThread "C1 CompilerThread0" daemon [_thread_blocked, id=16904, stack(0x000000e012a00000,0x000000e012b00000)]
  0x00000258bbb7df40 JavaThread "Sweeper thread" daemon [_thread_blocked, id=8512, stack(0x000000e012b00000,0x000000e012c00000)]
  0x00000258bbc1e430 JavaThread "Common-Cleaner" daemon [_thread_blocked, id=1944, stack(0x000000e012c00000,0x000000e012d00000)]
  0x00000258c01da280 JavaThread "Monitor Ctrl-Break" daemon [_thread_in_native, id=6560, stack(0x000000e012d00000,0x000000e012e00000)]
  0x00000258c01df710 JavaThread "Notification Thread" daemon [_thread_blocked, id=11908, stack(0x000000e012e00000,0x000000e012f00000)]
  0x00000258c044d120 JavaThread "RMI TCP Accept-0" daemon [_thread_in_native, id=3776, stack(0x000000e012f00000,0x000000e013000000)]
  0x00000258c0457b30 JavaThread "RMI TCP Connection(2)-192.168.1.6" daemon [_thread_in_native, id=12456, stack(0x000000e013400000,0x000000e013500000)]
  0x00000258c070f280 JavaThread "RMI Scheduler(0)" daemon [_thread_blocked, id=15084, stack(0x000000e013500000,0x000000e013600000)]
  0x00000258c071aa50 JavaThread "Thread-0" [_thread_blocked, id=14272, stack(0x000000e013600000,0x000000e013700000)]
  0x00000258c0cb17d0 JavaThread "restartedMain" [_thread_blocked, id=19204, stack(0x000000e013700000,0x000000e013800000)]
  0x00000258c14fdbb0 JavaThread "RMI TCP Connection(3)-192.168.1.6" daemon [_thread_in_native, id=18456, stack(0x000000e013800000,0x000000e013900000)]
  0x00000258c14fd210 JavaThread "mysql-cj-abandoned-connection-cleanup" daemon [_thread_blocked, id=17216, stack(0x000000e013900000,0x000000e013a00000)]
  0x00000258c14fcd40 JavaThread "HikariPool-1 housekeeper" daemon [_thread_blocked, id=10920, stack(0x000000e013b00000,0x000000e013c00000)]
  0x00000258c0652020 JavaThread "C1 CompilerThread1" daemon [_thread_blocked, id=14408, stack(0x000000e013c00000,0x000000e013d00000)]
  0x00000258c14fba00 JavaThread "Catalina-utility-1" [_thread_blocked, id=6952, stack(0x000000e013d00000,0x000000e013e00000)]
  0x00000258c14fc3a0 JavaThread "Catalina-utility-2" [_thread_blocked, id=11292, stack(0x000000e013e00000,0x000000e013f00000)]
  0x00000258c14fbed0 JavaThread "container-0" [_thread_blocked, id=8052, stack(0x000000e013f00000,0x000000e014000000)]

Other Threads:
=>0x00000258bb8c73b0 VMThread "VM Thread" [stack: 0x000000e012300000,0x000000e012400000] [id=15584]
  0x00000258b0dab600 WatcherThread [stack: 0x000000e013000000,0x000000e013100000] [id=4524]
  0x00000258b0de2fa0 GCTaskThread "GC Thread#0" [stack: 0x000000e011e00000,0x000000e011f00000] [id=8244]
  0x00000258c048ada0 GCTaskThread "GC Thread#1" [stack: 0x000000e013100000,0x000000e013200000] [id=8744]
  0x00000258c04bfb00 GCTaskThread "GC Thread#2" [stack: 0x000000e013200000,0x000000e013300000] [id=9624]
  0x00000258c04c41c0 GCTaskThread "GC Thread#3" [stack: 0x000000e013300000,0x000000e013400000] [id=7480]
  0x00000258b0df91c0 ConcurrentGCThread "G1 Main Marker" [stack: 0x000000e011f00000,0x000000e012000000] [id=12716]
  0x00000258b0df9bd0 ConcurrentGCThread "G1 Conc#0" [stack: 0x000000e012000000,0x000000e012100000] [id=12940]
  0x00000258b0e35f80 ConcurrentGCThread "G1 Refine#0" [stack: 0x000000e012100000,0x000000e012200000] [id=11008]
  0x00000258b0e369a0 ConcurrentGCThread "G1 Service" [stack: 0x000000e012200000,0x000000e012300000] [id=7608]

Threads with active compile tasks:

VM state: at safepoint (normal execution)

VM Mutex/Monitor currently owned by a thread:  ([mutex/lock_event])
[0x00000258b0da5fc0] Threads_lock - owner thread: 0x00000258bb8c73b0
[0x00000258b0da4ee0] Heap_lock - owner thread: 0x00000258c0cb17d0

Heap address: 0x00000000c8c00000, size: 884 MB, Compressed Oops mode: 32-bit

CDS archive(s) not mapped
Compressed class space mapped at: 0x0000000100000000-0x0000000140000000, reserved size: 1073741824
Narrow klass base: 0x0000000000000000, Narrow klass shift: 3, Narrow klass range: 0x140000000

GC Precious Log:
 CPUs: 4 total, 4 available
 Memory: 3534M
 Large Page Support: Disabled
 NUMA Support: Disabled
 Compressed Oops: Enabled (32-bit)
 Heap Region Size: 1M
 Heap Min Capacity: 8M
 Heap Initial Capacity: 56M
 Heap Max Capacity: 884M
 Pre-touch: Disabled
 Parallel Workers: 4
 Concurrent Workers: 1
 Concurrent Refinement Workers: 4
 Periodic GC: Disabled

Heap:
 garbage-first heap   total 89088K, used 39820K [0x00000000c8c00000, 0x0000000100000000)
  region size 1024K, 1 young (1024K), 1 survivors (1024K)
 Metaspace       used 79682K, committed 80256K, reserved 1179648K
  class space    used 11506K, committed 11776K, reserved 1048576K

Heap Regions: E=young(eden), S=young(survivor), O=old, HS=humongous(starts), HC=humongous(continues), CS=collection set, F=free, OA=open archive, CA=closed archive, TAMS=top-at-mark-start (previous, next)
|   0|0x00000000c8c00000, 0x00000000c8d00000, 0x00000000c8d00000|100%|HS|  |TAMS 0x00000000c8d00000, 0x00000000c8c00000| Complete 
|   1|0x00000000c8d00000, 0x00000000c8e00000, 0x00000000c8e00000|100%| O|  |TAMS 0x00000000c8e00000, 0x00000000c8d00000| Untracked 
|   2|0x00000000c8e00000, 0x00000000c8f00000, 0x00000000c8f00000|100%| O|  |TAMS 0x00000000c8f00000, 0x00000000c8e00000| Untracked 
|   3|0x00000000c8f00000, 0x00000000c9000000, 0x00000000c9000000|100%| O|  |TAMS 0x00000000c9000000, 0x00000000c8f00000| Untracked 
|   4|0x00000000c9000000, 0x00000000c9100000, 0x00000000c9100000|100%| O|  |TAMS 0x00000000c9100000, 0x00000000c9000000| Untracked 
|   5|0x00000000c9100000, 0x00000000c9200000, 0x00000000c9200000|100%| O|  |TAMS 0x00000000c9200000, 0x00000000c9100000| Untracked 
|   6|0x00000000c9200000, 0x00000000c9300000, 0x00000000c9300000|100%| O|  |TAMS 0x00000000c9300000, 0x00000000c9200000| Untracked 
|   7|0x00000000c9300000, 0x00000000c9400000, 0x00000000c9400000|100%| O|  |TAMS 0x00000000c9400000, 0x00000000c9300000| Untracked 
|   8|0x00000000c9400000, 0x00000000c9400000, 0x00000000c9500000|  0%| F|  |TAMS 0x00000000c9400000, 0x00000000c9400000| Untracked 
|   9|0x00000000c9500000, 0x00000000c9600000, 0x00000000c9600000|100%| O|  |TAMS 0x00000000c9600000, 0x00000000c9500000| Untracked 
|  10|0x00000000c9600000, 0x00000000c9700000, 0x00000000c9700000|100%| O|  |TAMS 0x00000000c9700000, 0x00000000c9600000| Untracked 
|  11|0x00000000c9700000, 0x00000000c9800000, 0x00000000c9800000|100%| O|  |TAMS 0x00000000c9800000, 0x00000000c9700000| Untracked 
|  12|0x00000000c9800000, 0x00000000c9900000, 0x00000000c9900000|100%| O|  |TAMS 0x00000000c9900000, 0x00000000c9800000| Untracked 
|  13|0x00000000c9900000, 0x00000000c9a00000, 0x00000000c9a00000|100%| O|  |TAMS 0x00000000c9a00000, 0x00000000c9900000| Untracked 
|  14|0x00000000c9a00000, 0x00000000c9b00000, 0x00000000c9b00000|100%| O|  |TAMS 0x00000000c9b00000, 0x00000000c9a00000| Untracked 
|  15|0x00000000c9b00000, 0x00000000c9c00000, 0x00000000c9c00000|100%| O|  |TAMS 0x00000000c9c00000, 0x00000000c9b00000| Untracked 
|  16|0x00000000c9c00000, 0x00000000c9d00000, 0x00000000c9d00000|100%| O|  |TAMS 0x00000000c9d00000, 0x00000000c9c00000| Untracked 
|  17|0x00000000c9d00000, 0x00000000c9e00000, 0x00000000c9e00000|100%| O|  |TAMS 0x00000000c9e00000, 0x00000000c9d00000| Untracked 
|  18|0x00000000c9e00000, 0x00000000c9f00000, 0x00000000c9f00000|100%| O|  |TAMS 0x00000000c9f00000, 0x00000000c9e00000| Untracked 
|  19|0x00000000c9f00000, 0x00000000ca000000, 0x00000000ca000000|100%| O|  |TAMS 0x00000000ca000000, 0x00000000c9f00000| Untracked 
|  20|0x00000000ca000000, 0x00000000ca100000, 0x00000000ca100000|100%| O|  |TAMS 0x00000000ca100000, 0x00000000ca000000| Untracked 
|  21|0x00000000ca100000, 0x00000000ca200000, 0x00000000ca200000|100%| O|  |TAMS 0x00000000ca200000, 0x00000000ca100000| Untracked 
|  22|0x00000000ca200000, 0x00000000ca300000, 0x00000000ca300000|100%| O|  |TAMS 0x00000000ca300000, 0x00000000ca200000| Untracked 
|  23|0x00000000ca300000, 0x00000000ca400000, 0x00000000ca400000|100%| O|  |TAMS 0x00000000ca400000, 0x00000000ca300000| Untracked 
|  24|0x00000000ca400000, 0x00000000ca500000, 0x00000000ca500000|100%| O|  |TAMS 0x00000000ca500000, 0x00000000ca400000| Untracked 
|  25|0x00000000ca500000, 0x00000000ca600000, 0x00000000ca600000|100%| O|  |TAMS 0x00000000ca600000, 0x00000000ca500000| Untracked 
|  26|0x00000000ca600000, 0x00000000ca700000, 0x00000000ca700000|100%| O|  |TAMS 0x00000000ca700000, 0x00000000ca600000| Untracked 
|  27|0x00000000ca700000, 0x00000000ca800000, 0x00000000ca800000|100%| O|  |TAMS 0x00000000ca800000, 0x00000000ca700000| Untracked 
|  28|0x00000000ca800000, 0x00000000ca900000, 0x00000000ca900000|100%| O|  |TAMS 0x00000000ca900000, 0x00000000ca800000| Untracked 
|  29|0x00000000ca900000, 0x00000000caa00000, 0x00000000caa00000|100%| O|  |TAMS 0x00000000caa00000, 0x00000000ca900000| Untracked 
|  30|0x00000000caa00000, 0x00000000cab00000, 0x00000000cab00000|100%| O|  |TAMS 0x00000000cab00000, 0x00000000caa00000| Untracked 
|  31|0x00000000cab00000, 0x00000000cac00000, 0x00000000cac00000|100%| O|  |TAMS 0x00000000cac00000, 0x00000000cab00000| Untracked 
|  32|0x00000000cac00000, 0x00000000cad00000, 0x00000000cad00000|100%| O|  |TAMS 0x00000000cad00000, 0x00000000cac00000| Untracked 
|  33|0x00000000cad00000, 0x00000000cae00000, 0x00000000cae00000|100%| O|  |TAMS 0x00000000cae00000, 0x00000000cad00000| Untracked 
|  34|0x00000000cae00000, 0x00000000caf00000, 0x00000000caf00000|100%| O|  |TAMS 0x00000000caf00000, 0x00000000cae00000| Untracked 
|  35|0x00000000caf00000, 0x00000000caf00000, 0x00000000cb000000|  0%| F|  |TAMS 0x00000000caf00000, 0x00000000caf00000| Untracked 
|  36|0x00000000cb000000, 0x00000000cb100000, 0x00000000cb100000|100%| O|  |TAMS 0x00000000cb000000, 0x00000000cb000000| Untracked 
|  37|0x00000000cb100000, 0x00000000cb200000, 0x00000000cb200000|100%| O|  |TAMS 0x00000000cb100000, 0x00000000cb100000| Untracked 
|  38|0x00000000cb200000, 0x00000000cb268a00, 0x00000000cb300000| 40%| O|  |TAMS 0x00000000cb200000, 0x00000000cb200000| Untracked 
|  39|0x00000000cb300000, 0x00000000cb300000, 0x00000000cb400000|  0%| F|  |TAMS 0x00000000cb300000, 0x00000000cb300000| Untracked 
|  40|0x00000000cb400000, 0x00000000cb400000, 0x00000000cb500000|  0%| F|  |TAMS 0x00000000cb400000, 0x00000000cb400000| Untracked 
|  41|0x00000000cb500000, 0x00000000cb500000, 0x00000000cb600000|  0%| F|  |TAMS 0x00000000cb500000, 0x00000000cb500000| Untracked 
|  42|0x00000000cb600000, 0x00000000cb600000, 0x00000000cb700000|  0%| F|  |TAMS 0x00000000cb600000, 0x00000000cb600000| Untracked 
|  43|0x00000000cb700000, 0x00000000cb700000, 0x00000000cb800000|  0%| F|  |TAMS 0x00000000cb700000, 0x00000000cb700000| Untracked 
|  44|0x00000000cb800000, 0x00000000cb800000, 0x00000000cb900000|  0%| F|  |TAMS 0x00000000cb800000, 0x00000000cb800000| Untracked 
|  45|0x00000000cb900000, 0x00000000cb900000, 0x00000000cba00000|  0%| F|  |TAMS 0x00000000cb900000, 0x00000000cb900000| Untracked 
|  46|0x00000000cba00000, 0x00000000cbb00000, 0x00000000cbb00000|100%| O|  |TAMS 0x00000000cbb00000, 0x00000000cba00000| Untracked 
|  47|0x00000000cbb00000, 0x00000000cbb00000, 0x00000000cbc00000|  0%| F|  |TAMS 0x00000000cbb00000, 0x00000000cbb00000| Untracked 
|  48|0x00000000cbc00000, 0x00000000cbc00000, 0x00000000cbd00000|  0%| F|  |TAMS 0x00000000cbc00000, 0x00000000cbc00000| Untracked 
|  49|0x00000000cbd00000, 0x00000000cbe00000, 0x00000000cbe00000|100%| O|  |TAMS 0x00000000cbda3e00, 0x00000000cbd00000| Untracked 
|  50|0x00000000cbe00000, 0x00000000cbe00000, 0x00000000cbf00000|  0%| F|  |TAMS 0x00000000cbe00000, 0x00000000cbe00000| Untracked 
|  51|0x00000000cbf00000, 0x00000000cbf00000, 0x00000000cc000000|  0%| F|  |TAMS 0x00000000cbf00000, 0x00000000cbf00000| Untracked 
|  52|0x00000000cc000000, 0x00000000cc000000, 0x00000000cc100000|  0%| F|  |TAMS 0x00000000cc000000, 0x00000000cc000000| Untracked 
|  53|0x00000000cc100000, 0x00000000cc100000, 0x00000000cc200000|  0%| F|  |TAMS 0x00000000cc100000, 0x00000000cc100000| Untracked 
|  54|0x00000000cc200000, 0x00000000cc200000, 0x00000000cc300000|  0%| F|  |TAMS 0x00000000cc200000, 0x00000000cc200000| Untracked 
|  55|0x00000000cc300000, 0x00000000cc300000, 0x00000000cc400000|  0%| F|  |TAMS 0x00000000cc300000, 0x00000000cc300000| Untracked 
|  56|0x00000000cc400000, 0x00000000cc400000, 0x00000000cc500000|  0%| F|  |TAMS 0x00000000cc400000, 0x00000000cc400000| Untracked 
|  57|0x00000000cc500000, 0x00000000cc500000, 0x00000000cc600000|  0%| F|  |TAMS 0x00000000cc500000, 0x00000000cc500000| Untracked 
|  58|0x00000000cc600000, 0x00000000cc600000, 0x00000000cc700000|  0%| F|  |TAMS 0x00000000cc600000, 0x00000000cc600000| Untracked 
|  59|0x00000000cc700000, 0x00000000cc700000, 0x00000000cc800000|  0%| F|  |TAMS 0x00000000cc700000, 0x00000000cc700000| Untracked 
|  60|0x00000000cc800000, 0x00000000cc800000, 0x00000000cc900000|  0%| F|  |TAMS 0x00000000cc800000, 0x00000000cc800000| Untracked 
|  61|0x00000000cc900000, 0x00000000cc900000, 0x00000000cca00000|  0%| F|  |TAMS 0x00000000cc900000, 0x00000000cc900000| Untracked 
|  62|0x00000000cca00000, 0x00000000cca00000, 0x00000000ccb00000|  0%| F|  |TAMS 0x00000000cca00000, 0x00000000cca00000| Untracked 
|  63|0x00000000ccb00000, 0x00000000ccb00000, 0x00000000ccc00000|  0%| F|  |TAMS 0x00000000ccb00000, 0x00000000ccb00000| Untracked 
|  64|0x00000000ccc00000, 0x00000000ccc00000, 0x00000000ccd00000|  0%| F|  |TAMS 0x00000000ccc00000, 0x00000000ccc00000| Untracked 
|  65|0x00000000ccd00000, 0x00000000ccd00000, 0x00000000cce00000|  0%| F|  |TAMS 0x00000000ccd00000, 0x00000000ccd00000| Untracked 
|  66|0x00000000cce00000, 0x00000000cce00000, 0x00000000ccf00000|  0%| F|  |TAMS 0x00000000cce00000, 0x00000000cce00000| Untracked 
|  67|0x00000000ccf00000, 0x00000000ccf00000, 0x00000000cd000000|  0%| F|  |TAMS 0x00000000ccf00000, 0x00000000ccf00000| Untracked 
|  68|0x00000000cd000000, 0x00000000cd000000, 0x00000000cd100000|  0%| F|  |TAMS 0x00000000cd000000, 0x00000000cd000000| Untracked 
|  69|0x00000000cd100000, 0x00000000cd100000, 0x00000000cd200000|  0%| F|  |TAMS 0x00000000cd100000, 0x00000000cd100000| Untracked 
|  70|0x00000000cd200000, 0x00000000cd200000, 0x00000000cd300000|  0%| F|  |TAMS 0x00000000cd200000, 0x00000000cd200000| Untracked 
|  71|0x00000000cd300000, 0x00000000cd300000, 0x00000000cd400000|  0%| F|  |TAMS 0x00000000cd300000, 0x00000000cd300000| Untracked 
|  72|0x00000000cd400000, 0x00000000cd400000, 0x00000000cd500000|  0%| F|  |TAMS 0x00000000cd400000, 0x00000000cd400000| Untracked 
|  73|0x00000000cd500000, 0x00000000cd500000, 0x00000000cd600000|  0%| F|  |TAMS 0x00000000cd500000, 0x00000000cd500000| Untracked 
|  74|0x00000000cd600000, 0x00000000cd600000, 0x00000000cd700000|  0%| F|  |TAMS 0x00000000cd600000, 0x00000000cd600000| Untracked 
|  75|0x00000000cd700000, 0x00000000cd700000, 0x00000000cd800000|  0%| F|  |TAMS 0x00000000cd700000, 0x00000000cd700000| Untracked 
|  76|0x00000000cd800000, 0x00000000cd800000, 0x00000000cd900000|  0%| F|  |TAMS 0x00000000cd800000, 0x00000000cd800000| Untracked 
|  77|0x00000000cd900000, 0x00000000cd900000, 0x00000000cda00000|  0%| F|  |TAMS 0x00000000cd900000, 0x00000000cd900000| Untracked 
|  78|0x00000000cda00000, 0x00000000cda00000, 0x00000000cdb00000|  0%| F|  |TAMS 0x00000000cda00000, 0x00000000cda00000| Untracked 
|  79|0x00000000cdb00000, 0x00000000cdb00000, 0x00000000cdc00000|  0%| F|  |TAMS 0x00000000cdb00000, 0x00000000cdb00000| Untracked 
|  80|0x00000000cdc00000, 0x00000000cdc00000, 0x00000000cdd00000|  0%| F|  |TAMS 0x00000000cdc00000, 0x00000000cdc00000| Untracked 
|  81|0x00000000cdd00000, 0x00000000cdd00000, 0x00000000cde00000|  0%| F|  |TAMS 0x00000000cdd00000, 0x00000000cdd00000| Untracked 
|  82|0x00000000cde00000, 0x00000000cde7a630, 0x00000000cdf00000| 47%| S|CS|TAMS 0x00000000cde00000, 0x00000000cde00000| Complete 
|  83|0x00000000cdf00000, 0x00000000cdf00000, 0x00000000ce000000|  0%| F|  |TAMS 0x00000000cdf00000, 0x00000000cdf00000| Untracked 
|  84|0x00000000ce000000, 0x00000000ce000000, 0x00000000ce100000|  0%| F|  |TAMS 0x00000000ce000000, 0x00000000ce000000| Untracked 
|  85|0x00000000ce100000, 0x00000000ce100000, 0x00000000ce200000|  0%| F|  |TAMS 0x00000000ce100000, 0x00000000ce100000| Untracked 
|  86|0x00000000ce200000, 0x00000000ce200000, 0x00000000ce300000|  0%| F|  |TAMS 0x00000000ce200000, 0x00000000ce200000| Untracked 

Card table byte_map: [0x00000258b7500000,0x00000258b76c0000] _byte_map_base: 0x00000258b6eba000

Marking Bits (Prev, Next): (CMBitMap*) 0x00000258b0de35b0, (CMBitMap*) 0x00000258b0de35f0
 Prev Bits: [0x00000258b7880000, 0x00000258b8650000)
 Next Bits: [0x00000258b8650000, 0x00000258b9420000)

Polling page: 0x00000258aef20000

Metaspace:

Usage:
  Non-class:     66.58 MB used.
      Class:     11.24 MB used.
       Both:     77.81 MB used.

Virtual space:
  Non-class space:      128.00 MB reserved,      66.88 MB ( 52%) committed,  2 nodes.
      Class space:        1.00 GB reserved,      11.50 MB (  1%) committed,  1 nodes.
             Both:        1.12 GB reserved,      78.38 MB (  7%) committed. 

Chunk freelists:
   Non-Class:  13.16 MB
       Class:  4.48 MB
        Both:  17.64 MB

MaxMetaspaceSize: unlimited
CompressedClassSpaceSize: 1.00 GB
Initial GC threshold: 21.00 MB
Current GC threshold: 127.19 MB
CDS: off
MetaspaceReclaimPolicy: balanced
 - commit_granule_bytes: 65536.
 - commit_granule_words: 8192.
 - virtual_space_node_default_size: 8388608.
 - enlarge_chunks_in_place: 1.
 - new_chunks_are_fully_committed: 0.
 - uncommit_free_chunks: 1.
 - use_allocation_guard: 0.
 - handle_deallocations: 1.


Internal statistics:

num_allocs_failed_limit: 6.
num_arena_births: 850.
num_arena_deaths: 0.
num_vsnodes_births: 3.
num_vsnodes_deaths: 0.
num_space_committed: 1254.
num_space_uncommitted: 0.
num_chunks_returned_to_freelist: 6.
num_chunks_taken_from_freelist: 3452.
num_chunk_merges: 3.
num_chunk_splits: 2504.
num_chunks_enlarged: 1980.
num_inconsistent_stats: 0.

CodeCache: size=49152Kb used=12361Kb max_used=12404Kb free=36790Kb
 bounds [0x00000258b4500000, 0x00000258b5130000, 0x00000258b7500000]
 total_blobs=7643 nmethods=6973 adapters=595
 compilation: enabled
              stopped_count=0, restarted_count=0
 full_count=0

Compilation events (20 events):
Event: 29.517 Thread 0x00000258c0652020 nmethod 6966 0x00000258b50bbe10 code [0x00000258b50bbfa0, 0x00000258b50bc0b8]
Event: 29.518 Thread 0x00000258bbb78da0 nmethod 6965 0x00000258b50bb910 code [0x00000258b50bbac0, 0x00000258b50bbce8]
Event: 29.520 Thread 0x00000258bbb78da0 6967       1       org.springframework.data.util.Streamable$$Lambda$546/0x0000000100492610::iterator (10 bytes)
Event: 29.520 Thread 0x00000258bbb78da0 nmethod 6967 0x00000258b50bb610 code [0x00000258b50bb7a0, 0x00000258b50bb888]
Event: 29.522 Thread 0x00000258bbb78da0 6968   !   1       jdk.proxy2.$Proxy141::annotationType (29 bytes)
Event: 29.522 Thread 0x00000258c0652020 6969       1       org.hibernate.internal.AbstractSharedSessionContract::getJdbcSessionContext (5 bytes)
Event: 29.523 Thread 0x00000258c0652020 nmethod 6969 0x00000258b50bb310 code [0x00000258b50bb4a0, 0x00000258b50bb578]
Event: 29.523 Thread 0x00000258bbb78da0 nmethod 6968 0x00000258b50bae10 code [0x00000258b50bafc0, 0x00000258b50bb1d8]
Event: 29.523 Thread 0x00000258c0652020 6970       1       org.hibernate.internal.AbstractSharedSessionContract::getTransactionCoordinator (5 bytes)
Event: 29.524 Thread 0x00000258c0652020 nmethod 6970 0x00000258b50bab10 code [0x00000258b50baca0, 0x00000258b50bad78]
Event: 29.525 Thread 0x00000258c0652020 6971       1       java.util.ImmutableCollections$List12::<init> (20 bytes)
Event: 29.526 Thread 0x00000258c0652020 nmethod 6971 0x00000258b50ba690 code [0x00000258b50ba840, 0x00000258b50baa68]
Event: 29.529 Thread 0x00000258c0652020 6972       1       org.hibernate.internal.AbstractSharedSessionContract::getFactory (5 bytes)
Event: 29.529 Thread 0x00000258c0652020 nmethod 6972 0x00000258b50ba390 code [0x00000258b50ba520, 0x00000258b50ba5f8]
Event: 29.531 Thread 0x00000258c0652020 6973       1       java.util.regex.Matcher::group (112 bytes)
Event: 29.531 Thread 0x00000258bbb78da0 6974       1       java.util.regex.Matcher::groupCount (10 bytes)
Event: 29.532 Thread 0x00000258bbb78da0 nmethod 6974 0x00000258b50ba090 code [0x00000258b50ba220, 0x00000258b50ba2f8]
Event: 29.533 Thread 0x00000258c0652020 nmethod 6973 0x00000258b50b9610 code [0x00000258b50b9840, 0x00000258b50b9da8]
Event: 29.533 Thread 0x00000258bbb78da0 6975       1       org.springframework.core.annotation.AnnotationTypeMapping::isSynthesizable (5 bytes)
Event: 29.534 Thread 0x00000258bbb78da0 nmethod 6975 0x00000258b50b9310 code [0x00000258b50b94a0, 0x00000258b50b9578]

GC Heap History (20 events):
Event: 22.751 GC heap after
{Heap after GC invocations=30 (full 0):
 garbage-first heap   total 70656K, used 31773K [0x00000000c8c00000, 0x0000000100000000)
  region size 1024K, 1 young (1024K), 1 survivors (1024K)
 Metaspace       used 72707K, committed 73280K, reserved 1114112K
  class space    used 10253K, committed 10496K, reserved 1048576K
}
Event: 25.631 GC heap before
{Heap before GC invocations=30 (full 0):
 garbage-first heap   total 70656K, used 56349K [0x00000000c8c00000, 0x0000000100000000)
  region size 1024K, 26 young (26624K), 1 survivors (1024K)
 Metaspace       used 75140K, committed 75712K, reserved 1114112K
  class space    used 10708K, committed 10944K, reserved 1048576K
}
Event: 25.635 GC heap after
{Heap after GC invocations=31 (full 0):
 garbage-first heap   total 70656K, used 32963K [0x00000000c8c00000, 0x0000000100000000)
  region size 1024K, 2 young (2048K), 2 survivors (2048K)
 Metaspace       used 75140K, committed 75712K, reserved 1114112K
  class space    used 10708K, committed 10944K, reserved 1048576K
}
Event: 27.394 GC heap before
{Heap before GC invocations=31 (full 0):
 garbage-first heap   total 70656K, used 56515K [0x00000000c8c00000, 0x0000000100000000)
  region size 1024K, 26 young (26624K), 2 survivors (2048K)
 Metaspace       used 76771K, committed 77376K, reserved 1179648K
  class space    used 11070K, committed 11328K, reserved 1048576K
}
Event: 27.402 GC heap after
{Heap after GC invocations=32 (full 0):
 garbage-first heap   total 70656K, used 36796K [0x00000000c8c00000, 0x0000000100000000)
  region size 1024K, 4 young (4096K), 4 survivors (4096K)
 Metaspace       used 76771K, committed 77376K, reserved 1179648K
  class space    used 11070K, committed 11328K, reserved 1048576K
}
Event: 27.449 GC heap before
{Heap before GC invocations=32 (full 0):
 garbage-first heap   total 70656K, used 56252K [0x00000000c8c00000, 0x0000000100000000)
  region size 1024K, 23 young (23552K), 4 survivors (4096K)
 Metaspace       used 76778K, committed 77376K, reserved 1179648K
  class space    used 11070K, committed 11328K, reserved 1048576K
}
Event: 27.461 GC heap after
{Heap after GC invocations=33 (full 0):
 garbage-first heap   total 70656K, used 41984K [0x00000000c8c00000, 0x0000000100000000)
  region size 1024K, 3 young (3072K), 3 survivors (3072K)
 Metaspace       used 76778K, committed 77376K, reserved 1179648K
  class space    used 11070K, committed 11328K, reserved 1048576K
}
Event: 27.505 GC heap before
{Heap before GC invocations=33 (full 0):
 garbage-first heap   total 70656K, used 56320K [0x00000000c8c00000, 0x0000000100000000)
  region size 1024K, 17 young (17408K), 3 survivors (3072K)
 Metaspace       used 76778K, committed 77376K, reserved 1179648K
  class space    used 11070K, committed 11328K, reserved 1048576K
}
Event: 27.514 GC heap after
{Heap after GC invocations=34 (full 0):
 garbage-first heap   total 70656K, used 46450K [0x00000000c8c00000, 0x0000000100000000)
  region size 1024K, 3 young (3072K), 3 survivors (3072K)
 Metaspace       used 76778K, committed 77376K, reserved 1179648K
  class space    used 11070K, committed 11328K, reserved 1048576K
}
Event: 27.558 GC heap before
{Heap before GC invocations=34 (full 0):
 garbage-first heap   total 89088K, used 55666K [0x00000000c8c00000, 0x0000000100000000)
  region size 1024K, 12 young (12288K), 3 survivors (3072K)
 Metaspace       used 76778K, committed 77376K, reserved 1179648K
  class space    used 11070K, committed 11328K, reserved 1048576K
}
Event: 27.572 GC heap after
{Heap after GC invocations=35 (full 0):
 garbage-first heap   total 89088K, used 50590K [0x00000000c8c00000, 0x0000000100000000)
  region size 1024K, 2 young (2048K), 2 survivors (2048K)
 Metaspace       used 76778K, committed 77376K, reserved 1179648K
  class space    used 11070K, committed 11328K, reserved 1048576K
}
Event: 27.688 GC heap before
{Heap before GC invocations=36 (full 0):
 garbage-first heap   total 89088K, used 66974K [0x00000000c8c00000, 0x0000000100000000)
  region size 1024K, 18 young (18432K), 2 survivors (2048K)
 Metaspace       used 76779K, committed 77376K, reserved 1179648K
  class space    used 11070K, committed 11328K, reserved 1048576K
}
Event: 27.695 GC heap after
{Heap after GC invocations=37 (full 0):
 garbage-first heap   total 89088K, used 51638K [0x00000000c8c00000, 0x0000000100000000)
  region size 1024K, 1 young (1024K), 1 survivors (1024K)
 Metaspace       used 76779K, committed 77376K, reserved 1179648K
  class space    used 11070K, committed 11328K, reserved 1048576K
}
Event: 27.942 GC heap before
{Heap before GC invocations=37 (full 0):
 garbage-first heap   total 89088K, used 68022K [0x00000000c8c00000, 0x0000000100000000)
  region size 1024K, 18 young (18432K), 1 survivors (1024K)
 Metaspace       used 77460K, committed 78080K, reserved 1179648K
  class space    used 11172K, committed 11456K, reserved 1048576K
}
Event: 27.945 GC heap after
{Heap after GC invocations=38 (full 0):
 garbage-first heap   total 89088K, used 51516K [0x00000000c8c00000, 0x0000000100000000)
  region size 1024K, 1 young (1024K), 1 survivors (1024K)
 Metaspace       used 77460K, committed 78080K, reserved 1179648K
  class space    used 11172K, committed 11456K, reserved 1048576K
}
Event: 29.198 GC heap before
{Heap before GC invocations=39 (full 0):
 garbage-first heap   total 89088K, used 68924K [0x00000000c8c00000, 0x0000000100000000)
  region size 1024K, 20 young (20480K), 1 survivors (1024K)
 Metaspace       used 79170K, committed 79744K, reserved 1179648K
  class space    used 11420K, committed 11648K, reserved 1048576K
}
Event: 29.207 GC heap after
{Heap after GC invocations=40 (full 0):
 garbage-first heap   total 89088K, used 50749K [0x00000000c8c00000, 0x0000000100000000)
  region size 1024K, 2 young (2048K), 2 survivors (2048K)
 Metaspace       used 79170K, committed 79744K, reserved 1179648K
  class space    used 11420K, committed 11648K, reserved 1048576K
}
Event: 29.373 GC heap before
{Heap before GC invocations=40 (full 0):
 garbage-first heap   total 89088K, used 52797K [0x00000000c8c00000, 0x0000000100000000)
  region size 1024K, 4 young (4096K), 2 survivors (2048K)
 Metaspace       used 79509K, committed 80064K, reserved 1179648K
  class space    used 11476K, committed 11712K, reserved 1048576K
}
Event: 29.381 GC heap after
{Heap after GC invocations=41 (full 0):
 garbage-first heap   total 89088K, used 42179K [0x00000000c8c00000, 0x0000000100000000)
  region size 1024K, 1 young (1024K), 1 survivors (1024K)
 Metaspace       used 79509K, committed 80064K, reserved 1179648K
  class space    used 11476K, committed 11712K, reserved 1048576K
}
Event: 29.543 GC heap before
{Heap before GC invocations=41 (full 0):
 garbage-first heap   total 89088K, used 45251K [0x00000000c8c00000, 0x0000000100000000)
  region size 1024K, 4 young (4096K), 1 survivors (1024K)
 Metaspace       used 79682K, committed 80256K, reserved 1179648K
  class space    used 11506K, committed 11776K, reserved 1048576K
}

Dll operation events (3 events):
Event: 0.029 Loaded shared library C:\Program Files\JetBrains\IntelliJ IDEA 2023.2\jbr\bin\java.dll
Event: 1.514 Loaded shared library C:\Program Files\JetBrains\IntelliJ IDEA 2023.2\jbr\bin\zip.dll
Event: 12.566 Loaded shared library C:\Program Files\JetBrains\IntelliJ IDEA 2023.2\jbr\bin\verify.dll

Deoptimization events (12 events):
Event: 7.130 Thread 0x00000258c0cb17d0 DEOPT PACKING pc=0x00000258b4929599 sp=0x000000e0137fc7f0
Event: 7.130 Thread 0x00000258c0cb17d0 DEOPT UNPACKING pc=0x00000258b4557143 sp=0x000000e0137fbcd0 mode 3
Event: 7.884 Thread 0x00000258c0cb17d0 DEOPT PACKING pc=0x00000258b48e18fd sp=0x000000e0137fd320
Event: 7.884 Thread 0x00000258c0cb17d0 DEOPT UNPACKING pc=0x00000258b4557143 sp=0x000000e0137fc888 mode 3
Event: 7.953 Thread 0x00000258c0cb17d0 DEOPT PACKING pc=0x00000258b4989955 sp=0x000000e0137fce40
Event: 7.953 Thread 0x00000258c0cb17d0 DEOPT UNPACKING pc=0x00000258b4557143 sp=0x000000e0137fc2e8 mode 3
Event: 10.328 Thread 0x00000258c0cb17d0 DEOPT PACKING pc=0x00000258b4be6499 sp=0x000000e0137fc210
Event: 10.328 Thread 0x00000258c0cb17d0 DEOPT UNPACKING pc=0x00000258b4557143 sp=0x000000e0137fb6f8 mode 3
Event: 20.497 Thread 0x00000258c0cb17d0 DEOPT PACKING pc=0x00000258b49bbf94 sp=0x000000e0137f9f40
Event: 20.498 Thread 0x00000258c0cb17d0 DEOPT UNPACKING pc=0x00000258b4557143 sp=0x000000e0137f9498 mode 0
Event: 28.308 Thread 0x00000258c0cb17d0 DEOPT PACKING pc=0x00000258b49e2c42 sp=0x000000e0137fc170
Event: 28.308 Thread 0x00000258c0cb17d0 DEOPT UNPACKING pc=0x00000258b4557143 sp=0x000000e0137fb678 mode 3

Classes unloaded (0 events):
No events

Classes redefined (0 events):
No events

Internal exceptions (20 events):
Event: 28.220 Thread 0x00000258c0cb17d0 Exception <a 'java/lang/reflect/InvocationTargetException'{0x00000000cde7a798}> (0x00000000cde7a798) 
thrown [s\src\hotspot\share\runtime\reflection.cpp, line 1127]
Event: 28.229 Thread 0x00000258c0cb17d0 Exception <a 'java/lang/reflect/InvocationTargetException'{0x00000000cde89b18}> (0x00000000cde89b18) 
thrown [s\src\hotspot\share\runtime\reflection.cpp, line 1127]
Event: 28.233 Thread 0x00000258c0cb17d0 Exception <a 'java/lang/reflect/InvocationTargetException'{0x00000000cde94540}> (0x00000000cde94540) 
thrown [s\src\hotspot\share\runtime\reflection.cpp, line 1127]
Event: 28.435 Thread 0x00000258c0cb17d0 Exception <a 'java/lang/NoSuchMethodError'{0x00000000cd90f8f8}: 'long java.lang.invoke.DirectMethodHandle$Holder.invokeVirtual(java.lang.Object, java.lang.Object)'> (0x00000000cd90f8f8) 
thrown [s\src\hotspot\share\interpreter\linkResolver.cpp, line 771]
Event: 28.455 Thread 0x00000258c0cb17d0 Exception <a 'java/io/FileNotFoundException'{0x00000000cd944d18}> (0x00000000cd944d18) 
thrown [s\src\hotspot\share\prims\jni.cpp, line 517]
Event: 28.855 Thread 0x00000258c0cb17d0 Exception <a 'java/lang/reflect/InvocationTargetException'{0x00000000cd53c0e8}> (0x00000000cd53c0e8) 
thrown [s\src\hotspot\share\runtime\reflection.cpp, line 1127]
Event: 28.875 Thread 0x00000258c0cb17d0 Exception <a 'java/lang/reflect/InvocationTargetException'{0x00000000cd482e58}> (0x00000000cd482e58) 
thrown [s\src\hotspot\share\runtime\reflection.cpp, line 1127]
Event: 29.070 Thread 0x00000258c0cb17d0 Exception <a 'sun/nio/fs/WindowsException'{0x00000000ccf1f050}> (0x00000000ccf1f050) 
thrown [s\src\hotspot\share\prims\jni.cpp, line 517]
Event: 29.302 Thread 0x00000258c0cb17d0 Exception <a 'java/lang/NoSuchMethodError'{0x00000000ce2d1078}: 'java.lang.Object java.lang.invoke.Invokers$Holder.invoker(java.lang.Object, java.lang.Object, java.lang.Object, java.lang.Object)'> (0x00000000ce2d1078) 
thrown [s\src\hotspot\share\interpreter\linkResolver.cpp, line 771]
Event: 29.305 Thread 0x00000258c0cb17d0 Exception <a 'java/lang/NoSuchMethodError'{0x00000000ce2daa20}: 'int java.lang.invoke.DirectMethodHandle$Holder.invokeSpecial(java.lang.Object, java.lang.Object, java.lang.Object, int)'> (0x00000000ce2daa20) 
thrown [s\src\hotspot\share\interpreter\linkResolver.cpp, line 771]
Event: 29.308 Thread 0x00000258c0cb17d0 Exception <a 'java/lang/NoSuchMethodError'{0x00000000ce2ecdb8}: 'java.lang.Object java.lang.invoke.DirectMethodHandle$Holder.invokeStatic(java.lang.Object, java.lang.Object, java.lang.Object, java.lang.Object, int)'> (0x00000000ce2ecdb8) 
thrown [s\src\hotspot\share\interpreter\linkResolver.cpp, line 771]
Event: 29.316 Thread 0x00000258c0cb17d0 Exception <a 'java/lang/NoSuchMethodError'{0x00000000ce2f44e0}: 'void java.lang.invoke.DelegatingMethodHandle$Holder.reinvoke_L(java.lang.Object, java.lang.Object, int)'> (0x00000000ce2f44e0) 
thrown [s\src\hotspot\share\interpreter\linkResolver.cpp, line 771]
Event: 29.321 Thread 0x00000258c0cb17d0 Exception <a 'java/lang/NoSuchMethodError'{0x00000000ce1024d8}: 'java.lang.Object java.lang.invoke.Invokers$Holder.invokeExact_MT(java.lang.Object, java.lang.Object, java.lang.Object, java.lang.Object)'> (0x00000000ce1024d8) 
thrown [s\src\hotspot\share\interpreter\linkResolver.cpp, line 771]
Event: 29.424 Thread 0x00000258c0cb17d0 Exception <a 'java/io/FileNotFoundException'{0x00000000ce2804b8}> (0x00000000ce2804b8) 
thrown [s\src\hotspot\share\prims\jni.cpp, line 517]
Event: 29.429 Thread 0x00000258c0cb17d0 Exception <a 'java/io/FileNotFoundException'{0x00000000ce28d0a0}> (0x00000000ce28d0a0) 
thrown [s\src\hotspot\share\prims\jni.cpp, line 517]
Event: 29.523 Thread 0x00000258c0cb17d0 Exception <a 'java/lang/reflect/InvocationTargetException'{0x00000000cdf62b10}> (0x00000000cdf62b10) 
thrown [s\src\hotspot\share\runtime\reflection.cpp, line 1127]
Event: 29.526 Thread 0x00000258c0cb17d0 Exception <a 'java/lang/reflect/InvocationTargetException'{0x00000000cdf6c530}> (0x00000000cdf6c530) 
thrown [s\src\hotspot\share\runtime\reflection.cpp, line 1127]
Event: 29.528 Thread 0x00000258c0cb17d0 Exception <a 'java/lang/reflect/InvocationTargetException'{0x00000000cdf73de8}> (0x00000000cdf73de8) 
thrown [s\src\hotspot\share\runtime\reflection.cpp, line 1127]
Event: 29.531 Thread 0x00000258c0cb17d0 Exception <a 'java/lang/reflect/InvocationTargetException'{0x00000000cdf7eb10}> (0x00000000cdf7eb10) 
thrown [s\src\hotspot\share\runtime\reflection.cpp, line 1127]
Event: 29.534 Thread 0x00000258c0cb17d0 Exception <a 'java/lang/reflect/InvocationTargetException'{0x00000000cdf8cb38}> (0x00000000cdf8cb38) 
thrown [s\src\hotspot\share\runtime\reflection.cpp, line 1127]

VM Operations (20 events):
Event: 28.067 Executing VM operation: G1Concurrent done
Event: 28.122 Executing VM operation: G1Concurrent
Event: 28.122 Executing VM operation: G1Concurrent done
Event: 28.337 Executing VM operation: HandshakeAllThreads
Event: 28.337 Executing VM operation: HandshakeAllThreads done
Event: 28.338 Executing VM operation: HandshakeAllThreads
Event: 28.338 Executing VM operation: HandshakeAllThreads done
Event: 28.467 Executing VM operation: HandshakeAllThreads
Event: 28.467 Executing VM operation: HandshakeAllThreads done
Event: 29.062 Executing VM operation: HandshakeAllThreads
Event: 29.063 Executing VM operation: HandshakeAllThreads done
Event: 29.075 Executing VM operation: HandshakeAllThreads
Event: 29.075 Executing VM operation: HandshakeAllThreads done
Event: 29.112 Executing VM operation: HandshakeAllThreads
Event: 29.112 Executing VM operation: HandshakeAllThreads done
Event: 29.198 Executing VM operation: G1CollectForAllocation
Event: 29.208 Executing VM operation: G1CollectForAllocation done
Event: 29.373 Executing VM operation: G1CollectForAllocation
Event: 29.381 Executing VM operation: G1CollectForAllocation done
Event: 29.543 Executing VM operation: G1CollectForAllocation

Events (20 events):
Event: 29.302 loading class jdk/internal/access/JavaAWTFontAccess
Event: 29.302 loading class jdk/internal/access/JavaAWTFontAccess done
Event: 29.302 loading class jdk/internal/access/JavaSecuritySignatureAccess
Event: 29.302 loading class jdk/internal/access/JavaSecuritySignatureAccess done
Event: 29.302 loading class jdk/internal/access/JavaSecuritySpecAccess
Event: 29.302 loading class jdk/internal/access/JavaSecuritySpecAccess done
Event: 29.302 loading class jdk/internal/access/JavaxCryptoSpecAccess
Event: 29.302 loading class jdk/internal/access/JavaxCryptoSpecAccess done
Event: 29.302 loading class jdk/internal/access/JavaxCryptoSealedObjectAccess
Event: 29.302 loading class jdk/internal/access/JavaxCryptoSealedObjectAccess done
Event: 29.304 loading class sun/invoke/util/ValueConversions$1
Event: 29.304 loading class sun/invoke/util/ValueConversions$1 done
Event: 29.305 loading class java/lang/invoke/BoundMethodHandle$Species_LI
Event: 29.305 loading class java/lang/invoke/BoundMethodHandle$Species_LI done
Event: 29.306 loading class java/lang/invoke/ClassSpecializer$Factory$1Var
Event: 29.306 loading class java/lang/invoke/ClassSpecializer$Factory$1Var done
Event: 29.325 loading class sun/nio/ch/Interruptible
Event: 29.325 loading class sun/nio/ch/Interruptible done
Event: 29.326 loading class jdk/internal/reflect/ConstantPool$Tag
Event: 29.327 loading class jdk/internal/reflect/ConstantPool$Tag done


Dynamic libraries:
0x00007ff725e90000 - 0x00007ff725e9a000 	C:\Program Files\JetBrains\IntelliJ IDEA 2023.2\jbr\bin\java.exe
0x00007ffc9b110000 - 0x00007ffc9b327000 	C:\WINDOWS\SYSTEM32\ntdll.dll
0x00007ffc99fe0000 - 0x00007ffc9a0a4000 	C:\WINDOWS\System32\KERNEL32.DLL
0x00007ffc98540000 - 0x00007ffc988f7000 	C:\WINDOWS\System32\KERNELBASE.dll
0x00007ffc98420000 - 0x00007ffc98531000 	C:\WINDOWS\System32\ucrtbase.dll
0x00007ffc86580000 - 0x00007ffc86597000 	C:\Program Files\JetBrains\IntelliJ IDEA 2023.2\jbr\bin\jli.dll
0x00007ffc842c0000 - 0x00007ffc842db000 	C:\Program Files\JetBrains\IntelliJ IDEA 2023.2\jbr\bin\VCRUNTIME140.dll
0x00007ffc9a0b0000 - 0x00007ffc9a25f000 	C:\WINDOWS\System32\USER32.dll
0x00007ffc989f0000 - 0x00007ffc98a16000 	C:\WINDOWS\System32\win32u.dll
0x00007ffc85960000 - 0x00007ffc85bf3000 	C:\WINDOWS\WinSxS\amd64_microsoft.windows.common-controls_6595b64144ccf1df_6.0.22621.3672_none_2713b9d173822955\COMCTL32.dll
0x00007ffc992c0000 - 0x00007ffc99367000 	C:\WINDOWS\System32\msvcrt.dll
0x00007ffc99520000 - 0x00007ffc99549000 	C:\WINDOWS\System32\GDI32.dll
0x00007ffc98a20000 - 0x00007ffc98b38000 	C:\WINDOWS\System32\gdi32full.dll
0x00007ffc98b40000 - 0x00007ffc98bda000 	C:\WINDOWS\System32\msvcp_win.dll
0x00007ffc9aca0000 - 0x00007ffc9acd1000 	C:\WINDOWS\System32\IMM32.DLL
0x00007ffc8a440000 - 0x00007ffc8a44c000 	C:\Program Files\JetBrains\IntelliJ IDEA 2023.2\jbr\bin\vcruntime140_1.dll
0x00007ffc6f140000 - 0x00007ffc6f1cd000 	C:\Program Files\JetBrains\IntelliJ IDEA 2023.2\jbr\bin\msvcp140.dll
0x00007ffc5e760000 - 0x00007ffc5f3e0000 	C:\Program Files\JetBrains\IntelliJ IDEA 2023.2\jbr\bin\server\jvm.dll
0x00007ffc9af10000 - 0x00007ffc9afc2000 	C:\WINDOWS\System32\ADVAPI32.dll
0x00007ffc98e40000 - 0x00007ffc98ee8000 	C:\WINDOWS\System32\sechost.dll
0x00007ffc98900000 - 0x00007ffc98928000 	C:\WINDOWS\System32\bcrypt.dll
0x00007ffc99400000 - 0x00007ffc99514000 	C:\WINDOWS\System32\RPCRT4.dll
0x00007ffc937f0000 - 0x00007ffc937f9000 	C:\WINDOWS\SYSTEM32\WSOCK32.dll
0x00007ffc99370000 - 0x00007ffc993e1000 	C:\WINDOWS\System32\WS2_32.dll
0x00007ffc935f0000 - 0x00007ffc93624000 	C:\WINDOWS\SYSTEM32\WINMM.dll
0x00007ffc8e380000 - 0x00007ffc8e38a000 	C:\WINDOWS\SYSTEM32\VERSION.dll
0x00007ffc97470000 - 0x00007ffc97488000 	C:\WINDOWS\SYSTEM32\kernel.appcore.dll
0x00007ffc937e0000 - 0x00007ffc937ea000 	C:\Program Files\JetBrains\IntelliJ IDEA 2023.2\jbr\bin\jimage.dll
0x00007ffc93820000 - 0x00007ffc93a52000 	C:\WINDOWS\SYSTEM32\DBGHELP.DLL
0x00007ffc9a910000 - 0x00007ffc9ac9e000 	C:\WINDOWS\System32\combase.dll
0x00007ffc99170000 - 0x00007ffc99247000 	C:\WINDOWS\System32\OLEAUT32.dll
0x00007ffc80110000 - 0x00007ffc80142000 	C:\WINDOWS\SYSTEM32\dbgcore.DLL
0x00007ffc98c50000 - 0x00007ffc98ccb000 	C:\WINDOWS\System32\bcryptPrimitives.dll
0x00007ffc870b0000 - 0x00007ffc870be000 	C:\Program Files\JetBrains\IntelliJ IDEA 2023.2\jbr\bin\instrument.dll
0x00007ffc8a4a0000 - 0x00007ffc8a4c5000 	C:\Program Files\JetBrains\IntelliJ IDEA 2023.2\jbr\bin\java.dll
0x00007ffc8a480000 - 0x00007ffc8a498000 	C:\Program Files\JetBrains\IntelliJ IDEA 2023.2\jbr\bin\zip.dll
0x00007ffc99760000 - 0x00007ffc99fc9000 	C:\WINDOWS\System32\SHELL32.dll
0x00007ffc96390000 - 0x00007ffc96c8f000 	C:\WINDOWS\SYSTEM32\windows.storage.dll
0x00007ffc96250000 - 0x00007ffc9638f000 	C:\WINDOWS\SYSTEM32\wintypes.dll
0x00007ffc9afd0000 - 0x00007ffc9b0c9000 	C:\WINDOWS\System32\SHCORE.dll
0x00007ffc9aeb0000 - 0x00007ffc9af0e000 	C:\WINDOWS\System32\shlwapi.dll
0x00007ffc98350000 - 0x00007ffc98377000 	C:\WINDOWS\SYSTEM32\profapi.dll
0x00007ffc8a3c0000 - 0x00007ffc8a3d9000 	C:\Program Files\JetBrains\IntelliJ IDEA 2023.2\jbr\bin\net.dll
0x00007ffc90fe0000 - 0x00007ffc91116000 	C:\WINDOWS\SYSTEM32\WINHTTP.dll
0x00007ffc978e0000 - 0x00007ffc97949000 	C:\WINDOWS\system32\mswsock.dll
0x00007ffc8a3a0000 - 0x00007ffc8a3b6000 	C:\Program Files\JetBrains\IntelliJ IDEA 2023.2\jbr\bin\nio.dll
0x00007ffc8a4f0000 - 0x00007ffc8a50a000 	C:\Program Files\JetBrains\IntelliJ IDEA 2023.2\bin\breakgen64.dll
0x00007ffc96fb0000 - 0x00007ffc970b2000 	C:\WINDOWS\SYSTEM32\DNSAPI.dll
0x00007ffc96ef0000 - 0x00007ffc96f1d000 	C:\WINDOWS\SYSTEM32\IPHLPAPI.DLL
0x00007ffc99250000 - 0x00007ffc99259000 	C:\WINDOWS\System32\NSI.dll
0x00007ffc8ca00000 - 0x00007ffc8ca0a000 	C:\Windows\System32\rasadhlp.dll
0x00007ffc900c0000 - 0x00007ffc90143000 	C:\WINDOWS\System32\fwpuclnt.dll
0x00007ffc88560000 - 0x00007ffc88569000 	C:\Program Files\JetBrains\IntelliJ IDEA 2023.2\jbr\bin\management.dll
0x00007ffc87300000 - 0x00007ffc8730b000 	C:\Program Files\JetBrains\IntelliJ IDEA 2023.2\jbr\bin\management_ext.dll
0x00007ffc98fa0000 - 0x00007ffc98fa8000 	C:\WINDOWS\System32\PSAPI.DLL
0x00007ffc97b30000 - 0x00007ffc97b4b000 	C:\WINDOWS\SYSTEM32\CRYPTSP.dll
0x00007ffc973d0000 - 0x00007ffc97405000 	C:\WINDOWS\system32\rsaenh.dll
0x00007ffc979d0000 - 0x00007ffc979f8000 	C:\WINDOWS\SYSTEM32\USERENV.dll
0x00007ffc97b50000 - 0x00007ffc97b5c000 	C:\WINDOWS\SYSTEM32\CRYPTBASE.dll
0x00007ffc917d0000 - 0x00007ffc917e9000 	C:\WINDOWS\SYSTEM32\dhcpcsvc6.DLL
0x00007ffc90ea0000 - 0x00007ffc90ebf000 	C:\WINDOWS\SYSTEM32\dhcpcsvc.DLL
0x00007ffc7ce40000 - 0x00007ffc7ce57000 	C:\WINDOWS\system32\napinsp.dll
0x00007ffc7ce20000 - 0x00007ffc7ce3b000 	C:\WINDOWS\system32\pnrpnsp.dll
0x00007ffc7ce00000 - 0x00007ffc7ce11000 	C:\WINDOWS\System32\winrnr.dll
0x00007ffc905f0000 - 0x00007ffc90605000 	C:\WINDOWS\system32\wshbth.dll
0x00007ffc7cc00000 - 0x00007ffc7cc27000 	C:\WINDOWS\system32\nlansp_c.dll
0x00007ffc8a390000 - 0x00007ffc8a39e000 	C:\Program Files\JetBrains\IntelliJ IDEA 2023.2\jbr\bin\sunmscapi.dll
0x00007ffc98cd0000 - 0x00007ffc98e36000 	C:\WINDOWS\System32\CRYPT32.dll
0x00007ffc97cd0000 - 0x00007ffc97cfd000 	C:\WINDOWS\SYSTEM32\ncrypt.dll
0x00007ffc97c90000 - 0x00007ffc97cc7000 	C:\WINDOWS\SYSTEM32\NTASN1.dll
0x00007ffc8ab70000 - 0x00007ffc8ab80000 	C:\Program Files\JetBrains\IntelliJ IDEA 2023.2\jbr\bin\verify.dll

dbghelp: loaded successfully - version: 4.0.5 - missing functions: none
symbol engine: initialized successfully - sym options: 0x614 - pdb path: .;C:\Program Files\JetBrains\IntelliJ IDEA 2023.2\jbr\bin;C:\WINDOWS\SYSTEM32;C:\WINDOWS\WinSxS\amd64_microsoft.windows.common-controls_6595b64144ccf1df_6.0.22621.3672_none_2713b9d173822955;C:\Program Files\JetBrains\IntelliJ IDEA 2023.2\jbr\bin\server;C:\Program Files\JetBrains\IntelliJ IDEA 2023.2\bin

VM Arguments:
jvm_args: -XX:TieredStopAtLevel=1 -Dspring.output.ansi.enabled=always -Dcom.sun.management.jmxremote -Dspring.jmx.enabled=true -Dspring.liveBeansView.mbeanDomain -Dspring.application.admin.enabled=true -Dmanagement.endpoints.jmx.exposure.include=* -javaagent:C:\Program Files\JetBrains\IntelliJ IDEA 2023.2\lib\idea_rt.jar=55218:C:\Program Files\JetBrains\IntelliJ IDEA 2023.2\bin -Dfile.encoding=UTF-8 
java_command: com.example.projectc1023i1.ProjectC1023I1Application
java_class_path (initial): D:\CodeGym\module6_C10\C1023L1-BE\C1023L1-BE\project-C1023I1\build\classes\java\main;D:\CodeGym\module6_C10\C1023L1-BE\C1023L1-BE\project-C1023I1\build\resources\main;C:\Users\TUONG VY\.gradle\caches\modules-2\files-2.1\org.springframework.boot\spring-boot-starter-data-jpa\3.3.4\60df2a5bea8752fb215f3c8e1dffeb3554773a49\spring-boot-starter-data-jpa-3.3.4.jar;C:\Users\TUONG VY\.gradle\caches\modules-2\files-2.1\org.springframework.boot\spring-boot-starter-validation\3.3.4\cd5e06f484dc2825a8d9704a2093a72587af2b58\spring-boot-starter-validation-3.3.4.jar;C:\Users\TUONG VY\.gradle\caches\modules-2\files-2.1\org.springframework.boot\spring-boot-starter-websocket\3.3.4\5e385d15dd9c58c30d39f37b0b71219744413d9a\spring-boot-starter-websocket-3.3.4.jar;C:\Users\TUONG VY\.gradle\caches\modules-2\files-2.1\org.springframework.boot\spring-boot-starter-web\3.3.4\b43a9fd107611337777b47dc7518e2aca59e58eb\spring-boot-starter-web-3.3.4.jar;C:\Users\TUONG VY\.gradle\caches\modules-2\files-2.1\org.projectlombok\lombok\1.18.34\ec547ef414ab1d2c040118fb9c1c265ada63af14\lombok-1.18.34.jar;C:\Users\TUONG VY\.gradle\caches\modules-2\files-2.1\org.springframework.boot\spring-boot-starter-thymeleaf\3.3.4\29c4b1acf955b350bf7d8fd201798d30647fb89e\spring-boot-starter-thymeleaf-3.3.4.jar;C:\Users\TUONG VY\.gradle\caches\modules-2\files-2.1\io.jsonwebtoken\jjwt-impl\0.11.3\ce06902a3d56a644cf881542162cae0d96cb8624\jjwt-impl-0.11.3.jar;C:\Users\TUONG VY\.gradle\caches\modules-2\files-2.1\io.jsonwebtoken\jjwt-jackson\0.11.3\20ebede7df844dab693b2bf01006602ab7d584ec\jjwt-jackson-0.11.3.jar;C:\Users\TUONG VY\.gradle\caches\modules-2\files-2.1\io.jsonwebtoken\jjwt-api\0.11.3\7bbfa09a1a18cc8be259085becf6c4b69e27c7e8\jjwt-api-0.11.3.jar;C:\Users\TUONG VY\.gradle\caches\modules-2\files-2.1\org.modelmapper\modelmapper\3.1.1\6636e94590e9d98e5e7db7e4fafcc15e9390e18d\modelmapper-3.1.1.jar;C:\Users\TUONG VY\.gradle\caches\modules-2\files-2.1\org.springframework.boot\spring-boot-starter
Launcher Type: SUN_STANDARD

[Global flags]
     intx CICompilerCount                          = 3                                         {product} {ergonomic}
     uint ConcGCThreads                            = 1                                         {product} {ergonomic}
     uint G1ConcRefinementThreads                  = 4                                         {product} {ergonomic}
   size_t G1HeapRegionSize                         = 1048576                                   {product} {ergonomic}
    uintx GCDrainStackTargetSize                   = 64                                        {product} {ergonomic}
   size_t InitialHeapSize                          = 58720256                                  {product} {ergonomic}
     bool ManagementServer                         = true                                      {product} {command line}
   size_t MarkStackSize                            = 4194304                                   {product} {ergonomic}
   size_t MaxHeapSize                              = 926941184                                 {product} {ergonomic}
   size_t MaxNewSize                               = 555745280                                 {product} {ergonomic}
   size_t MinHeapDeltaBytes                        = 1048576                                   {product} {ergonomic}
   size_t MinHeapSize                              = 8388608                                   {product} {ergonomic}
    uintx NonProfiledCodeHeapSize                  = 0                                      {pd product} {ergonomic}
     bool ProfileInterpreter                       = false                                  {pd product} {command line}
    uintx ProfiledCodeHeapSize                     = 0                                      {pd product} {ergonomic}
   size_t SoftMaxHeapSize                          = 926941184                              {manageable} {ergonomic}
     intx TieredStopAtLevel                        = 1                                         {product} {command line}
     bool UseCompressedClassPointers               = true                           {product lp64_product} {ergonomic}
     bool UseCompressedOops                        = true                           {product lp64_product} {ergonomic}
     bool UseG1GC                                  = true                                      {product} {ergonomic}
     bool UseLargePagesIndividualAllocation        = false                                  {pd product} {ergonomic}

Logging:
Log output configuration:
 #0: stdout all=warning uptime,level,tags
 #1: stderr all=off uptime,level,tags

Environment Variables:
PATH=C:\Python312\Scripts\;C:\Python312\;C:\Program Files\Common Files\Oracle\Java\javapath;C:\Program Files (x86)\Common Files\Oracle\Java\javapath;C:\WINDOWS\system32;C:\WINDOWS;C:\WINDOWS\System32\Wbem;C:\WINDOWS\System32\WindowsPowerShell\v1.0\;C:\WINDOWS\System32\OpenSSH\;C:\Program Files\Git\cmd;C:\Program Files\Microsoft SQL Server\150\Tools\Binn\;C:\Program Files\Microsoft SQL Server\Client SDK\ODBC\170\Tools\Binn\;C:\Program Files\dotnet\;C:\Program Files (x86)\Windows Kits\10\Windows Performance Toolkit\;C:\Program Files\nodejs\;C:\ProgramData\chocolatey\bin;C:\Users\TUONG VY\AppData\Local\Microsoft\WindowsApps;C:\Program Files\JetBrains\IntelliJ IDEA 2023.2\bin;;D:\Microsoft VS Code\bin;D:\flutter_windows_3.19.5-stable\flutter\bin;C:\Users\TUONG VY\.dotnet\tools;C:\Users\TUONG VY\AppData\Roaming\npm
USERNAME=TUONG VY
OS=Windows_NT
PROCESSOR_IDENTIFIER=AMD64 Family 23 Model 24 Stepping 1, AuthenticAMD
TMP=C:\Users\TUONGV~1\AppData\Local\Temp
TEMP=C:\Users\TUONGV~1\AppData\Local\Temp


JNI global refs:
JNI global refs: 16, weak refs: 0

JNI global refs memory usage: 843, weak refs: 841

OOME stack traces (most recent first):
Classloader memory used:
Loader jdk.internal.loader.ClassLoaders$AppClassLoader                                 : 7383K
Loader bootstrap                                                                       : 2373K
Loader org.springframework.boot.devtools.restart.classloader.RestartClassLoader        : 100K
Loader jdk.internal.loader.ClassLoaders$PlatformClassLoader                            : 68165B
Loader jdk.internal.reflect.DelegatingClassLoader                                      : 35157B
Loader org.springframework.boot.web.embedded.tomcat.TomcatEmbeddedWebappClassLoader    : 2066B
Loader net.bytebuddy.utility.dispatcher.JavaDispatcher$DynamicClassLoader              : 231B

Classes loaded by more than one classloader:
Class com.example.projectc1023i1.ProjectC1023I1Application                            : loaded 2 times (x 69B)


---------------  S Y S T E M  ---------------

OS:
 Windows 11 , 64 bit Build 22621 (10.0.22621.3958)
OS uptime: 1 days 3:57 hours

CPU: total 4 (initial active 4) (4 cores per cpu, 2 threads per core) family 23 model 24 stepping 1 microcode 0x0, cx8, cmov, fxsr, ht, mmx, 3dnowpref, sse, sse2, sse3, ssse3, sse4a, sse4.1, sse4.2, popcnt, lzcnt, tsc, tscinvbit, avx, avx2, aes, clmul, bmi1, bmi2, adx, sha, fma, vzeroupper, clflush, clflushopt

Memory: 4k page, system-wide physical 3534M (407M free)
TotalPageFile size 14286M (AvailPageFile size 37M)
current process WorkingSet (physical memory assigned to process): 248M, peak: 248M
current process commit charge ("private bytes"): 274M, peak: 361M

vm_info: OpenJDK 64-Bit Server VM (17.0.7+7-b1000.6) for windows-amd64 JRE (17.0.7+7-b1000.6), built on 2023-07-07 by "builduser" with MS VC++ 16.10 / 16.11 (VS2019)

END.
