#
# There is insufficient memory for the Java Runtime Environment to continue.
# Native memory allocation (malloc) failed to allocate 1102896 bytes for Chunk::new
# Possible reasons:
#   The system is out of physical RAM or swap space
#   The process is running with CompressedOops enabled, and the Java Heap may be blocking the growth of the native heap
# Possible solutions:
#   Reduce memory load on the system
#   Increase physical memory or swap space
#   Check if swap backing store is full
#   Decrease Java heap size (-Xmx/-Xms)
#   Decrease number of Java threads
#   Decrease Java thread stack sizes (-Xss)
#   Set larger code cache with -XX:ReservedCodeCacheSize=
#   JVM is running with Unscaled Compressed Oops mode in which the Java heap is
#     placed in the first 4GB address space. The Java Heap base address is the
#     maximum limit for the native heap growth. Please use -XX:HeapBaseMinAddress
#     to set the Java Heap base and to place the Java Heap above 4GB virtual address.
# This output file may be truncated or incomplete.
#
#  Out of Memory Error (arena.cpp:189), pid=15240, tid=15072
#
# JRE version: OpenJDK Runtime Environment JBR-17.0.7+7-1000.6-jcef (17.0.7+7) (build 17.0.7+7-b1000.6)
# Java VM: OpenJDK 64-Bit Server VM JBR-17.0.7+7-1000.6-jcef (17.0.7+7-b1000.6, mixed mode, tiered, compressed oops, compressed class ptrs, g1 gc, windows-amd64)
# No core dump will be written. Minidumps are not enabled by default on client versions of Windows
#

---------------  S U M M A R Y ------------

Command Line: --add-opens=java.base/java.util=ALL-UNNAMED --add-opens=java.base/java.lang=ALL-UNNAMED --add-opens=java.base/java.lang.invoke=ALL-UNNAMED --add-opens=java.prefs/java.util.prefs=ALL-UNNAMED --add-exports=jdk.compiler/com.sun.tools.javac.api=ALL-UNNAMED --add-exports=jdk.compiler/com.sun.tools.javac.util=ALL-UNNAMED --add-opens=java.base/java.nio.charset=ALL-UNNAMED --add-opens=java.base/java.net=ALL-UNNAMED --add-opens=java.base/java.util.concurrent.atomic=ALL-UNNAMED -XX:MaxMetaspaceSize=384m -XX:+HeapDumpOnOutOfMemoryError -Xms256m -Xmx512m -Dfile.encoding=windows-1252 -Duser.country=US -Duser.language=en -Duser.variant -javaagent:C:\Users\TUONG VY\.gradle\wrapper\dists\gradle-8.10.2-bin\a04bxjujx95o3nb99gddekhwo\gradle-8.10.2\lib\agents\gradle-instrumentation-agent-8.10.2.jar org.gradle.launcher.daemon.bootstrap.GradleDaemon 8.10.2

Host: AMD Ryzen 3 3250U with Radeon Graphics         , 4 cores, 3G,  Windows 11 , 64 bit Build 22621 (10.0.22621.3958)
Time: Mon Oct 28 19:15:23 2024 SE Asia Standard Time elapsed time: 714.498611 seconds (0d 0h 11m 54s)

---------------  T H R E A D  ---------------

Current thread (0x000001f56133d670):  JavaThread "C2 CompilerThread0" daemon [_thread_in_native, id=15072, stack(0x0000000ce3b00000,0x0000000ce3c00000)]


Current CompileTask:
C2: 714499 12016       4       io.spring.gradle.dependencymanagement.org.apache.maven.model.inheritance.DefaultInheritanceAssembler$InheritanceModelMerger::mergePluginContainer_Plugins (430 bytes)

Stack: [0x0000000ce3b00000,0x0000000ce3c00000]
Native frames: (J=compiled Java code, j=interpreted, Vv=VM code, C=native code)
V  [jvm.dll+0x683bfa]
V  [jvm.dll+0x8430a4]
V  [jvm.dll+0x8449be]
V  [jvm.dll+0x845023]
V  [jvm.dll+0x24ad2f]
V  [jvm.dll+0xac25c]
V  [jvm.dll+0xac82c]
V  [jvm.dll+0x2b218f]
V  [jvm.dll+0x58c2f7]
V  [jvm.dll+0x225a12]
V  [jvm.dll+0x225def]
V  [jvm.dll+0x21f0b5]
V  [jvm.dll+0x21c56b]
V  [jvm.dll+0x1a605d]
V  [jvm.dll+0x22c148]
V  [jvm.dll+0x22a209]
V  [jvm.dll+0x7f858c]
V  [jvm.dll+0x7f2aea]
V  [jvm.dll+0x682a35]
C  [ucrtbase.dll+0x29333]
C  [KERNEL32.DLL+0x1257d]
C  [ntdll.dll+0x5af08]


---------------  P R O C E S S  ---------------

Threads class SMR info:
_java_thread_list=0x000001f5615189b0, length=81, elements={
0x000001f54b217180, 0x000001f5611c0400, 0x000001f5611c1dd0, 0x000001f561333430,
0x000001f561333df0, 0x000001f561336bb0, 0x000001f561337d00, 0x000001f56133d670,
0x000001f56133e110, 0x000001f5613741e0, 0x000001f5613d6740, 0x000001f5615c87d0,
0x000001f5669d0cd0, 0x000001f56193e4c0, 0x000001f561a04d80, 0x000001f56182ced0,
0x000001f56182d3a0, 0x000001f56182ca00, 0x000001f5682c9580, 0x000001f5682c6560,
0x000001f5682ca8c0, 0x000001f5682cc0d0, 0x000001f5682cb260, 0x000001f5682cb730,
0x000001f5682c6a30, 0x000001f561502ed0, 0x000001f5693a6700, 0x000001f5693aaa60,
0x000001f5693a5890, 0x000001f5693a9720, 0x000001f5693aa590, 0x000001f5693aaf30,
0x000001f5693a83e0, 0x000001f5693a88b0, 0x000001f5693ac270, 0x000001f5693ab400,
0x000001f5693a53c0, 0x000001f5693ab8d0, 0x000001f5693a6230, 0x000001f5693abda0,
0x000001f5693ac740, 0x000001f5693a7570, 0x000001f5693a6bd0, 0x000001f5693a9250,
0x000001f5693acc10, 0x000001f5696abbb0, 0x000001f5696aff10, 0x000001f5696ab6e0,
0x000001f5696ae700, 0x000001f5696ae230, 0x000001f5696ac550, 0x000001f5696af570,
0x000001f5696a9a00, 0x000001f5696aa870, 0x000001f5696afa40, 0x000001f5696ad3c0,
0x000001f5696a9ed0, 0x000001f5696aca20, 0x000001f5696b03e0, 0x000001f5696acef0,
0x000001f5696ad890, 0x000001f5696add60, 0x000001f5696af0a0, 0x000001f5696b08b0,
0x000001f5696a9060, 0x000001f561505550, 0x000001f561504210, 0x000001f561505a20,
0x000001f5615046e0, 0x000001f561502530, 0x000001f561502060, 0x000001f561502a00,
0x000001f5615033a0, 0x000001f561503870, 0x000001f561503d40, 0x000001f561504bb0,
0x000001f5682c73d0, 0x000001f5682ca3f0, 0x000001f5682c9a50, 0x000001f5682c7d70,
0x000001f5682c8710
}

Java Threads: ( => current thread )
  0x000001f54b217180 JavaThread "main" [_thread_blocked, id=12884, stack(0x0000000ce2e00000,0x0000000ce2f00000)]
  0x000001f5611c0400 JavaThread "Reference Handler" daemon [_thread_blocked, id=14364, stack(0x0000000ce3500000,0x0000000ce3600000)]
  0x000001f5611c1dd0 JavaThread "Finalizer" daemon [_thread_blocked, id=9728, stack(0x0000000ce3600000,0x0000000ce3700000)]
  0x000001f561333430 JavaThread "Signal Dispatcher" daemon [_thread_blocked, id=8872, stack(0x0000000ce3700000,0x0000000ce3800000)]
  0x000001f561333df0 JavaThread "Attach Listener" daemon [_thread_blocked, id=3088, stack(0x0000000ce3800000,0x0000000ce3900000)]
  0x000001f561336bb0 JavaThread "Service Thread" daemon [_thread_blocked, id=10608, stack(0x0000000ce3900000,0x0000000ce3a00000)]
  0x000001f561337d00 JavaThread "Monitor Deflation Thread" daemon [_thread_blocked, id=11292, stack(0x0000000ce3a00000,0x0000000ce3b00000)]
=>0x000001f56133d670 JavaThread "C2 CompilerThread0" daemon [_thread_in_native, id=15072, stack(0x0000000ce3b00000,0x0000000ce3c00000)]
  0x000001f56133e110 JavaThread "C1 CompilerThread0" daemon [_thread_blocked, id=14432, stack(0x0000000ce3c00000,0x0000000ce3d00000)]
  0x000001f5613741e0 JavaThread "Sweeper thread" daemon [_thread_blocked, id=12180, stack(0x0000000ce3d00000,0x0000000ce3e00000)]
  0x000001f5613d6740 JavaThread "Common-Cleaner" daemon [_thread_blocked, id=9248, stack(0x0000000ce3e00000,0x0000000ce3f00000)]
  0x000001f5615c87d0 JavaThread "Notification Thread" daemon [_thread_blocked, id=14384, stack(0x0000000ce3f00000,0x0000000ce4000000)]
  0x000001f5669d0cd0 JavaThread "Daemon health stats" [_thread_blocked, id=9668, stack(0x0000000ce4400000,0x0000000ce4500000)]
  0x000001f56193e4c0 JavaThread "Incoming local TCP Connector on port 52444" [_thread_in_native, id=8440, stack(0x0000000ce4500000,0x0000000ce4600000)]
  0x000001f561a04d80 JavaThread "Daemon periodic checks" [_thread_blocked, id=15108, stack(0x0000000ce4600000,0x0000000ce4700000)]
  0x000001f56182ced0 JavaThread "Cache worker for journal cache (C:\Users\TUONG VY\.gradle\caches\journal-1)" [_thread_blocked, id=13548, stack(0x0000000ce4e00000,0x0000000ce4f00000)]
  0x000001f56182d3a0 JavaThread "File lock request listener" [_thread_in_native, id=1900, stack(0x0000000ce4f00000,0x0000000ce5000000)]
  0x000001f56182ca00 JavaThread "Cache worker for file hash cache (C:\Users\TUONG VY\.gradle\caches\8.10.2\fileHashes)" [_thread_blocked, id=5044, stack(0x0000000ce5000000,0x0000000ce5100000)]
  0x000001f5682c9580 JavaThread "File watcher server" daemon [_thread_in_native, id=2312, stack(0x0000000ce5300000,0x0000000ce5400000)]
  0x000001f5682c6560 JavaThread "File watcher consumer" daemon [_thread_blocked, id=14420, stack(0x0000000ce5400000,0x0000000ce5500000)]
  0x000001f5682ca8c0 JavaThread "Cache worker for file content cache (C:\Users\TUONG VY\.gradle\caches\8.10.2\fileContent)" [_thread_blocked, id=13908, stack(0x0000000ce5600000,0x0000000ce5700000)]
  0x000001f5682cc0d0 JavaThread "jar transforms" [_thread_blocked, id=14660, stack(0x0000000ce5900000,0x0000000ce5a00000)]
  0x000001f5682cb260 JavaThread "jar transforms Thread 2" [_thread_blocked, id=14552, stack(0x0000000ce5a00000,0x0000000ce5b00000)]
  0x000001f5682cb730 JavaThread "jar transforms Thread 3" [_thread_blocked, id=7172, stack(0x0000000ce5b00000,0x0000000ce5c00000)]
  0x000001f5682c6a30 JavaThread "jar transforms Thread 4" [_thread_blocked, id=12568, stack(0x0000000ce5c00000,0x0000000ce5d00000)]
  0x000001f561502ed0 JavaThread "Memory manager" [_thread_blocked, id=4048, stack(0x0000000ce6900000,0x0000000ce6a00000)]
  0x000001f5693a6700 JavaThread "Daemon Thread 3" [_thread_blocked, id=8048, stack(0x0000000ce2c00000,0x0000000ce2d00000)]
  0x000001f5693aaa60 JavaThread "Handler for socket connection from /127.0.0.1:52444 to /127.0.0.1:52898" [_thread_in_native, id=244, stack(0x0000000ce2d00000,0x0000000ce2e00000)]
  0x000001f5693a5890 JavaThread "Cancel handler" [_thread_blocked, id=6448, stack(0x0000000ce4700000,0x0000000ce4800000)]
  0x000001f5693a9720 JavaThread "Daemon worker Thread 3" [_thread_in_native, id=15256, stack(0x0000000ce4800000,0x0000000ce4900000)]
  0x000001f5693aa590 JavaThread "Asynchronous log dispatcher for DefaultDaemonConnection: socket connection from /127.0.0.1:52444 to /127.0.0.1:52898" [_thread_blocked, id=6032, stack(0x0000000ce4900000,0x0000000ce4a00000)]
  0x000001f5693aaf30 JavaThread "Stdin handler" [_thread_blocked, id=13268, stack(0x0000000ce4a00000,0x0000000ce4b00000)]
  0x000001f5693a83e0 JavaThread "Daemon client event forwarder" [_thread_blocked, id=4480, stack(0x0000000ce4b00000,0x0000000ce4c00000)]
  0x000001f5693a88b0 JavaThread "Cache worker for file hash cache (D:\CodeGym\module6_C10\C1023L1-BE\C1023L1-BE\project-C1023I1\.gradle\8.10.2\fileHashes)" [_thread_blocked, id=2872, stack(0x0000000ce4c00000,0x0000000ce4d00000)]
  0x000001f5693ac270 JavaThread "Cache worker for Build Output Cleanup Cache (D:\CodeGym\module6_C10\C1023L1-BE\C1023L1-BE\project-C1023I1\.gradle\buildOutputCleanup)" [_thread_blocked, id=6204, stack(0x0000000ce4d00000,0x0000000ce4e00000)]
  0x000001f5693ab400 JavaThread "Cache worker for checksums cache (D:\CodeGym\module6_C10\C1023L1-BE\C1023L1-BE\project-C1023I1\.gradle\8.10.2\checksums)" [_thread_blocked, id=15060, stack(0x0000000ce5100000,0x0000000ce5200000)]
  0x000001f5693a53c0 JavaThread "Cache worker for cache directory md-rule (C:\Users\TUONG VY\.gradle\caches\8.10.2\md-rule)" [_thread_blocked, id=12356, stack(0x0000000ce5200000,0x0000000ce5300000)]
  0x000001f5693ab8d0 JavaThread "Cache worker for cache directory md-supplier (C:\Users\TUONG VY\.gradle\caches\8.10.2\md-supplier)" [_thread_blocked, id=14504, stack(0x0000000ce5500000,0x0000000ce5600000)]
  0x000001f5693a6230 JavaThread "Unconstrained build operations" [_thread_blocked, id=8800, stack(0x0000000ce5700000,0x0000000ce5800000)]
  0x000001f5693abda0 JavaThread "Unconstrained build operations Thread 2" [_thread_blocked, id=15204, stack(0x0000000ce5800000,0x0000000ce5900000)]
  0x000001f5693ac740 JavaThread "Unconstrained build operations Thread 3" [_thread_blocked, id=8228, stack(0x0000000ce5d00000,0x0000000ce5e00000)]
  0x000001f5693a7570 JavaThread "Unconstrained build operations Thread 4" [_thread_blocked, id=10136, stack(0x0000000ce5e00000,0x0000000ce5f00000)]
  0x000001f5693a6bd0 JavaThread "Unconstrained build operations Thread 5" [_thread_blocked, id=14220, stack(0x0000000ce5f00000,0x0000000ce6000000)]
  0x000001f5693a9250 JavaThread "Unconstrained build operations Thread 6" [_thread_blocked, id=11536, stack(0x0000000ce6000000,0x0000000ce6100000)]
  0x000001f5693acc10 JavaThread "ForkJoinPool.commonPool-worker-6" daemon [_thread_blocked, id=9460, stack(0x0000000ce6100000,0x0000000ce6200000)]
  0x000001f5696abbb0 JavaThread "ForkJoinPool.commonPool-worker-7" daemon [_thread_blocked, id=3696, stack(0x0000000ce6200000,0x0000000ce6300000)]
  0x000001f5696aff10 JavaThread "ForkJoinPool.commonPool-worker-8" daemon [_thread_blocked, id=15300, stack(0x0000000ce6300000,0x0000000ce6400000)]
  0x000001f5696ab6e0 JavaThread "Unconstrained build operations Thread 7" [_thread_blocked, id=14424, stack(0x0000000ce6400000,0x0000000ce6500000)]
  0x000001f5696ae700 JavaThread "Unconstrained build operations Thread 8" [_thread_blocked, id=6212, stack(0x0000000ce6500000,0x0000000ce6600000)]
  0x000001f5696ae230 JavaThread "Unconstrained build operations Thread 9" [_thread_blocked, id=3628, stack(0x0000000ce6600000,0x0000000ce6700000)]
  0x000001f5696ac550 JavaThread "Unconstrained build operations Thread 10" [_thread_blocked, id=10280, stack(0x0000000ce6700000,0x0000000ce6800000)]
  0x000001f5696af570 JavaThread "Unconstrained build operations Thread 11" [_thread_blocked, id=14780, stack(0x0000000ce6800000,0x0000000ce6900000)]
  0x000001f5696a9a00 JavaThread "Unconstrained build operations Thread 12" [_thread_blocked, id=12904, stack(0x0000000ce6a00000,0x0000000ce6b00000)]
  0x000001f5696aa870 JavaThread "Unconstrained build operations Thread 13" [_thread_blocked, id=2972, stack(0x0000000ce6b00000,0x0000000ce6c00000)]
  0x000001f5696afa40 JavaThread "Unconstrained build operations Thread 14" [_thread_blocked, id=10268, stack(0x0000000ce6c00000,0x0000000ce6d00000)]
  0x000001f5696ad3c0 JavaThread "Unconstrained build operations Thread 15" [_thread_blocked, id=6528, stack(0x0000000ce6d00000,0x0000000ce6e00000)]
  0x000001f5696a9ed0 JavaThread "Unconstrained build operations Thread 16" [_thread_blocked, id=13828, stack(0x0000000ce6e00000,0x0000000ce6f00000)]
  0x000001f5696aca20 JavaThread "Unconstrained build operations Thread 17" [_thread_blocked, id=6392, stack(0x0000000ce6f00000,0x0000000ce7000000)]
  0x000001f5696b03e0 JavaThread "Unconstrained build operations Thread 18" [_thread_blocked, id=11064, stack(0x0000000ce7000000,0x0000000ce7100000)]
  0x000001f5696acef0 JavaThread "Unconstrained build operations Thread 19" [_thread_blocked, id=11396, stack(0x0000000ce7100000,0x0000000ce7200000)]
  0x000001f5696ad890 JavaThread "Unconstrained build operations Thread 20" [_thread_blocked, id=15124, stack(0x0000000ce7200000,0x0000000ce7300000)]
  0x000001f5696add60 JavaThread "Unconstrained build operations Thread 21" [_thread_blocked, id=8500, stack(0x0000000ce7300000,0x0000000ce7400000)]
  0x000001f5696af0a0 JavaThread "Unconstrained build operations Thread 22" [_thread_blocked, id=9068, stack(0x0000000ce7400000,0x0000000ce7500000)]
  0x000001f5696b08b0 JavaThread "Unconstrained build operations Thread 23" [_thread_blocked, id=13272, stack(0x0000000ce7500000,0x0000000ce7600000)]
  0x000001f5696a9060 JavaThread "Unconstrained build operations Thread 24" [_thread_blocked, id=12360, stack(0x0000000ce7600000,0x0000000ce7700000)]
  0x000001f561505550 JavaThread "Unconstrained build operations Thread 25" [_thread_blocked, id=1088, stack(0x0000000ce7700000,0x0000000ce7800000)]
  0x000001f561504210 JavaThread "Unconstrained build operations Thread 26" [_thread_blocked, id=15200, stack(0x0000000ce7800000,0x0000000ce7900000)]
  0x000001f561505a20 JavaThread "Unconstrained build operations Thread 27" [_thread_blocked, id=4468, stack(0x0000000ce7900000,0x0000000ce7a00000)]
  0x000001f5615046e0 JavaThread "Unconstrained build operations Thread 28" [_thread_blocked, id=15188, stack(0x0000000ce7a00000,0x0000000ce7b00000)]
  0x000001f561502530 JavaThread "Unconstrained build operations Thread 29" [_thread_blocked, id=10620, stack(0x0000000ce7b00000,0x0000000ce7c00000)]
  0x000001f561502060 JavaThread "Unconstrained build operations Thread 30" [_thread_blocked, id=14484, stack(0x0000000ce7c00000,0x0000000ce7d00000)]
  0x000001f561502a00 JavaThread "Unconstrained build operations Thread 31" [_thread_blocked, id=5936, stack(0x0000000ce7d00000,0x0000000ce7e00000)]
  0x000001f5615033a0 JavaThread "Unconstrained build operations Thread 32" [_thread_blocked, id=8516, stack(0x0000000ce7e00000,0x0000000ce7f00000)]
  0x000001f561503870 JavaThread "Unconstrained build operations Thread 33" [_thread_blocked, id=10616, stack(0x0000000ce7f00000,0x0000000ce8000000)]
  0x000001f561503d40 JavaThread "Unconstrained build operations Thread 34" [_thread_blocked, id=5516, stack(0x0000000ce8000000,0x0000000ce8100000)]
  0x000001f561504bb0 JavaThread "Unconstrained build operations Thread 35" [_thread_blocked, id=3160, stack(0x0000000ce8100000,0x0000000ce8200000)]
  0x000001f5682c73d0 JavaThread "Unconstrained build operations Thread 36" [_thread_blocked, id=11676, stack(0x0000000ce8200000,0x0000000ce8300000)]
  0x000001f5682ca3f0 JavaThread "Unconstrained build operations Thread 37" [_thread_blocked, id=14964, stack(0x0000000ce8300000,0x0000000ce8400000)]
  0x000001f5682c9a50 JavaThread "Unconstrained build operations Thread 38" [_thread_blocked, id=14936, stack(0x0000000ce8400000,0x0000000ce8500000)]
  0x000001f5682c7d70 JavaThread "Unconstrained build operations Thread 39" [_thread_blocked, id=14468, stack(0x0000000ce8500000,0x0000000ce8600000)]
  0x000001f5682c8710 JavaThread "Unconstrained build operations Thread 40" [_thread_blocked, id=5512, stack(0x0000000ce8600000,0x0000000ce8700000)]

Other Threads:
  0x000001f56119bb90 VMThread "VM Thread" [stack: 0x0000000ce3400000,0x0000000ce3500000] [id=14368]
  0x000001f54b217d30 WatcherThread [stack: 0x0000000ce4000000,0x0000000ce4100000] [id=14452]
  0x000001f54b243850 GCTaskThread "GC Thread#0" [stack: 0x0000000ce2f00000,0x0000000ce3000000] [id=11912]
  0x000001f5616a9000 GCTaskThread "GC Thread#1" [stack: 0x0000000ce4100000,0x0000000ce4200000] [id=13404]
  0x000001f5616a92b0 GCTaskThread "GC Thread#2" [stack: 0x0000000ce4200000,0x0000000ce4300000] [id=3284]
  0x000001f5615cacc0 GCTaskThread "GC Thread#3" [stack: 0x0000000ce4300000,0x0000000ce4400000] [id=4116]
  0x000001f5491de690 ConcurrentGCThread "G1 Main Marker" [stack: 0x0000000ce3000000,0x0000000ce3100000] [id=4140]
  0x000001f54b244f40 ConcurrentGCThread "G1 Conc#0" [stack: 0x0000000ce3100000,0x0000000ce3200000] [id=13964]
  0x000001f5610124d0 ConcurrentGCThread "G1 Refine#0" [stack: 0x0000000ce3200000,0x0000000ce3300000] [id=14712]
  0x000001f561012d90 ConcurrentGCThread "G1 Service" [stack: 0x0000000ce3300000,0x0000000ce3400000] [id=14716]

Threads with active compile tasks:
C2 CompilerThread0   714569 12016       4       io.spring.gradle.dependencymanagement.org.apache.maven.model.inheritance.DefaultInheritanceAssembler$InheritanceModelMerger::mergePluginContainer_Plugins (430 bytes)

VM state: not at safepoint (normal execution)

VM Mutex/Monitor currently owned by a thread: None

Heap address: 0x00000000e0000000, size: 512 MB, Compressed Oops mode: 32-bit

CDS archive(s) not mapped
Compressed class space mapped at: 0x0000000100000000-0x0000000114000000, reserved size: 335544320
Narrow klass base: 0x0000000000000000, Narrow klass shift: 3, Narrow klass range: 0x114000000

GC Precious Log:
 CPUs: 4 total, 4 available
 Memory: 3534M
 Large Page Support: Disabled
 NUMA Support: Disabled
 Compressed Oops: Enabled (32-bit)
 Heap Region Size: 1M
 Heap Min Capacity: 256M
 Heap Initial Capacity: 256M
 Heap Max Capacity: 512M
 Pre-touch: Disabled
 Parallel Workers: 4
 Concurrent Workers: 1
 Concurrent Refinement Workers: 4
 Periodic GC: Disabled

Heap:
 garbage-first heap   total 262144K, used 154371K [0x00000000e0000000, 0x0000000100000000)
  region size 1024K, 109 young (111616K), 11 survivors (11264K)
 Metaspace       used 69810K, committed 70528K, reserved 393216K
  class space    used 9384K, committed 9728K, reserved 327680K

Heap Regions: E=young(eden), S=young(survivor), O=old, HS=humongous(starts), HC=humongous(continues), CS=collection set, F=free, OA=open archive, CA=closed archive, TAMS=top-at-mark-start (previous, next)
|   0|0x00000000e0000000, 0x00000000e0100000, 0x00000000e0100000|100%|HS|  |TAMS 0x00000000e0100000, 0x00000000e0000000| Complete 
|   1|0x00000000e0100000, 0x00000000e0200000, 0x00000000e0200000|100%|HC|  |TAMS 0x00000000e0200000, 0x00000000e0100000| Complete 
|   2|0x00000000e0200000, 0x00000000e0300000, 0x00000000e0300000|100%|HC|  |TAMS 0x00000000e0300000, 0x00000000e0200000| Complete 
|   3|0x00000000e0300000, 0x00000000e0400000, 0x00000000e0400000|100%|HC|  |TAMS 0x00000000e0400000, 0x00000000e0300000| Complete 
|   4|0x00000000e0400000, 0x00000000e0500000, 0x00000000e0500000|100%| O|  |TAMS 0x00000000e0500000, 0x00000000e0400000| Untracked 
|   5|0x00000000e0500000, 0x00000000e0600000, 0x00000000e0600000|100%| O|  |TAMS 0x00000000e0600000, 0x00000000e0500000| Untracked 
|   6|0x00000000e0600000, 0x00000000e0700000, 0x00000000e0700000|100%| O|  |TAMS 0x00000000e0700000, 0x00000000e0600000| Untracked 
|   7|0x00000000e0700000, 0x00000000e0800000, 0x00000000e0800000|100%| O|  |TAMS 0x00000000e0800000, 0x00000000e0700000| Untracked 
|   8|0x00000000e0800000, 0x00000000e0900000, 0x00000000e0900000|100%|HS|  |TAMS 0x00000000e0900000, 0x00000000e0800000| Complete 
|   9|0x00000000e0900000, 0x00000000e0a00000, 0x00000000e0a00000|100%| O|  |TAMS 0x00000000e0a00000, 0x00000000e0900000| Untracked 
|  10|0x00000000e0a00000, 0x00000000e0b00000, 0x00000000e0b00000|100%| O|  |TAMS 0x00000000e0b00000, 0x00000000e0a00000| Untracked 
|  11|0x00000000e0b00000, 0x00000000e0c00000, 0x00000000e0c00000|100%| O|  |TAMS 0x00000000e0c00000, 0x00000000e0b00000| Untracked 
|  12|0x00000000e0c00000, 0x00000000e0d00000, 0x00000000e0d00000|100%| O|  |TAMS 0x00000000e0d00000, 0x00000000e0c00000| Untracked 
|  13|0x00000000e0d00000, 0x00000000e0e00000, 0x00000000e0e00000|100%| O|  |TAMS 0x00000000e0d00000, 0x00000000e0d00000| Untracked 
|  14|0x00000000e0e00000, 0x00000000e0f00000, 0x00000000e0f00000|100%| O|  |TAMS 0x00000000e0f00000, 0x00000000e0e00000| Untracked 
|  15|0x00000000e0f00000, 0x00000000e1000000, 0x00000000e1000000|100%| O|  |TAMS 0x00000000e1000000, 0x00000000e0f00000| Untracked 
|  16|0x00000000e1000000, 0x00000000e1100000, 0x00000000e1100000|100%| O|  |TAMS 0x00000000e1100000, 0x00000000e1000000| Untracked 
|  17|0x00000000e1100000, 0x00000000e1200000, 0x00000000e1200000|100%| O|  |TAMS 0x00000000e1200000, 0x00000000e1100000| Untracked 
|  18|0x00000000e1200000, 0x00000000e1300000, 0x00000000e1300000|100%| O|  |TAMS 0x00000000e1300000, 0x00000000e1200000| Untracked 
|  19|0x00000000e1300000, 0x00000000e1400000, 0x00000000e1400000|100%| O|  |TAMS 0x00000000e1400000, 0x00000000e1300000| Untracked 
|  20|0x00000000e1400000, 0x00000000e1500000, 0x00000000e1500000|100%| O|  |TAMS 0x00000000e1500000, 0x00000000e1400000| Untracked 
|  21|0x00000000e1500000, 0x00000000e1600000, 0x00000000e1600000|100%| O|  |TAMS 0x00000000e1600000, 0x00000000e1500000| Untracked 
|  22|0x00000000e1600000, 0x00000000e1700000, 0x00000000e1700000|100%| O|  |TAMS 0x00000000e1700000, 0x00000000e1600000| Untracked 
|  23|0x00000000e1700000, 0x00000000e1800000, 0x00000000e1800000|100%| O|  |TAMS 0x00000000e1800000, 0x00000000e1700000| Untracked 
|  24|0x00000000e1800000, 0x00000000e1900000, 0x00000000e1900000|100%| O|  |TAMS 0x00000000e1900000, 0x00000000e1800000| Untracked 
|  25|0x00000000e1900000, 0x00000000e1a00000, 0x00000000e1a00000|100%| O|  |TAMS 0x00000000e1a00000, 0x00000000e1900000| Untracked 
|  26|0x00000000e1a00000, 0x00000000e1b00000, 0x00000000e1b00000|100%| O|  |TAMS 0x00000000e1b00000, 0x00000000e1a00000| Untracked 
|  27|0x00000000e1b00000, 0x00000000e1c00000, 0x00000000e1c00000|100%| O|  |TAMS 0x00000000e1c00000, 0x00000000e1b00000| Untracked 
|  28|0x00000000e1c00000, 0x00000000e1d00000, 0x00000000e1d00000|100%| O|  |TAMS 0x00000000e1d00000, 0x00000000e1c00000| Untracked 
|  29|0x00000000e1d00000, 0x00000000e1e00000, 0x00000000e1e00000|100%| O|  |TAMS 0x00000000e1e00000, 0x00000000e1d00000| Untracked 
|  30|0x00000000e1e00000, 0x00000000e1f00000, 0x00000000e1f00000|100%| O|  |TAMS 0x00000000e1f00000, 0x00000000e1e00000| Untracked 
|  31|0x00000000e1f00000, 0x00000000e2000000, 0x00000000e2000000|100%| O|  |TAMS 0x00000000e2000000, 0x00000000e1f00000| Untracked 
|  32|0x00000000e2000000, 0x00000000e2100000, 0x00000000e2100000|100%| O|  |TAMS 0x00000000e2100000, 0x00000000e2000000| Untracked 
|  33|0x00000000e2100000, 0x00000000e2200000, 0x00000000e2200000|100%| O|  |TAMS 0x00000000e21f2600, 0x00000000e2100000| Untracked 
|  34|0x00000000e2200000, 0x00000000e2300000, 0x00000000e2300000|100%| O|  |TAMS 0x00000000e2200000, 0x00000000e2200000| Untracked 
|  35|0x00000000e2300000, 0x00000000e2400000, 0x00000000e2400000|100%| O|  |TAMS 0x00000000e2300000, 0x00000000e2300000| Untracked 
|  36|0x00000000e2400000, 0x00000000e2500000, 0x00000000e2500000|100%| O|  |TAMS 0x00000000e2400000, 0x00000000e2400000| Untracked 
|  37|0x00000000e2500000, 0x00000000e2600000, 0x00000000e2600000|100%| O|  |TAMS 0x00000000e2500000, 0x00000000e2500000| Untracked 
|  38|0x00000000e2600000, 0x00000000e2700000, 0x00000000e2700000|100%| O|  |TAMS 0x00000000e2600000, 0x00000000e2600000| Untracked 
|  39|0x00000000e2700000, 0x00000000e2800000, 0x00000000e2800000|100%| O|  |TAMS 0x00000000e2700000, 0x00000000e2700000| Untracked 
|  40|0x00000000e2800000, 0x00000000e2900000, 0x00000000e2900000|100%| O|  |TAMS 0x00000000e2800000, 0x00000000e2800000| Untracked 
|  41|0x00000000e2900000, 0x00000000e2a00000, 0x00000000e2a00000|100%| O|  |TAMS 0x00000000e2900000, 0x00000000e2900000| Untracked 
|  42|0x00000000e2a00000, 0x00000000e2b00000, 0x00000000e2b00000|100%| O|  |TAMS 0x00000000e2a00000, 0x00000000e2a00000| Untracked 
|  43|0x00000000e2b00000, 0x00000000e2c00000, 0x00000000e2c00000|100%| O|  |TAMS 0x00000000e2b00000, 0x00000000e2b00000| Untracked 
|  44|0x00000000e2c00000, 0x00000000e2c40e00, 0x00000000e2d00000| 25%| O|  |TAMS 0x00000000e2c00000, 0x00000000e2c00000| Untracked 
|  45|0x00000000e2d00000, 0x00000000e2d00000, 0x00000000e2e00000|  0%| F|  |TAMS 0x00000000e2d00000, 0x00000000e2d00000| Untracked 
|  46|0x00000000e2e00000, 0x00000000e2e00000, 0x00000000e2f00000|  0%| F|  |TAMS 0x00000000e2e00000, 0x00000000e2e00000| Untracked 
|  47|0x00000000e2f00000, 0x00000000e2f00000, 0x00000000e3000000|  0%| F|  |TAMS 0x00000000e2f00000, 0x00000000e2f00000| Untracked 
|  48|0x00000000e3000000, 0x00000000e3000000, 0x00000000e3100000|  0%| F|  |TAMS 0x00000000e3000000, 0x00000000e3000000| Untracked 
|  49|0x00000000e3100000, 0x00000000e3100000, 0x00000000e3200000|  0%| F|  |TAMS 0x00000000e3100000, 0x00000000e3100000| Untracked 
|  50|0x00000000e3200000, 0x00000000e3200000, 0x00000000e3300000|  0%| F|  |TAMS 0x00000000e3200000, 0x00000000e3200000| Untracked 
|  51|0x00000000e3300000, 0x00000000e3300000, 0x00000000e3400000|  0%| F|  |TAMS 0x00000000e3300000, 0x00000000e3300000| Untracked 
|  52|0x00000000e3400000, 0x00000000e3400000, 0x00000000e3500000|  0%| F|  |TAMS 0x00000000e3400000, 0x00000000e3400000| Untracked 
|  53|0x00000000e3500000, 0x00000000e3500000, 0x00000000e3600000|  0%| F|  |TAMS 0x00000000e3500000, 0x00000000e3500000| Untracked 
|  54|0x00000000e3600000, 0x00000000e3600000, 0x00000000e3700000|  0%| F|  |TAMS 0x00000000e3600000, 0x00000000e3600000| Untracked 
|  55|0x00000000e3700000, 0x00000000e3700000, 0x00000000e3800000|  0%| F|  |TAMS 0x00000000e3700000, 0x00000000e3700000| Untracked 
|  56|0x00000000e3800000, 0x00000000e3800000, 0x00000000e3900000|  0%| F|  |TAMS 0x00000000e3800000, 0x00000000e3800000| Untracked 
|  57|0x00000000e3900000, 0x00000000e3900000, 0x00000000e3a00000|  0%| F|  |TAMS 0x00000000e3900000, 0x00000000e3900000| Untracked 
|  58|0x00000000e3a00000, 0x00000000e3a00000, 0x00000000e3b00000|  0%| F|  |TAMS 0x00000000e3a00000, 0x00000000e3a00000| Untracked 
|  59|0x00000000e3b00000, 0x00000000e3b00000, 0x00000000e3c00000|  0%| F|  |TAMS 0x00000000e3b00000, 0x00000000e3b00000| Untracked 
|  60|0x00000000e3c00000, 0x00000000e3c00000, 0x00000000e3d00000|  0%| F|  |TAMS 0x00000000e3c00000, 0x00000000e3c00000| Untracked 
|  61|0x00000000e3d00000, 0x00000000e3d00000, 0x00000000e3e00000|  0%| F|  |TAMS 0x00000000e3d00000, 0x00000000e3d00000| Untracked 
|  62|0x00000000e3e00000, 0x00000000e3e00000, 0x00000000e3f00000|  0%| F|  |TAMS 0x00000000e3e00000, 0x00000000e3e00000| Untracked 
|  63|0x00000000e3f00000, 0x00000000e3f00000, 0x00000000e4000000|  0%| F|  |TAMS 0x00000000e3f00000, 0x00000000e3f00000| Untracked 
|  64|0x00000000e4000000, 0x00000000e4000000, 0x00000000e4100000|  0%| F|  |TAMS 0x00000000e4000000, 0x00000000e4000000| Untracked 
|  65|0x00000000e4100000, 0x00000000e4100000, 0x00000000e4200000|  0%| F|  |TAMS 0x00000000e4100000, 0x00000000e4100000| Untracked 
|  66|0x00000000e4200000, 0x00000000e4200000, 0x00000000e4300000|  0%| F|  |TAMS 0x00000000e4200000, 0x00000000e4200000| Untracked 
|  67|0x00000000e4300000, 0x00000000e4300000, 0x00000000e4400000|  0%| F|  |TAMS 0x00000000e4300000, 0x00000000e4300000| Untracked 
|  68|0x00000000e4400000, 0x00000000e4400000, 0x00000000e4500000|  0%| F|  |TAMS 0x00000000e4400000, 0x00000000e4400000| Untracked 
|  69|0x00000000e4500000, 0x00000000e4500000, 0x00000000e4600000|  0%| F|  |TAMS 0x00000000e4500000, 0x00000000e4500000| Untracked 
|  70|0x00000000e4600000, 0x00000000e4600000, 0x00000000e4700000|  0%| F|  |TAMS 0x00000000e4600000, 0x00000000e4600000| Untracked 
|  71|0x00000000e4700000, 0x00000000e4700000, 0x00000000e4800000|  0%| F|  |TAMS 0x00000000e4700000, 0x00000000e4700000| Untracked 
|  72|0x00000000e4800000, 0x00000000e4800000, 0x00000000e4900000|  0%| F|  |TAMS 0x00000000e4800000, 0x00000000e4800000| Untracked 
|  73|0x00000000e4900000, 0x00000000e4900000, 0x00000000e4a00000|  0%| F|  |TAMS 0x00000000e4900000, 0x00000000e4900000| Untracked 
|  74|0x00000000e4a00000, 0x00000000e4a00000, 0x00000000e4b00000|  0%| F|  |TAMS 0x00000000e4a00000, 0x00000000e4a00000| Untracked 
|  75|0x00000000e4b00000, 0x00000000e4b00000, 0x00000000e4c00000|  0%| F|  |TAMS 0x00000000e4b00000, 0x00000000e4b00000| Untracked 
|  76|0x00000000e4c00000, 0x00000000e4c00000, 0x00000000e4d00000|  0%| F|  |TAMS 0x00000000e4c00000, 0x00000000e4c00000| Untracked 
|  77|0x00000000e4d00000, 0x00000000e4d00000, 0x00000000e4e00000|  0%| F|  |TAMS 0x00000000e4d00000, 0x00000000e4d00000| Untracked 
|  78|0x00000000e4e00000, 0x00000000e4e00000, 0x00000000e4f00000|  0%| F|  |TAMS 0x00000000e4e00000, 0x00000000e4e00000| Untracked 
|  79|0x00000000e4f00000, 0x00000000e4f00000, 0x00000000e5000000|  0%| F|  |TAMS 0x00000000e4f00000, 0x00000000e4f00000| Untracked 
|  80|0x00000000e5000000, 0x00000000e5000000, 0x00000000e5100000|  0%| F|  |TAMS 0x00000000e5000000, 0x00000000e5000000| Untracked 
|  81|0x00000000e5100000, 0x00000000e5100000, 0x00000000e5200000|  0%| F|  |TAMS 0x00000000e5100000, 0x00000000e5100000| Untracked 
|  82|0x00000000e5200000, 0x00000000e5200000, 0x00000000e5300000|  0%| F|  |TAMS 0x00000000e5200000, 0x00000000e5200000| Untracked 
|  83|0x00000000e5300000, 0x00000000e5300000, 0x00000000e5400000|  0%| F|  |TAMS 0x00000000e5300000, 0x00000000e5300000| Untracked 
|  84|0x00000000e5400000, 0x00000000e5400000, 0x00000000e5500000|  0%| F|  |TAMS 0x00000000e5400000, 0x00000000e5400000| Untracked 
|  85|0x00000000e5500000, 0x00000000e5500000, 0x00000000e5600000|  0%| F|  |TAMS 0x00000000e5500000, 0x00000000e5500000| Untracked 
|  86|0x00000000e5600000, 0x00000000e5600000, 0x00000000e5700000|  0%| F|  |TAMS 0x00000000e5600000, 0x00000000e5600000| Untracked 
|  87|0x00000000e5700000, 0x00000000e5700000, 0x00000000e5800000|  0%| F|  |TAMS 0x00000000e5700000, 0x00000000e5700000| Untracked 
|  88|0x00000000e5800000, 0x00000000e5800000, 0x00000000e5900000|  0%| F|  |TAMS 0x00000000e5800000, 0x00000000e5800000| Untracked 
|  89|0x00000000e5900000, 0x00000000e5900000, 0x00000000e5a00000|  0%| F|  |TAMS 0x00000000e5900000, 0x00000000e5900000| Untracked 
|  90|0x00000000e5a00000, 0x00000000e5a00000, 0x00000000e5b00000|  0%| F|  |TAMS 0x00000000e5a00000, 0x00000000e5a00000| Untracked 
|  91|0x00000000e5b00000, 0x00000000e5b00000, 0x00000000e5c00000|  0%| F|  |TAMS 0x00000000e5b00000, 0x00000000e5b00000| Untracked 
|  92|0x00000000e5c00000, 0x00000000e5c00000, 0x00000000e5d00000|  0%| F|  |TAMS 0x00000000e5c00000, 0x00000000e5c00000| Untracked 
|  93|0x00000000e5d00000, 0x00000000e5d00000, 0x00000000e5e00000|  0%| F|  |TAMS 0x00000000e5d00000, 0x00000000e5d00000| Untracked 
|  94|0x00000000e5e00000, 0x00000000e5e00000, 0x00000000e5f00000|  0%| F|  |TAMS 0x00000000e5e00000, 0x00000000e5e00000| Untracked 
|  95|0x00000000e5f00000, 0x00000000e5f00000, 0x00000000e6000000|  0%| F|  |TAMS 0x00000000e5f00000, 0x00000000e5f00000| Untracked 
|  96|0x00000000e6000000, 0x00000000e6000000, 0x00000000e6100000|  0%| F|  |TAMS 0x00000000e6000000, 0x00000000e6000000| Untracked 
|  97|0x00000000e6100000, 0x00000000e6100000, 0x00000000e6200000|  0%| F|  |TAMS 0x00000000e6100000, 0x00000000e6100000| Untracked 
|  98|0x00000000e6200000, 0x00000000e6200000, 0x00000000e6300000|  0%| F|  |TAMS 0x00000000e6200000, 0x00000000e6200000| Untracked 
|  99|0x00000000e6300000, 0x00000000e6300000, 0x00000000e6400000|  0%| F|  |TAMS 0x00000000e6300000, 0x00000000e6300000| Untracked 
| 100|0x00000000e6400000, 0x00000000e6400000, 0x00000000e6500000|  0%| F|  |TAMS 0x00000000e6400000, 0x00000000e6400000| Untracked 
| 101|0x00000000e6500000, 0x00000000e6500000, 0x00000000e6600000|  0%| F|  |TAMS 0x00000000e6500000, 0x00000000e6500000| Untracked 
| 102|0x00000000e6600000, 0x00000000e6600000, 0x00000000e6700000|  0%| F|  |TAMS 0x00000000e6600000, 0x00000000e6600000| Untracked 
| 103|0x00000000e6700000, 0x00000000e6700000, 0x00000000e6800000|  0%| F|  |TAMS 0x00000000e6700000, 0x00000000e6700000| Untracked 
| 104|0x00000000e6800000, 0x00000000e6800000, 0x00000000e6900000|  0%| F|  |TAMS 0x00000000e6800000, 0x00000000e6800000| Untracked 
| 105|0x00000000e6900000, 0x00000000e6900000, 0x00000000e6a00000|  0%| F|  |TAMS 0x00000000e6900000, 0x00000000e6900000| Untracked 
| 106|0x00000000e6a00000, 0x00000000e6a00000, 0x00000000e6b00000|  0%| F|  |TAMS 0x00000000e6a00000, 0x00000000e6a00000| Untracked 
| 107|0x00000000e6b00000, 0x00000000e6b00000, 0x00000000e6c00000|  0%| F|  |TAMS 0x00000000e6b00000, 0x00000000e6b00000| Untracked 
| 108|0x00000000e6c00000, 0x00000000e6c80000, 0x00000000e6d00000| 50%| S|CS|TAMS 0x00000000e6c00000, 0x00000000e6c00000| Complete 
| 109|0x00000000e6d00000, 0x00000000e6e00000, 0x00000000e6e00000|100%| S|CS|TAMS 0x00000000e6d00000, 0x00000000e6d00000| Complete 
| 110|0x00000000e6e00000, 0x00000000e6f00000, 0x00000000e6f00000|100%| S|CS|TAMS 0x00000000e6e00000, 0x00000000e6e00000| Complete 
| 111|0x00000000e6f00000, 0x00000000e7000000, 0x00000000e7000000|100%| S|CS|TAMS 0x00000000e6f00000, 0x00000000e6f00000| Complete 
| 112|0x00000000e7000000, 0x00000000e7100000, 0x00000000e7100000|100%| S|CS|TAMS 0x00000000e7000000, 0x00000000e7000000| Complete 
| 113|0x00000000e7100000, 0x00000000e7200000, 0x00000000e7200000|100%| S|CS|TAMS 0x00000000e7100000, 0x00000000e7100000| Complete 
| 114|0x00000000e7200000, 0x00000000e7300000, 0x00000000e7300000|100%| S|CS|TAMS 0x00000000e7200000, 0x00000000e7200000| Complete 
| 115|0x00000000e7300000, 0x00000000e7400000, 0x00000000e7400000|100%| S|CS|TAMS 0x00000000e7300000, 0x00000000e7300000| Complete 
| 116|0x00000000e7400000, 0x00000000e7500000, 0x00000000e7500000|100%| S|CS|TAMS 0x00000000e7400000, 0x00000000e7400000| Complete 
| 117|0x00000000e7500000, 0x00000000e7600000, 0x00000000e7600000|100%| S|CS|TAMS 0x00000000e7500000, 0x00000000e7500000| Complete 
| 118|0x00000000e7600000, 0x00000000e7700000, 0x00000000e7700000|100%| S|CS|TAMS 0x00000000e7600000, 0x00000000e7600000| Complete 
| 119|0x00000000e7700000, 0x00000000e7700000, 0x00000000e7800000|  0%| F|  |TAMS 0x00000000e7700000, 0x00000000e7700000| Untracked 
| 120|0x00000000e7800000, 0x00000000e7800000, 0x00000000e7900000|  0%| F|  |TAMS 0x00000000e7800000, 0x00000000e7800000| Untracked 
| 121|0x00000000e7900000, 0x00000000e7900000, 0x00000000e7a00000|  0%| F|  |TAMS 0x00000000e7900000, 0x00000000e7900000| Untracked 
| 122|0x00000000e7a00000, 0x00000000e7a00000, 0x00000000e7b00000|  0%| F|  |TAMS 0x00000000e7a00000, 0x00000000e7a00000| Untracked 
| 123|0x00000000e7b00000, 0x00000000e7b00000, 0x00000000e7c00000|  0%| F|  |TAMS 0x00000000e7b00000, 0x00000000e7b00000| Untracked 
| 124|0x00000000e7c00000, 0x00000000e7c00000, 0x00000000e7d00000|  0%| F|  |TAMS 0x00000000e7c00000, 0x00000000e7c00000| Untracked 
| 125|0x00000000e7d00000, 0x00000000e7d00000, 0x00000000e7e00000|  0%| F|  |TAMS 0x00000000e7d00000, 0x00000000e7d00000| Untracked 
| 126|0x00000000e7e00000, 0x00000000e7e00000, 0x00000000e7f00000|  0%| F|  |TAMS 0x00000000e7e00000, 0x00000000e7e00000| Untracked 
| 127|0x00000000e7f00000, 0x00000000e7f00000, 0x00000000e8000000|  0%| F|  |TAMS 0x00000000e7f00000, 0x00000000e7f00000| Untracked 
| 128|0x00000000e8000000, 0x00000000e8000000, 0x00000000e8100000|  0%| F|  |TAMS 0x00000000e8000000, 0x00000000e8000000| Untracked 
| 129|0x00000000e8100000, 0x00000000e8100000, 0x00000000e8200000|  0%| F|  |TAMS 0x00000000e8100000, 0x00000000e8100000| Untracked 
| 130|0x00000000e8200000, 0x00000000e8200000, 0x00000000e8300000|  0%| F|  |TAMS 0x00000000e8200000, 0x00000000e8200000| Untracked 
| 131|0x00000000e8300000, 0x00000000e8300000, 0x00000000e8400000|  0%| F|  |TAMS 0x00000000e8300000, 0x00000000e8300000| Untracked 
| 132|0x00000000e8400000, 0x00000000e8400000, 0x00000000e8500000|  0%| F|  |TAMS 0x00000000e8400000, 0x00000000e8400000| Untracked 
| 133|0x00000000e8500000, 0x00000000e8500000, 0x00000000e8600000|  0%| F|  |TAMS 0x00000000e8500000, 0x00000000e8500000| Untracked 
| 134|0x00000000e8600000, 0x00000000e8600000, 0x00000000e8700000|  0%| F|  |TAMS 0x00000000e8600000, 0x00000000e8600000| Untracked 
| 135|0x00000000e8700000, 0x00000000e8700000, 0x00000000e8800000|  0%| F|  |TAMS 0x00000000e8700000, 0x00000000e8700000| Untracked 
| 136|0x00000000e8800000, 0x00000000e8800000, 0x00000000e8900000|  0%| F|  |TAMS 0x00000000e8800000, 0x00000000e8800000| Untracked 
| 137|0x00000000e8900000, 0x00000000e8900000, 0x00000000e8a00000|  0%| F|  |TAMS 0x00000000e8900000, 0x00000000e8900000| Untracked 
| 138|0x00000000e8a00000, 0x00000000e8a00000, 0x00000000e8b00000|  0%| F|  |TAMS 0x00000000e8a00000, 0x00000000e8a00000| Untracked 
| 139|0x00000000e8b00000, 0x00000000e8b00000, 0x00000000e8c00000|  0%| F|  |TAMS 0x00000000e8b00000, 0x00000000e8b00000| Untracked 
| 140|0x00000000e8c00000, 0x00000000e8c00000, 0x00000000e8d00000|  0%| F|  |TAMS 0x00000000e8c00000, 0x00000000e8c00000| Untracked 
| 141|0x00000000e8d00000, 0x00000000e8d00000, 0x00000000e8e00000|  0%| F|  |TAMS 0x00000000e8d00000, 0x00000000e8d00000| Untracked 
| 142|0x00000000e8e00000, 0x00000000e8e00000, 0x00000000e8f00000|  0%| F|  |TAMS 0x00000000e8e00000, 0x00000000e8e00000| Untracked 
| 143|0x00000000e8f00000, 0x00000000e8f00000, 0x00000000e9000000|  0%| F|  |TAMS 0x00000000e8f00000, 0x00000000e8f00000| Untracked 
| 144|0x00000000e9000000, 0x00000000e9000000, 0x00000000e9100000|  0%| F|  |TAMS 0x00000000e9000000, 0x00000000e9000000| Untracked 
| 145|0x00000000e9100000, 0x00000000e9100000, 0x00000000e9200000|  0%| F|  |TAMS 0x00000000e9100000, 0x00000000e9100000| Untracked 
| 146|0x00000000e9200000, 0x00000000e9200000, 0x00000000e9300000|  0%| F|  |TAMS 0x00000000e9200000, 0x00000000e9200000| Untracked 
| 147|0x00000000e9300000, 0x00000000e9300000, 0x00000000e9400000|  0%| F|  |TAMS 0x00000000e9300000, 0x00000000e9300000| Untracked 
| 148|0x00000000e9400000, 0x00000000e9400000, 0x00000000e9500000|  0%| F|  |TAMS 0x00000000e9400000, 0x00000000e9400000| Untracked 
| 149|0x00000000e9500000, 0x00000000e9500000, 0x00000000e9600000|  0%| F|  |TAMS 0x00000000e9500000, 0x00000000e9500000| Untracked 
| 150|0x00000000e9600000, 0x00000000e9600000, 0x00000000e9700000|  0%| F|  |TAMS 0x00000000e9600000, 0x00000000e9600000| Untracked 
| 151|0x00000000e9700000, 0x00000000e9700000, 0x00000000e9800000|  0%| F|  |TAMS 0x00000000e9700000, 0x00000000e9700000| Untracked 
| 152|0x00000000e9800000, 0x00000000e9800000, 0x00000000e9900000|  0%| F|  |TAMS 0x00000000e9800000, 0x00000000e9800000| Untracked 
| 153|0x00000000e9900000, 0x00000000e9900000, 0x00000000e9a00000|  0%| F|  |TAMS 0x00000000e9900000, 0x00000000e9900000| Untracked 
| 154|0x00000000e9a00000, 0x00000000e9a00000, 0x00000000e9b00000|  0%| F|  |TAMS 0x00000000e9a00000, 0x00000000e9a00000| Untracked 
| 155|0x00000000e9b00000, 0x00000000e9b00000, 0x00000000e9c00000|  0%| F|  |TAMS 0x00000000e9b00000, 0x00000000e9b00000| Untracked 
| 156|0x00000000e9c00000, 0x00000000e9c00000, 0x00000000e9d00000|  0%| F|  |TAMS 0x00000000e9c00000, 0x00000000e9c00000| Untracked 
| 157|0x00000000e9d00000, 0x00000000e9d00000, 0x00000000e9e00000|  0%| F|  |TAMS 0x00000000e9d00000, 0x00000000e9d00000| Untracked 
| 158|0x00000000e9e00000, 0x00000000e9ea48e8, 0x00000000e9f00000| 64%| E|  |TAMS 0x00000000e9e00000, 0x00000000e9e00000| Complete 
| 159|0x00000000e9f00000, 0x00000000ea000000, 0x00000000ea000000|100%| E|CS|TAMS 0x00000000e9f00000, 0x00000000e9f00000| Complete 
| 160|0x00000000ea000000, 0x00000000ea100000, 0x00000000ea100000|100%| E|CS|TAMS 0x00000000ea000000, 0x00000000ea000000| Complete 
| 161|0x00000000ea100000, 0x00000000ea200000, 0x00000000ea200000|100%| E|CS|TAMS 0x00000000ea100000, 0x00000000ea100000| Complete 
| 162|0x00000000ea200000, 0x00000000ea300000, 0x00000000ea300000|100%| E|  |TAMS 0x00000000ea200000, 0x00000000ea200000| Complete 
| 163|0x00000000ea300000, 0x00000000ea400000, 0x00000000ea400000|100%| E|CS|TAMS 0x00000000ea300000, 0x00000000ea300000| Complete 
| 164|0x00000000ea400000, 0x00000000ea500000, 0x00000000ea500000|100%| E|CS|TAMS 0x00000000ea400000, 0x00000000ea400000| Complete 
| 165|0x00000000ea500000, 0x00000000ea600000, 0x00000000ea600000|100%| E|CS|TAMS 0x00000000ea500000, 0x00000000ea500000| Complete 
| 166|0x00000000ea600000, 0x00000000ea700000, 0x00000000ea700000|100%| E|CS|TAMS 0x00000000ea600000, 0x00000000ea600000| Complete 
| 167|0x00000000ea700000, 0x00000000ea800000, 0x00000000ea800000|100%| E|CS|TAMS 0x00000000ea700000, 0x00000000ea700000| Complete 
| 168|0x00000000ea800000, 0x00000000ea900000, 0x00000000ea900000|100%| E|CS|TAMS 0x00000000ea800000, 0x00000000ea800000| Complete 
| 169|0x00000000ea900000, 0x00000000eaa00000, 0x00000000eaa00000|100%| E|CS|TAMS 0x00000000ea900000, 0x00000000ea900000| Complete 
| 170|0x00000000eaa00000, 0x00000000eab00000, 0x00000000eab00000|100%| E|CS|TAMS 0x00000000eaa00000, 0x00000000eaa00000| Complete 
| 171|0x00000000eab00000, 0x00000000eac00000, 0x00000000eac00000|100%| E|CS|TAMS 0x00000000eab00000, 0x00000000eab00000| Complete 
| 172|0x00000000eac00000, 0x00000000ead00000, 0x00000000ead00000|100%| E|CS|TAMS 0x00000000eac00000, 0x00000000eac00000| Complete 
| 173|0x00000000ead00000, 0x00000000eae00000, 0x00000000eae00000|100%| E|CS|TAMS 0x00000000ead00000, 0x00000000ead00000| Complete 
| 174|0x00000000eae00000, 0x00000000eaf00000, 0x00000000eaf00000|100%| E|CS|TAMS 0x00000000eae00000, 0x00000000eae00000| Complete 
| 175|0x00000000eaf00000, 0x00000000eb000000, 0x00000000eb000000|100%| E|CS|TAMS 0x00000000eaf00000, 0x00000000eaf00000| Complete 
| 176|0x00000000eb000000, 0x00000000eb100000, 0x00000000eb100000|100%| E|CS|TAMS 0x00000000eb000000, 0x00000000eb000000| Complete 
| 177|0x00000000eb100000, 0x00000000eb200000, 0x00000000eb200000|100%| E|CS|TAMS 0x00000000eb100000, 0x00000000eb100000| Complete 
| 178|0x00000000eb200000, 0x00000000eb300000, 0x00000000eb300000|100%| E|CS|TAMS 0x00000000eb200000, 0x00000000eb200000| Complete 
| 179|0x00000000eb300000, 0x00000000eb400000, 0x00000000eb400000|100%| E|CS|TAMS 0x00000000eb300000, 0x00000000eb300000| Complete 
| 180|0x00000000eb400000, 0x00000000eb500000, 0x00000000eb500000|100%| E|CS|TAMS 0x00000000eb400000, 0x00000000eb400000| Complete 
| 181|0x00000000eb500000, 0x00000000eb600000, 0x00000000eb600000|100%| E|CS|TAMS 0x00000000eb500000, 0x00000000eb500000| Complete 
| 182|0x00000000eb600000, 0x00000000eb700000, 0x00000000eb700000|100%| E|CS|TAMS 0x00000000eb600000, 0x00000000eb600000| Complete 
| 183|0x00000000eb700000, 0x00000000eb800000, 0x00000000eb800000|100%| E|CS|TAMS 0x00000000eb700000, 0x00000000eb700000| Complete 
| 184|0x00000000eb800000, 0x00000000eb900000, 0x00000000eb900000|100%| E|CS|TAMS 0x00000000eb800000, 0x00000000eb800000| Complete 
| 185|0x00000000eb900000, 0x00000000eba00000, 0x00000000eba00000|100%| E|CS|TAMS 0x00000000eb900000, 0x00000000eb900000| Complete 
| 186|0x00000000eba00000, 0x00000000ebb00000, 0x00000000ebb00000|100%| E|CS|TAMS 0x00000000eba00000, 0x00000000eba00000| Complete 
| 187|0x00000000ebb00000, 0x00000000ebc00000, 0x00000000ebc00000|100%| E|CS|TAMS 0x00000000ebb00000, 0x00000000ebb00000| Complete 
| 188|0x00000000ebc00000, 0x00000000ebd00000, 0x00000000ebd00000|100%| E|CS|TAMS 0x00000000ebc00000, 0x00000000ebc00000| Complete 
| 189|0x00000000ebd00000, 0x00000000ebe00000, 0x00000000ebe00000|100%| E|CS|TAMS 0x00000000ebd00000, 0x00000000ebd00000| Complete 
| 190|0x00000000ebe00000, 0x00000000ebf00000, 0x00000000ebf00000|100%| E|CS|TAMS 0x00000000ebe00000, 0x00000000ebe00000| Complete 
| 191|0x00000000ebf00000, 0x00000000ec000000, 0x00000000ec000000|100%| E|CS|TAMS 0x00000000ebf00000, 0x00000000ebf00000| Complete 
| 192|0x00000000ec000000, 0x00000000ec100000, 0x00000000ec100000|100%| E|CS|TAMS 0x00000000ec000000, 0x00000000ec000000| Complete 
| 193|0x00000000ec100000, 0x00000000ec200000, 0x00000000ec200000|100%| E|CS|TAMS 0x00000000ec100000, 0x00000000ec100000| Complete 
| 194|0x00000000ec200000, 0x00000000ec300000, 0x00000000ec300000|100%| E|CS|TAMS 0x00000000ec200000, 0x00000000ec200000| Complete 
| 195|0x00000000ec300000, 0x00000000ec400000, 0x00000000ec400000|100%| E|CS|TAMS 0x00000000ec300000, 0x00000000ec300000| Complete 
| 196|0x00000000ec400000, 0x00000000ec500000, 0x00000000ec500000|100%| E|CS|TAMS 0x00000000ec400000, 0x00000000ec400000| Complete 
| 197|0x00000000ec500000, 0x00000000ec600000, 0x00000000ec600000|100%| E|CS|TAMS 0x00000000ec500000, 0x00000000ec500000| Complete 
| 198|0x00000000ec600000, 0x00000000ec700000, 0x00000000ec700000|100%| E|CS|TAMS 0x00000000ec600000, 0x00000000ec600000| Complete 
| 199|0x00000000ec700000, 0x00000000ec800000, 0x00000000ec800000|100%| E|CS|TAMS 0x00000000ec700000, 0x00000000ec700000| Complete 
| 200|0x00000000ec800000, 0x00000000ec900000, 0x00000000ec900000|100%| E|CS|TAMS 0x00000000ec800000, 0x00000000ec800000| Complete 
| 201|0x00000000ec900000, 0x00000000eca00000, 0x00000000eca00000|100%| E|CS|TAMS 0x00000000ec900000, 0x00000000ec900000| Complete 
| 202|0x00000000eca00000, 0x00000000ecb00000, 0x00000000ecb00000|100%| E|CS|TAMS 0x00000000eca00000, 0x00000000eca00000| Complete 
| 203|0x00000000ecb00000, 0x00000000ecc00000, 0x00000000ecc00000|100%| E|CS|TAMS 0x00000000ecb00000, 0x00000000ecb00000| Complete 
| 204|0x00000000ecc00000, 0x00000000ecd00000, 0x00000000ecd00000|100%| E|CS|TAMS 0x00000000ecc00000, 0x00000000ecc00000| Complete 
| 205|0x00000000ecd00000, 0x00000000ece00000, 0x00000000ece00000|100%| E|CS|TAMS 0x00000000ecd00000, 0x00000000ecd00000| Complete 
| 206|0x00000000ece00000, 0x00000000ecf00000, 0x00000000ecf00000|100%| E|CS|TAMS 0x00000000ece00000, 0x00000000ece00000| Complete 
| 207|0x00000000ecf00000, 0x00000000ed000000, 0x00000000ed000000|100%| E|CS|TAMS 0x00000000ecf00000, 0x00000000ecf00000| Complete 
| 208|0x00000000ed000000, 0x00000000ed100000, 0x00000000ed100000|100%| E|CS|TAMS 0x00000000ed000000, 0x00000000ed000000| Complete 
| 209|0x00000000ed100000, 0x00000000ed200000, 0x00000000ed200000|100%| E|CS|TAMS 0x00000000ed100000, 0x00000000ed100000| Complete 
| 210|0x00000000ed200000, 0x00000000ed300000, 0x00000000ed300000|100%| E|CS|TAMS 0x00000000ed200000, 0x00000000ed200000| Complete 
| 211|0x00000000ed300000, 0x00000000ed400000, 0x00000000ed400000|100%| E|CS|TAMS 0x00000000ed300000, 0x00000000ed300000| Complete 
| 212|0x00000000ed400000, 0x00000000ed500000, 0x00000000ed500000|100%| E|CS|TAMS 0x00000000ed400000, 0x00000000ed400000| Complete 
| 213|0x00000000ed500000, 0x00000000ed600000, 0x00000000ed600000|100%| E|CS|TAMS 0x00000000ed500000, 0x00000000ed500000| Complete 
| 214|0x00000000ed600000, 0x00000000ed700000, 0x00000000ed700000|100%| E|CS|TAMS 0x00000000ed600000, 0x00000000ed600000| Complete 
| 215|0x00000000ed700000, 0x00000000ed800000, 0x00000000ed800000|100%| E|CS|TAMS 0x00000000ed700000, 0x00000000ed700000| Complete 
| 216|0x00000000ed800000, 0x00000000ed900000, 0x00000000ed900000|100%| E|CS|TAMS 0x00000000ed800000, 0x00000000ed800000| Complete 
| 217|0x00000000ed900000, 0x00000000eda00000, 0x00000000eda00000|100%| E|CS|TAMS 0x00000000ed900000, 0x00000000ed900000| Complete 
| 218|0x00000000eda00000, 0x00000000edb00000, 0x00000000edb00000|100%| E|CS|TAMS 0x00000000eda00000, 0x00000000eda00000| Complete 
| 219|0x00000000edb00000, 0x00000000edc00000, 0x00000000edc00000|100%| E|CS|TAMS 0x00000000edb00000, 0x00000000edb00000| Complete 
| 220|0x00000000edc00000, 0x00000000edd00000, 0x00000000edd00000|100%| E|CS|TAMS 0x00000000edc00000, 0x00000000edc00000| Complete 
| 221|0x00000000edd00000, 0x00000000ede00000, 0x00000000ede00000|100%| E|CS|TAMS 0x00000000edd00000, 0x00000000edd00000| Complete 
| 222|0x00000000ede00000, 0x00000000edf00000, 0x00000000edf00000|100%| E|CS|TAMS 0x00000000ede00000, 0x00000000ede00000| Complete 
| 223|0x00000000edf00000, 0x00000000ee000000, 0x00000000ee000000|100%| E|CS|TAMS 0x00000000edf00000, 0x00000000edf00000| Complete 
| 224|0x00000000ee000000, 0x00000000ee100000, 0x00000000ee100000|100%| E|CS|TAMS 0x00000000ee000000, 0x00000000ee000000| Complete 
| 225|0x00000000ee100000, 0x00000000ee200000, 0x00000000ee200000|100%| E|CS|TAMS 0x00000000ee100000, 0x00000000ee100000| Complete 
| 226|0x00000000ee200000, 0x00000000ee300000, 0x00000000ee300000|100%| E|CS|TAMS 0x00000000ee200000, 0x00000000ee200000| Complete 
| 227|0x00000000ee300000, 0x00000000ee400000, 0x00000000ee400000|100%| E|CS|TAMS 0x00000000ee300000, 0x00000000ee300000| Complete 
| 228|0x00000000ee400000, 0x00000000ee500000, 0x00000000ee500000|100%| E|CS|TAMS 0x00000000ee400000, 0x00000000ee400000| Complete 
| 229|0x00000000ee500000, 0x00000000ee600000, 0x00000000ee600000|100%| E|CS|TAMS 0x00000000ee500000, 0x00000000ee500000| Complete 
| 230|0x00000000ee600000, 0x00000000ee700000, 0x00000000ee700000|100%| E|CS|TAMS 0x00000000ee600000, 0x00000000ee600000| Complete 
| 231|0x00000000ee700000, 0x00000000ee800000, 0x00000000ee800000|100%| E|CS|TAMS 0x00000000ee700000, 0x00000000ee700000| Complete 
| 232|0x00000000ee800000, 0x00000000ee900000, 0x00000000ee900000|100%| E|CS|TAMS 0x00000000ee800000, 0x00000000ee800000| Complete 
| 233|0x00000000ee900000, 0x00000000eea00000, 0x00000000eea00000|100%| E|CS|TAMS 0x00000000ee900000, 0x00000000ee900000| Complete 
| 234|0x00000000eea00000, 0x00000000eeb00000, 0x00000000eeb00000|100%| E|CS|TAMS 0x00000000eea00000, 0x00000000eea00000| Complete 
| 235|0x00000000eeb00000, 0x00000000eec00000, 0x00000000eec00000|100%| E|CS|TAMS 0x00000000eeb00000, 0x00000000eeb00000| Complete 
| 236|0x00000000eec00000, 0x00000000eed00000, 0x00000000eed00000|100%| E|CS|TAMS 0x00000000eec00000, 0x00000000eec00000| Complete 
| 237|0x00000000eed00000, 0x00000000eee00000, 0x00000000eee00000|100%| E|CS|TAMS 0x00000000eed00000, 0x00000000eed00000| Complete 
| 238|0x00000000eee00000, 0x00000000eef00000, 0x00000000eef00000|100%| E|CS|TAMS 0x00000000eee00000, 0x00000000eee00000| Complete 
| 239|0x00000000eef00000, 0x00000000ef000000, 0x00000000ef000000|100%| E|CS|TAMS 0x00000000eef00000, 0x00000000eef00000| Complete 
| 240|0x00000000ef000000, 0x00000000ef100000, 0x00000000ef100000|100%| E|CS|TAMS 0x00000000ef000000, 0x00000000ef000000| Complete 
| 241|0x00000000ef100000, 0x00000000ef200000, 0x00000000ef200000|100%| E|CS|TAMS 0x00000000ef100000, 0x00000000ef100000| Complete 
| 242|0x00000000ef200000, 0x00000000ef300000, 0x00000000ef300000|100%| E|CS|TAMS 0x00000000ef200000, 0x00000000ef200000| Complete 
| 243|0x00000000ef300000, 0x00000000ef400000, 0x00000000ef400000|100%| E|CS|TAMS 0x00000000ef300000, 0x00000000ef300000| Complete 
| 244|0x00000000ef400000, 0x00000000ef500000, 0x00000000ef500000|100%| E|CS|TAMS 0x00000000ef400000, 0x00000000ef400000| Complete 
| 245|0x00000000ef500000, 0x00000000ef600000, 0x00000000ef600000|100%| E|CS|TAMS 0x00000000ef500000, 0x00000000ef500000| Complete 
| 246|0x00000000ef600000, 0x00000000ef700000, 0x00000000ef700000|100%| E|CS|TAMS 0x00000000ef600000, 0x00000000ef600000| Complete 
| 247|0x00000000ef700000, 0x00000000ef800000, 0x00000000ef800000|100%| E|CS|TAMS 0x00000000ef700000, 0x00000000ef700000| Complete 
| 248|0x00000000ef800000, 0x00000000ef900000, 0x00000000ef900000|100%| E|CS|TAMS 0x00000000ef800000, 0x00000000ef800000| Complete 
| 249|0x00000000ef900000, 0x00000000efa00000, 0x00000000efa00000|100%| E|CS|TAMS 0x00000000ef900000, 0x00000000ef900000| Complete 
| 250|0x00000000efa00000, 0x00000000efb00000, 0x00000000efb00000|100%| E|CS|TAMS 0x00000000efa00000, 0x00000000efa00000| Complete 
| 251|0x00000000efb00000, 0x00000000efc00000, 0x00000000efc00000|100%| E|CS|TAMS 0x00000000efb00000, 0x00000000efb00000| Complete 
| 252|0x00000000efc00000, 0x00000000efd00000, 0x00000000efd00000|100%| E|CS|TAMS 0x00000000efc00000, 0x00000000efc00000| Complete 
| 253|0x00000000efd00000, 0x00000000efe00000, 0x00000000efe00000|100%| E|CS|TAMS 0x00000000efd00000, 0x00000000efd00000| Complete 
| 254|0x00000000efe00000, 0x00000000eff00000, 0x00000000eff00000|100%| E|CS|TAMS 0x00000000efe00000, 0x00000000efe00000| Complete 
| 255|0x00000000eff00000, 0x00000000f0000000, 0x00000000f0000000|100%| E|CS|TAMS 0x00000000eff00000, 0x00000000eff00000| Complete 

Card table byte_map: [0x000001f55d980000,0x000001f55da80000] _byte_map_base: 0x000001f55d280000

Marking Bits (Prev, Next): (CMBitMap*) 0x000001f5491daff0, (CMBitMap*) 0x000001f5491dafb0
 Prev Bits: [0x000001f55e380000, 0x000001f55eb80000)
 Next Bits: [0x000001f55db80000, 0x000001f55e380000)

Polling page: 0x000001f549390000

Metaspace:

Usage:
  Non-class:     59.01 MB used.
      Class:      9.16 MB used.
       Both:     68.17 MB used.

Virtual space:
  Non-class space:       64.00 MB reserved,      59.38 MB ( 93%) committed,  1 nodes.
      Class space:      320.00 MB reserved,       9.50 MB (  3%) committed,  1 nodes.
             Both:      384.00 MB reserved,      68.88 MB ( 18%) committed. 

Chunk freelists:
   Non-Class:  3.85 MB
       Class:  6.49 MB
        Both:  10.34 MB

MaxMetaspaceSize: 384.00 MB
CompressedClassSpaceSize: 320.00 MB
Initial GC threshold: 21.00 MB
Current GC threshold: 98.12 MB
CDS: off
MetaspaceReclaimPolicy: balanced
 - commit_granule_bytes: 65536.
 - commit_granule_words: 8192.
 - virtual_space_node_default_size: 8388608.
 - enlarge_chunks_in_place: 1.
 - new_chunks_are_fully_committed: 0.
 - uncommit_free_chunks: 1.
 - use_allocation_guard: 0.
 - handle_deallocations: 1.


Internal statistics:

num_allocs_failed_limit: 9.
num_arena_births: 838.
num_arena_deaths: 0.
num_vsnodes_births: 2.
num_vsnodes_deaths: 0.
num_space_committed: 1102.
num_space_uncommitted: 0.
num_chunks_returned_to_freelist: 9.
num_chunks_taken_from_freelist: 3527.
num_chunk_merges: 6.
num_chunk_splits: 2157.
num_chunks_enlarged: 1325.
num_inconsistent_stats: 0.

CodeHeap 'non-profiled nmethods': size=120000Kb used=6491Kb max_used=6491Kb free=113509Kb
 bounds [0x000001f556450000, 0x000001f556ab0000, 0x000001f55d980000]
CodeHeap 'profiled nmethods': size=120000Kb used=20683Kb max_used=20765Kb free=99316Kb
 bounds [0x000001f54e980000, 0x000001f54fdf0000, 0x000001f555eb0000]
CodeHeap 'non-nmethods': size=5760Kb used=2329Kb max_used=2379Kb free=3431Kb
 bounds [0x000001f555eb0000, 0x000001f556120000, 0x000001f556450000]
 total_blobs=11244 nmethods=10392 adapters=764
 compilation: enabled
              stopped_count=0, restarted_count=0
 full_count=0

Compilation events (20 events):
Event: 714.266 Thread 0x000001f56133e110 12031       3       org.gradle.internal.component.model.DefaultExternalComponentGraphResolveState$$Lambda$811/0x0000000100740290::<init> (15 bytes)
Event: 714.266 Thread 0x000001f56133e110 nmethod 12031 0x000001f54f620610 code [0x000001f54f6207c0, 0x000001f54f6209d8]
Event: 714.302 Thread 0x000001f56133e110 12032       3       org.gradle.internal.service.DefaultServiceRegistry::<init> (162 bytes)
Event: 714.305 Thread 0x000001f56133e110 nmethod 12032 0x000001f54f61e290 code [0x000001f54f61e5c0, 0x000001f54f61ff28]
Event: 714.305 Thread 0x000001f56133e110 12033       3       org.gradle.internal.service.DefaultServiceRegistry$OwnServices::<init> (85 bytes)
Event: 714.306 Thread 0x000001f56133e110 nmethod 12033 0x000001f54f61c690 code [0x000001f54f61c9a0, 0x000001f54f61dd08]
Event: 714.306 Thread 0x000001f56133e110 12034       3       org.gradle.internal.service.DefaultServiceRegistry$ThisAsService::<init> (7 bytes)
Event: 714.306 Thread 0x000001f56133e110 nmethod 12034 0x000001f54f61c190 code [0x000001f54f61c340, 0x000001f54f61c5b8]
Event: 714.306 Thread 0x000001f56133e110 12035       3       org.gradle.internal.service.DefaultServiceRegistry$ThisAsService::<init> (15 bytes)
Event: 714.307 Thread 0x000001f56133e110 nmethod 12035 0x000001f54f61bd10 code [0x000001f54f61bec0, 0x000001f54f61c0d8]
Event: 714.325 Thread 0x000001f56133e110 12036       3       org.gradle.api.internal.collections.DefaultCollectionEventRegister::subscribe (62 bytes)
Event: 714.325 Thread 0x000001f56133e110 nmethod 12036 0x000001f54f5b8790 code [0x000001f54f5b89a0, 0x000001f54f5b9208]
Event: 714.394 Thread 0x000001f56133e110 12038       3       org.gradle.api.internal.artifacts.ivyservice.moduleconverter.dependencies.DefaultLocalVariantMetadataBuilder::lambda$getConfigurationDependencyState$4 (56 bytes)
Event: 714.396 Thread 0x000001f56133e110 nmethod 12038 0x000001f54f5b7710 code [0x000001f54f5b7980, 0x000001f54f5b8328]
Event: 714.438 Thread 0x000001f56133e110 12040       3       io.spring.gradle.dependencymanagement.org.apache.maven.model.merge.ModelMerger::mergeReporting_ExcludeDefaults (43 bytes)
Event: 714.439 Thread 0x000001f56133e110 nmethod 12040 0x000001f54f61b690 code [0x000001f54f61b860, 0x000001f54f61bb98]
Event: 714.471 Thread 0x000001f56133e110 12041       3       io.spring.gradle.dependencymanagement.org.codehaus.plexus.interpolation.PrefixAwareRecursionInterceptor::<init> (43 bytes)
Event: 714.472 Thread 0x000001f56133e110 nmethod 12041 0x000001f54f5b6c10 code [0x000001f54f5b6e00, 0x000001f54f5b7508]
Event: 714.475 Thread 0x000001f56133e110 12042       3       org.gradle.api.internal.artifacts.ivyservice.moduleconverter.dependencies.AbstractDependencyMetadataConverter::convertArtifacts (95 bytes)
Event: 714.476 Thread 0x000001f56133e110 nmethod 12042 0x000001f54f5b5410 code [0x000001f54f5b56c0, 0x000001f54f5b66c8]

GC Heap History (20 events):
Event: 1.795 GC heap before
{Heap before GC invocations=0 (full 0):
 garbage-first heap   total 262144K, used 13312K [0x00000000e0000000, 0x0000000100000000)
  region size 1024K, 13 young (13312K), 0 survivors (0K)
 Metaspace       used 7049K, committed 7168K, reserved 393216K
  class space    used 620K, committed 704K, reserved 327680K
}
Event: 1.801 GC heap after
{Heap after GC invocations=1 (full 0):
 garbage-first heap   total 262144K, used 1228K [0x00000000e0000000, 0x0000000100000000)
  region size 1024K, 2 young (2048K), 2 survivors (2048K)
 Metaspace       used 7049K, committed 7168K, reserved 393216K
  class space    used 620K, committed 704K, reserved 327680K
}
Event: 3.599 GC heap before
{Heap before GC invocations=1 (full 0):
 garbage-first heap   total 262144K, used 23756K [0x00000000e0000000, 0x0000000100000000)
  region size 1024K, 21 young (21504K), 2 survivors (2048K)
 Metaspace       used 10438K, committed 10624K, reserved 393216K
  class space    used 1052K, committed 1152K, reserved 327680K
}
Event: 3.606 GC heap after
{Heap after GC invocations=2 (full 0):
 garbage-first heap   total 262144K, used 10565K [0x00000000e0000000, 0x0000000100000000)
  region size 1024K, 3 young (3072K), 3 survivors (3072K)
 Metaspace       used 10438K, committed 10624K, reserved 393216K
  class space    used 1052K, committed 1152K, reserved 327680K
}
Event: 17.582 GC heap before
{Heap before GC invocations=2 (full 0):
 garbage-first heap   total 262144K, used 113989K [0x00000000e0000000, 0x0000000100000000)
  region size 1024K, 103 young (105472K), 3 survivors (3072K)
 Metaspace       used 21293K, committed 21504K, reserved 393216K
  class space    used 2519K, committed 2624K, reserved 327680K
}
Event: 17.603 GC heap after
{Heap after GC invocations=3 (full 0):
 garbage-first heap   total 262144K, used 20171K [0x00000000e0000000, 0x0000000100000000)
  region size 1024K, 12 young (12288K), 12 survivors (12288K)
 Metaspace       used 21293K, committed 21504K, reserved 393216K
  class space    used 2519K, committed 2624K, reserved 327680K
}
Event: 22.525 GC heap before
{Heap before GC invocations=4 (full 0):
 garbage-first heap   total 262144K, used 93899K [0x00000000e0000000, 0x0000000100000000)
  region size 1024K, 85 young (87040K), 12 survivors (12288K)
 Metaspace       used 31425K, committed 31744K, reserved 393216K
  class space    used 4207K, committed 4352K, reserved 327680K
}
Event: 22.553 GC heap after
{Heap after GC invocations=5 (full 0):
 garbage-first heap   total 262144K, used 24628K [0x00000000e0000000, 0x0000000100000000)
  region size 1024K, 5 young (5120K), 5 survivors (5120K)
 Metaspace       used 31425K, committed 31744K, reserved 393216K
  class space    used 4207K, committed 4352K, reserved 327680K
}
Event: 25.290 GC heap before
{Heap before GC invocations=5 (full 0):
 garbage-first heap   total 262144K, used 60468K [0x00000000e0000000, 0x0000000100000000)
  region size 1024K, 41 young (41984K), 5 survivors (5120K)
 Metaspace       used 35625K, committed 35968K, reserved 393216K
  class space    used 4881K, committed 5056K, reserved 327680K
}
Event: 25.299 GC heap after
{Heap after GC invocations=6 (full 0):
 garbage-first heap   total 262144K, used 25484K [0x00000000e0000000, 0x0000000100000000)
  region size 1024K, 6 young (6144K), 6 survivors (6144K)
 Metaspace       used 35625K, committed 35968K, reserved 393216K
  class space    used 4881K, committed 5056K, reserved 327680K
}
Event: 52.319 GC heap before
{Heap before GC invocations=7 (full 0):
 garbage-first heap   total 262144K, used 182156K [0x00000000e0000000, 0x0000000100000000)
  region size 1024K, 153 young (156672K), 6 survivors (6144K)
 Metaspace       used 54679K, committed 55104K, reserved 393216K
  class space    used 7349K, committed 7552K, reserved 327680K
}
Event: 52.364 GC heap after
{Heap after GC invocations=8 (full 0):
 garbage-first heap   total 262144K, used 34975K [0x00000000e0000000, 0x0000000100000000)
  region size 1024K, 15 young (15360K), 15 survivors (15360K)
 Metaspace       used 54679K, committed 55104K, reserved 393216K
  class space    used 7349K, committed 7552K, reserved 327680K
}
Event: 52.503 GC heap before
{Heap before GC invocations=8 (full 0):
 garbage-first heap   total 262144K, used 35999K [0x00000000e0000000, 0x0000000100000000)
  region size 1024K, 16 young (16384K), 15 survivors (15360K)
 Metaspace       used 54779K, committed 55296K, reserved 393216K
  class space    used 7366K, committed 7616K, reserved 327680K
}
Event: 52.533 GC heap after
{Heap after GC invocations=9 (full 0):
 garbage-first heap   total 262144K, used 35785K [0x00000000e0000000, 0x0000000100000000)
  region size 1024K, 2 young (2048K), 2 survivors (2048K)
 Metaspace       used 54779K, committed 55296K, reserved 393216K
  class space    used 7366K, committed 7616K, reserved 327680K
}
Event: 59.993 GC heap before
{Heap before GC invocations=9 (full 0):
 garbage-first heap   total 262144K, used 93129K [0x00000000e0000000, 0x0000000100000000)
  region size 1024K, 60 young (61440K), 2 survivors (2048K)
 Metaspace       used 59637K, committed 60096K, reserved 393216K
  class space    used 8131K, committed 8384K, reserved 327680K
}
Event: 60.028 GC heap after
{Heap after GC invocations=10 (full 0):
 garbage-first heap   total 262144K, used 36687K [0x00000000e0000000, 0x0000000100000000)
  region size 1024K, 3 young (3072K), 3 survivors (3072K)
 Metaspace       used 59637K, committed 60096K, reserved 393216K
  class space    used 8131K, committed 8384K, reserved 327680K
}
Event: 93.965 GC heap before
{Heap before GC invocations=11 (full 0):
 garbage-first heap   total 262144K, used 190287K [0x00000000e0000000, 0x0000000100000000)
  region size 1024K, 153 young (156672K), 3 survivors (3072K)
 Metaspace       used 65707K, committed 66304K, reserved 393216K
  class space    used 8885K, committed 9152K, reserved 327680K
}
Event: 94.142 GC heap after
{Heap after GC invocations=12 (full 0):
 garbage-first heap   total 262144K, used 49522K [0x00000000e0000000, 0x0000000100000000)
  region size 1024K, 16 young (16384K), 16 survivors (16384K)
 Metaspace       used 65707K, committed 66304K, reserved 393216K
  class space    used 8885K, committed 9152K, reserved 327680K
}
Event: 249.535 GC heap before
{Heap before GC invocations=12 (full 0):
 garbage-first heap   total 262144K, used 188786K [0x00000000e0000000, 0x0000000100000000)
  region size 1024K, 153 young (156672K), 16 survivors (16384K)
 Metaspace       used 69057K, committed 69696K, reserved 393216K
  class space    used 9345K, committed 9664K, reserved 327680K
}
Event: 249.885 GC heap after
{Heap after GC invocations=13 (full 0):
 garbage-first heap   total 262144K, used 56067K [0x00000000e0000000, 0x0000000100000000)
  region size 1024K, 11 young (11264K), 11 survivors (11264K)
 Metaspace       used 69057K, committed 69696K, reserved 393216K
  class space    used 9345K, committed 9664K, reserved 327680K
}

Dll operation events (3 events):
Event: 0.134 Loaded shared library C:\Program Files\JetBrains\IntelliJ IDEA 2023.2\jbr\bin\java.dll
Event: 0.671 Loaded shared library C:\Program Files\JetBrains\IntelliJ IDEA 2023.2\jbr\bin\zip.dll
Event: 2.402 Loaded shared library C:\Program Files\JetBrains\IntelliJ IDEA 2023.2\jbr\bin\verify.dll

Deoptimization events (20 events):
Event: 704.904 Thread 0x000001f5693a9720 Uncommon trap: trap_request=0xffffffc6 fr.pc=0x000001f5569418d8 relative=0x00000000000013d8
Event: 704.905 Thread 0x000001f5693a9720 Uncommon trap: reason=bimorphic_or_optimized_type_check action=maybe_recompile pc=0x000001f5569418d8 method=java.util.concurrent.ConcurrentHashMap.putAll(Ljava/util/Map;)V @ 23 c2
Event: 704.905 Thread 0x000001f5693a9720 DEOPT PACKING pc=0x000001f5569418d8 sp=0x0000000ce48fb650
Event: 704.908 Thread 0x000001f5693a9720 DEOPT UNPACKING pc=0x000001f555f069a3 sp=0x0000000ce48fb620 mode 2
Event: 704.946 Thread 0x000001f5693a9720 Uncommon trap: trap_request=0xfffffff4 fr.pc=0x000001f556a141f0 relative=0x00000000000000d0
Event: 704.948 Thread 0x000001f5693a9720 Uncommon trap: reason=null_check action=make_not_entrant pc=0x000001f556a141f0 method=org.gradle.tooling.internal.provider.runner.ClientBuildEventGenerator$Disabled.accept(Lorg/gradle/internal/operations/BuildOperationDescriptor;)Lorg/gradle/tooling/inter
Event: 704.949 Thread 0x000001f5693a9720 DEOPT PACKING pc=0x000001f556a141f0 sp=0x0000000ce48fb220
Event: 704.955 Thread 0x000001f5693a9720 DEOPT UNPACKING pc=0x000001f555f069a3 sp=0x0000000ce48fb1a8 mode 2
Event: 706.706 Thread 0x000001f5693a9720 DEOPT PACKING pc=0x000001f54fb06f0a sp=0x0000000ce48f8a50
Event: 706.706 Thread 0x000001f5693a9720 DEOPT UNPACKING pc=0x000001f555f07143 sp=0x0000000ce48f7fa0 mode 0
Event: 709.438 Thread 0x000001f5693a9720 Uncommon trap: trap_request=0xffffff45 fr.pc=0x000001f55687f858 relative=0x0000000000000b18
Event: 709.438 Thread 0x000001f5693a9720 Uncommon trap: reason=unstable_if action=reinterpret pc=0x000001f55687f858 method=org.gradle.api.internal.artifacts.dependencies.DefaultImmutableVersionConstraint.<init>(Ljava/lang/String;Ljava/lang/String;Ljava/lang/String;Ljava/util/List;Ljava/lang/Stri
Event: 709.438 Thread 0x000001f5693a9720 DEOPT PACKING pc=0x000001f55687f858 sp=0x0000000ce48f8320
Event: 709.439 Thread 0x000001f5693a9720 DEOPT UNPACKING pc=0x000001f555f069a3 sp=0x0000000ce48f82d0 mode 2
Event: 710.249 Thread 0x000001f5693a9250 Uncommon trap: trap_request=0xfffffff4 fr.pc=0x000001f556a8d08c relative=0x0000000000000b2c
Event: 710.249 Thread 0x000001f5693a9250 Uncommon trap: reason=null_check action=make_not_entrant pc=0x000001f556a8d08c method=org.gradle.tooling.internal.provider.runner.ClientBuildEventGenerator$Enabled.accept(Lorg/gradle/internal/operations/BuildOperationDescriptor;)Lorg/gradle/tooling/intern
Event: 710.249 Thread 0x000001f5693a9250 DEOPT PACKING pc=0x000001f556a8d08c sp=0x0000000ce60fe5f0
Event: 710.249 Thread 0x000001f5693a9250 DEOPT UNPACKING pc=0x000001f555f069a3 sp=0x0000000ce60fe528 mode 2
Event: 713.716 Thread 0x000001f5693a9720 DEOPT PACKING pc=0x000001f54f12223b sp=0x0000000ce48f6530
Event: 713.716 Thread 0x000001f5693a9720 DEOPT UNPACKING pc=0x000001f555f07143 sp=0x0000000ce48f59d8 mode 0

Classes unloaded (0 events):
No events

Classes redefined (0 events):
No events

Internal exceptions (20 events):
Event: 108.770 Thread 0x000001f56182e6e0 Exception <a 'java/lang/NoSuchMethodError'{0x00000000ec40bff8}: static Lorg/gradle/internal/build/event/types/DefaultTaskSuccessResult;.<clinit>()V> (0x00000000ec40bff8) 
thrown [s\src\hotspot\share\prims\jni.cpp, line 1108]
Event: 108.772 Thread 0x000001f56182e6e0 Exception <a 'java/lang/NoSuchMethodError'{0x00000000ec40d268}: static Lorg/gradle/internal/build/event/types/AbstractTaskResult;.<clinit>()V> (0x00000000ec40d268) 
thrown [s\src\hotspot\share\prims\jni.cpp, line 1108]
Event: 108.772 Thread 0x000001f56182e6e0 Exception <a 'java/lang/NoSuchMethodError'{0x00000000ec40e790}: static Lorg/gradle/internal/build/event/types/AbstractResult;.<clinit>()V> (0x00000000ec40e790) 
thrown [s\src\hotspot\share\prims\jni.cpp, line 1108]
Event: 226.790 Thread 0x000001f5696a9a00 Exception <a 'sun/nio/fs/WindowsException'{0x00000000eb814b28}> (0x00000000eb814b28) 
thrown [s\src\hotspot\share\prims\jni.cpp, line 517]
Event: 226.793 Thread 0x000001f5696a9a00 Exception <a 'sun/nio/fs/WindowsException'{0x00000000eb8160b8}> (0x00000000eb8160b8) 
thrown [s\src\hotspot\share\prims\jni.cpp, line 517]
Event: 226.794 Thread 0x000001f5696a9a00 Exception <a 'sun/nio/fs/WindowsException'{0x00000000eb817648}> (0x00000000eb817648) 
thrown [s\src\hotspot\share\prims\jni.cpp, line 517]
Event: 226.796 Thread 0x000001f5696a9a00 Exception <a 'sun/nio/fs/WindowsException'{0x00000000eb818bd0}> (0x00000000eb818bd0) 
thrown [s\src\hotspot\share\prims\jni.cpp, line 517]
Event: 228.065 Thread 0x000001f5696a9a00 Exception <a 'java/lang/NoClassDefFoundError'{0x00000000eb2c9138}: org/jetbrains/kotlin/gradle/plugin/KotlinPluginWrapper> (0x00000000eb2c9138) 
thrown [s\src\hotspot\share\oops\constantPool.cpp, line 835]
Event: 228.065 Thread 0x000001f5696a9a00 Exception <a 'java/lang/NoClassDefFoundError'{0x00000000eb2cb230}: org/graalvm/buildtools/gradle/NativeImagePlugin> (0x00000000eb2cb230) 
thrown [s\src\hotspot\share\oops\constantPool.cpp, line 835]
Event: 228.066 Thread 0x000001f5696a9a00 Exception <a 'java/lang/NoClassDefFoundError'{0x00000000eb2cd318}: org/cyclonedx/gradle/CycloneDxPlugin> (0x00000000eb2cd318) 
thrown [s\src\hotspot\share\oops\constantPool.cpp, line 835]
Event: 252.957 Thread 0x000001f5693acc10 Exception <a 'java/lang/NoSuchMethodError'{0x00000000ecf141a0}: 'int java.lang.invoke.DirectMethodHandle$Holder.invokeSpecial(java.lang.Object, java.lang.Object, java.lang.Object, java.lang.Object, java.lang.Object)'> (0x00000000ecf141a0) 
thrown [s\src\hotspot\share\interpreter\linkResolver.cpp, line 771]
Event: 704.946 Thread 0x000001f5693a9720 Implicit null exception at 0x000001f556a1415b to 0x000001f556a141e4
Event: 706.822 Thread 0x000001f5693a9720 Exception <a 'sun/nio/fs/WindowsException'{0x00000000ebdc13a8}> (0x00000000ebdc13a8) 
thrown [s\src\hotspot\share\prims\jni.cpp, line 517]
Event: 706.835 Thread 0x000001f5693a9720 Exception <a 'sun/nio/fs/WindowsException'{0x00000000ebdc2938}> (0x00000000ebdc2938) 
thrown [s\src\hotspot\share\prims\jni.cpp, line 517]
Event: 706.836 Thread 0x000001f5693a9720 Exception <a 'sun/nio/fs/WindowsException'{0x00000000ebdc4148}> (0x00000000ebdc4148) 
thrown [s\src\hotspot\share\prims\jni.cpp, line 517]
Event: 706.838 Thread 0x000001f5693a9720 Exception <a 'sun/nio/fs/WindowsException'{0x00000000ebdc56d0}> (0x00000000ebdc56d0) 
thrown [s\src\hotspot\share\prims\jni.cpp, line 517]
Event: 710.249 Thread 0x000001f5693a9250 Implicit null exception at 0x000001f556a8c986 to 0x000001f556a8d06c
Event: 711.131 Thread 0x000001f5693a9720 Exception <a 'java/lang/NoClassDefFoundError'{0x00000000eb7dd8a8}: org/jetbrains/kotlin/gradle/plugin/KotlinPluginWrapper> (0x00000000eb7dd8a8) 
thrown [s\src\hotspot\share\oops\constantPool.cpp, line 835]
Event: 711.132 Thread 0x000001f5693a9720 Exception <a 'java/lang/NoClassDefFoundError'{0x00000000eb7df9a0}: org/graalvm/buildtools/gradle/NativeImagePlugin> (0x00000000eb7df9a0) 
thrown [s\src\hotspot\share\oops\constantPool.cpp, line 835]
Event: 711.132 Thread 0x000001f5693a9720 Exception <a 'java/lang/NoClassDefFoundError'{0x00000000eb7e1a88}: org/cyclonedx/gradle/CycloneDxPlugin> (0x00000000eb7e1a88) 
thrown [s\src\hotspot\share\oops\constantPool.cpp, line 835]

VM Operations (20 events):
Event: 702.721 Executing VM operation: Cleanup
Event: 702.849 Executing VM operation: Cleanup done
Event: 703.853 Executing VM operation: Cleanup
Event: 703.854 Executing VM operation: Cleanup done
Event: 704.859 Executing VM operation: Cleanup
Event: 704.881 Executing VM operation: Cleanup done
Event: 706.883 Executing VM operation: Cleanup
Event: 706.901 Executing VM operation: Cleanup done
Event: 707.902 Executing VM operation: Cleanup
Event: 707.923 Executing VM operation: Cleanup done
Event: 709.924 Executing VM operation: Cleanup
Event: 709.941 Executing VM operation: Cleanup done
Event: 710.945 Executing VM operation: Cleanup
Event: 710.947 Executing VM operation: Cleanup done
Event: 711.949 Executing VM operation: Cleanup
Event: 711.999 Executing VM operation: Cleanup done
Event: 713.002 Executing VM operation: Cleanup
Event: 713.002 Executing VM operation: Cleanup done
Event: 714.006 Executing VM operation: Cleanup
Event: 714.023 Executing VM operation: Cleanup done

Events (20 events):
Event: 713.619 Thread 0x000001f5696add60 Thread added: 0x000001f5696add60
Event: 713.652 Thread 0x000001f5696af0a0 Thread added: 0x000001f5696af0a0
Event: 713.668 Thread 0x000001f5696b08b0 Thread added: 0x000001f5696b08b0
Event: 713.691 Thread 0x000001f5696a9060 Thread added: 0x000001f5696a9060
Event: 713.716 Thread 0x000001f561505550 Thread added: 0x000001f561505550
Event: 713.739 Thread 0x000001f561504210 Thread added: 0x000001f561504210
Event: 713.763 Thread 0x000001f561505a20 Thread added: 0x000001f561505a20
Event: 713.777 Thread 0x000001f5615046e0 Thread added: 0x000001f5615046e0
Event: 713.798 Thread 0x000001f561502530 Thread added: 0x000001f561502530
Event: 713.820 Thread 0x000001f561502060 Thread added: 0x000001f561502060
Event: 713.838 Thread 0x000001f561502a00 Thread added: 0x000001f561502a00
Event: 713.854 Thread 0x000001f5615033a0 Thread added: 0x000001f5615033a0
Event: 713.887 Thread 0x000001f561503870 Thread added: 0x000001f561503870
Event: 713.903 Thread 0x000001f561503d40 Thread added: 0x000001f561503d40
Event: 713.921 Thread 0x000001f561504bb0 Thread added: 0x000001f561504bb0
Event: 713.949 Thread 0x000001f5682c73d0 Thread added: 0x000001f5682c73d0
Event: 713.960 Thread 0x000001f5682ca3f0 Thread added: 0x000001f5682ca3f0
Event: 713.972 Thread 0x000001f5682c9a50 Thread added: 0x000001f5682c9a50
Event: 714.050 Thread 0x000001f5682c7d70 Thread added: 0x000001f5682c7d70
Event: 714.082 Thread 0x000001f5682c8710 Thread added: 0x000001f5682c8710


Dynamic libraries:
0x00007ff6101a0000 - 0x00007ff6101aa000 	C:\Program Files\JetBrains\IntelliJ IDEA 2023.2\jbr\bin\java.exe
0x00007ffc9b110000 - 0x00007ffc9b327000 	C:\WINDOWS\SYSTEM32\ntdll.dll
0x00007ffc99fe0000 - 0x00007ffc9a0a4000 	C:\WINDOWS\System32\KERNEL32.DLL
0x00007ffc98540000 - 0x00007ffc988f7000 	C:\WINDOWS\System32\KERNELBASE.dll
0x00007ffc98420000 - 0x00007ffc98531000 	C:\WINDOWS\System32\ucrtbase.dll
0x00007ffc84d80000 - 0x00007ffc84d97000 	C:\Program Files\JetBrains\IntelliJ IDEA 2023.2\jbr\bin\jli.dll
0x00007ffc9a0b0000 - 0x00007ffc9a25f000 	C:\WINDOWS\System32\USER32.dll
0x00007ffc989f0000 - 0x00007ffc98a16000 	C:\WINDOWS\System32\win32u.dll
0x00007ffc99520000 - 0x00007ffc99549000 	C:\WINDOWS\System32\GDI32.dll
0x00007ffc98a20000 - 0x00007ffc98b38000 	C:\WINDOWS\System32\gdi32full.dll
0x00007ffc98b40000 - 0x00007ffc98bda000 	C:\WINDOWS\System32\msvcp_win.dll
0x00007ffc84cf0000 - 0x00007ffc84d0b000 	C:\Program Files\JetBrains\IntelliJ IDEA 2023.2\jbr\bin\VCRUNTIME140.dll
0x00007ffc85960000 - 0x00007ffc85bf3000 	C:\WINDOWS\WinSxS\amd64_microsoft.windows.common-controls_6595b64144ccf1df_6.0.22621.3672_none_2713b9d173822955\COMCTL32.dll
0x00007ffc992c0000 - 0x00007ffc99367000 	C:\WINDOWS\System32\msvcrt.dll
0x00007ffc9aca0000 - 0x00007ffc9acd1000 	C:\WINDOWS\System32\IMM32.DLL
0x00007ffc8ad90000 - 0x00007ffc8ad9c000 	C:\Program Files\JetBrains\IntelliJ IDEA 2023.2\jbr\bin\vcruntime140_1.dll
0x00007ffc84c60000 - 0x00007ffc84ced000 	C:\Program Files\JetBrains\IntelliJ IDEA 2023.2\jbr\bin\msvcp140.dll
0x00007ffc5d220000 - 0x00007ffc5dea0000 	C:\Program Files\JetBrains\IntelliJ IDEA 2023.2\jbr\bin\server\jvm.dll
0x00007ffc9af10000 - 0x00007ffc9afc2000 	C:\WINDOWS\System32\ADVAPI32.dll
0x00007ffc98e40000 - 0x00007ffc98ee8000 	C:\WINDOWS\System32\sechost.dll
0x00007ffc98900000 - 0x00007ffc98928000 	C:\WINDOWS\System32\bcrypt.dll
0x00007ffc99400000 - 0x00007ffc99514000 	C:\WINDOWS\System32\RPCRT4.dll
0x00007ffc933c0000 - 0x00007ffc933c9000 	C:\WINDOWS\SYSTEM32\WSOCK32.dll
0x00007ffc99370000 - 0x00007ffc993e1000 	C:\WINDOWS\System32\WS2_32.dll
0x00007ffc935f0000 - 0x00007ffc93624000 	C:\WINDOWS\SYSTEM32\WINMM.dll
0x00007ffc8e380000 - 0x00007ffc8e38a000 	C:\WINDOWS\SYSTEM32\VERSION.dll
0x00007ffc97470000 - 0x00007ffc97488000 	C:\WINDOWS\SYSTEM32\kernel.appcore.dll
0x00007ffc933b0000 - 0x00007ffc933ba000 	C:\Program Files\JetBrains\IntelliJ IDEA 2023.2\jbr\bin\jimage.dll
0x00007ffc93820000 - 0x00007ffc93a52000 	C:\WINDOWS\SYSTEM32\DBGHELP.DLL
0x00007ffc9a910000 - 0x00007ffc9ac9e000 	C:\WINDOWS\System32\combase.dll
0x00007ffc99170000 - 0x00007ffc99247000 	C:\WINDOWS\System32\OLEAUT32.dll
0x00007ffc80110000 - 0x00007ffc80142000 	C:\WINDOWS\SYSTEM32\dbgcore.DLL
0x00007ffc98c50000 - 0x00007ffc98ccb000 	C:\WINDOWS\System32\bcryptPrimitives.dll
0x00007ffc8adf0000 - 0x00007ffc8adfe000 	C:\Program Files\JetBrains\IntelliJ IDEA 2023.2\jbr\bin\instrument.dll
0x00007ffc8acd0000 - 0x00007ffc8acf5000 	C:\Program Files\JetBrains\IntelliJ IDEA 2023.2\jbr\bin\java.dll
0x00007ffc86eb0000 - 0x00007ffc86ec8000 	C:\Program Files\JetBrains\IntelliJ IDEA 2023.2\jbr\bin\zip.dll
0x00007ffc99760000 - 0x00007ffc99fc9000 	C:\WINDOWS\System32\SHELL32.dll
0x00007ffc96390000 - 0x00007ffc96c8f000 	C:\WINDOWS\SYSTEM32\windows.storage.dll
0x00007ffc96250000 - 0x00007ffc9638f000 	C:\WINDOWS\SYSTEM32\wintypes.dll
0x00007ffc9afd0000 - 0x00007ffc9b0c9000 	C:\WINDOWS\System32\SHCORE.dll
0x00007ffc9aeb0000 - 0x00007ffc9af0e000 	C:\WINDOWS\System32\shlwapi.dll
0x00007ffc98350000 - 0x00007ffc98377000 	C:\WINDOWS\SYSTEM32\profapi.dll
0x00007ffc790b0000 - 0x00007ffc790c9000 	C:\Program Files\JetBrains\IntelliJ IDEA 2023.2\jbr\bin\net.dll
0x00007ffc90fe0000 - 0x00007ffc91116000 	C:\WINDOWS\SYSTEM32\WINHTTP.dll
0x00007ffc978e0000 - 0x00007ffc97949000 	C:\WINDOWS\system32\mswsock.dll
0x00007ffc78e90000 - 0x00007ffc78ea6000 	C:\Program Files\JetBrains\IntelliJ IDEA 2023.2\jbr\bin\nio.dll
0x00007ffc91820000 - 0x00007ffc91830000 	C:\Program Files\JetBrains\IntelliJ IDEA 2023.2\jbr\bin\verify.dll
0x00007ffc83060000 - 0x00007ffc83087000 	C:\Users\TUONG VY\.gradle\native\c067742578af261105cb4f569cf0c3c89f3d7b1fecec35dd04571415982c5e48\windows-amd64\native-platform.dll
0x00007ffc84e70000 - 0x00007ffc84fb4000 	C:\Users\TUONG VY\.gradle\native\100fb08df4bc3b14c8652ba06237920a3bd2aa13389f12d3474272988ae205f9\windows-amd64\native-platform-file-events.dll
0x00007ffc906a0000 - 0x00007ffc906a9000 	C:\Program Files\JetBrains\IntelliJ IDEA 2023.2\jbr\bin\management.dll
0x00007ffc8ae00000 - 0x00007ffc8ae0b000 	C:\Program Files\JetBrains\IntelliJ IDEA 2023.2\jbr\bin\management_ext.dll
0x00007ffc98fa0000 - 0x00007ffc98fa8000 	C:\WINDOWS\System32\PSAPI.DLL
0x00007ffc97b30000 - 0x00007ffc97b4b000 	C:\WINDOWS\SYSTEM32\CRYPTSP.dll
0x00007ffc973d0000 - 0x00007ffc97405000 	C:\WINDOWS\system32\rsaenh.dll
0x00007ffc979d0000 - 0x00007ffc979f8000 	C:\WINDOWS\SYSTEM32\USERENV.dll
0x00007ffc97b50000 - 0x00007ffc97b5c000 	C:\WINDOWS\SYSTEM32\CRYPTBASE.dll
0x00007ffc96ef0000 - 0x00007ffc96f1d000 	C:\WINDOWS\SYSTEM32\IPHLPAPI.DLL
0x00007ffc99250000 - 0x00007ffc99259000 	C:\WINDOWS\System32\NSI.dll
0x00007ffc917d0000 - 0x00007ffc917e9000 	C:\WINDOWS\SYSTEM32\dhcpcsvc6.DLL
0x00007ffc90ea0000 - 0x00007ffc90ebf000 	C:\WINDOWS\SYSTEM32\dhcpcsvc.DLL
0x00007ffc96fb0000 - 0x00007ffc970b2000 	C:\WINDOWS\SYSTEM32\DNSAPI.dll
0x00007ffc906c0000 - 0x00007ffc906ce000 	C:\Program Files\JetBrains\IntelliJ IDEA 2023.2\jbr\bin\sunmscapi.dll
0x00007ffc98cd0000 - 0x00007ffc98e36000 	C:\WINDOWS\System32\CRYPT32.dll
0x00007ffc97cd0000 - 0x00007ffc97cfd000 	C:\WINDOWS\SYSTEM32\ncrypt.dll
0x00007ffc97c90000 - 0x00007ffc97cc7000 	C:\WINDOWS\SYSTEM32\NTASN1.dll
0x00007ffc84d60000 - 0x00007ffc84d68000 	C:\WINDOWS\system32\wshunix.dll

dbghelp: loaded successfully - version: 4.0.5 - missing functions: none
symbol engine: initialized successfully - sym options: 0x614 - pdb path: .;C:\Program Files\JetBrains\IntelliJ IDEA 2023.2\jbr\bin;C:\WINDOWS\SYSTEM32;C:\WINDOWS\WinSxS\amd64_microsoft.windows.common-controls_6595b64144ccf1df_6.0.22621.3672_none_2713b9d173822955;C:\Program Files\JetBrains\IntelliJ IDEA 2023.2\jbr\bin\server;C:\Users\TUONG VY\.gradle\native\c067742578af261105cb4f569cf0c3c89f3d7b1fecec35dd04571415982c5e48\windows-amd64;C:\Users\TUONG VY\.gradle\native\100fb08df4bc3b14c8652ba06237920a3bd2aa13389f12d3474272988ae205f9\windows-amd64

VM Arguments:
jvm_args: --add-opens=java.base/java.util=ALL-UNNAMED --add-opens=java.base/java.lang=ALL-UNNAMED --add-opens=java.base/java.lang.invoke=ALL-UNNAMED --add-opens=java.prefs/java.util.prefs=ALL-UNNAMED --add-exports=jdk.compiler/com.sun.tools.javac.api=ALL-UNNAMED --add-exports=jdk.compiler/com.sun.tools.javac.util=ALL-UNNAMED --add-opens=java.base/java.nio.charset=ALL-UNNAMED --add-opens=java.base/java.net=ALL-UNNAMED --add-opens=java.base/java.util.concurrent.atomic=ALL-UNNAMED -XX:MaxMetaspaceSize=384m -XX:+HeapDumpOnOutOfMemoryError -Xms256m -Xmx512m -Dfile.encoding=windows-1252 -Duser.country=US -Duser.language=en -Duser.variant -javaagent:C:\Users\TUONG VY\.gradle\wrapper\dists\gradle-8.10.2-bin\a04bxjujx95o3nb99gddekhwo\gradle-8.10.2\lib\agents\gradle-instrumentation-agent-8.10.2.jar 
java_command: org.gradle.launcher.daemon.bootstrap.GradleDaemon 8.10.2
java_class_path (initial): C:\Users\TUONG VY\.gradle\wrapper\dists\gradle-8.10.2-bin\a04bxjujx95o3nb99gddekhwo\gradle-8.10.2\lib\gradle-daemon-main-8.10.2.jar
Launcher Type: SUN_STANDARD

[Global flags]
     intx CICompilerCount                          = 3                                         {product} {ergonomic}
   size_t CompressedClassSpaceSize                 = 335544320                                 {product} {ergonomic}
     uint ConcGCThreads                            = 1                                         {product} {ergonomic}
     uint G1ConcRefinementThreads                  = 4                                         {product} {ergonomic}
   size_t G1HeapRegionSize                         = 1048576                                   {product} {ergonomic}
    uintx GCDrainStackTargetSize                   = 64                                        {product} {ergonomic}
     bool HeapDumpOnOutOfMemoryError               = true                                   {manageable} {command line}
   size_t InitialHeapSize                          = 268435456                                 {product} {command line}
   size_t MarkStackSize                            = 4194304                                   {product} {ergonomic}
   size_t MaxHeapSize                              = 536870912                                 {product} {command line}
   size_t MaxMetaspaceSize                         = 402653184                                 {product} {command line}
   size_t MaxNewSize                               = 321912832                                 {product} {ergonomic}
   size_t MinHeapDeltaBytes                        = 1048576                                   {product} {ergonomic}
   size_t MinHeapSize                              = 268435456                                 {product} {command line}
    uintx NonNMethodCodeHeapSize                   = 5832780                                {pd product} {ergonomic}
    uintx NonProfiledCodeHeapSize                  = 122912730                              {pd product} {ergonomic}
    uintx ProfiledCodeHeapSize                     = 122912730                              {pd product} {ergonomic}
    uintx ReservedCodeCacheSize                    = 251658240                              {pd product} {ergonomic}
     bool SegmentedCodeCache                       = true                                      {product} {ergonomic}
   size_t SoftMaxHeapSize                          = 536870912                              {manageable} {ergonomic}
     bool UseCompressedClassPointers               = true                           {product lp64_product} {ergonomic}
     bool UseCompressedOops                        = true                           {product lp64_product} {ergonomic}
     bool UseG1GC                                  = true                                      {product} {ergonomic}
     bool UseLargePagesIndividualAllocation        = false                                  {pd product} {ergonomic}

Logging:
Log output configuration:
 #0: stdout all=warning uptime,level,tags
 #1: stderr all=off uptime,level,tags

Environment Variables:
PATH=C:\Python312\Scripts\;C:\Python312\;C:\Program Files\Common Files\Oracle\Java\javapath;C:\Program Files (x86)\Common Files\Oracle\Java\javapath;C:\WINDOWS\system32;C:\WINDOWS;C:\WINDOWS\System32\Wbem;C:\WINDOWS\System32\WindowsPowerShell\v1.0\;C:\WINDOWS\System32\OpenSSH\;C:\Program Files\Git\cmd;C:\Program Files\Microsoft SQL Server\150\Tools\Binn\;C:\Program Files\Microsoft SQL Server\Client SDK\ODBC\170\Tools\Binn\;C:\Program Files\dotnet\;C:\Program Files (x86)\Windows Kits\10\Windows Performance Toolkit\;C:\Program Files\nodejs\;C:\ProgramData\chocolatey\bin;C:\Users\TUONG VY\AppData\Local\Microsoft\WindowsApps;C:\Program Files\JetBrains\IntelliJ IDEA 2023.2\bin;;D:\Microsoft VS Code\bin;D:\flutter_windows_3.19.5-stable\flutter\bin;C:\Users\TUONG VY\.dotnet\tools;C:\Users\TUONG VY\AppData\Roaming\npm
USERNAME=TUONG VY
OS=Windows_NT
PROCESSOR_IDENTIFIER=AMD64 Family 23 Model 24 Stepping 1, AuthenticAMD
TMP=C:\Users\TUONGV~1\AppData\Local\Temp
TEMP=C:\Users\TUONGV~1\AppData\Local\Temp


JNI global refs:
JNI global refs: 26, weak refs: 1

JNI global refs memory usage: 843, weak refs: 841

OOME stack traces (most recent first):
Classloader memory used:
Loader org.gradle.internal.classloader.VisitableURLClassLoader                         : 4205K
Loader bootstrap                                                                       : 2570K
Loader org.gradle.initialization.MixInLegacyTypesClassLoader                           : 1445K
Loader org.gradle.internal.classloader.VisitableURLClassLoader$InstrumentingVisitableURLClassLoader: 336K
Loader jdk.internal.loader.ClassLoaders$PlatformClassLoader                            : 70410B
Loader jdk.internal.reflect.DelegatingClassLoader                                      : 56461B
Loader jdk.internal.loader.ClassLoaders$AppClassLoader                                 : 29264B
Loader org.gradle.groovy.scripts.internal.DefaultScriptCompilationHandler$ScriptClassLoader: 13024B
Loader org.codehaus.groovy.runtime.callsite.CallSiteClassLoader                        : 2966B

Classes loaded by more than one classloader:
Class org.gradle.internal.installation.GradleInstallation                             : loaded 2 times (x 73B)
Class org.gradle.internal.classpath.ClassPath                                         : loaded 2 times (x 68B)
Class org.gradle.api.internal.classpath.DefaultModuleRegistry                         : loaded 2 times (x 84B)
Class org.gradle.api.Action                                                           : loaded 2 times (x 68B)
Class org.gradle.api.internal.DefaultClassPathProvider                                : loaded 2 times (x 74B)
Class org.gradle.internal.installation.GradleInstallation$1                           : loaded 2 times (x 73B)
Class org.gradle.internal.classloader.FilteringClassLoader                            : loaded 2 times (x 102B)
Class org.gradle.internal.classpath.DefaultClassPath$ImmutableUniqueList$Builder      : loaded 2 times (x 73B)
Class build_775mekhpeyteigwl4olvvx67q                                                 : loaded 2 times (x 178B)
Class org.gradle.internal.classloader.ClassLoaderVisitor                              : loaded 2 times (x 74B)
Class org.gradle.internal.service.DefaultServiceLocator                               : loaded 2 times (x 81B)
Class org.gradle.internal.service.UnknownServiceException                             : loaded 2 times (x 81B)
Class org.gradle.internal.classloader.DefaultClassLoaderFactory                       : loaded 2 times (x 80B)
Class org.gradle.internal.classloader.VisitableURLClassLoader$Spec                    : loaded 2 times (x 72B)
Class org.gradle.api.GradleException                                                  : loaded 2 times (x 80B)
Class org.gradle.api.internal.classpath.ModuleRegistry                                : loaded 2 times (x 68B)
Class org.gradle.api.internal.ClassPathProvider                                       : loaded 2 times (x 68B)
Class org.gradle.internal.classloader.ClasspathUtil$1                                 : loaded 2 times (x 74B)
Class org.gradle.internal.classloader.ClassLoaderFactory                              : loaded 2 times (x 68B)
Class org.gradle.api.internal.classpath.ManifestUtil                                  : loaded 2 times (x 69B)
Class org.gradle.api.specs.Spec                                                       : loaded 2 times (x 68B)
Class org.gradle.internal.IoActions                                                   : loaded 2 times (x 69B)
Class org.gradle.api.internal.classpath.EffectiveClassPath                            : loaded 2 times (x 88B)
Class org.gradle.internal.installation.CurrentGradleInstallation                      : loaded 2 times (x 71B)
Class org.gradle.internal.installation.CurrentGradleInstallationLocator               : loaded 2 times (x 69B)
Class org.gradle.api.internal.classpath.Module                                        : loaded 2 times (x 68B)
Class org.gradle.internal.service.CachingServiceLocator                               : loaded 2 times (x 80B)
Class org.gradle.internal.classpath.DefaultClassPath                                  : loaded 2 times (x 88B)
Class org.gradle.internal.classloader.SystemClassLoaderSpec                           : loaded 2 times (x 69B)
Class org.gradle.api.UncheckedIOException                                             : loaded 2 times (x 80B)
Class org.gradle.api.internal.classpath.GlobalCacheRootsProvider                      : loaded 2 times (x 68B)
Class org.gradle.internal.classloader.ClasspathUtil                                   : loaded 2 times (x 69B)
Class org.gradle.api.internal.DefaultClassPathRegistry                                : loaded 2 times (x 74B)
Class org.gradle.api.internal.classpath.DefaultModuleRegistry$DefaultModule           : loaded 2 times (x 84B)
Class org.gradle.api.internal.classpath.UnknownModuleException                        : loaded 2 times (x 80B)
Class org.gradle.internal.service.ServiceLookupException                              : loaded 2 times (x 80B)
Class [Lorg.gradle.api.internal.ClassPathProvider;                                    : loaded 2 times (x 67B)
Class org.gradle.util.internal.GUtil                                                  : loaded 2 times (x 69B)
Class org.gradle.internal.classloader.ClassLoaderSpec                                 : loaded 2 times (x 69B)
Class org.gradle.internal.classloader.InstrumentingClassLoader                        : loaded 2 times (x 68B)
Class org.gradle.internal.classloader.VisitableURLClassLoader                         : loaded 2 times (x 114B)
Class org.gradle.internal.Cast                                                        : loaded 2 times (x 69B)
Class org.gradle.api.internal.ClassPathRegistry                                       : loaded 2 times (x 68B)
Class org.gradle.internal.classloader.VisitableURLClassLoader$InstrumentingVisitableURLClassLoader: loaded 2 times (x 120B)
Class org.gradle.internal.classloader.ClassLoaderHierarchy                            : loaded 2 times (x 68B)
Class org.gradle.internal.InternalTransformer                                         : loaded 2 times (x 68B)
Class org.gradle.internal.service.ServiceLocator                                      : loaded 2 times (x 68B)
Class org.gradle.internal.classpath.DefaultClassPath$ImmutableUniqueList              : loaded 2 times (x 159B)
Class org.gradle.internal.classpath.TransformedClassPath                              : loaded 2 times (x 94B)
Class build_775mekhpeyteigwl4olvvx67q$_run_closure1                                   : loaded 2 times (x 137B)


---------------  S Y S T E M  ---------------

OS:
 Windows 11 , 64 bit Build 22621 (10.0.22621.3958)
OS uptime: 0 days 1:24 hours

CPU: total 4 (initial active 4) (4 cores per cpu, 2 threads per core) family 23 model 24 stepping 1 microcode 0x0, cx8, cmov, fxsr, ht, mmx, 3dnowpref, sse, sse2, sse3, ssse3, sse4a, sse4.1, sse4.2, popcnt, lzcnt, tsc, tscinvbit, avx, avx2, aes, clmul, bmi1, bmi2, adx, sha, fma, vzeroupper, clflush, clflushopt

Memory: 4k page, system-wide physical 3534M (484M free)
TotalPageFile size 14286M (AvailPageFile size 9M)
current process WorkingSet (physical memory assigned to process): 190M, peak: 288M
current process commit charge ("private bytes"): 483M, peak: 485M

vm_info: OpenJDK 64-Bit Server VM (17.0.7+7-b1000.6) for windows-amd64 JRE (17.0.7+7-b1000.6), built on 2023-07-07 by "builduser" with MS VC++ 16.10 / 16.11 (VS2019)

END.
