#
# There is insufficient memory for the Java Runtime Environment to continue.
# Native memory allocation (mmap) failed to map 112197632 bytes for G1 virtual space
# Possible reasons:
#   The system is out of physical RAM or swap space
#   The process is running with CompressedOops enabled, and the Java Heap may be blocking the growth of the native heap
# Possible solutions:
#   Reduce memory load on the system
#   Increase physical memory or swap space
#   Check if swap backing store is full
#   Decrease Java heap size (-Xmx/-Xms)
#   Decrease number of Java threads
#   Decrease Java thread stack sizes (-Xss)
#   Set larger code cache with -XX:ReservedCodeCacheSize=
#   JVM is running with Unscaled Compressed Oops mode in which the Java heap is
#     placed in the first 4GB address space. The Java Heap base address is the
#     maximum limit for the native heap growth. Please use -XX:HeapBaseMinAddress
#     to set the Java Heap base and to place the Java Heap above 4GB virtual address.
# This output file may be truncated or incomplete.
#
#  Out of Memory Error (os_windows.cpp:3771), pid=3532, tid=15896
#
# JRE version: OpenJDK Runtime Environment JBR-17.0.7+7-1000.6-jcef (17.0.7+7) (build 17.0.7+7-b1000.6)
# Java VM: OpenJDK 64-Bit Server VM JBR-17.0.7+7-1000.6-jcef (17.0.7+7-b1000.6, mixed mode, emulated-client, tiered, compressed oops, compressed class ptrs, g1 gc, windows-amd64)
# No core dump will be written. Minidumps are not enabled by default on client versions of Windows
#

---------------  S U M M A R Y ------------

Command Line: -XX:TieredStopAtLevel=1 -Dspring.output.ansi.enabled=always -Dcom.sun.management.jmxremote -Dspring.jmx.enabled=true -Dspring.liveBeansView.mbeanDomain -Dspring.application.admin.enabled=true -Dmanagement.endpoints.jmx.exposure.include=* -javaagent:C:\Program Files\JetBrains\IntelliJ IDEA 2023.2\lib\idea_rt.jar=58288:C:\Program Files\JetBrains\IntelliJ IDEA 2023.2\bin -Dfile.encoding=UTF-8 com.example.projectc1023i1.ProjectC1023I1Application

Host: AMD Ryzen 3 3250U with Radeon Graphics         , 4 cores, 3G,  Windows 11 , 64 bit Build 22621 (10.0.22621.3958)
Time: Sun Oct 27 22:03:56 2024 SE Asia Standard Time elapsed time: 621.185805 seconds (0d 0h 10m 21s)

---------------  T H R E A D  ---------------

Current thread (0x000001712e4e9370):  VMThread "VM Thread" [stack: 0x0000005387c00000,0x0000005387d00000] [id=15896]

Stack: [0x0000005387c00000,0x0000005387d00000]
Native frames: (J=compiled Java code, j=interpreted, Vv=VM code, C=native code)
V  [jvm.dll+0x683bfa]
V  [jvm.dll+0x8430a4]
V  [jvm.dll+0x8449be]
V  [jvm.dll+0x845023]
V  [jvm.dll+0x24ad2f]
V  [jvm.dll+0x680ac9]
V  [jvm.dll+0x67519a]
V  [jvm.dll+0x30b3cb]
V  [jvm.dll+0x312876]
V  [jvm.dll+0x36221e]
V  [jvm.dll+0x36244f]
V  [jvm.dll+0x2e14a8]
V  [jvm.dll+0x2df684]
V  [jvm.dll+0x2dec8c]
V  [jvm.dll+0x32382b]
V  [jvm.dll+0x8496eb]
V  [jvm.dll+0x84a424]
V  [jvm.dll+0x84a93d]
V  [jvm.dll+0x84ad14]
V  [jvm.dll+0x84ade0]
V  [jvm.dll+0x7f2aea]
V  [jvm.dll+0x682a35]
C  [ucrtbase.dll+0x29333]
C  [KERNEL32.DLL+0x1257d]
C  [ntdll.dll+0x5af08]

VM_Operation (0x00000053886f65b0): G1CollectForAllocation, mode: safepoint, requested by thread 0x000001713465d6e0


---------------  P R O C E S S  ---------------

Threads class SMR info:
_java_thread_list=0x00000171341914d0, length=20, elements={
0x000001712e5567e0, 0x000001712e557560, 0x000001712e7f8190, 0x000001712e7f8c50,
0x000001712e7fb610, 0x000001712e7fbfc0, 0x000001712e7fc970, 0x000001712e5aafc0,
0x0000017123aad210, 0x000001712ebee7b0, 0x00000171331edff0, 0x0000017133449cc0,
0x0000017133c00a30, 0x000001713465b530, 0x000001713465e550, 0x000001713599d3d0,
0x000001713465ba00, 0x000001713465d6e0, 0x000001713465dbb0, 0x000001713465bed0
}

Java Threads: ( => current thread )
  0x000001712e5567e0 JavaThread "Reference Handler" daemon [_thread_blocked, id=11404, stack(0x0000005387d00000,0x0000005387e00000)]
  0x000001712e557560 JavaThread "Finalizer" daemon [_thread_blocked, id=23956, stack(0x0000005387e00000,0x0000005387f00000)]
  0x000001712e7f8190 JavaThread "Signal Dispatcher" daemon [_thread_blocked, id=14648, stack(0x0000005387f00000,0x0000005388000000)]
  0x000001712e7f8c50 JavaThread "Attach Listener" daemon [_thread_blocked, id=3160, stack(0x0000005388000000,0x0000005388100000)]
  0x000001712e7fb610 JavaThread "Service Thread" daemon [_thread_blocked, id=16712, stack(0x0000005388100000,0x0000005388200000)]
  0x000001712e7fbfc0 JavaThread "Monitor Deflation Thread" daemon [_thread_blocked, id=3156, stack(0x0000005388200000,0x0000005388300000)]
  0x000001712e7fc970 JavaThread "C1 CompilerThread0" daemon [_thread_blocked, id=11120, stack(0x0000005388300000,0x0000005388400000)]
  0x000001712e5aafc0 JavaThread "Sweeper thread" daemon [_thread_blocked, id=7936, stack(0x0000005388400000,0x0000005388500000)]
  0x0000017123aad210 JavaThread "Common-Cleaner" daemon [_thread_blocked, id=2072, stack(0x0000005388500000,0x0000005388600000)]
  0x000001712ebee7b0 JavaThread "Monitor Ctrl-Break" daemon [_thread_in_native, id=15036, stack(0x0000005388700000,0x0000005388800000)]
  0x00000171331edff0 JavaThread "Notification Thread" daemon [_thread_blocked, id=20980, stack(0x0000005388800000,0x0000005388900000)]
  0x0000017133449cc0 JavaThread "RMI TCP Accept-0" daemon [_thread_in_native, id=11056, stack(0x0000005388900000,0x0000005388a00000)]
  0x0000017133c00a30 JavaThread "RMI Scheduler(0)" daemon [_thread_blocked, id=11844, stack(0x0000005389400000,0x0000005389500000)]
  0x000001713465b530 JavaThread "mysql-cj-abandoned-connection-cleanup" daemon [_thread_blocked, id=5924, stack(0x0000005389200000,0x0000005389300000)]
  0x000001713465e550 JavaThread "Live Reload Server" daemon [_thread_in_native, id=7952, stack(0x0000005389700000,0x0000005389800000)]
  0x000001713599d3d0 JavaThread "DestroyJavaVM" [_thread_blocked, id=7456, stack(0x0000005387600000,0x0000005387700000)]
  0x000001713465ba00 JavaThread "Thread-11" [_thread_blocked, id=14116, stack(0x0000005387300000,0x0000005387400000)]
  0x000001713465d6e0 JavaThread "restartedMain" [_thread_blocked, id=10916, stack(0x0000005388600000,0x0000005388700000)]
  0x000001713465dbb0 JavaThread "HikariPool-4 housekeeper" daemon [_thread_blocked, id=7712, stack(0x0000005389100000,0x0000005389200000)]
  0x000001713465bed0 JavaThread "HikariPool-4 connection adder" daemon [_thread_blocked, id=11660, stack(0x0000005389300000,0x0000005389400000)]

Other Threads:
=>0x000001712e4e9370 VMThread "VM Thread" [stack: 0x0000005387c00000,0x0000005387d00000] [id=15896]
  0x0000017123a5e9f0 WatcherThread [stack: 0x0000005388a00000,0x0000005388b00000] [id=7840]
  0x0000017123a55950 GCTaskThread "GC Thread#0" [stack: 0x0000005387700000,0x0000005387800000] [id=15144]
  0x00000171334aa790 GCTaskThread "GC Thread#1" [stack: 0x0000005388b00000,0x0000005388c00000] [id=23436]
  0x00000171334d5db0 GCTaskThread "GC Thread#2" [stack: 0x0000005388c00000,0x0000005388d00000] [id=2388]
  0x00000171334d6060 GCTaskThread "GC Thread#3" [stack: 0x0000005388d00000,0x0000005388e00000] [id=14164]
  0x0000017123a596b0 ConcurrentGCThread "G1 Main Marker" [stack: 0x0000005387800000,0x0000005387900000] [id=15200]
  0x00000171218ee190 ConcurrentGCThread "G1 Conc#0" [stack: 0x0000005387900000,0x0000005387a00000] [id=12804]
  0x0000017123a96cf0 ConcurrentGCThread "G1 Refine#0" [stack: 0x0000005387a00000,0x0000005387b00000] [id=19116]
  0x000001712eaaaa00 ConcurrentGCThread "G1 Refine#1" [stack: 0x0000005388e00000,0x0000005388f00000] [id=4780]
  0x000001712eaab160 ConcurrentGCThread "G1 Refine#2" [stack: 0x0000005388f00000,0x0000005389000000] [id=17656]
  0x0000017123a97710 ConcurrentGCThread "G1 Service" [stack: 0x0000005387b00000,0x0000005387c00000] [id=20768]

Threads with active compile tasks:

VM state: at safepoint (normal execution)

VM Mutex/Monitor currently owned by a thread:  ([mutex/lock_event])
[0x0000017123a17850] Threads_lock - owner thread: 0x000001712e4e9370
[0x0000017123a17a00] Heap_lock - owner thread: 0x000001713465d6e0

Heap address: 0x00000000c8c00000, size: 884 MB, Compressed Oops mode: 32-bit

CDS archive(s) not mapped
Compressed class space mapped at: 0x0000000100000000-0x0000000140000000, reserved size: 1073741824
Narrow klass base: 0x0000000000000000, Narrow klass shift: 3, Narrow klass range: 0x140000000

GC Precious Log:
 CPUs: 4 total, 4 available
 Memory: 3534M
 Large Page Support: Disabled
 NUMA Support: Disabled
 Compressed Oops: Enabled (32-bit)
 Heap Region Size: 1M
 Heap Min Capacity: 8M
 Heap Initial Capacity: 56M
 Heap Max Capacity: 884M
 Pre-touch: Disabled
 Parallel Workers: 4
 Concurrent Workers: 1
 Concurrent Refinement Workers: 4
 Periodic GC: Disabled

Heap:
 garbage-first heap   total 109568K, used 38821K [0x00000000c8c00000, 0x0000000100000000)
  region size 1024K, 3 young (3072K), 3 survivors (3072K)
 Metaspace       used 93780K, committed 94400K, reserved 1179648K
  class space    used 13483K, committed 13760K, reserved 1048576K

Heap Regions: E=young(eden), S=young(survivor), O=old, HS=humongous(starts), HC=humongous(continues), CS=collection set, F=free, OA=open archive, CA=closed archive, TAMS=top-at-mark-start (previous, next)
|   0|0x00000000c8c00000, 0x00000000c8d00000, 0x00000000c8d00000|100%|HS|  |TAMS 0x00000000c8d00000, 0x00000000c8c00000| Untracked 
|   1|0x00000000c8d00000, 0x00000000c8e00000, 0x00000000c8e00000|100%| O|  |TAMS 0x00000000c8e00000, 0x00000000c8d00000| Untracked 
|   2|0x00000000c8e00000, 0x00000000c8effdd8, 0x00000000c8f00000| 99%| O|  |TAMS 0x00000000c8effdd8, 0x00000000c8e00000| Untracked 
|   3|0x00000000c8f00000, 0x00000000c8fffff0, 0x00000000c9000000| 99%| O|  |TAMS 0x00000000c8fffff0, 0x00000000c8f00000| Untracked 
|   4|0x00000000c9000000, 0x00000000c9100000, 0x00000000c9100000|100%| O|  |TAMS 0x00000000c9100000, 0x00000000c9000000| Untracked 
|   5|0x00000000c9100000, 0x00000000c91ffff0, 0x00000000c9200000| 99%| O|  |TAMS 0x00000000c91ffff0, 0x00000000c9100000| Untracked 
|   6|0x00000000c9200000, 0x00000000c92ffff8, 0x00000000c9300000| 99%| O|  |TAMS 0x00000000c92ffff8, 0x00000000c9200000| Untracked 
|   7|0x00000000c9300000, 0x00000000c93ffff8, 0x00000000c9400000| 99%| O|  |TAMS 0x00000000c9300000, 0x00000000c9300000| Untracked 
|   8|0x00000000c9400000, 0x00000000c94fffe0, 0x00000000c9500000| 99%| O|  |TAMS 0x00000000c94fffe0, 0x00000000c9400000| Untracked 
|   9|0x00000000c9500000, 0x00000000c95fffe8, 0x00000000c9600000| 99%| O|  |TAMS 0x00000000c95fffe8, 0x00000000c9500000| Untracked 
|  10|0x00000000c9600000, 0x00000000c96fffd8, 0x00000000c9700000| 99%| O|  |TAMS 0x00000000c9600000, 0x00000000c9600000| Untracked 
|  11|0x00000000c9700000, 0x00000000c97fffb8, 0x00000000c9800000| 99%| O|  |TAMS 0x00000000c9700000, 0x00000000c9700000| Untracked 
|  12|0x00000000c9800000, 0x00000000c98fff80, 0x00000000c9900000| 99%| O|  |TAMS 0x00000000c98fff80, 0x00000000c9800000| Untracked 
|  13|0x00000000c9900000, 0x00000000c99ffff0, 0x00000000c9a00000| 99%| O|  |TAMS 0x00000000c9900000, 0x00000000c9900000| Untracked 
|  14|0x00000000c9a00000, 0x00000000c9af40d8, 0x00000000c9b00000| 95%| O|  |TAMS 0x00000000c9a00000, 0x00000000c9a00000| Untracked 
|  15|0x00000000c9b00000, 0x00000000c9bfffc0, 0x00000000c9c00000| 99%| O|  |TAMS 0x00000000c9b00000, 0x00000000c9b00000| Untracked 
|  16|0x00000000c9c00000, 0x00000000c9cffff0, 0x00000000c9d00000| 99%| O|  |TAMS 0x00000000c9c00000, 0x00000000c9c00000| Untracked 
|  17|0x00000000c9d00000, 0x00000000c9dffff0, 0x00000000c9e00000| 99%| O|  |TAMS 0x00000000c9d00000, 0x00000000c9d00000| Untracked 
|  18|0x00000000c9e00000, 0x00000000c9f00000, 0x00000000c9f00000|100%| O|  |TAMS 0x00000000c9e00000, 0x00000000c9e00000| Untracked 
|  19|0x00000000c9f00000, 0x00000000c9fffff0, 0x00000000ca000000| 99%| O|  |TAMS 0x00000000c9fffff0, 0x00000000c9f00000| Untracked 
|  20|0x00000000ca000000, 0x00000000ca0ffff0, 0x00000000ca100000| 99%| O|  |TAMS 0x00000000ca000000, 0x00000000ca000000| Untracked 
|  21|0x00000000ca100000, 0x00000000ca1fffc8, 0x00000000ca200000| 99%| O|  |TAMS 0x00000000ca100000, 0x00000000ca100000| Untracked 
|  22|0x00000000ca200000, 0x00000000ca2fffc0, 0x00000000ca300000| 99%| O|  |TAMS 0x00000000ca200000, 0x00000000ca200000| Untracked 
|  23|0x00000000ca300000, 0x00000000ca3ffff0, 0x00000000ca400000| 99%| O|  |TAMS 0x00000000ca300000, 0x00000000ca300000| Untracked 
|  24|0x00000000ca400000, 0x00000000ca500000, 0x00000000ca500000|100%| O|  |TAMS 0x00000000ca400000, 0x00000000ca400000| Untracked 
|  25|0x00000000ca500000, 0x00000000ca5ffff0, 0x00000000ca600000| 99%| O|  |TAMS 0x00000000ca500000, 0x00000000ca500000| Untracked 
|  26|0x00000000ca600000, 0x00000000ca700000, 0x00000000ca700000|100%| O|  |TAMS 0x00000000ca600000, 0x00000000ca600000| Untracked 
|  27|0x00000000ca700000, 0x00000000ca7fffb8, 0x00000000ca800000| 99%| O|  |TAMS 0x00000000ca700000, 0x00000000ca700000| Untracked 
|  28|0x00000000ca800000, 0x00000000ca893920, 0x00000000ca900000| 57%| O|  |TAMS 0x00000000ca800000, 0x00000000ca800000| Untracked 
|  29|0x00000000ca900000, 0x00000000caa00000, 0x00000000caa00000|100%| O|  |TAMS 0x00000000caa00000, 0x00000000ca900000| Untracked 
|  30|0x00000000caa00000, 0x00000000cab00000, 0x00000000cab00000|100%| O|  |TAMS 0x00000000caa00000, 0x00000000caa00000| Untracked 
|  31|0x00000000cab00000, 0x00000000cabd75a8, 0x00000000cac00000| 84%| O|  |TAMS 0x00000000cab00000, 0x00000000cab00000| Untracked 
|  32|0x00000000cac00000, 0x00000000cad00000, 0x00000000cad00000|100%| O|  |TAMS 0x00000000cac00000, 0x00000000cac00000| Untracked 
|  33|0x00000000cad00000, 0x00000000cae00000, 0x00000000cae00000|100%| O|  |TAMS 0x00000000cad00000, 0x00000000cad00000| Untracked 
|  34|0x00000000cae00000, 0x00000000caf00000, 0x00000000caf00000|100%| O|  |TAMS 0x00000000cae00000, 0x00000000cae00000| Untracked 
|  35|0x00000000caf00000, 0x00000000cafa1c00, 0x00000000cb000000| 63%| O|  |TAMS 0x00000000caf00000, 0x00000000caf00000| Untracked 
|  36|0x00000000cb000000, 0x00000000cb000000, 0x00000000cb100000|  0%| F|  |TAMS 0x00000000cb000000, 0x00000000cb000000| Untracked 
|  37|0x00000000cb100000, 0x00000000cb100000, 0x00000000cb200000|  0%| F|  |TAMS 0x00000000cb100000, 0x00000000cb100000| Untracked 
|  38|0x00000000cb200000, 0x00000000cb200000, 0x00000000cb300000|  0%| F|  |TAMS 0x00000000cb200000, 0x00000000cb200000| Untracked 
|  39|0x00000000cb300000, 0x00000000cb300000, 0x00000000cb400000|  0%| F|  |TAMS 0x00000000cb300000, 0x00000000cb300000| Untracked 
|  40|0x00000000cb400000, 0x00000000cb400000, 0x00000000cb500000|  0%| F|  |TAMS 0x00000000cb400000, 0x00000000cb400000| Untracked 
|  41|0x00000000cb500000, 0x00000000cb500000, 0x00000000cb600000|  0%| F|  |TAMS 0x00000000cb500000, 0x00000000cb500000| Untracked 
|  42|0x00000000cb600000, 0x00000000cb600000, 0x00000000cb700000|  0%| F|  |TAMS 0x00000000cb600000, 0x00000000cb600000| Untracked 
|  43|0x00000000cb700000, 0x00000000cb700000, 0x00000000cb800000|  0%| F|  |TAMS 0x00000000cb700000, 0x00000000cb700000| Untracked 
|  44|0x00000000cb800000, 0x00000000cb800000, 0x00000000cb900000|  0%| F|  |TAMS 0x00000000cb800000, 0x00000000cb800000| Untracked 
|  45|0x00000000cb900000, 0x00000000cb900000, 0x00000000cba00000|  0%| F|  |TAMS 0x00000000cb900000, 0x00000000cb900000| Untracked 
|  46|0x00000000cba00000, 0x00000000cba00000, 0x00000000cbb00000|  0%| F|  |TAMS 0x00000000cba00000, 0x00000000cba00000| Untracked 
|  47|0x00000000cbb00000, 0x00000000cbb00000, 0x00000000cbc00000|  0%| F|  |TAMS 0x00000000cbb00000, 0x00000000cbb00000| Untracked 
|  48|0x00000000cbc00000, 0x00000000cbc00000, 0x00000000cbd00000|  0%| F|  |TAMS 0x00000000cbc00000, 0x00000000cbc00000| Untracked 
|  49|0x00000000cbd00000, 0x00000000cbd00000, 0x00000000cbe00000|  0%| F|  |TAMS 0x00000000cbd00000, 0x00000000cbd00000| Untracked 
|  50|0x00000000cbe00000, 0x00000000cbe00000, 0x00000000cbf00000|  0%| F|  |TAMS 0x00000000cbe00000, 0x00000000cbe00000| Untracked 
|  51|0x00000000cbf00000, 0x00000000cbf00000, 0x00000000cc000000|  0%| F|  |TAMS 0x00000000cbf00000, 0x00000000cbf00000| Untracked 
|  52|0x00000000cc000000, 0x00000000cc000000, 0x00000000cc100000|  0%| F|  |TAMS 0x00000000cc000000, 0x00000000cc000000| Untracked 
|  53|0x00000000cc100000, 0x00000000cc100000, 0x00000000cc200000|  0%| F|  |TAMS 0x00000000cc100000, 0x00000000cc100000| Untracked 
|  54|0x00000000cc200000, 0x00000000cc276668, 0x00000000cc300000| 46%| O|  |TAMS 0x00000000cc200000, 0x00000000cc200000| Untracked 
|  55|0x00000000cc300000, 0x00000000cc300000, 0x00000000cc400000|  0%| F|  |TAMS 0x00000000cc300000, 0x00000000cc300000| Untracked 
|  56|0x00000000cc400000, 0x00000000cc400000, 0x00000000cc500000|  0%| F|  |TAMS 0x00000000cc400000, 0x00000000cc400000| Untracked 
|  57|0x00000000cc500000, 0x00000000cc500000, 0x00000000cc600000|  0%| F|  |TAMS 0x00000000cc500000, 0x00000000cc500000| Untracked 
|  58|0x00000000cc600000, 0x00000000cc600000, 0x00000000cc700000|  0%| F|  |TAMS 0x00000000cc600000, 0x00000000cc600000| Untracked 
|  59|0x00000000cc700000, 0x00000000cc700000, 0x00000000cc800000|  0%| F|  |TAMS 0x00000000cc700000, 0x00000000cc700000| Untracked 
|  60|0x00000000cc800000, 0x00000000cc800000, 0x00000000cc900000|  0%| F|  |TAMS 0x00000000cc800000, 0x00000000cc800000| Untracked 
|  61|0x00000000cc900000, 0x00000000cc900000, 0x00000000cca00000|  0%| F|  |TAMS 0x00000000cc900000, 0x00000000cc900000| Untracked 
|  62|0x00000000cca00000, 0x00000000cca00000, 0x00000000ccb00000|  0%| F|  |TAMS 0x00000000cca00000, 0x00000000cca00000| Untracked 
|  63|0x00000000ccb00000, 0x00000000ccb00000, 0x00000000ccc00000|  0%| F|  |TAMS 0x00000000ccb00000, 0x00000000ccb00000| Untracked 
|  64|0x00000000ccc00000, 0x00000000ccc00000, 0x00000000ccd00000|  0%| F|  |TAMS 0x00000000ccc00000, 0x00000000ccc00000| Untracked 
|  65|0x00000000ccd00000, 0x00000000ccd00000, 0x00000000cce00000|  0%| F|  |TAMS 0x00000000ccd00000, 0x00000000ccd00000| Untracked 
|  66|0x00000000cce00000, 0x00000000cce00000, 0x00000000ccf00000|  0%| F|  |TAMS 0x00000000cce00000, 0x00000000cce00000| Untracked 
|  67|0x00000000ccf00000, 0x00000000ccf00000, 0x00000000cd000000|  0%| F|  |TAMS 0x00000000ccf00000, 0x00000000ccf00000| Untracked 
|  68|0x00000000cd000000, 0x00000000cd000000, 0x00000000cd100000|  0%| F|  |TAMS 0x00000000cd000000, 0x00000000cd000000| Untracked 
|  69|0x00000000cd100000, 0x00000000cd100000, 0x00000000cd200000|  0%| F|  |TAMS 0x00000000cd100000, 0x00000000cd100000| Untracked 
|  70|0x00000000cd200000, 0x00000000cd200000, 0x00000000cd300000|  0%| F|  |TAMS 0x00000000cd200000, 0x00000000cd200000| Untracked 
|  71|0x00000000cd300000, 0x00000000cd300000, 0x00000000cd400000|  0%| F|  |TAMS 0x00000000cd300000, 0x00000000cd300000| Untracked 
|  72|0x00000000cd400000, 0x00000000cd400000, 0x00000000cd500000|  0%| F|  |TAMS 0x00000000cd400000, 0x00000000cd400000| Untracked 
|  73|0x00000000cd500000, 0x00000000cd500000, 0x00000000cd600000|  0%| F|  |TAMS 0x00000000cd500000, 0x00000000cd500000| Untracked 
|  74|0x00000000cd600000, 0x00000000cd600000, 0x00000000cd700000|  0%| F|  |TAMS 0x00000000cd600000, 0x00000000cd600000| Untracked 
|  75|0x00000000cd700000, 0x00000000cd700000, 0x00000000cd800000|  0%| F|  |TAMS 0x00000000cd700000, 0x00000000cd700000| Untracked 
|  76|0x00000000cd800000, 0x00000000cd800000, 0x00000000cd900000|  0%| F|  |TAMS 0x00000000cd800000, 0x00000000cd800000| Untracked 
|  77|0x00000000cd900000, 0x00000000cd900000, 0x00000000cda00000|  0%| F|  |TAMS 0x00000000cd900000, 0x00000000cd900000| Untracked 
|  78|0x00000000cda00000, 0x00000000cda00000, 0x00000000cdb00000|  0%| F|  |TAMS 0x00000000cda00000, 0x00000000cda00000| Untracked 
|  79|0x00000000cdb00000, 0x00000000cdb00000, 0x00000000cdc00000|  0%| F|  |TAMS 0x00000000cdb00000, 0x00000000cdb00000| Untracked 
|  80|0x00000000cdc00000, 0x00000000cdc00000, 0x00000000cdd00000|  0%| F|  |TAMS 0x00000000cdc00000, 0x00000000cdc00000| Untracked 
|  81|0x00000000cdd00000, 0x00000000cdd00000, 0x00000000cde00000|  0%| F|  |TAMS 0x00000000cdd00000, 0x00000000cdd00000| Untracked 
|  82|0x00000000cde00000, 0x00000000cde00000, 0x00000000cdf00000|  0%| F|  |TAMS 0x00000000cde00000, 0x00000000cde00000| Untracked 
|  83|0x00000000cdf00000, 0x00000000cdf00000, 0x00000000ce000000|  0%| F|  |TAMS 0x00000000cdf00000, 0x00000000cdf00000| Untracked 
|  84|0x00000000ce000000, 0x00000000ce000000, 0x00000000ce100000|  0%| F|  |TAMS 0x00000000ce000000, 0x00000000ce000000| Untracked 
|  85|0x00000000ce100000, 0x00000000ce172840, 0x00000000ce200000| 44%| S|CS|TAMS 0x00000000ce100000, 0x00000000ce100000| Complete 
|  86|0x00000000ce200000, 0x00000000ce300000, 0x00000000ce300000|100%| S|CS|TAMS 0x00000000ce200000, 0x00000000ce200000| Complete 
|  87|0x00000000ce300000, 0x00000000ce400000, 0x00000000ce400000|100%| S|CS|TAMS 0x00000000ce300000, 0x00000000ce300000| Complete 
|  88|0x00000000ce400000, 0x00000000ce400000, 0x00000000ce500000|  0%| F|  |TAMS 0x00000000ce400000, 0x00000000ce400000| Untracked 
|  89|0x00000000ce500000, 0x00000000ce500000, 0x00000000ce600000|  0%| F|  |TAMS 0x00000000ce500000, 0x00000000ce500000| Untracked 
|  90|0x00000000ce600000, 0x00000000ce600000, 0x00000000ce700000|  0%| F|  |TAMS 0x00000000ce600000, 0x00000000ce600000| Untracked 
|  91|0x00000000ce700000, 0x00000000ce700000, 0x00000000ce800000|  0%| F|  |TAMS 0x00000000ce700000, 0x00000000ce700000| Untracked 
|  92|0x00000000ce800000, 0x00000000ce800000, 0x00000000ce900000|  0%| F|  |TAMS 0x00000000ce800000, 0x00000000ce800000| Untracked 
|  93|0x00000000ce900000, 0x00000000ce900000, 0x00000000cea00000|  0%| F|  |TAMS 0x00000000ce900000, 0x00000000ce900000| Untracked 
|  94|0x00000000cea00000, 0x00000000cea00000, 0x00000000ceb00000|  0%| F|  |TAMS 0x00000000cea00000, 0x00000000cea00000| Untracked 
|  95|0x00000000ceb00000, 0x00000000ceb00000, 0x00000000cec00000|  0%| F|  |TAMS 0x00000000ceb00000, 0x00000000ceb00000| Untracked 
|  96|0x00000000cec00000, 0x00000000cec00000, 0x00000000ced00000|  0%| F|  |TAMS 0x00000000cec00000, 0x00000000cec00000| Untracked 
|  97|0x00000000ced00000, 0x00000000ced00000, 0x00000000cee00000|  0%| F|  |TAMS 0x00000000ced00000, 0x00000000ced00000| Untracked 
|  98|0x00000000cee00000, 0x00000000cee00000, 0x00000000cef00000|  0%| F|  |TAMS 0x00000000cee00000, 0x00000000cee00000| Untracked 
|  99|0x00000000cef00000, 0x00000000cef00000, 0x00000000cf000000|  0%| F|  |TAMS 0x00000000cef00000, 0x00000000cef00000| Untracked 
| 100|0x00000000cf000000, 0x00000000cf000000, 0x00000000cf100000|  0%| F|  |TAMS 0x00000000cf000000, 0x00000000cf000000| Untracked 
| 101|0x00000000cf100000, 0x00000000cf100000, 0x00000000cf200000|  0%| F|  |TAMS 0x00000000cf100000, 0x00000000cf100000| Untracked 
| 102|0x00000000cf200000, 0x00000000cf200000, 0x00000000cf300000|  0%| F|  |TAMS 0x00000000cf200000, 0x00000000cf200000| Untracked 
| 103|0x00000000cf300000, 0x00000000cf300000, 0x00000000cf400000|  0%| F|  |TAMS 0x00000000cf300000, 0x00000000cf300000| Untracked 
| 104|0x00000000cf400000, 0x00000000cf400000, 0x00000000cf500000|  0%| F|  |TAMS 0x00000000cf400000, 0x00000000cf400000| Untracked 
| 105|0x00000000cf500000, 0x00000000cf500000, 0x00000000cf600000|  0%| F|  |TAMS 0x00000000cf500000, 0x00000000cf500000| Untracked 
| 106|0x00000000cf600000, 0x00000000cf600000, 0x00000000cf700000|  0%| F|  |TAMS 0x00000000cf600000, 0x00000000cf600000| Untracked 

Card table byte_map: [0x000001712a170000,0x000001712a330000] _byte_map_base: 0x0000017129b2a000

Marking Bits (Prev, Next): (CMBitMap*) 0x00000171218ea020, (CMBitMap*) 0x00000171218e9fe0
 Prev Bits: [0x000001712b2c0000, 0x000001712c090000)
 Next Bits: [0x000001712a4f0000, 0x000001712b2c0000)

Polling page: 0x0000017121b50000

Metaspace:

Usage:
  Non-class:     78.41 MB used.
      Class:     13.17 MB used.
       Both:     91.58 MB used.

Virtual space:
  Non-class space:      128.00 MB reserved,      78.75 MB ( 62%) committed,  2 nodes.
      Class space:        1.00 GB reserved,      13.44 MB (  1%) committed,  1 nodes.
             Both:        1.12 GB reserved,      92.19 MB (  8%) committed. 

Chunk freelists:
   Non-Class:  941.00 KB
       Class:  2.41 MB
        Both:  3.33 MB

MaxMetaspaceSize: unlimited
CompressedClassSpaceSize: 1.00 GB
Initial GC threshold: 21.00 MB
Current GC threshold: 153.12 MB
CDS: off
MetaspaceReclaimPolicy: balanced
 - commit_granule_bytes: 65536.
 - commit_granule_words: 8192.
 - virtual_space_node_default_size: 8388608.
 - enlarge_chunks_in_place: 1.
 - new_chunks_are_fully_committed: 0.
 - uncommit_free_chunks: 1.
 - use_allocation_guard: 0.
 - handle_deallocations: 1.


Internal statistics:

num_allocs_failed_limit: 12.
num_arena_births: 1128.
num_arena_deaths: 392.
num_vsnodes_births: 3.
num_vsnodes_deaths: 0.
num_space_committed: 1475.
num_space_uncommitted: 0.
num_chunks_returned_to_freelist: 483.
num_chunks_taken_from_freelist: 4576.
num_chunk_merges: 163.
num_chunk_splits: 3120.
num_chunks_enlarged: 2375.
num_inconsistent_stats: 0.

CodeCache: size=49152Kb used=18157Kb max_used=18171Kb free=30994Kb
 bounds [0x0000017127170000, 0x00000171283b0000, 0x000001712a170000]
 total_blobs=11560 nmethods=10864 adapters=621
 compilation: enabled
              stopped_count=0, restarted_count=0
 full_count=0

Compilation events (20 events):
Event: 620.991 Thread 0x000001712e7fc970 10892       1       org.hibernate.engine.jdbc.Size::setArrayLength (7 bytes)
Event: 620.991 Thread 0x000001712e7fc970 nmethod 10892 0x000001712838f710 code [0x000001712838f8a0, 0x000001712838f9b8]
Event: 621.001 Thread 0x000001712e7fc970 10894       1       org.hibernate.internal.util.config.ConfigurationHelper::toBoolean (41 bytes)
Event: 621.001 Thread 0x000001712e7fc970 nmethod 10894 0x000001712838f210 code [0x000001712838f3e0, 0x000001712838f668]
Event: 621.017 Thread 0x000001712e7fc970 10895       1       org.hibernate.boot.internal.MetadataBuildingContextRootImpl::getCurrentContributorName (5 bytes)
Event: 621.017 Thread 0x000001712e7fc970 nmethod 10895 0x000001712838ef10 code [0x000001712838f0a0, 0x000001712838f178]
Event: 621.042 Thread 0x000001712e7fc970 10896       1       org.hibernate.engine.config.internal.ConfigurationServiceImpl::getSetting (28 bytes)
Event: 621.042 Thread 0x000001712e7fc970 nmethod 10896 0x000001712838eb10 code [0x000001712838ecc0, 0x000001712838ee18]
Event: 621.047 Thread 0x000001712e7fc970 10897       1       org.hibernate.internal.util.config.ConfigurationHelper::getBoolean (41 bytes)
Event: 621.048 Thread 0x000001712e7fc970 nmethod 10897 0x000001712838e590 code [0x000001712838e760, 0x000001712838e978]
Event: 621.056 Thread 0x000001712e7fc970 10898       1       net.bytebuddy.matcher.ElementMatchers::isDeclaredBy (8 bytes)
Event: 621.057 Thread 0x000001712e7fc970 nmethod 10898 0x000001712838e110 code [0x000001712838e2a0, 0x000001712838e4b8]
Event: 621.057 Thread 0x000001712e7fc970 10899       1       net.bytebuddy.matcher.ElementMatchers::isDeclaredByGeneric (9 bytes)
Event: 621.057 Thread 0x000001712e7fc970 nmethod 10899 0x000001712838dd90 code [0x000001712838df20, 0x000001712838e058]
Event: 621.057 Thread 0x000001712e7fc970 10900       1       net.bytebuddy.matcher.DeclaringTypeMatcher::<init> (10 bytes)
Event: 621.057 Thread 0x000001712e7fc970 nmethod 10900 0x000001712838da90 code [0x000001712838dc20, 0x000001712838dd38]
Event: 621.058 Thread 0x000001712e7fc970 10901       1       net.bytebuddy.asm.Advice$OffsetMapping$ForArgument$Unresolved$Factory::getAnnotationType (3 bytes)
Event: 621.058 Thread 0x000001712e7fc970 nmethod 10901 0x000001712838d790 code [0x000001712838d920, 0x000001712838d9f8]
Event: 621.063 Thread 0x000001712e7fc970 10902       1       net.bytebuddy.description.method.MethodDescription$ForLoadedConstructor::getDeclaredAnnotations (67 bytes)
Event: 621.067 Thread 0x000001712e7fc970 nmethod 10902 0x000001712838ce90 code [0x000001712838d080, 0x000001712838d578]

GC Heap History (20 events):
Event: 196.775 GC heap after
{Heap after GC invocations=34 (full 1):
 garbage-first heap   total 122880K, used 39898K [0x00000000c8c00000, 0x0000000100000000)
  region size 1024K, 4 young (4096K), 4 survivors (4096K)
 Metaspace       used 90604K, committed 91264K, reserved 1179648K
  class space    used 13119K, committed 13440K, reserved 1048576K
}
Event: 198.916 GC heap before
{Heap before GC invocations=34 (full 1):
 garbage-first heap   total 122880K, used 94170K [0x00000000c8c00000, 0x0000000100000000)
  region size 1024K, 57 young (58368K), 4 survivors (4096K)
 Metaspace       used 91073K, committed 91776K, reserved 1179648K
  class space    used 13168K, committed 13504K, reserved 1048576K
}
Event: 198.940 GC heap after
{Heap after GC invocations=35 (full 1):
 garbage-first heap   total 122880K, used 43322K [0x00000000c8c00000, 0x0000000100000000)
  region size 1024K, 8 young (8192K), 8 survivors (8192K)
 Metaspace       used 91073K, committed 91776K, reserved 1179648K
  class space    used 13168K, committed 13504K, reserved 1048576K
}
Event: 200.839 GC heap before
{Heap before GC invocations=35 (full 1):
 garbage-first heap   total 122880K, used 95546K [0x00000000c8c00000, 0x0000000100000000)
  region size 1024K, 59 young (60416K), 8 survivors (8192K)
 Metaspace       used 91346K, committed 91968K, reserved 1179648K
  class space    used 13195K, committed 13504K, reserved 1048576K
}
Event: 200.881 GC heap after
{Heap after GC invocations=36 (full 1):
 garbage-first heap   total 122880K, used 45784K [0x00000000c8c00000, 0x0000000100000000)
  region size 1024K, 7 young (7168K), 7 survivors (7168K)
 Metaspace       used 91346K, committed 91968K, reserved 1179648K
  class space    used 13195K, committed 13504K, reserved 1048576K
}
Event: 202.528 GC heap before
{Heap before GC invocations=36 (full 1):
 garbage-first heap   total 122880K, used 52952K [0x00000000c8c00000, 0x0000000100000000)
  region size 1024K, 15 young (15360K), 7 survivors (7168K)
 Metaspace       used 91350K, committed 92032K, reserved 1179648K
  class space    used 13196K, committed 13504K, reserved 1048576K
}
Event: 202.656 GC heap after
{Heap after GC invocations=37 (full 2):
 garbage-first heap   total 119808K, used 34366K [0x00000000c8c00000, 0x0000000100000000)
  region size 1024K, 0 young (0K), 0 survivors (0K)
 Metaspace       used 90950K, committed 92032K, reserved 1179648K
  class space    used 13106K, committed 13504K, reserved 1048576K
}
Event: 206.440 GC heap before
{Heap before GC invocations=37 (full 2):
 garbage-first heap   total 119808K, used 92734K [0x00000000c8c00000, 0x0000000100000000)
  region size 1024K, 57 young (58368K), 0 survivors (0K)
 Metaspace       used 91310K, committed 92032K, reserved 1179648K
  class space    used 13149K, committed 13504K, reserved 1048576K
}
Event: 206.450 GC heap after
{Heap after GC invocations=38 (full 2):
 garbage-first heap   total 119808K, used 39060K [0x00000000c8c00000, 0x0000000100000000)
  region size 1024K, 5 young (5120K), 5 survivors (5120K)
 Metaspace       used 91310K, committed 92032K, reserved 1179648K
  class space    used 13149K, committed 13504K, reserved 1048576K
}
Event: 207.855 GC heap before
{Heap before GC invocations=38 (full 2):
 garbage-first heap   total 119808K, used 94356K [0x00000000c8c00000, 0x0000000100000000)
  region size 1024K, 59 young (60416K), 5 survivors (5120K)
 Metaspace       used 91720K, committed 92288K, reserved 1179648K
  class space    used 13188K, committed 13504K, reserved 1048576K
}
Event: 207.972 GC heap after
{Heap after GC invocations=39 (full 2):
 garbage-first heap   total 119808K, used 42198K [0x00000000c8c00000, 0x0000000100000000)
  region size 1024K, 8 young (8192K), 8 survivors (8192K)
 Metaspace       used 91720K, committed 92288K, reserved 1179648K
  class space    used 13188K, committed 13504K, reserved 1048576K
}
Event: 208.781 GC heap before
{Heap before GC invocations=39 (full 2):
 garbage-first heap   total 119808K, used 94422K [0x00000000c8c00000, 0x0000000100000000)
  region size 1024K, 59 young (60416K), 8 survivors (8192K)
 Metaspace       used 91947K, committed 92544K, reserved 1179648K
  class space    used 13209K, committed 13504K, reserved 1048576K
}
Event: 209.247 GC heap after
{Heap after GC invocations=40 (full 2):
 garbage-first heap   total 119808K, used 44488K [0x00000000c8c00000, 0x0000000100000000)
  region size 1024K, 7 young (7168K), 7 survivors (7168K)
 Metaspace       used 91947K, committed 92544K, reserved 1179648K
  class space    used 13209K, committed 13504K, reserved 1048576K
}
Event: 335.239 GC heap before
{Heap before GC invocations=40 (full 2):
 garbage-first heap   total 119808K, used 87496K [0x00000000c8c00000, 0x0000000100000000)
  region size 1024K, 49 young (50176K), 7 survivors (7168K)
 Metaspace       used 93475K, committed 94080K, reserved 1179648K
  class space    used 13443K, committed 13696K, reserved 1048576K
}
Event: 335.456 GC heap after
{Heap after GC invocations=41 (full 2):
 garbage-first heap   total 119808K, used 46230K [0x00000000c8c00000, 0x0000000100000000)
  region size 1024K, 5 young (5120K), 5 survivors (5120K)
 Metaspace       used 93475K, committed 94080K, reserved 1179648K
  class space    used 13443K, committed 13696K, reserved 1048576K
}
Event: 583.212 GC heap before
{Heap before GC invocations=41 (full 2):
 garbage-first heap   total 119808K, used 73878K [0x00000000c8c00000, 0x0000000100000000)
  region size 1024K, 33 young (33792K), 5 survivors (5120K)
 Metaspace       used 93493K, committed 94080K, reserved 1179648K
  class space    used 13446K, committed 13696K, reserved 1048576K
}
Event: 584.817 GC heap after
{Heap after GC invocations=42 (full 3):
 garbage-first heap   total 109568K, used 31572K [0x00000000c8c00000, 0x0000000100000000)
  region size 1024K, 0 young (0K), 0 survivors (0K)
 Metaspace       used 93375K, committed 94080K, reserved 1179648K
  class space    used 13427K, committed 13696K, reserved 1048576K
}
Event: 610.413 GC heap before
{Heap before GC invocations=42 (full 3):
 garbage-first heap   total 109568K, used 86868K [0x00000000c8c00000, 0x0000000100000000)
  region size 1024K, 54 young (55296K), 0 survivors (0K)
 Metaspace       used 93752K, committed 94336K, reserved 1179648K
  class space    used 13479K, committed 13760K, reserved 1048576K
}
Event: 611.728 GC heap after
{Heap after GC invocations=43 (full 3):
 garbage-first heap   total 109568K, used 36904K [0x00000000c8c00000, 0x0000000100000000)
  region size 1024K, 6 young (6144K), 6 survivors (6144K)
 Metaspace       used 93752K, committed 94336K, reserved 1179648K
  class space    used 13479K, committed 13760K, reserved 1048576K
}
Event: 621.118 GC heap before
{Heap before GC invocations=43 (full 3):
 garbage-first heap   total 109568K, used 56360K [0x00000000c8c00000, 0x0000000100000000)
  region size 1024K, 25 young (25600K), 6 survivors (6144K)
 Metaspace       used 93780K, committed 94400K, reserved 1179648K
  class space    used 13483K, committed 13760K, reserved 1048576K
}

Dll operation events (3 events):
Event: 0.099 Loaded shared library C:\Program Files\JetBrains\IntelliJ IDEA 2023.2\jbr\bin\java.dll
Event: 0.770 Loaded shared library C:\Program Files\JetBrains\IntelliJ IDEA 2023.2\jbr\bin\zip.dll
Event: 6.788 Loaded shared library C:\Program Files\JetBrains\IntelliJ IDEA 2023.2\jbr\bin\verify.dll

Deoptimization events (20 events):
Event: 3.208 Thread 0x000001713379e0d0 DEOPT PACKING pc=0x0000017127623d99 sp=0x00000053891fcb70
Event: 3.208 Thread 0x000001713379e0d0 DEOPT UNPACKING pc=0x00000171271c7143 sp=0x00000053891fc050 mode 3
Event: 3.512 Thread 0x000001713379e0d0 DEOPT PACKING pc=0x00000171275de5fd sp=0x00000053891fd6a0
Event: 3.512 Thread 0x000001713379e0d0 DEOPT UNPACKING pc=0x00000171271c7143 sp=0x00000053891fcc08 mode 3
Event: 3.602 Thread 0x000001713379e0d0 DEOPT PACKING pc=0x0000017127678c55 sp=0x00000053891fd1c0
Event: 3.602 Thread 0x000001713379e0d0 DEOPT UNPACKING pc=0x00000171271c7143 sp=0x00000053891fc668 mode 3
Event: 5.327 Thread 0x000001713379e0d0 DEOPT PACKING pc=0x00000171278d3919 sp=0x00000053891fc600
Event: 5.327 Thread 0x000001713379e0d0 DEOPT UNPACKING pc=0x00000171271c7143 sp=0x00000053891fbae8 mode 3
Event: 7.496 Thread 0x000001713465ba00 DEOPT PACKING pc=0x00000171275a5517 sp=0x00000053896ff380
Event: 7.496 Thread 0x000001713465ba00 DEOPT UNPACKING pc=0x00000171271c7143 sp=0x00000053896fe7d8 mode 3
Event: 10.981 Thread 0x000001713379e0d0 DEOPT PACKING pc=0x0000017127639114 sp=0x00000053891fa2c0
Event: 10.981 Thread 0x000001713379e0d0 DEOPT UNPACKING pc=0x00000171271c7143 sp=0x00000053891f9818 mode 0
Event: 12.603 Thread 0x000001713379e0d0 DEOPT PACKING pc=0x0000017127688c42 sp=0x00000053891fc4f0
Event: 12.603 Thread 0x000001713379e0d0 DEOPT UNPACKING pc=0x00000171271c7143 sp=0x00000053891fb9f8 mode 3
Event: 12.605 Thread 0x000001713379e0d0 DEOPT PACKING pc=0x000001712763f7b5 sp=0x00000053891fc4b0
Event: 12.605 Thread 0x000001713379e0d0 DEOPT UNPACKING pc=0x00000171271c7143 sp=0x00000053891fb9f8 mode 3
Event: 234.473 Thread 0x000001713599e240 DEOPT PACKING pc=0x0000017128250214 sp=0x0000005389afaa40
Event: 234.474 Thread 0x000001713599e240 DEOPT UNPACKING pc=0x00000171271c7143 sp=0x0000005389af9ef0 mode 0
Event: 337.054 Thread 0x000001713599dd70 DEOPT PACKING pc=0x00000171282fd77b sp=0x000000538a0fbab0
Event: 337.056 Thread 0x000001713599dd70 DEOPT UNPACKING pc=0x00000171271c7143 sp=0x000000538a0fafd8 mode 3

Classes unloaded (20 events):
Event: 583.545 Thread 0x000001712e4e9370 Unloading class 0x0000000100d58400 'jdk/internal/reflect/GeneratedMethodAccessor66'
Event: 583.545 Thread 0x000001712e4e9370 Unloading class 0x0000000100d58000 'jdk/internal/reflect/GeneratedMethodAccessor65'
Event: 583.545 Thread 0x000001712e4e9370 Unloading class 0x0000000100d51c00 'jdk/internal/reflect/GeneratedMethodAccessor64'
Event: 583.545 Thread 0x000001712e4e9370 Unloading class 0x0000000100d51800 'jdk/internal/reflect/GeneratedMethodAccessor63'
Event: 583.546 Thread 0x000001712e4e9370 Unloading class 0x0000000100d50000 'jdk/internal/reflect/GeneratedConstructorAccessor65'
Event: 583.547 Thread 0x000001712e4e9370 Unloading class 0x0000000100d4bc00 'jdk/internal/reflect/GeneratedConstructorAccessor64'
Event: 583.547 Thread 0x000001712e4e9370 Unloading class 0x0000000100d4b800 'jdk/internal/reflect/GeneratedConstructorAccessor63'
Event: 583.548 Thread 0x000001712e4e9370 Unloading class 0x0000000100d50b70 'org/apache/catalina/loader/JdbcLeakPrevention'
Event: 583.551 Thread 0x000001712e4e9370 Unloading class 0x0000000100d50800 'jdk/proxy7/$Proxy171'
Event: 583.551 Thread 0x000001712e4e9370 Unloading class 0x0000000100d44c00 'jdk/internal/reflect/GeneratedConstructorAccessor52'
Event: 583.551 Thread 0x000001712e4e9370 Unloading class 0x0000000100d44800 'jdk/internal/reflect/GeneratedConstructorAccessor51'
Event: 583.551 Thread 0x000001712e4e9370 Unloading class 0x0000000100d44400 'jdk/internal/reflect/GeneratedConstructorAccessor50'
Event: 583.552 Thread 0x000001712e4e9370 Unloading class 0x0000000100d39000 'jdk/internal/reflect/GeneratedConstructorAccessor48'
Event: 583.553 Thread 0x000001712e4e9370 Unloading class 0x0000000100b85800 'jdk/internal/reflect/GeneratedMethodAccessor39'
Event: 583.553 Thread 0x000001712e4e9370 Unloading class 0x0000000100b68400 'jdk/internal/reflect/GeneratedConstructorAccessor37'
Event: 583.554 Thread 0x000001712e4e9370 Unloading class 0x000000010044c000 'jdk/internal/reflect/GeneratedConstructorAccessor12'
Event: 583.555 Thread 0x000001712e4e9370 Unloading class 0x0000000100441c00 'jdk/internal/reflect/GeneratedConstructorAccessor11'
Event: 583.555 Thread 0x000001712e4e9370 Unloading class 0x0000000100441800 'jdk/internal/reflect/GeneratedConstructorAccessor10'
Event: 583.555 Thread 0x000001712e4e9370 Unloading class 0x0000000100441400 'jdk/internal/reflect/GeneratedConstructorAccessor9'
Event: 583.555 Thread 0x000001712e4e9370 Unloading class 0x0000000100432000 'jdk/internal/reflect/GeneratedConstructorAccessor8'

Classes redefined (0 events):
No events

Internal exceptions (20 events):
Event: 337.030 Thread 0x000001713599dd70 Exception <a 'java/lang/reflect/InvocationTargetException'{0x00000000cff2c688}> (0x00000000cff2c688) 
thrown [s\src\hotspot\share\runtime\reflection.cpp, line 1127]
Event: 398.038 Thread 0x000001713465b060 Exception <a 'java/lang/ClassCastException'{0x00000000cf754530}: class java.lang.Double cannot be cast to class java.math.BigDecimal (java.lang.Double and java.math.BigDecimal are in module java.base of loader 'bootstrap')> (0x00000000cf754530) 
thrown [s\src\hotspot\share\interpreter\interpreterRuntime.cpp, line 444]
Event: 398.039 Thread 0x000001713465b060 Exception <a 'java/lang/reflect/InvocationTargetException'{0x00000000cf754ff8}> (0x00000000cf754ff8) 
thrown [s\src\hotspot\share\runtime\reflection.cpp, line 1127]
Event: 583.173 Thread 0x000001713465cd40 Exception <a 'java/lang/InterruptedException'{0x00000000ce58bec0}: sleep interrupted> (0x00000000ce58bec0) 
thrown [s\src\hotspot\share\prims\jvm.cpp, line 3073]
Event: 593.076 Thread 0x000001713465d6e0 Exception <a 'sun/nio/fs/WindowsException'{0x00000000cf5065c0}> (0x00000000cf5065c0) 
thrown [s\src\hotspot\share\prims\jni.cpp, line 517]
Event: 593.997 Thread 0x000001713465d6e0 Exception <a 'sun/nio/fs/WindowsException'{0x00000000cf2b9140}> (0x00000000cf2b9140) 
thrown [s\src\hotspot\share\prims\jni.cpp, line 517]
Event: 601.068 Thread 0x000001713465d6e0 Exception <a 'sun/nio/fs/WindowsException'{0x00000000cd5acdb0}> (0x00000000cd5acdb0) 
thrown [s\src\hotspot\share\prims\jni.cpp, line 517]
Event: 601.313 Thread 0x000001713465d6e0 Exception <a 'sun/nio/fs/WindowsException'{0x00000000cd3dcb30}> (0x00000000cd3dcb30) 
thrown [s\src\hotspot\share\prims\jni.cpp, line 517]
Event: 602.782 Thread 0x000001713465d6e0 Exception <a 'java/lang/NoClassDefFoundError'{0x00000000cca40528}: org/flywaydb/core/Flyway> (0x00000000cca40528) 
thrown [s\src\hotspot\share\oops\constantPool.cpp, line 835]
Event: 602.782 Thread 0x000001713465d6e0 Exception <a 'java/lang/NoClassDefFoundError'{0x00000000cca40b78}: liquibase/integration/spring/SpringLiquibase> (0x00000000cca40b78) 
thrown [s\src\hotspot\share\oops\constantPool.cpp, line 835]
Event: 602.802 Thread 0x000001713465d6e0 Exception <a 'java/lang/NoClassDefFoundError'{0x00000000cca68aa0}: org/springframework/batch/core/repository/JobRepository> (0x00000000cca68aa0) 
thrown [s\src\hotspot\share\oops\constantPool.cpp, line 835]
Event: 602.802 Thread 0x000001713465d6e0 Exception <a 'java/lang/NoClassDefFoundError'{0x00000000cca690e8}: org/quartz/Scheduler> (0x00000000cca690e8) 
thrown [s\src\hotspot\share\oops\constantPool.cpp, line 835]
Event: 602.802 Thread 0x000001713465d6e0 Exception <a 'java/lang/NoClassDefFoundError'{0x00000000cca69758}: org/springframework/session/jdbc/JdbcIndexedSessionRepository> (0x00000000cca69758) 
thrown [s\src\hotspot\share\oops\constantPool.cpp, line 835]
Event: 602.887 Thread 0x000001713465d6e0 Exception <a 'java/lang/NoClassDefFoundError'{0x00000000ccae64a0}: org/jooq/DSLContext> (0x00000000ccae64a0) 
thrown [s\src\hotspot\share\oops\constantPool.cpp, line 835]
Event: 613.211 Thread 0x000001713465d6e0 Exception <a 'sun/nio/fs/WindowsException'{0x00000000cf46a958}> (0x00000000cf46a958) 
thrown [s\src\hotspot\share\prims\jni.cpp, line 517]
Event: 613.230 Thread 0x000001713465d6e0 Exception <a 'sun/nio/fs/WindowsException'{0x00000000cf46b080}> (0x00000000cf46b080) 
thrown [s\src\hotspot\share\prims\jni.cpp, line 517]
Event: 613.237 Thread 0x000001713465d6e0 Exception <a 'sun/nio/fs/WindowsException'{0x00000000cf46b778}> (0x00000000cf46b778) 
thrown [s\src\hotspot\share\prims\jni.cpp, line 517]
Event: 614.158 Thread 0x000001713465d6e0 Exception <a 'java/io/FileNotFoundException'{0x00000000cf4dda50}> (0x00000000cf4dda50) 
thrown [s\src\hotspot\share\prims\jni.cpp, line 517]
Event: 614.280 Thread 0x000001713465d6e0 Exception <a 'java/io/FileNotFoundException'{0x00000000cf4dee78}> (0x00000000cf4dee78) 
thrown [s\src\hotspot\share\prims\jni.cpp, line 517]
Event: 616.037 Thread 0x000001713465d6e0 Exception <a 'sun/nio/fs/WindowsException'{0x00000000ceb3b358}> (0x00000000ceb3b358) 
thrown [s\src\hotspot\share\prims\jni.cpp, line 517]

VM Operations (20 events):
Event: 600.951 Executing VM operation: Cleanup done
Event: 601.960 Executing VM operation: Cleanup
Event: 601.982 Executing VM operation: Cleanup done
Event: 602.991 Executing VM operation: Cleanup
Event: 603.033 Executing VM operation: Cleanup done
Event: 608.077 Executing VM operation: Cleanup
Event: 608.155 Executing VM operation: Cleanup done
Event: 610.346 Executing VM operation: G1CollectForAllocation
Event: 611.728 Executing VM operation: G1CollectForAllocation done
Event: 615.756 Executing VM operation: Cleanup
Event: 615.793 Executing VM operation: Cleanup done
Event: 616.797 Executing VM operation: Cleanup
Event: 616.798 Executing VM operation: Cleanup done
Event: 617.814 Executing VM operation: Cleanup
Event: 617.941 Executing VM operation: Cleanup done
Event: 618.951 Executing VM operation: Cleanup
Event: 618.996 Executing VM operation: Cleanup done
Event: 621.005 Executing VM operation: Cleanup
Event: 621.006 Executing VM operation: Cleanup done
Event: 621.118 Executing VM operation: G1CollectForAllocation

Events (20 events):
Event: 579.893 Thread 0x000001713599ebe0 Thread exited: 0x000001713599ebe0
Event: 579.895 Thread 0x000001713599d8a0 Thread exited: 0x000001713599d8a0
Event: 579.895 Thread 0x000001713599dd70 Thread exited: 0x000001713599dd70
Event: 579.895 Thread 0x000001713599e240 Thread exited: 0x000001713599e240
Event: 579.904 Thread 0x000001713599e710 Thread exited: 0x000001713599e710
Event: 580.823 Thread 0x000001713465b060 Thread added: 0x000001713465b060
Event: 580.875 Thread 0x000001713465bed0 Thread exited: 0x000001713465bed0
Event: 581.102 Thread 0x000001713465b060 Thread exited: 0x000001713465b060
Event: 583.173 Thread 0x000001713465cd40 Thread exited: 0x000001713465cd40
Event: 587.700 Thread 0x000001713465cd40 Thread added: 0x000001713465cd40
Event: 587.836 Thread 0x000001713465d6e0 Thread added: 0x000001713465d6e0
Event: 587.839 Thread 0x000001713465cd40 Thread exited: 0x000001713465cd40
Event: 592.897 Thread 0x000001713465ea20 Thread exited: 0x000001713465ea20
Event: 593.543 Thread 0x000001713465c870 Thread exited: 0x000001713465c870
Event: 596.028 Thread 0x000001713465ea20 Thread added: 0x000001713465ea20
Event: 596.249 Thread 0x000001713465ea20 Thread exited: 0x000001713465ea20
Event: 604.192 loading class java/time/DurationEditor
Event: 604.193 loading class java/time/DurationEditor done
Event: 618.634 Thread 0x000001713465dbb0 Thread added: 0x000001713465dbb0
Event: 618.780 Thread 0x000001713465bed0 Thread added: 0x000001713465bed0


Dynamic libraries:
0x00007ff7aec60000 - 0x00007ff7aec6a000 	C:\Program Files\JetBrains\IntelliJ IDEA 2023.2\jbr\bin\java.exe
0x00007fffb5eb0000 - 0x00007fffb60c7000 	C:\WINDOWS\SYSTEM32\ntdll.dll
0x00007fffb4a30000 - 0x00007fffb4af4000 	C:\WINDOWS\System32\KERNEL32.DLL
0x00007fffb35f0000 - 0x00007fffb39a7000 	C:\WINDOWS\System32\KERNELBASE.dll
0x00007fffb3310000 - 0x00007fffb3421000 	C:\WINDOWS\System32\ucrtbase.dll
0x00007fffa0490000 - 0x00007fffa04a7000 	C:\Program Files\JetBrains\IntelliJ IDEA 2023.2\jbr\bin\jli.dll
0x00007fffab110000 - 0x00007fffab12b000 	C:\Program Files\JetBrains\IntelliJ IDEA 2023.2\jbr\bin\VCRUNTIME140.dll
0x00007fffb5af0000 - 0x00007fffb5c9f000 	C:\WINDOWS\System32\USER32.dll
0x00007fffb31c0000 - 0x00007fffb31e6000 	C:\WINDOWS\System32\win32u.dll
0x00007fffb3ef0000 - 0x00007fffb3f19000 	C:\WINDOWS\System32\GDI32.dll
0x00007fffb31f0000 - 0x00007fffb3308000 	C:\WINDOWS\System32\gdi32full.dll
0x00007fffb3430000 - 0x00007fffb34ca000 	C:\WINDOWS\System32\msvcp_win.dll
0x00007fffa28c0000 - 0x00007fffa2b53000 	C:\WINDOWS\WinSxS\amd64_microsoft.windows.common-controls_6595b64144ccf1df_6.0.22621.3672_none_2713b9d173822955\COMCTL32.dll
0x00007fffb5970000 - 0x00007fffb5a17000 	C:\WINDOWS\System32\msvcrt.dll
0x00007fffb3f20000 - 0x00007fffb3f51000 	C:\WINDOWS\System32\IMM32.DLL
0x00007fffaece0000 - 0x00007fffaecec000 	C:\Program Files\JetBrains\IntelliJ IDEA 2023.2\jbr\bin\vcruntime140_1.dll
0x00007fff852d0000 - 0x00007fff8535d000 	C:\Program Files\JetBrains\IntelliJ IDEA 2023.2\jbr\bin\msvcp140.dll
0x00007fff6c5a0000 - 0x00007fff6d220000 	C:\Program Files\JetBrains\IntelliJ IDEA 2023.2\jbr\bin\server\jvm.dll
0x00007fffb4850000 - 0x00007fffb4902000 	C:\WINDOWS\System32\ADVAPI32.dll
0x00007fffb5a40000 - 0x00007fffb5ae8000 	C:\WINDOWS\System32\sechost.dll
0x00007fffb3550000 - 0x00007fffb3578000 	C:\WINDOWS\System32\bcrypt.dll
0x00007fffb4910000 - 0x00007fffb4a24000 	C:\WINDOWS\System32\RPCRT4.dll
0x00007fffab3e0000 - 0x00007fffab3e9000 	C:\WINDOWS\SYSTEM32\WSOCK32.dll
0x00007fffb5380000 - 0x00007fffb53f1000 	C:\WINDOWS\System32\WS2_32.dll
0x00007fffa9120000 - 0x00007fffa912a000 	C:\WINDOWS\SYSTEM32\VERSION.dll
0x00007fffac460000 - 0x00007fffac494000 	C:\WINDOWS\SYSTEM32\WINMM.dll
0x00007fffb2210000 - 0x00007fffb2228000 	C:\WINDOWS\SYSTEM32\kernel.appcore.dll
0x00007fffab1a0000 - 0x00007fffab1aa000 	C:\Program Files\JetBrains\IntelliJ IDEA 2023.2\jbr\bin\jimage.dll
0x00007fffb09c0000 - 0x00007fffb0bf2000 	C:\WINDOWS\SYSTEM32\DBGHELP.DLL
0x00007fffb3f70000 - 0x00007fffb42fe000 	C:\WINDOWS\System32\combase.dll
0x00007fffb5d00000 - 0x00007fffb5dd7000 	C:\WINDOWS\System32\OLEAUT32.dll
0x00007fff9b1a0000 - 0x00007fff9b1d2000 	C:\WINDOWS\SYSTEM32\dbgcore.DLL
0x00007fffb34d0000 - 0x00007fffb354b000 	C:\WINDOWS\System32\bcryptPrimitives.dll
0x00007fffa3a70000 - 0x00007fffa3a7e000 	C:\Program Files\JetBrains\IntelliJ IDEA 2023.2\jbr\bin\instrument.dll
0x00007fffa6230000 - 0x00007fffa6255000 	C:\Program Files\JetBrains\IntelliJ IDEA 2023.2\jbr\bin\java.dll
0x00007fffa5dc0000 - 0x00007fffa5dd8000 	C:\Program Files\JetBrains\IntelliJ IDEA 2023.2\jbr\bin\zip.dll
0x00007fffb4b00000 - 0x00007fffb5369000 	C:\WINDOWS\System32\SHELL32.dll
0x00007fffb1130000 - 0x00007fffb1a2f000 	C:\WINDOWS\SYSTEM32\windows.storage.dll
0x00007fffb0ff0000 - 0x00007fffb112f000 	C:\WINDOWS\SYSTEM32\wintypes.dll
0x00007fffb55b0000 - 0x00007fffb56a9000 	C:\WINDOWS\System32\SHCORE.dll
0x00007fffb5ca0000 - 0x00007fffb5cfe000 	C:\WINDOWS\System32\shlwapi.dll
0x00007fffb30f0000 - 0x00007fffb3117000 	C:\WINDOWS\SYSTEM32\profapi.dll
0x00007fffa5830000 - 0x00007fffa5849000 	C:\Program Files\JetBrains\IntelliJ IDEA 2023.2\jbr\bin\net.dll
0x00007fffaba20000 - 0x00007fffabb56000 	C:\WINDOWS\SYSTEM32\WINHTTP.dll
0x00007fffb2680000 - 0x00007fffb26e9000 	C:\WINDOWS\system32\mswsock.dll
0x00007fffa3700000 - 0x00007fffa3716000 	C:\Program Files\JetBrains\IntelliJ IDEA 2023.2\jbr\bin\nio.dll
0x00007fffae070000 - 0x00007fffae08a000 	C:\Program Files\JetBrains\IntelliJ IDEA 2023.2\bin\breakgen64.dll
0x00007fffb1d00000 - 0x00007fffb1e02000 	C:\WINDOWS\SYSTEM32\DNSAPI.dll
0x00007fffb1c90000 - 0x00007fffb1cbd000 	C:\WINDOWS\SYSTEM32\IPHLPAPI.DLL
0x00007fffb5370000 - 0x00007fffb5379000 	C:\WINDOWS\System32\NSI.dll
0x00007fffa6c20000 - 0x00007fffa6c2a000 	C:\Windows\System32\rasadhlp.dll
0x00007fffaac60000 - 0x00007fffaace3000 	C:\WINDOWS\System32\fwpuclnt.dll
0x00007fffa4c50000 - 0x00007fffa4c59000 	C:\Program Files\JetBrains\IntelliJ IDEA 2023.2\jbr\bin\management.dll
0x00007fffa3e50000 - 0x00007fffa3e5b000 	C:\Program Files\JetBrains\IntelliJ IDEA 2023.2\jbr\bin\management_ext.dll
0x00007fffb4300000 - 0x00007fffb4308000 	C:\WINDOWS\System32\PSAPI.DLL
0x00007fffb28d0000 - 0x00007fffb28eb000 	C:\WINDOWS\SYSTEM32\CRYPTSP.dll
0x00007fffb2170000 - 0x00007fffb21a5000 	C:\WINDOWS\system32\rsaenh.dll
0x00007fffb2770000 - 0x00007fffb2798000 	C:\WINDOWS\SYSTEM32\USERENV.dll
0x00007fffb28f0000 - 0x00007fffb28fc000 	C:\WINDOWS\SYSTEM32\CRYPTBASE.dll
0x00007fffabe60000 - 0x00007fffabe79000 	C:\WINDOWS\SYSTEM32\dhcpcsvc6.DLL
0x00007fffab8e0000 - 0x00007fffab8ff000 	C:\WINDOWS\SYSTEM32\dhcpcsvc.DLL
0x00007fff984b0000 - 0x00007fff984c7000 	C:\WINDOWS\system32\napinsp.dll
0x00007fff9c4b0000 - 0x00007fff9c4cb000 	C:\WINDOWS\system32\pnrpnsp.dll
0x00007fff9c490000 - 0x00007fff9c4a1000 	C:\WINDOWS\System32\winrnr.dll
0x00007fffab610000 - 0x00007fffab625000 	C:\WINDOWS\system32\wshbth.dll
0x00007fff9c460000 - 0x00007fff9c487000 	C:\WINDOWS\system32\nlansp_c.dll
0x00007fffa58e0000 - 0x00007fffa58ee000 	C:\Program Files\JetBrains\IntelliJ IDEA 2023.2\jbr\bin\sunmscapi.dll
0x00007fffb39b0000 - 0x00007fffb3b16000 	C:\WINDOWS\System32\CRYPT32.dll
0x00007fffb2a70000 - 0x00007fffb2a9d000 	C:\WINDOWS\SYSTEM32\ncrypt.dll
0x00007fffb2a30000 - 0x00007fffb2a67000 	C:\WINDOWS\SYSTEM32\NTASN1.dll
0x00007fffa95b0000 - 0x00007fffa95c0000 	C:\Program Files\JetBrains\IntelliJ IDEA 2023.2\jbr\bin\verify.dll
0x00007fffa4d50000 - 0x00007fffa4d58000 	C:\WINDOWS\system32\wshunix.dll

dbghelp: loaded successfully - version: 4.0.5 - missing functions: none
symbol engine: initialized successfully - sym options: 0x614 - pdb path: .;C:\Program Files\JetBrains\IntelliJ IDEA 2023.2\jbr\bin;C:\WINDOWS\SYSTEM32;C:\WINDOWS\WinSxS\amd64_microsoft.windows.common-controls_6595b64144ccf1df_6.0.22621.3672_none_2713b9d173822955;C:\Program Files\JetBrains\IntelliJ IDEA 2023.2\jbr\bin\server;C:\Program Files\JetBrains\IntelliJ IDEA 2023.2\bin

VM Arguments:
jvm_args: -XX:TieredStopAtLevel=1 -Dspring.output.ansi.enabled=always -Dcom.sun.management.jmxremote -Dspring.jmx.enabled=true -Dspring.liveBeansView.mbeanDomain -Dspring.application.admin.enabled=true -Dmanagement.endpoints.jmx.exposure.include=* -javaagent:C:\Program Files\JetBrains\IntelliJ IDEA 2023.2\lib\idea_rt.jar=58288:C:\Program Files\JetBrains\IntelliJ IDEA 2023.2\bin -Dfile.encoding=UTF-8 
java_command: com.example.projectc1023i1.ProjectC1023I1Application
java_class_path (initial): D:\CodeGym\module6_C10\C1023L1-BE\C1023L1-BE\project-C1023I1\build\classes\java\main;D:\CodeGym\module6_C10\C1023L1-BE\C1023L1-BE\project-C1023I1\build\resources\main;C:\Users\TUONG VY\.gradle\caches\modules-2\files-2.1\org.springframework.boot\spring-boot-starter-data-jpa\3.3.4\60df2a5bea8752fb215f3c8e1dffeb3554773a49\spring-boot-starter-data-jpa-3.3.4.jar;C:\Users\TUONG VY\.gradle\caches\modules-2\files-2.1\org.springframework.boot\spring-boot-starter-validation\3.3.4\cd5e06f484dc2825a8d9704a2093a72587af2b58\spring-boot-starter-validation-3.3.4.jar;C:\Users\TUONG VY\.gradle\caches\modules-2\files-2.1\org.springframework.boot\spring-boot-starter-websocket\3.3.4\5e385d15dd9c58c30d39f37b0b71219744413d9a\spring-boot-starter-websocket-3.3.4.jar;C:\Users\TUONG VY\.gradle\caches\modules-2\files-2.1\org.springframework.boot\spring-boot-starter-web\3.3.4\b43a9fd107611337777b47dc7518e2aca59e58eb\spring-boot-starter-web-3.3.4.jar;C:\Users\TUONG VY\.gradle\caches\modules-2\files-2.1\org.projectlombok\lombok\1.18.34\ec547ef414ab1d2c040118fb9c1c265ada63af14\lombok-1.18.34.jar;C:\Users\TUONG VY\.gradle\caches\modules-2\files-2.1\org.springframework.boot\spring-boot-starter-thymeleaf\3.3.4\29c4b1acf955b350bf7d8fd201798d30647fb89e\spring-boot-starter-thymeleaf-3.3.4.jar;C:\Users\TUONG VY\.gradle\caches\modules-2\files-2.1\io.jsonwebtoken\jjwt-impl\0.11.3\ce06902a3d56a644cf881542162cae0d96cb8624\jjwt-impl-0.11.3.jar;C:\Users\TUONG VY\.gradle\caches\modules-2\files-2.1\io.jsonwebtoken\jjwt-jackson\0.11.3\20ebede7df844dab693b2bf01006602ab7d584ec\jjwt-jackson-0.11.3.jar;C:\Users\TUONG VY\.gradle\caches\modules-2\files-2.1\io.jsonwebtoken\jjwt-api\0.11.3\7bbfa09a1a18cc8be259085becf6c4b69e27c7e8\jjwt-api-0.11.3.jar;C:\Users\TUONG VY\.gradle\caches\modules-2\files-2.1\org.modelmapper\modelmapper\3.1.1\6636e94590e9d98e5e7db7e4fafcc15e9390e18d\modelmapper-3.1.1.jar;C:\Users\TUONG VY\.gradle\caches\modules-2\files-2.1\org.springframework.boot\spring-boot-starter
Launcher Type: SUN_STANDARD

[Global flags]
     intx CICompilerCount                          = 3                                         {product} {ergonomic}
     uint ConcGCThreads                            = 1                                         {product} {ergonomic}
     uint G1ConcRefinementThreads                  = 4                                         {product} {ergonomic}
   size_t G1HeapRegionSize                         = 1048576                                   {product} {ergonomic}
    uintx GCDrainStackTargetSize                   = 64                                        {product} {ergonomic}
   size_t InitialHeapSize                          = 58720256                                  {product} {ergonomic}
     bool ManagementServer                         = true                                      {product} {command line}
   size_t MarkStackSize                            = 4194304                                   {product} {ergonomic}
   size_t MaxHeapSize                              = 926941184                                 {product} {ergonomic}
   size_t MaxNewSize                               = 555745280                                 {product} {ergonomic}
   size_t MinHeapDeltaBytes                        = 1048576                                   {product} {ergonomic}
   size_t MinHeapSize                              = 8388608                                   {product} {ergonomic}
    uintx NonProfiledCodeHeapSize                  = 0                                      {pd product} {ergonomic}
     bool ProfileInterpreter                       = false                                  {pd product} {command line}
    uintx ProfiledCodeHeapSize                     = 0                                      {pd product} {ergonomic}
   size_t SoftMaxHeapSize                          = 926941184                              {manageable} {ergonomic}
     intx TieredStopAtLevel                        = 1                                         {product} {command line}
     bool UseCompressedClassPointers               = true                           {product lp64_product} {ergonomic}
     bool UseCompressedOops                        = true                           {product lp64_product} {ergonomic}
     bool UseG1GC                                  = true                                      {product} {ergonomic}
     bool UseLargePagesIndividualAllocation        = false                                  {pd product} {ergonomic}

Logging:
Log output configuration:
 #0: stdout all=warning uptime,level,tags
 #1: stderr all=off uptime,level,tags

Environment Variables:
PATH=C:\Python312\Scripts\;C:\Python312\;C:\Program Files\Common Files\Oracle\Java\javapath;C:\Program Files (x86)\Common Files\Oracle\Java\javapath;C:\WINDOWS\system32;C:\WINDOWS;C:\WINDOWS\System32\Wbem;C:\WINDOWS\System32\WindowsPowerShell\v1.0\;C:\WINDOWS\System32\OpenSSH\;C:\Program Files\Git\cmd;C:\Program Files\Microsoft SQL Server\150\Tools\Binn\;C:\Program Files\Microsoft SQL Server\Client SDK\ODBC\170\Tools\Binn\;C:\Program Files\dotnet\;C:\Program Files (x86)\Windows Kits\10\Windows Performance Toolkit\;C:\Program Files\nodejs\;C:\ProgramData\chocolatey\bin;C:\Users\TUONG VY\AppData\Local\Microsoft\WindowsApps;C:\Program Files\JetBrains\IntelliJ IDEA 2023.2\bin;;D:\Microsoft VS Code\bin;D:\flutter_windows_3.19.5-stable\flutter\bin;C:\Users\TUONG VY\.dotnet\tools;C:\Users\TUONG VY\AppData\Roaming\npm
USERNAME=TUONG VY
OS=Windows_NT
PROCESSOR_IDENTIFIER=AMD64 Family 23 Model 24 Stepping 1, AuthenticAMD
TMP=C:\Users\TUONGV~1\AppData\Local\Temp
TEMP=C:\Users\TUONGV~1\AppData\Local\Temp


JNI global refs:
JNI global refs: 16, weak refs: 0

JNI global refs memory usage: 843, weak refs: 841

OOME stack traces (most recent first):
Classloader memory used:
Loader jdk.internal.loader.ClassLoaders$AppClassLoader                                 : 8710K
Loader bootstrap                                                                       : 2427K
Loader org.springframework.boot.devtools.restart.classloader.RestartClassLoader        : 455K
Loader jdk.internal.loader.ClassLoaders$PlatformClassLoader                            : 74061B
Loader jdk.internal.reflect.DelegatingClassLoader                                      : 54654B
Loader org.springframework.boot.web.embedded.tomcat.TomcatEmbeddedWebappClassLoader    : 2464B
Loader sun.reflect.misc.MethodUtil                                                     : 373B
Loader net.bytebuddy.utility.dispatcher.JavaDispatcher$DynamicClassLoader              : 231B

Classes loaded by more than one classloader:
Class com.example.projectc1023i1.ProjectC1023I1Application                            : loaded 5 times (x 69B)
Class com.example.projectc1023i1.config.ModelMapperConfig$$SpringCGLIB$$0             : loaded 4 times (x 76B)
Class com.example.projectc1023i1.model.Users                                          : loaded 4 times (x 116B)
Class com.example.projectc1023i1.config.WebConfig$$SpringCGLIB$$0                     : loaded 4 times (x 114B)
Class com.example.projectc1023i1.config.SercurityConfig$$SpringCGLIB$$FastClass$$0    : loaded 4 times (x 85B)
Class com.example.projectc1023i1.config.SercurityConfig$$SpringCGLIB$$FastClass$$1    : loaded 4 times (x 85B)
Class com.example.projectc1023i1.service.product.impl.FeedbackService                 : loaded 4 times (x 80B)
Class com.example.projectc1023i1.config.WebConfig                                     : loaded 4 times (x 108B)
Class com.example.projectc1023i1.config.WebSercurityConfig                            : loaded 4 times (x 72B)
Class com.example.projectc1023i1.ProjectC1023I1Application$$SpringCGLIB$$0            : loaded 4 times (x 75B)
Class com.example.projectc1023i1.config.WebSercurityConfig$$SpringCGLIB$$0            : loaded 4 times (x 78B)
Class com.example.projectc1023i1.service.user.impl.UserService                        : loaded 4 times (x 106B)
Class com.example.projectc1023i1.component.JwtTokenUtils                              : loaded 4 times (x 76B)
Class com.example.projectc1023i1.service.product.impl.CategoryService                 : loaded 4 times (x 80B)
Class com.example.projectc1023i1.model.Roles                                          : loaded 4 times (x 74B)
Class com.example.projectc1023i1.config.SercurityConfig                               : loaded 4 times (x 74B)
Class com.example.projectc1023i1.controller.product.OrderDetailsController            : loaded 4 times (x 86B)
Class com.example.projectc1023i1.repository.product.ICategoryRepository               : loaded 4 times (x 68B)
Class com.example.projectc1023i1.service.product.IProductService                      : loaded 4 times (x 68B)
Class com.example.projectc1023i1.config.ModelMapperConfig                             : loaded 4 times (x 70B)
Class com.example.projectc1023i1.model.Roles$RolesBuilder                             : loaded 4 times (x 73B)
Class com.example.projectc1023i1.model.product.Product                                : loaded 4 times (x 88B)
Class com.example.projectc1023i1.config.SercurityConfig$$SpringCGLIB$$0               : loaded 4 times (x 80B)
Class com.example.projectc1023i1.controller.product.CategoryController                : loaded 4 times (x 75B)
Class com.example.projectc1023i1.config.WebsocketConfig$$SpringCGLIB$$0               : loaded 4 times (x 81B)
Class com.example.projectc1023i1.config.WebConfig$$SpringCGLIB$$FastClass$$0          : loaded 4 times (x 85B)
Class com.example.projectc1023i1.config.WebConfig$$SpringCGLIB$$FastClass$$1          : loaded 4 times (x 85B)
Class com.example.projectc1023i1.config.WebSercurityConfig$$SpringCGLIB$$FastClass$$1 : loaded 4 times (x 85B)
Class com.example.projectc1023i1.config.WebSercurityConfig$$SpringCGLIB$$FastClass$$0 : loaded 4 times (x 85B)
Class com.example.projectc1023i1.repository.IRoleRepo                                 : loaded 4 times (x 68B)
Class com.example.projectc1023i1.model.SendCode                                       : loaded 4 times (x 78B)
Class com.example.projectc1023i1.repository.product.IProductRepository                : loaded 4 times (x 68B)
Class com.example.projectc1023i1.controller.LoginController                           : loaded 4 times (x 79B)
Class com.example.projectc1023i1.model.product.Feedback                               : loaded 4 times (x 86B)
Class com.example.projectc1023i1.model.Users$UsersBuilder                             : loaded 4 times (x 86B)
Class com.example.projectc1023i1.model.product.OrderDetails                           : loaded 4 times (x 96B)
Class com.example.projectc1023i1.repository.IUserRepository                           : loaded 4 times (x 68B)
Class com.example.projectc1023i1.config.NotificationWebSocketHandler                  : loaded 4 times (x 87B)
Class com.example.projectc1023i1.service.product.OrderDetailsService                  : loaded 4 times (x 68B)
Class com.example.projectc1023i1.repository.product.FeedbackRepository                : loaded 4 times (x 68B)
Class com.example.projectc1023i1.service.product.IFeedbackService                     : loaded 4 times (x 68B)
Class com.example.projectc1023i1.config.WebsocketConfig$$SpringCGLIB$$FastClass$$0    : loaded 4 times (x 85B)
Class com.example.projectc1023i1.config.WebsocketConfig$$SpringCGLIB$$FastClass$$1    : loaded 4 times (x 85B)
Class com.example.projectc1023i1.service.product.ICategoryService                     : loaded 4 times (x 68B)
Class com.example.projectc1023i1.service.product.impl.OrderDetailsServiceImpl         : loaded 4 times (x 82B)
Class com.example.projectc1023i1.filter.JwtTokenFilter                                : loaded 4 times (x 114B)
Class com.example.projectc1023i1.controller.product.UserController                    : loaded 4 times (x 78B)
Class com.example.projectc1023i1.model.product.CallOrderRequest                       : loaded 4 times (x 77B)
Class com.example.projectc1023i1.service.product.impl.TableServiceImpl                : loaded 4 times (x 80B)
Class com.example.projectc1023i1.model.product.CallServiceRequest                     : loaded 4 times (x 77B)
Class com.example.projectc1023i1.controller.product.FeedbackController                : loaded 4 times (x 74B)
Class com.example.projectc1023i1.config.WebsocketConfig                               : loaded 4 times (x 75B)
Class com.example.projectc1023i1.service.product.TableService                         : loaded 4 times (x 68B)
Class com.example.projectc1023i1.repository.product.OrderDetailsRepository            : loaded 4 times (x 68B)
Class com.example.projectc1023i1.service.user.ISendCodeService                        : loaded 4 times (x 68B)
Class com.example.projectc1023i1.repository.ISendCodeRepo                             : loaded 4 times (x 68B)
Class com.example.projectc1023i1.service.user.IUserService                            : loaded 4 times (x 68B)
Class com.example.projectc1023i1.service.user.impl.SendCodeService                    : loaded 4 times (x 78B)
Class com.example.projectc1023i1.model.product.Category                               : loaded 4 times (x 80B)
Class com.example.projectc1023i1.service.user.impl.EmailSenderService                 : loaded 4 times (x 72B)
Class com.example.projectc1023i1.repository.product.TableRepository                   : loaded 4 times (x 68B)
Class com.example.projectc1023i1.model.product.Order                                  : loaded 4 times (x 87B)
Class com.example.projectc1023i1.controller.product.ProductController                 : loaded 4 times (x 78B)
Class com.example.projectc1023i1.service.product.impl.ProductService                  : loaded 4 times (x 92B)
Class com.example.projectc1023i1.config.ModelMapperConfig$$SpringCGLIB$$FastClass$$0  : loaded 4 times (x 85B)
Class com.example.projectc1023i1.config.ModelMapperConfig$$SpringCGLIB$$FastClass$$1  : loaded 4 times (x 85B)
Class com.example.projectc1023i1.model.product.Table                                  : loaded 4 times (x 83B)
Class com.example.projectc1023i1.service.product.impl.IncomeService                   : loaded 3 times (x 75B)
Class com.example.projectc1023i1.service.product.impl.OrderService                    : loaded 3 times (x 73B)
Class com.example.projectc1023i1.repository.product.OrderRepository                   : loaded 3 times (x 68B)
Class com.example.projectc1023i1.Dto.UserLoginDTO                                     : loaded 3 times (x 82B)
Class com.example.projectc1023i1.Dto.UserDTO                                          : loaded 3 times (x 100B)
Class com.example.projectc1023i1.config.WebSercurityConfig$1                          : loaded 3 times (x 75B)
Class com.example.projectc1023i1.Dto.product.ProductDto                               : loaded 3 times (x 94B)
Class com.example.projectc1023i1.Dto.bill.OrderDTO                                    : loaded 3 times (x 86B)
Class com.example.projectc1023i1.Dto.SendCodeDTO                                      : loaded 3 times (x 74B)
Class com.example.projectc1023i1.Dto.product.FeedbackDto                              : loaded 3 times (x 80B)
Class com.example.projectc1023i1.Dto.product.CategoryDto                              : loaded 3 times (x 84B)
Class com.example.projectc1023i1.Dto.income.IncomeDTO                                 : loaded 3 times (x 74B)
Class com.example.projectc1023i1.config.WebConfig$1                                   : loaded 3 times (x 108B)


---------------  S Y S T E M  ---------------

OS:
 Windows 11 , 64 bit Build 22621 (10.0.22621.3958)
OS uptime: 13 days 1:14 hours

CPU: total 4 (initial active 4) (4 cores per cpu, 2 threads per core) family 23 model 24 stepping 1 microcode 0x0, cx8, cmov, fxsr, ht, mmx, 3dnowpref, sse, sse2, sse3, ssse3, sse4a, sse4.1, sse4.2, popcnt, lzcnt, tsc, tscinvbit, avx, avx2, aes, clmul, bmi1, bmi2, adx, sha, fma, vzeroupper, clflush, clflushopt

Memory: 4k page, system-wide physical 3534M (12M free)
TotalPageFile size 14286M (AvailPageFile size 6M)
current process WorkingSet (physical memory assigned to process): 120M, peak: 260M
current process commit charge ("private bytes"): 320M, peak: 426M

vm_info: OpenJDK 64-Bit Server VM (17.0.7+7-b1000.6) for windows-amd64 JRE (17.0.7+7-b1000.6), built on 2023-07-07 by "builduser" with MS VC++ 16.10 / 16.11 (VS2019)

END.
