#
# There is insufficient memory for the Java Runtime Environment to continue.
# Native memory allocation (malloc) failed to allocate 822496 bytes for Chunk::new
# Possible reasons:
#   The system is out of physical RAM or swap space
#   The process is running with CompressedOops enabled, and the Java Heap may be blocking the growth of the native heap
# Possible solutions:
#   Reduce memory load on the system
#   Increase physical memory or swap space
#   Check if swap backing store is full
#   Decrease Java heap size (-Xmx/-Xms)
#   Decrease number of Java threads
#   Decrease Java thread stack sizes (-Xss)
#   Set larger code cache with -XX:ReservedCodeCacheSize=
#   JVM is running with Unscaled Compressed Oops mode in which the Java heap is
#     placed in the first 4GB address space. The Java Heap base address is the
#     maximum limit for the native heap growth. Please use -XX:HeapBaseMinAddress
#     to set the Java Heap base and to place the Java Heap above 4GB virtual address.
# This output file may be truncated or incomplete.
#
#  Out of Memory Error (arena.cpp:189), pid=12116, tid=12776
#
# JRE version: OpenJDK Runtime Environment JBR-17.0.7+7-1000.6-jcef (17.0.7+7) (build 17.0.7+7-b1000.6)
# Java VM: OpenJDK 64-Bit Server VM JBR-17.0.7+7-1000.6-jcef (17.0.7+7-b1000.6, mixed mode, tiered, compressed oops, compressed class ptrs, g1 gc, windows-amd64)
# No core dump will be written. Minidumps are not enabled by default on client versions of Windows
#

---------------  S U M M A R Y ------------

Command Line: --add-opens=java.base/java.util=ALL-UNNAMED --add-opens=java.base/java.lang=ALL-UNNAMED --add-opens=java.base/java.lang.invoke=ALL-UNNAMED --add-opens=java.prefs/java.util.prefs=ALL-UNNAMED --add-exports=jdk.compiler/com.sun.tools.javac.api=ALL-UNNAMED --add-exports=jdk.compiler/com.sun.tools.javac.util=ALL-UNNAMED --add-opens=java.base/java.nio.charset=ALL-UNNAMED --add-opens=java.base/java.net=ALL-UNNAMED --add-opens=java.base/java.util.concurrent.atomic=ALL-UNNAMED -XX:MaxMetaspaceSize=384m -XX:+HeapDumpOnOutOfMemoryError -Xms256m -Xmx512m -Dfile.encoding=windows-1252 -Duser.country=US -Duser.language=en -Duser.variant -javaagent:C:\Users\TUONG VY\.gradle\wrapper\dists\gradle-8.10.2-bin\a04bxjujx95o3nb99gddekhwo\gradle-8.10.2\lib\agents\gradle-instrumentation-agent-8.10.2.jar org.gradle.launcher.daemon.bootstrap.GradleDaemon 8.10.2

Host: AMD Ryzen 3 3250U with Radeon Graphics         , 4 cores, 3G,  Windows 11 , 64 bit Build 22621 (10.0.22621.3958)
Time: Sun Oct 27 22:40:42 2024 SE Asia Standard Time elapsed time: 114.455272 seconds (0d 0h 1m 54s)

---------------  T H R E A D  ---------------

Current thread (0x00000242646e5030):  JavaThread "C2 CompilerThread0" daemon [_thread_in_native, id=12776, stack(0x0000006b7a900000,0x0000006b7aa00000)]


Current CompileTask:
C2: 114455 11244       4       com.sun.tools.javac.code.Symtab::lookupPackage (259 bytes)

Stack: [0x0000006b7a900000,0x0000006b7aa00000]
Native frames: (J=compiled Java code, j=interpreted, Vv=VM code, C=native code)
V  [jvm.dll+0x683bfa]
V  [jvm.dll+0x8430a4]
V  [jvm.dll+0x8449be]
V  [jvm.dll+0x845023]
V  [jvm.dll+0x24ad2f]
V  [jvm.dll+0xac25c]
V  [jvm.dll+0xac82c]
V  [jvm.dll+0x2b218f]
V  [jvm.dll+0x58c2f7]
V  [jvm.dll+0x225a12]
V  [jvm.dll+0x21ec49]
V  [jvm.dll+0x21c56b]
V  [jvm.dll+0x1a605d]
V  [jvm.dll+0x22c148]
V  [jvm.dll+0x22a209]
V  [jvm.dll+0x7f858c]
V  [jvm.dll+0x7f2aea]
V  [jvm.dll+0x682a35]
C  [ucrtbase.dll+0x29333]
C  [KERNEL32.DLL+0x1257d]
C  [ntdll.dll+0x5af08]


---------------  P R O C E S S  ---------------

Threads class SMR info:
_java_thread_list=0x000002426be58620, length=94, elements={
0x000002424e5b7630, 0x0000024264539fc0, 0x0000024264544590, 0x00000242646e0430,
0x00000242646e0fe0, 0x00000242646e39a0, 0x00000242646e4350, 0x00000242646e5030,
0x00000242646e5ad0, 0x000002426473ffe0, 0x00000242644dca00, 0x0000024264954db0,
0x0000024269e4da20, 0x000002426a6256d0, 0x000002426a973780, 0x000002426a6231f0,
0x000002426a8ae390, 0x0000024269e0f930, 0x0000024264a59ee0, 0x0000024269343e90,
0x00000242693451d0, 0x0000024269344360, 0x00000242693434f0, 0x00000242693456a0,
0x0000024269345b70, 0x0000024269346040, 0x0000024269342b50, 0x00000242693439c0,
0x0000024269344830, 0x0000024269344d00, 0x000002426c644580, 0x000002426c640bc0,
0x000002426c641f00, 0x000002426c6453f0, 0x000002426c641a30, 0x000002426c6440b0,
0x000002426c644f20, 0x000002426c6423d0, 0x000002426c643be0, 0x000002426c63ea10,
0x000002426c640220, 0x000002426c63e070, 0x000002426c63f3b0, 0x000002426c6406f0,
0x000002426c63f880, 0x000002426c63fd50, 0x000002426c6428a0, 0x000002426c63e540,
0x000002426c641090, 0x000002426c641560, 0x000002426af47790, 0x000002426af46df0,
0x000002426af472c0, 0x000002426af46450, 0x000002426af47c60, 0x000002426af45f80,
0x000002426af48130, 0x000002426af48600, 0x000002426af45ab0, 0x000002426af48ad0,
0x000002426af455e0, 0x000002426af48fa0, 0x000002426af46920, 0x000002426c7f2fc0,
0x000002426c7f5170, 0x000002426c7f3960, 0x000002426c7f3e30, 0x000002426c7f47d0,
0x000002426c7fa810, 0x000002426c7f6980, 0x000002426c7f99a0, 0x000002426c7f64b0,
0x000002426c7f8660, 0x000002426c7f9e70, 0x000002426c7f4300, 0x000002426c7fa340,
0x000002426c7f4ca0, 0x000002426c7f5640, 0x000002426c7f5fe0, 0x000002426c7f5b10,
0x000002426c7f3490, 0x000002426c7f7320, 0x000002426c7f8b30, 0x000002426c7f77f0,
0x000002426c7f7cc0, 0x000002426c7f94d0, 0x000002426c18a970, 0x000002426c189630,
0x000002426c18fb40, 0x000002426c189b00, 0x000002426c18bcb0, 0x000002426c190010,
0x000002426c18c180, 0x000002426c18ecd0
}

Java Threads: ( => current thread )
  0x000002424e5b7630 JavaThread "main" [_thread_blocked, id=23884, stack(0x0000006b79c00000,0x0000006b79d00000)]
  0x0000024264539fc0 JavaThread "Reference Handler" daemon [_thread_blocked, id=17604, stack(0x0000006b7a300000,0x0000006b7a400000)]
  0x0000024264544590 JavaThread "Finalizer" daemon [_thread_blocked, id=15380, stack(0x0000006b7a400000,0x0000006b7a500000)]
  0x00000242646e0430 JavaThread "Signal Dispatcher" daemon [_thread_blocked, id=15860, stack(0x0000006b7a500000,0x0000006b7a600000)]
  0x00000242646e0fe0 JavaThread "Attach Listener" daemon [_thread_blocked, id=9488, stack(0x0000006b7a600000,0x0000006b7a700000)]
  0x00000242646e39a0 JavaThread "Service Thread" daemon [_thread_blocked, id=4344, stack(0x0000006b7a700000,0x0000006b7a800000)]
  0x00000242646e4350 JavaThread "Monitor Deflation Thread" daemon [_thread_blocked, id=19596, stack(0x0000006b7a800000,0x0000006b7a900000)]
=>0x00000242646e5030 JavaThread "C2 CompilerThread0" daemon [_thread_in_native, id=12776, stack(0x0000006b7a900000,0x0000006b7aa00000)]
  0x00000242646e5ad0 JavaThread "C1 CompilerThread0" daemon [_thread_blocked, id=16064, stack(0x0000006b7aa00000,0x0000006b7ab00000)]
  0x000002426473ffe0 JavaThread "Sweeper thread" daemon [_thread_blocked, id=18136, stack(0x0000006b7ab00000,0x0000006b7ac00000)]
  0x00000242644dca00 JavaThread "Common-Cleaner" daemon [_thread_blocked, id=18516, stack(0x0000006b7ac00000,0x0000006b7ad00000)]
  0x0000024264954db0 JavaThread "Notification Thread" daemon [_thread_blocked, id=3772, stack(0x0000006b7ad00000,0x0000006b7ae00000)]
  0x0000024269e4da20 JavaThread "Daemon health stats" [_thread_blocked, id=18068, stack(0x0000006b7b200000,0x0000006b7b300000)]
  0x000002426a6256d0 JavaThread "Incoming local TCP Connector on port 52111" [_thread_in_native, id=23436, stack(0x0000006b7b300000,0x0000006b7b400000)]
  0x000002426a973780 JavaThread "Daemon periodic checks" [_thread_blocked, id=19696, stack(0x0000006b7b400000,0x0000006b7b500000)]
  0x000002426a6231f0 JavaThread "Daemon" [_thread_blocked, id=15844, stack(0x0000006b7b500000,0x0000006b7b600000)]
  0x000002426a8ae390 JavaThread "Handler for socket connection from /127.0.0.1:52111 to /127.0.0.1:52115" [_thread_in_native, id=3728, stack(0x0000006b7b600000,0x0000006b7b700000)]
  0x0000024269e0f930 JavaThread "Cancel handler" [_thread_blocked, id=8992, stack(0x0000006b7b700000,0x0000006b7b800000)]
  0x0000024264a59ee0 JavaThread "Daemon worker" [_thread_blocked, id=14852, stack(0x0000006b7b800000,0x0000006b7b900000)]
  0x0000024269343e90 JavaThread "Asynchronous log dispatcher for DefaultDaemonConnection: socket connection from /127.0.0.1:52111 to /127.0.0.1:52115" [_thread_blocked, id=4712, stack(0x0000006b7b900000,0x0000006b7ba00000)]
  0x00000242693451d0 JavaThread "Stdin handler" [_thread_blocked, id=8952, stack(0x0000006b7ba00000,0x0000006b7bb00000)]
  0x0000024269344360 JavaThread "Daemon client event forwarder" [_thread_blocked, id=24196, stack(0x0000006b7bb00000,0x0000006b7bc00000)]
  0x00000242693434f0 JavaThread "Cache worker for journal cache (C:\Users\TUONG VY\.gradle\caches\journal-1)" [_thread_blocked, id=9532, stack(0x0000006b7bc00000,0x0000006b7bd00000)]
  0x00000242693456a0 JavaThread "File lock request listener" [_thread_in_native, id=22604, stack(0x0000006b7bd00000,0x0000006b7be00000)]
  0x0000024269345b70 JavaThread "Cache worker for file hash cache (C:\Users\TUONG VY\.gradle\caches\8.10.2\fileHashes)" [_thread_blocked, id=16060, stack(0x0000006b7be00000,0x0000006b7bf00000)]
  0x0000024269346040 JavaThread "File lock release action executor" [_thread_blocked, id=9280, stack(0x0000006b7bf00000,0x0000006b7c000000)]
  0x0000024269342b50 JavaThread "Cache worker for file hash cache (D:\CodeGym\module6_C10\C1023L1-BE\C1023L1-BE\project-C1023I1\.gradle\8.10.2\fileHashes)" [_thread_blocked, id=7260, stack(0x0000006b7c000000,0x0000006b7c100000)]
  0x00000242693439c0 JavaThread "Cache worker for Build Output Cleanup Cache (D:\CodeGym\module6_C10\C1023L1-BE\C1023L1-BE\project-C1023I1\.gradle\buildOutputCleanup)" [_thread_blocked, id=23080, stack(0x0000006b7c100000,0x0000006b7c200000)]
  0x0000024269344830 JavaThread "File watcher server" daemon [_thread_in_native, id=19996, stack(0x0000006b7c200000,0x0000006b7c300000)]
  0x0000024269344d00 JavaThread "File watcher consumer" daemon [_thread_blocked, id=18464, stack(0x0000006b7c300000,0x0000006b7c400000)]
  0x000002426c644580 JavaThread "Cache worker for checksums cache (D:\CodeGym\module6_C10\C1023L1-BE\C1023L1-BE\project-C1023I1\.gradle\8.10.2\checksums)" [_thread_blocked, id=21284, stack(0x0000006b7c400000,0x0000006b7c500000)]
  0x000002426c640bc0 JavaThread "Cache worker for file content cache (C:\Users\TUONG VY\.gradle\caches\8.10.2\fileContent)" [_thread_blocked, id=23572, stack(0x0000006b7c500000,0x0000006b7c600000)]
  0x000002426c641f00 JavaThread "Cache worker for cache directory md-rule (C:\Users\TUONG VY\.gradle\caches\8.10.2\md-rule)" [_thread_blocked, id=20624, stack(0x0000006b7c600000,0x0000006b7c700000)]
  0x000002426c6453f0 JavaThread "Cache worker for cache directory md-supplier (C:\Users\TUONG VY\.gradle\caches\8.10.2\md-supplier)" [_thread_blocked, id=17376, stack(0x0000006b7c700000,0x0000006b7c800000)]
  0x000002426c641a30 JavaThread "jar transforms" [_thread_blocked, id=4296, stack(0x0000006b7c800000,0x0000006b7c900000)]
  0x000002426c6440b0 JavaThread "jar transforms Thread 2" [_thread_blocked, id=21856, stack(0x0000006b7c900000,0x0000006b7ca00000)]
  0x000002426c644f20 JavaThread "jar transforms Thread 3" [_thread_blocked, id=8816, stack(0x0000006b7cc00000,0x0000006b7cd00000)]
  0x000002426c6423d0 JavaThread "jar transforms Thread 4" [_thread_blocked, id=13852, stack(0x0000006b7cd00000,0x0000006b7ce00000)]
  0x000002426c643be0 JavaThread "Unconstrained build operations" [_thread_blocked, id=23196, stack(0x0000006b7cf00000,0x0000006b7d000000)]
  0x000002426c63ea10 JavaThread "Unconstrained build operations Thread 2" [_thread_blocked, id=21028, stack(0x0000006b7d000000,0x0000006b7d100000)]
  0x000002426c640220 JavaThread "Unconstrained build operations Thread 3" [_thread_blocked, id=2132, stack(0x0000006b7d100000,0x0000006b7d200000)]
  0x000002426c63e070 JavaThread "Unconstrained build operations Thread 4" [_thread_blocked, id=4984, stack(0x0000006b7d200000,0x0000006b7d300000)]
  0x000002426c63f3b0 JavaThread "Unconstrained build operations Thread 5" [_thread_blocked, id=24508, stack(0x0000006b7d300000,0x0000006b7d400000)]
  0x000002426c6406f0 JavaThread "Unconstrained build operations Thread 6" [_thread_blocked, id=20652, stack(0x0000006b7d400000,0x0000006b7d500000)]
  0x000002426c63f880 JavaThread "Unconstrained build operations Thread 7" [_thread_blocked, id=8840, stack(0x0000006b7d500000,0x0000006b7d600000)]
  0x000002426c63fd50 JavaThread "Unconstrained build operations Thread 8" [_thread_blocked, id=22580, stack(0x0000006b7d600000,0x0000006b7d700000)]
  0x000002426c6428a0 JavaThread "Unconstrained build operations Thread 9" [_thread_blocked, id=6316, stack(0x0000006b7d700000,0x0000006b7d800000)]
  0x000002426c63e540 JavaThread "Memory manager" [_thread_blocked, id=8012, stack(0x0000006b7d800000,0x0000006b7d900000)]
  0x000002426c641090 JavaThread "ForkJoinPool.commonPool-worker-1" daemon [_thread_blocked, id=11036, stack(0x0000006b79900000,0x0000006b79a00000)]
  0x000002426c641560 JavaThread "ForkJoinPool.commonPool-worker-2" daemon [_thread_blocked, id=916, stack(0x0000006b79a00000,0x0000006b79b00000)]
  0x000002426af47790 JavaThread "ForkJoinPool.commonPool-worker-3" daemon [_thread_blocked, id=15232, stack(0x0000006b79b00000,0x0000006b79c00000)]
  0x000002426af46df0 JavaThread "Exec process" daemon [_thread_blocked, id=1200, stack(0x0000006b7d900000,0x0000006b7da00000)]
  0x000002426af472c0 JavaThread "Exec process Thread 2" daemon [_thread_blocked, id=17688, stack(0x0000006b7da00000,0x0000006b7db00000)]
  0x000002426af46450 JavaThread "Exec process Thread 3" daemon [_thread_blocked, id=17832, stack(0x0000006b7db00000,0x0000006b7dc00000)]
  0x000002426af47c60 JavaThread "Unconstrained build operations Thread 10" [_thread_blocked, id=22492, stack(0x0000006b7dc00000,0x0000006b7dd00000)]
  0x000002426af45f80 JavaThread "Unconstrained build operations Thread 11" [_thread_blocked, id=8108, stack(0x0000006b7dd00000,0x0000006b7de00000)]
  0x000002426af48130 JavaThread "Unconstrained build operations Thread 12" [_thread_blocked, id=6444, stack(0x0000006b7de00000,0x0000006b7df00000)]
  0x000002426af48600 JavaThread "Unconstrained build operations Thread 13" [_thread_blocked, id=19500, stack(0x0000006b7df00000,0x0000006b7e000000)]
  0x000002426af45ab0 JavaThread "Unconstrained build operations Thread 14" [_thread_blocked, id=21604, stack(0x0000006b7e000000,0x0000006b7e100000)]
  0x000002426af48ad0 JavaThread "Unconstrained build operations Thread 15" [_thread_blocked, id=22048, stack(0x0000006b7e100000,0x0000006b7e200000)]
  0x000002426af455e0 JavaThread "Unconstrained build operations Thread 16" [_thread_blocked, id=7124, stack(0x0000006b7e200000,0x0000006b7e300000)]
  0x000002426af48fa0 JavaThread "Unconstrained build operations Thread 17" [_thread_blocked, id=13428, stack(0x0000006b7e300000,0x0000006b7e400000)]
  0x000002426af46920 JavaThread "Unconstrained build operations Thread 18" [_thread_blocked, id=21076, stack(0x0000006b7e400000,0x0000006b7e500000)]
  0x000002426c7f2fc0 JavaThread "Unconstrained build operations Thread 19" [_thread_blocked, id=9340, stack(0x0000006b7e500000,0x0000006b7e600000)]
  0x000002426c7f5170 JavaThread "Unconstrained build operations Thread 20" [_thread_blocked, id=3736, stack(0x0000006b7e600000,0x0000006b7e700000)]
  0x000002426c7f3960 JavaThread "Unconstrained build operations Thread 21" [_thread_blocked, id=10564, stack(0x0000006b7e700000,0x0000006b7e800000)]
  0x000002426c7f3e30 JavaThread "Unconstrained build operations Thread 22" [_thread_blocked, id=13328, stack(0x0000006b7e800000,0x0000006b7e900000)]
  0x000002426c7f47d0 JavaThread "Unconstrained build operations Thread 23" [_thread_blocked, id=6160, stack(0x0000006b7e900000,0x0000006b7ea00000)]
  0x000002426c7fa810 JavaThread "Unconstrained build operations Thread 24" [_thread_blocked, id=17336, stack(0x0000006b7ea00000,0x0000006b7eb00000)]
  0x000002426c7f6980 JavaThread "Unconstrained build operations Thread 25" [_thread_blocked, id=11444, stack(0x0000006b7eb00000,0x0000006b7ec00000)]
  0x000002426c7f99a0 JavaThread "Unconstrained build operations Thread 26" [_thread_blocked, id=19876, stack(0x0000006b7ec00000,0x0000006b7ed00000)]
  0x000002426c7f64b0 JavaThread "Unconstrained build operations Thread 27" [_thread_blocked, id=16780, stack(0x0000006b7ed00000,0x0000006b7ee00000)]
  0x000002426c7f8660 JavaThread "Unconstrained build operations Thread 28" [_thread_blocked, id=20132, stack(0x0000006b7ee00000,0x0000006b7ef00000)]
  0x000002426c7f9e70 JavaThread "Unconstrained build operations Thread 29" [_thread_blocked, id=2164, stack(0x0000006b7ef00000,0x0000006b7f000000)]
  0x000002426c7f4300 JavaThread "Unconstrained build operations Thread 30" [_thread_blocked, id=23180, stack(0x0000006b7f000000,0x0000006b7f100000)]
  0x000002426c7fa340 JavaThread "Unconstrained build operations Thread 31" [_thread_blocked, id=19216, stack(0x0000006b7f100000,0x0000006b7f200000)]
  0x000002426c7f4ca0 JavaThread "Unconstrained build operations Thread 32" [_thread_blocked, id=3140, stack(0x0000006b7f200000,0x0000006b7f300000)]
  0x000002426c7f5640 JavaThread "Unconstrained build operations Thread 33" [_thread_blocked, id=18004, stack(0x0000006b7f300000,0x0000006b7f400000)]
  0x000002426c7f5fe0 JavaThread "Unconstrained build operations Thread 34" [_thread_blocked, id=19688, stack(0x0000006b7f400000,0x0000006b7f500000)]
  0x000002426c7f5b10 JavaThread "Unconstrained build operations Thread 35" [_thread_blocked, id=11568, stack(0x0000006b7f500000,0x0000006b7f600000)]
  0x000002426c7f3490 JavaThread "Unconstrained build operations Thread 36" [_thread_blocked, id=24268, stack(0x0000006b7f600000,0x0000006b7f700000)]
  0x000002426c7f7320 JavaThread "Unconstrained build operations Thread 37" [_thread_blocked, id=21752, stack(0x0000006b7f700000,0x0000006b7f800000)]
  0x000002426c7f8b30 JavaThread "Unconstrained build operations Thread 38" [_thread_blocked, id=8996, stack(0x0000006b7f800000,0x0000006b7f900000)]
  0x000002426c7f77f0 JavaThread "Unconstrained build operations Thread 39" [_thread_blocked, id=23296, stack(0x0000006b7f900000,0x0000006b7fa00000)]
  0x000002426c7f7cc0 JavaThread "Unconstrained build operations Thread 40" [_thread_blocked, id=7676, stack(0x0000006b7fa00000,0x0000006b7fb00000)]
  0x000002426c7f94d0 JavaThread "included builds" [_thread_in_Java, id=14520, stack(0x0000006b7fb00000,0x0000006b7fc00000)]
  0x000002426c18a970 JavaThread "Execution worker" [_thread_blocked, id=22972, stack(0x0000006b7fc00000,0x0000006b7fd00000)]
  0x000002426c189630 JavaThread "Execution worker Thread 2" [_thread_blocked, id=16672, stack(0x0000006b7fd00000,0x0000006b7fe00000)]
  0x000002426c18fb40 JavaThread "Execution worker Thread 3" [_thread_blocked, id=20420, stack(0x0000006b7fe00000,0x0000006b7ff00000)]
  0x000002426c189b00 JavaThread "Cache worker for execution history cache (D:\CodeGym\module6_C10\C1023L1-BE\C1023L1-BE\project-C1023I1\.gradle\8.10.2\executionHistory)" [_thread_blocked, id=22184, stack(0x0000006b7ff00000,0x0000006b80000000)]
  0x000002426c18bcb0 JavaThread "Cache worker for Java compile cache (C:\Users\TUONG VY\.gradle\caches\8.10.2\javaCompile)" [_thread_blocked, id=23360, stack(0x0000006b00000000,0x0000006b00100000)]
  0x000002426c190010 JavaThread "Build operations" [_thread_blocked, id=15524, stack(0x0000006b00100000,0x0000006b00200000)]
  0x000002426c18c180 JavaThread "Build operations Thread 2" [_thread_blocked, id=19024, stack(0x0000006b00200000,0x0000006b00300000)]
  0x000002426c18ecd0 JavaThread "Build operations Thread 3" [_thread_blocked, id=10312, stack(0x0000006b00300000,0x0000006b00400000)]

Other Threads:
  0x0000024264565990 VMThread "VM Thread" [stack: 0x0000006b7a200000,0x0000006b7a300000] [id=2376]
  0x000002424e5b81e0 WatcherThread [stack: 0x0000006b7ae00000,0x0000006b7af00000] [id=22560]
  0x000002424e5e3c60 GCTaskThread "GC Thread#0" [stack: 0x0000006b79d00000,0x0000006b79e00000] [id=8528]
  0x00000242649c7360 GCTaskThread "GC Thread#1" [stack: 0x0000006b7af00000,0x0000006b7b000000] [id=4044]
  0x00000242649c7610 GCTaskThread "GC Thread#2" [stack: 0x0000006b7b000000,0x0000006b7b100000] [id=8240]
  0x0000024264a63e00 GCTaskThread "GC Thread#3" [stack: 0x0000006b7b100000,0x0000006b7b200000] [id=17448]
  0x000002424c4be220 ConcurrentGCThread "G1 Main Marker" [stack: 0x0000006b79e00000,0x0000006b79f00000] [id=18236]
  0x000002424c4bead0 ConcurrentGCThread "G1 Conc#0" [stack: 0x0000006b79f00000,0x0000006b7a000000] [id=23420]
  0x000002424e66dd60 ConcurrentGCThread "G1 Refine#0" [stack: 0x0000006b7a000000,0x0000006b7a100000] [id=8172]
  0x000002426b7969f0 ConcurrentGCThread "G1 Refine#1" [stack: 0x0000006b7ce00000,0x0000006b7cf00000] [id=17508]
  0x000002424e66e620 ConcurrentGCThread "G1 Service" [stack: 0x0000006b7a100000,0x0000006b7a200000] [id=3744]

Threads with active compile tasks:
C2 CompilerThread0   114511 11244       4       com.sun.tools.javac.code.Symtab::lookupPackage (259 bytes)

VM state: not at safepoint (normal execution)

VM Mutex/Monitor currently owned by a thread: None

Heap address: 0x00000000e0000000, size: 512 MB, Compressed Oops mode: 32-bit

CDS archive(s) not mapped
Compressed class space mapped at: 0x0000000100000000-0x0000000114000000, reserved size: 335544320
Narrow klass base: 0x0000000000000000, Narrow klass shift: 3, Narrow klass range: 0x114000000

GC Precious Log:
 CPUs: 4 total, 4 available
 Memory: 3534M
 Large Page Support: Disabled
 NUMA Support: Disabled
 Compressed Oops: Enabled (32-bit)
 Heap Region Size: 1M
 Heap Min Capacity: 256M
 Heap Initial Capacity: 256M
 Heap Max Capacity: 512M
 Pre-touch: Disabled
 Parallel Workers: 4
 Concurrent Workers: 1
 Concurrent Refinement Workers: 4
 Periodic GC: Disabled

Heap:
 garbage-first heap   total 262144K, used 177202K [0x00000000e0000000, 0x0000000100000000)
  region size 1024K, 130 young (133120K), 18 survivors (18432K)
 Metaspace       used 78147K, committed 78784K, reserved 458752K
  class space    used 10561K, committed 10880K, reserved 327680K

Heap Regions: E=young(eden), S=young(survivor), O=old, HS=humongous(starts), HC=humongous(continues), CS=collection set, F=free, OA=open archive, CA=closed archive, TAMS=top-at-mark-start (previous, next)
|   0|0x00000000e0000000, 0x00000000e0100000, 0x00000000e0100000|100%|HS|  |TAMS 0x00000000e0100000, 0x00000000e0000000| Complete 
|   1|0x00000000e0100000, 0x00000000e0200000, 0x00000000e0200000|100%|HC|  |TAMS 0x00000000e0200000, 0x00000000e0100000| Complete 
|   2|0x00000000e0200000, 0x00000000e0300000, 0x00000000e0300000|100%|HC|  |TAMS 0x00000000e0300000, 0x00000000e0200000| Complete 
|   3|0x00000000e0300000, 0x00000000e0400000, 0x00000000e0400000|100%|HC|  |TAMS 0x00000000e0400000, 0x00000000e0300000| Complete 
|   4|0x00000000e0400000, 0x00000000e0500000, 0x00000000e0500000|100%| O|  |TAMS 0x00000000e0500000, 0x00000000e0400000| Untracked 
|   5|0x00000000e0500000, 0x00000000e0600000, 0x00000000e0600000|100%| O|  |TAMS 0x00000000e0600000, 0x00000000e0500000| Untracked 
|   6|0x00000000e0600000, 0x00000000e0700000, 0x00000000e0700000|100%| O|  |TAMS 0x00000000e0700000, 0x00000000e0600000| Untracked 
|   7|0x00000000e0700000, 0x00000000e0800000, 0x00000000e0800000|100%| O|  |TAMS 0x00000000e0800000, 0x00000000e0700000| Untracked 
|   8|0x00000000e0800000, 0x00000000e0900000, 0x00000000e0900000|100%|HS|  |TAMS 0x00000000e0900000, 0x00000000e0800000| Complete 
|   9|0x00000000e0900000, 0x00000000e0a00000, 0x00000000e0a00000|100%| O|  |TAMS 0x00000000e0a00000, 0x00000000e0900000| Untracked 
|  10|0x00000000e0a00000, 0x00000000e0b00000, 0x00000000e0b00000|100%| O|  |TAMS 0x00000000e0b00000, 0x00000000e0a00000| Untracked 
|  11|0x00000000e0b00000, 0x00000000e0c00000, 0x00000000e0c00000|100%| O|  |TAMS 0x00000000e0c00000, 0x00000000e0b00000| Untracked 
|  12|0x00000000e0c00000, 0x00000000e0d00000, 0x00000000e0d00000|100%| O|  |TAMS 0x00000000e0d00000, 0x00000000e0c00000| Untracked 
|  13|0x00000000e0d00000, 0x00000000e0e00000, 0x00000000e0e00000|100%|HS|  |TAMS 0x00000000e0d00000, 0x00000000e0d00000| Complete 
|  14|0x00000000e0e00000, 0x00000000e0f00000, 0x00000000e0f00000|100%| O|  |TAMS 0x00000000e0f00000, 0x00000000e0e00000| Untracked 
|  15|0x00000000e0f00000, 0x00000000e1000000, 0x00000000e1000000|100%| O|  |TAMS 0x00000000e1000000, 0x00000000e0f00000| Untracked 
|  16|0x00000000e1000000, 0x00000000e1100000, 0x00000000e1100000|100%| O|  |TAMS 0x00000000e1100000, 0x00000000e1000000| Untracked 
|  17|0x00000000e1100000, 0x00000000e1200000, 0x00000000e1200000|100%| O|  |TAMS 0x00000000e1200000, 0x00000000e1100000| Untracked 
|  18|0x00000000e1200000, 0x00000000e1300000, 0x00000000e1300000|100%| O|  |TAMS 0x00000000e1300000, 0x00000000e1200000| Untracked 
|  19|0x00000000e1300000, 0x00000000e1400000, 0x00000000e1400000|100%| O|  |TAMS 0x00000000e1400000, 0x00000000e1300000| Untracked 
|  20|0x00000000e1400000, 0x00000000e1500000, 0x00000000e1500000|100%| O|  |TAMS 0x00000000e1500000, 0x00000000e1400000| Untracked 
|  21|0x00000000e1500000, 0x00000000e1600000, 0x00000000e1600000|100%| O|  |TAMS 0x00000000e1600000, 0x00000000e1500000| Untracked 
|  22|0x00000000e1600000, 0x00000000e1700000, 0x00000000e1700000|100%| O|  |TAMS 0x00000000e1700000, 0x00000000e1600000| Untracked 
|  23|0x00000000e1700000, 0x00000000e1800000, 0x00000000e1800000|100%| O|  |TAMS 0x00000000e1800000, 0x00000000e1700000| Untracked 
|  24|0x00000000e1800000, 0x00000000e1900000, 0x00000000e1900000|100%| O|  |TAMS 0x00000000e1900000, 0x00000000e1800000| Untracked 
|  25|0x00000000e1900000, 0x00000000e1a00000, 0x00000000e1a00000|100%| O|  |TAMS 0x00000000e1a00000, 0x00000000e1900000| Untracked 
|  26|0x00000000e1a00000, 0x00000000e1b00000, 0x00000000e1b00000|100%| O|  |TAMS 0x00000000e1b00000, 0x00000000e1a00000| Untracked 
|  27|0x00000000e1b00000, 0x00000000e1c00000, 0x00000000e1c00000|100%| O|  |TAMS 0x00000000e1c00000, 0x00000000e1b00000| Untracked 
|  28|0x00000000e1c00000, 0x00000000e1d00000, 0x00000000e1d00000|100%| O|  |TAMS 0x00000000e1d00000, 0x00000000e1c00000| Untracked 
|  29|0x00000000e1d00000, 0x00000000e1e00000, 0x00000000e1e00000|100%| O|  |TAMS 0x00000000e1e00000, 0x00000000e1d00000| Untracked 
|  30|0x00000000e1e00000, 0x00000000e1f00000, 0x00000000e1f00000|100%| O|  |TAMS 0x00000000e1f00000, 0x00000000e1e00000| Untracked 
|  31|0x00000000e1f00000, 0x00000000e2000000, 0x00000000e2000000|100%| O|  |TAMS 0x00000000e2000000, 0x00000000e1f00000| Untracked 
|  32|0x00000000e2000000, 0x00000000e2100000, 0x00000000e2100000|100%| O|  |TAMS 0x00000000e2100000, 0x00000000e2000000| Untracked 
|  33|0x00000000e2100000, 0x00000000e2200000, 0x00000000e2200000|100%| O|  |TAMS 0x00000000e2200000, 0x00000000e2100000| Untracked 
|  34|0x00000000e2200000, 0x00000000e2300000, 0x00000000e2300000|100%| O|  |TAMS 0x00000000e2286400, 0x00000000e2200000| Untracked 
|  35|0x00000000e2300000, 0x00000000e2400000, 0x00000000e2400000|100%| O|  |TAMS 0x00000000e2300000, 0x00000000e2300000| Untracked 
|  36|0x00000000e2400000, 0x00000000e2500000, 0x00000000e2500000|100%| O|  |TAMS 0x00000000e2400000, 0x00000000e2400000| Untracked 
|  37|0x00000000e2500000, 0x00000000e2600000, 0x00000000e2600000|100%| O|  |TAMS 0x00000000e2500000, 0x00000000e2500000| Untracked 
|  38|0x00000000e2600000, 0x00000000e2700000, 0x00000000e2700000|100%| O|  |TAMS 0x00000000e2600000, 0x00000000e2600000| Untracked 
|  39|0x00000000e2700000, 0x00000000e2800000, 0x00000000e2800000|100%| O|  |TAMS 0x00000000e2700000, 0x00000000e2700000| Untracked 
|  40|0x00000000e2800000, 0x00000000e2900000, 0x00000000e2900000|100%| O|  |TAMS 0x00000000e2800000, 0x00000000e2800000| Untracked 
|  41|0x00000000e2900000, 0x00000000e2a00000, 0x00000000e2a00000|100%| O|  |TAMS 0x00000000e2900000, 0x00000000e2900000| Untracked 
|  42|0x00000000e2a00000, 0x00000000e2b00000, 0x00000000e2b00000|100%| O|  |TAMS 0x00000000e2a00000, 0x00000000e2a00000| Untracked 
|  43|0x00000000e2b00000, 0x00000000e2c00000, 0x00000000e2c00000|100%| O|  |TAMS 0x00000000e2b00000, 0x00000000e2b00000| Untracked 
|  44|0x00000000e2c00000, 0x00000000e2d00000, 0x00000000e2d00000|100%| O|  |TAMS 0x00000000e2c00000, 0x00000000e2c00000| Untracked 
|  45|0x00000000e2d00000, 0x00000000e2d8ca00, 0x00000000e2e00000| 54%| O|  |TAMS 0x00000000e2d00000, 0x00000000e2d00000| Untracked 
|  46|0x00000000e2e00000, 0x00000000e2e00000, 0x00000000e2f00000|  0%| F|  |TAMS 0x00000000e2e00000, 0x00000000e2e00000| Untracked 
|  47|0x00000000e2f00000, 0x00000000e2f00000, 0x00000000e3000000|  0%| F|  |TAMS 0x00000000e2f00000, 0x00000000e2f00000| Untracked 
|  48|0x00000000e3000000, 0x00000000e3000000, 0x00000000e3100000|  0%| F|  |TAMS 0x00000000e3000000, 0x00000000e3000000| Untracked 
|  49|0x00000000e3100000, 0x00000000e3100000, 0x00000000e3200000|  0%| F|  |TAMS 0x00000000e3100000, 0x00000000e3100000| Untracked 
|  50|0x00000000e3200000, 0x00000000e3200000, 0x00000000e3300000|  0%| F|  |TAMS 0x00000000e3200000, 0x00000000e3200000| Untracked 
|  51|0x00000000e3300000, 0x00000000e3300000, 0x00000000e3400000|  0%| F|  |TAMS 0x00000000e3300000, 0x00000000e3300000| Untracked 
|  52|0x00000000e3400000, 0x00000000e3400000, 0x00000000e3500000|  0%| F|  |TAMS 0x00000000e3400000, 0x00000000e3400000| Untracked 
|  53|0x00000000e3500000, 0x00000000e3500000, 0x00000000e3600000|  0%| F|  |TAMS 0x00000000e3500000, 0x00000000e3500000| Untracked 
|  54|0x00000000e3600000, 0x00000000e3600000, 0x00000000e3700000|  0%| F|  |TAMS 0x00000000e3600000, 0x00000000e3600000| Untracked 
|  55|0x00000000e3700000, 0x00000000e3700000, 0x00000000e3800000|  0%| F|  |TAMS 0x00000000e3700000, 0x00000000e3700000| Untracked 
|  56|0x00000000e3800000, 0x00000000e3800000, 0x00000000e3900000|  0%| F|  |TAMS 0x00000000e3800000, 0x00000000e3800000| Untracked 
|  57|0x00000000e3900000, 0x00000000e3900000, 0x00000000e3a00000|  0%| F|  |TAMS 0x00000000e3900000, 0x00000000e3900000| Untracked 
|  58|0x00000000e3a00000, 0x00000000e3a00000, 0x00000000e3b00000|  0%| F|  |TAMS 0x00000000e3a00000, 0x00000000e3a00000| Untracked 
|  59|0x00000000e3b00000, 0x00000000e3b00000, 0x00000000e3c00000|  0%| F|  |TAMS 0x00000000e3b00000, 0x00000000e3b00000| Untracked 
|  60|0x00000000e3c00000, 0x00000000e3c00000, 0x00000000e3d00000|  0%| F|  |TAMS 0x00000000e3c00000, 0x00000000e3c00000| Untracked 
|  61|0x00000000e3d00000, 0x00000000e3d00000, 0x00000000e3e00000|  0%| F|  |TAMS 0x00000000e3d00000, 0x00000000e3d00000| Untracked 
|  62|0x00000000e3e00000, 0x00000000e3e00000, 0x00000000e3f00000|  0%| F|  |TAMS 0x00000000e3e00000, 0x00000000e3e00000| Untracked 
|  63|0x00000000e3f00000, 0x00000000e3f00000, 0x00000000e4000000|  0%| F|  |TAMS 0x00000000e3f00000, 0x00000000e3f00000| Untracked 
|  64|0x00000000e4000000, 0x00000000e4000000, 0x00000000e4100000|  0%| F|  |TAMS 0x00000000e4000000, 0x00000000e4000000| Untracked 
|  65|0x00000000e4100000, 0x00000000e4100000, 0x00000000e4200000|  0%| F|  |TAMS 0x00000000e4100000, 0x00000000e4100000| Untracked 
|  66|0x00000000e4200000, 0x00000000e4200000, 0x00000000e4300000|  0%| F|  |TAMS 0x00000000e4200000, 0x00000000e4200000| Untracked 
|  67|0x00000000e4300000, 0x00000000e4300000, 0x00000000e4400000|  0%| F|  |TAMS 0x00000000e4300000, 0x00000000e4300000| Untracked 
|  68|0x00000000e4400000, 0x00000000e4400000, 0x00000000e4500000|  0%| F|  |TAMS 0x00000000e4400000, 0x00000000e4400000| Untracked 
|  69|0x00000000e4500000, 0x00000000e4500000, 0x00000000e4600000|  0%| F|  |TAMS 0x00000000e4500000, 0x00000000e4500000| Untracked 
|  70|0x00000000e4600000, 0x00000000e4600000, 0x00000000e4700000|  0%| F|  |TAMS 0x00000000e4600000, 0x00000000e4600000| Untracked 
|  71|0x00000000e4700000, 0x00000000e4700000, 0x00000000e4800000|  0%| F|  |TAMS 0x00000000e4700000, 0x00000000e4700000| Untracked 
|  72|0x00000000e4800000, 0x00000000e4800000, 0x00000000e4900000|  0%| F|  |TAMS 0x00000000e4800000, 0x00000000e4800000| Untracked 
|  73|0x00000000e4900000, 0x00000000e4900000, 0x00000000e4a00000|  0%| F|  |TAMS 0x00000000e4900000, 0x00000000e4900000| Untracked 
|  74|0x00000000e4a00000, 0x00000000e4a00000, 0x00000000e4b00000|  0%| F|  |TAMS 0x00000000e4a00000, 0x00000000e4a00000| Untracked 
|  75|0x00000000e4b00000, 0x00000000e4b00000, 0x00000000e4c00000|  0%| F|  |TAMS 0x00000000e4b00000, 0x00000000e4b00000| Untracked 
|  76|0x00000000e4c00000, 0x00000000e4c00000, 0x00000000e4d00000|  0%| F|  |TAMS 0x00000000e4c00000, 0x00000000e4c00000| Untracked 
|  77|0x00000000e4d00000, 0x00000000e4d00000, 0x00000000e4e00000|  0%| F|  |TAMS 0x00000000e4d00000, 0x00000000e4d00000| Untracked 
|  78|0x00000000e4e00000, 0x00000000e4e00000, 0x00000000e4f00000|  0%| F|  |TAMS 0x00000000e4e00000, 0x00000000e4e00000| Untracked 
|  79|0x00000000e4f00000, 0x00000000e4f00000, 0x00000000e5000000|  0%| F|  |TAMS 0x00000000e4f00000, 0x00000000e4f00000| Untracked 
|  80|0x00000000e5000000, 0x00000000e5000000, 0x00000000e5100000|  0%| F|  |TAMS 0x00000000e5000000, 0x00000000e5000000| Untracked 
|  81|0x00000000e5100000, 0x00000000e5100000, 0x00000000e5200000|  0%| F|  |TAMS 0x00000000e5100000, 0x00000000e5100000| Untracked 
|  82|0x00000000e5200000, 0x00000000e5200000, 0x00000000e5300000|  0%| F|  |TAMS 0x00000000e5200000, 0x00000000e5200000| Untracked 
|  83|0x00000000e5300000, 0x00000000e5300000, 0x00000000e5400000|  0%| F|  |TAMS 0x00000000e5300000, 0x00000000e5300000| Untracked 
|  84|0x00000000e5400000, 0x00000000e5400000, 0x00000000e5500000|  0%| F|  |TAMS 0x00000000e5400000, 0x00000000e5400000| Untracked 
|  85|0x00000000e5500000, 0x00000000e5580000, 0x00000000e5600000| 50%| S|CS|TAMS 0x00000000e5500000, 0x00000000e5500000| Complete 
|  86|0x00000000e5600000, 0x00000000e5700000, 0x00000000e5700000|100%| S|CS|TAMS 0x00000000e5600000, 0x00000000e5600000| Complete 
|  87|0x00000000e5700000, 0x00000000e5800000, 0x00000000e5800000|100%| S|CS|TAMS 0x00000000e5700000, 0x00000000e5700000| Complete 
|  88|0x00000000e5800000, 0x00000000e5800000, 0x00000000e5900000|  0%| F|  |TAMS 0x00000000e5800000, 0x00000000e5800000| Untracked 
|  89|0x00000000e5900000, 0x00000000e5900000, 0x00000000e5a00000|  0%| F|  |TAMS 0x00000000e5900000, 0x00000000e5900000| Untracked 
|  90|0x00000000e5a00000, 0x00000000e5a00000, 0x00000000e5b00000|  0%| F|  |TAMS 0x00000000e5a00000, 0x00000000e5a00000| Untracked 
|  91|0x00000000e5b00000, 0x00000000e5b00000, 0x00000000e5c00000|  0%| F|  |TAMS 0x00000000e5b00000, 0x00000000e5b00000| Untracked 
|  92|0x00000000e5c00000, 0x00000000e5c00000, 0x00000000e5d00000|  0%| F|  |TAMS 0x00000000e5c00000, 0x00000000e5c00000| Untracked 
|  93|0x00000000e5d00000, 0x00000000e5d00000, 0x00000000e5e00000|  0%| F|  |TAMS 0x00000000e5d00000, 0x00000000e5d00000| Untracked 
|  94|0x00000000e5e00000, 0x00000000e5e00000, 0x00000000e5f00000|  0%| F|  |TAMS 0x00000000e5e00000, 0x00000000e5e00000| Untracked 
|  95|0x00000000e5f00000, 0x00000000e5f00000, 0x00000000e6000000|  0%| F|  |TAMS 0x00000000e5f00000, 0x00000000e5f00000| Untracked 
|  96|0x00000000e6000000, 0x00000000e6000000, 0x00000000e6100000|  0%| F|  |TAMS 0x00000000e6000000, 0x00000000e6000000| Untracked 
|  97|0x00000000e6100000, 0x00000000e6100000, 0x00000000e6200000|  0%| F|  |TAMS 0x00000000e6100000, 0x00000000e6100000| Untracked 
|  98|0x00000000e6200000, 0x00000000e6200000, 0x00000000e6300000|  0%| F|  |TAMS 0x00000000e6200000, 0x00000000e6200000| Untracked 
|  99|0x00000000e6300000, 0x00000000e6300000, 0x00000000e6400000|  0%| F|  |TAMS 0x00000000e6300000, 0x00000000e6300000| Untracked 
| 100|0x00000000e6400000, 0x00000000e6400000, 0x00000000e6500000|  0%| F|  |TAMS 0x00000000e6400000, 0x00000000e6400000| Untracked 
| 101|0x00000000e6500000, 0x00000000e6500000, 0x00000000e6600000|  0%| F|  |TAMS 0x00000000e6500000, 0x00000000e6500000| Untracked 
| 102|0x00000000e6600000, 0x00000000e6600000, 0x00000000e6700000|  0%| F|  |TAMS 0x00000000e6600000, 0x00000000e6600000| Untracked 
| 103|0x00000000e6700000, 0x00000000e6800000, 0x00000000e6800000|100%| S|CS|TAMS 0x00000000e6700000, 0x00000000e6700000| Complete 
| 104|0x00000000e6800000, 0x00000000e6900000, 0x00000000e6900000|100%| S|CS|TAMS 0x00000000e6800000, 0x00000000e6800000| Complete 
| 105|0x00000000e6900000, 0x00000000e6a00000, 0x00000000e6a00000|100%| S|CS|TAMS 0x00000000e6900000, 0x00000000e6900000| Complete 
| 106|0x00000000e6a00000, 0x00000000e6b00000, 0x00000000e6b00000|100%| S|CS|TAMS 0x00000000e6a00000, 0x00000000e6a00000| Complete 
| 107|0x00000000e6b00000, 0x00000000e6c00000, 0x00000000e6c00000|100%| S|CS|TAMS 0x00000000e6b00000, 0x00000000e6b00000| Complete 
| 108|0x00000000e6c00000, 0x00000000e6d00000, 0x00000000e6d00000|100%| S|CS|TAMS 0x00000000e6c00000, 0x00000000e6c00000| Complete 
| 109|0x00000000e6d00000, 0x00000000e6e00000, 0x00000000e6e00000|100%| S|CS|TAMS 0x00000000e6d00000, 0x00000000e6d00000| Complete 
| 110|0x00000000e6e00000, 0x00000000e6f00000, 0x00000000e6f00000|100%| S|CS|TAMS 0x00000000e6e00000, 0x00000000e6e00000| Complete 
| 111|0x00000000e6f00000, 0x00000000e7000000, 0x00000000e7000000|100%| S|CS|TAMS 0x00000000e6f00000, 0x00000000e6f00000| Complete 
| 112|0x00000000e7000000, 0x00000000e7100000, 0x00000000e7100000|100%| S|CS|TAMS 0x00000000e7000000, 0x00000000e7000000| Complete 
| 113|0x00000000e7100000, 0x00000000e7200000, 0x00000000e7200000|100%| S|CS|TAMS 0x00000000e7100000, 0x00000000e7100000| Complete 
| 114|0x00000000e7200000, 0x00000000e7300000, 0x00000000e7300000|100%| S|CS|TAMS 0x00000000e7200000, 0x00000000e7200000| Complete 
| 115|0x00000000e7300000, 0x00000000e7400000, 0x00000000e7400000|100%| S|CS|TAMS 0x00000000e7300000, 0x00000000e7300000| Complete 
| 116|0x00000000e7400000, 0x00000000e7500000, 0x00000000e7500000|100%| S|CS|TAMS 0x00000000e7400000, 0x00000000e7400000| Complete 
| 117|0x00000000e7500000, 0x00000000e7600000, 0x00000000e7600000|100%| S|CS|TAMS 0x00000000e7500000, 0x00000000e7500000| Complete 
| 118|0x00000000e7600000, 0x00000000e7600000, 0x00000000e7700000|  0%| F|  |TAMS 0x00000000e7600000, 0x00000000e7600000| Untracked 
| 119|0x00000000e7700000, 0x00000000e7700000, 0x00000000e7800000|  0%| F|  |TAMS 0x00000000e7700000, 0x00000000e7700000| Untracked 
| 120|0x00000000e7800000, 0x00000000e7800000, 0x00000000e7900000|  0%| F|  |TAMS 0x00000000e7800000, 0x00000000e7800000| Untracked 
| 121|0x00000000e7900000, 0x00000000e7900000, 0x00000000e7a00000|  0%| F|  |TAMS 0x00000000e7900000, 0x00000000e7900000| Untracked 
| 122|0x00000000e7a00000, 0x00000000e7a00000, 0x00000000e7b00000|  0%| F|  |TAMS 0x00000000e7a00000, 0x00000000e7a00000| Untracked 
| 123|0x00000000e7b00000, 0x00000000e7b00000, 0x00000000e7c00000|  0%| F|  |TAMS 0x00000000e7b00000, 0x00000000e7b00000| Untracked 
| 124|0x00000000e7c00000, 0x00000000e7c00000, 0x00000000e7d00000|  0%| F|  |TAMS 0x00000000e7c00000, 0x00000000e7c00000| Untracked 
| 125|0x00000000e7d00000, 0x00000000e7d00000, 0x00000000e7e00000|  0%| F|  |TAMS 0x00000000e7d00000, 0x00000000e7d00000| Untracked 
| 126|0x00000000e7e00000, 0x00000000e7e00000, 0x00000000e7f00000|  0%| F|  |TAMS 0x00000000e7e00000, 0x00000000e7e00000| Untracked 
| 127|0x00000000e7f00000, 0x00000000e7f00000, 0x00000000e8000000|  0%| F|  |TAMS 0x00000000e7f00000, 0x00000000e7f00000| Untracked 
| 128|0x00000000e8000000, 0x00000000e8000000, 0x00000000e8100000|  0%| F|  |TAMS 0x00000000e8000000, 0x00000000e8000000| Untracked 
| 129|0x00000000e8100000, 0x00000000e8100000, 0x00000000e8200000|  0%| F|  |TAMS 0x00000000e8100000, 0x00000000e8100000| Untracked 
| 130|0x00000000e8200000, 0x00000000e8200000, 0x00000000e8300000|  0%| F|  |TAMS 0x00000000e8200000, 0x00000000e8200000| Untracked 
| 131|0x00000000e8300000, 0x00000000e8300000, 0x00000000e8400000|  0%| F|  |TAMS 0x00000000e8300000, 0x00000000e8300000| Untracked 
| 132|0x00000000e8400000, 0x00000000e8400000, 0x00000000e8500000|  0%| F|  |TAMS 0x00000000e8400000, 0x00000000e8400000| Untracked 
| 133|0x00000000e8500000, 0x00000000e8500000, 0x00000000e8600000|  0%| F|  |TAMS 0x00000000e8500000, 0x00000000e8500000| Untracked 
| 134|0x00000000e8600000, 0x00000000e8600000, 0x00000000e8700000|  0%| F|  |TAMS 0x00000000e8600000, 0x00000000e8600000| Untracked 
| 135|0x00000000e8700000, 0x00000000e8700000, 0x00000000e8800000|  0%| F|  |TAMS 0x00000000e8700000, 0x00000000e8700000| Untracked 
| 136|0x00000000e8800000, 0x00000000e8800000, 0x00000000e8900000|  0%| F|  |TAMS 0x00000000e8800000, 0x00000000e8800000| Untracked 
| 137|0x00000000e8900000, 0x00000000e8900000, 0x00000000e8a00000|  0%| F|  |TAMS 0x00000000e8900000, 0x00000000e8900000| Untracked 
| 138|0x00000000e8a00000, 0x00000000e8a00000, 0x00000000e8b00000|  0%| F|  |TAMS 0x00000000e8a00000, 0x00000000e8a00000| Untracked 
| 139|0x00000000e8b00000, 0x00000000e8b00000, 0x00000000e8c00000|  0%| F|  |TAMS 0x00000000e8b00000, 0x00000000e8b00000| Untracked 
| 140|0x00000000e8c00000, 0x00000000e8c00000, 0x00000000e8d00000|  0%| F|  |TAMS 0x00000000e8c00000, 0x00000000e8c00000| Untracked 
| 141|0x00000000e8d00000, 0x00000000e8d00000, 0x00000000e8e00000|  0%| F|  |TAMS 0x00000000e8d00000, 0x00000000e8d00000| Untracked 
| 142|0x00000000e8e00000, 0x00000000e8e00000, 0x00000000e8f00000|  0%| F|  |TAMS 0x00000000e8e00000, 0x00000000e8e00000| Untracked 
| 143|0x00000000e8f00000, 0x00000000e8f00000, 0x00000000e9000000|  0%| F|  |TAMS 0x00000000e8f00000, 0x00000000e8f00000| Untracked 
| 144|0x00000000e9000000, 0x00000000e9000800, 0x00000000e9100000|  0%| E|  |TAMS 0x00000000e9000000, 0x00000000e9000000| Complete 
| 145|0x00000000e9100000, 0x00000000e9200000, 0x00000000e9200000|100%| E|CS|TAMS 0x00000000e9100000, 0x00000000e9100000| Complete 
| 146|0x00000000e9200000, 0x00000000e9300000, 0x00000000e9300000|100%| E|CS|TAMS 0x00000000e9200000, 0x00000000e9200000| Complete 
| 147|0x00000000e9300000, 0x00000000e9400000, 0x00000000e9400000|100%| E|CS|TAMS 0x00000000e9300000, 0x00000000e9300000| Complete 
| 148|0x00000000e9400000, 0x00000000e9500000, 0x00000000e9500000|100%| E|CS|TAMS 0x00000000e9400000, 0x00000000e9400000| Complete 
| 149|0x00000000e9500000, 0x00000000e9600000, 0x00000000e9600000|100%| E|CS|TAMS 0x00000000e9500000, 0x00000000e9500000| Complete 
| 150|0x00000000e9600000, 0x00000000e9700000, 0x00000000e9700000|100%| E|CS|TAMS 0x00000000e9600000, 0x00000000e9600000| Complete 
| 151|0x00000000e9700000, 0x00000000e9800000, 0x00000000e9800000|100%| E|  |TAMS 0x00000000e9700000, 0x00000000e9700000| Complete 
| 152|0x00000000e9800000, 0x00000000e9900000, 0x00000000e9900000|100%| E|CS|TAMS 0x00000000e9800000, 0x00000000e9800000| Complete 
| 153|0x00000000e9900000, 0x00000000e9a00000, 0x00000000e9a00000|100%| E|CS|TAMS 0x00000000e9900000, 0x00000000e9900000| Complete 
| 154|0x00000000e9a00000, 0x00000000e9b00000, 0x00000000e9b00000|100%| E|CS|TAMS 0x00000000e9a00000, 0x00000000e9a00000| Complete 
| 155|0x00000000e9b00000, 0x00000000e9c00000, 0x00000000e9c00000|100%| E|CS|TAMS 0x00000000e9b00000, 0x00000000e9b00000| Complete 
| 156|0x00000000e9c00000, 0x00000000e9d00000, 0x00000000e9d00000|100%| E|CS|TAMS 0x00000000e9c00000, 0x00000000e9c00000| Complete 
| 157|0x00000000e9d00000, 0x00000000e9e00000, 0x00000000e9e00000|100%| E|CS|TAMS 0x00000000e9d00000, 0x00000000e9d00000| Complete 
| 158|0x00000000e9e00000, 0x00000000e9f00000, 0x00000000e9f00000|100%| E|CS|TAMS 0x00000000e9e00000, 0x00000000e9e00000| Complete 
| 159|0x00000000e9f00000, 0x00000000ea000000, 0x00000000ea000000|100%| E|CS|TAMS 0x00000000e9f00000, 0x00000000e9f00000| Complete 
| 160|0x00000000ea000000, 0x00000000ea100000, 0x00000000ea100000|100%| E|CS|TAMS 0x00000000ea000000, 0x00000000ea000000| Complete 
| 161|0x00000000ea100000, 0x00000000ea200000, 0x00000000ea200000|100%| E|CS|TAMS 0x00000000ea100000, 0x00000000ea100000| Complete 
| 162|0x00000000ea200000, 0x00000000ea300000, 0x00000000ea300000|100%| E|CS|TAMS 0x00000000ea200000, 0x00000000ea200000| Complete 
| 163|0x00000000ea300000, 0x00000000ea400000, 0x00000000ea400000|100%| E|CS|TAMS 0x00000000ea300000, 0x00000000ea300000| Complete 
| 164|0x00000000ea400000, 0x00000000ea500000, 0x00000000ea500000|100%| E|CS|TAMS 0x00000000ea400000, 0x00000000ea400000| Complete 
| 165|0x00000000ea500000, 0x00000000ea600000, 0x00000000ea600000|100%| E|CS|TAMS 0x00000000ea500000, 0x00000000ea500000| Complete 
| 166|0x00000000ea600000, 0x00000000ea700000, 0x00000000ea700000|100%| E|CS|TAMS 0x00000000ea600000, 0x00000000ea600000| Complete 
| 167|0x00000000ea700000, 0x00000000ea800000, 0x00000000ea800000|100%| E|CS|TAMS 0x00000000ea700000, 0x00000000ea700000| Complete 
| 168|0x00000000ea800000, 0x00000000ea900000, 0x00000000ea900000|100%| E|CS|TAMS 0x00000000ea800000, 0x00000000ea800000| Complete 
| 169|0x00000000ea900000, 0x00000000eaa00000, 0x00000000eaa00000|100%| E|CS|TAMS 0x00000000ea900000, 0x00000000ea900000| Complete 
| 170|0x00000000eaa00000, 0x00000000eab00000, 0x00000000eab00000|100%| E|CS|TAMS 0x00000000eaa00000, 0x00000000eaa00000| Complete 
| 171|0x00000000eab00000, 0x00000000eac00000, 0x00000000eac00000|100%| E|CS|TAMS 0x00000000eab00000, 0x00000000eab00000| Complete 
| 172|0x00000000eac00000, 0x00000000ead00000, 0x00000000ead00000|100%| E|CS|TAMS 0x00000000eac00000, 0x00000000eac00000| Complete 
| 173|0x00000000ead00000, 0x00000000eae00000, 0x00000000eae00000|100%| E|CS|TAMS 0x00000000ead00000, 0x00000000ead00000| Complete 
| 174|0x00000000eae00000, 0x00000000eaf00000, 0x00000000eaf00000|100%| E|CS|TAMS 0x00000000eae00000, 0x00000000eae00000| Complete 
| 175|0x00000000eaf00000, 0x00000000eb000000, 0x00000000eb000000|100%| E|CS|TAMS 0x00000000eaf00000, 0x00000000eaf00000| Complete 
| 176|0x00000000eb000000, 0x00000000eb100000, 0x00000000eb100000|100%| E|CS|TAMS 0x00000000eb000000, 0x00000000eb000000| Complete 
| 177|0x00000000eb100000, 0x00000000eb200000, 0x00000000eb200000|100%| E|CS|TAMS 0x00000000eb100000, 0x00000000eb100000| Complete 
| 178|0x00000000eb200000, 0x00000000eb300000, 0x00000000eb300000|100%| E|CS|TAMS 0x00000000eb200000, 0x00000000eb200000| Complete 
| 179|0x00000000eb300000, 0x00000000eb400000, 0x00000000eb400000|100%| E|CS|TAMS 0x00000000eb300000, 0x00000000eb300000| Complete 
| 180|0x00000000eb400000, 0x00000000eb500000, 0x00000000eb500000|100%| E|CS|TAMS 0x00000000eb400000, 0x00000000eb400000| Complete 
| 181|0x00000000eb500000, 0x00000000eb600000, 0x00000000eb600000|100%| E|CS|TAMS 0x00000000eb500000, 0x00000000eb500000| Complete 
| 182|0x00000000eb600000, 0x00000000eb700000, 0x00000000eb700000|100%| E|CS|TAMS 0x00000000eb600000, 0x00000000eb600000| Complete 
| 183|0x00000000eb700000, 0x00000000eb800000, 0x00000000eb800000|100%| E|CS|TAMS 0x00000000eb700000, 0x00000000eb700000| Complete 
| 184|0x00000000eb800000, 0x00000000eb900000, 0x00000000eb900000|100%| E|CS|TAMS 0x00000000eb800000, 0x00000000eb800000| Complete 
| 185|0x00000000eb900000, 0x00000000eba00000, 0x00000000eba00000|100%| E|CS|TAMS 0x00000000eb900000, 0x00000000eb900000| Complete 
| 186|0x00000000eba00000, 0x00000000ebb00000, 0x00000000ebb00000|100%| E|CS|TAMS 0x00000000eba00000, 0x00000000eba00000| Complete 
| 187|0x00000000ebb00000, 0x00000000ebc00000, 0x00000000ebc00000|100%| E|CS|TAMS 0x00000000ebb00000, 0x00000000ebb00000| Complete 
| 188|0x00000000ebc00000, 0x00000000ebd00000, 0x00000000ebd00000|100%| E|CS|TAMS 0x00000000ebc00000, 0x00000000ebc00000| Complete 
| 189|0x00000000ebd00000, 0x00000000ebe00000, 0x00000000ebe00000|100%| E|CS|TAMS 0x00000000ebd00000, 0x00000000ebd00000| Complete 
| 190|0x00000000ebe00000, 0x00000000ebf00000, 0x00000000ebf00000|100%| E|CS|TAMS 0x00000000ebe00000, 0x00000000ebe00000| Complete 
| 191|0x00000000ebf00000, 0x00000000ec000000, 0x00000000ec000000|100%| E|CS|TAMS 0x00000000ebf00000, 0x00000000ebf00000| Complete 
| 192|0x00000000ec000000, 0x00000000ec100000, 0x00000000ec100000|100%| E|CS|TAMS 0x00000000ec000000, 0x00000000ec000000| Complete 
| 193|0x00000000ec100000, 0x00000000ec200000, 0x00000000ec200000|100%| E|CS|TAMS 0x00000000ec100000, 0x00000000ec100000| Complete 
| 194|0x00000000ec200000, 0x00000000ec300000, 0x00000000ec300000|100%| E|CS|TAMS 0x00000000ec200000, 0x00000000ec200000| Complete 
| 195|0x00000000ec300000, 0x00000000ec400000, 0x00000000ec400000|100%| E|CS|TAMS 0x00000000ec300000, 0x00000000ec300000| Complete 
| 196|0x00000000ec400000, 0x00000000ec500000, 0x00000000ec500000|100%| E|CS|TAMS 0x00000000ec400000, 0x00000000ec400000| Complete 
| 197|0x00000000ec500000, 0x00000000ec600000, 0x00000000ec600000|100%| E|CS|TAMS 0x00000000ec500000, 0x00000000ec500000| Complete 
| 198|0x00000000ec600000, 0x00000000ec700000, 0x00000000ec700000|100%| E|CS|TAMS 0x00000000ec600000, 0x00000000ec600000| Complete 
| 199|0x00000000ec700000, 0x00000000ec800000, 0x00000000ec800000|100%| E|CS|TAMS 0x00000000ec700000, 0x00000000ec700000| Complete 
| 200|0x00000000ec800000, 0x00000000ec900000, 0x00000000ec900000|100%| E|CS|TAMS 0x00000000ec800000, 0x00000000ec800000| Complete 
| 201|0x00000000ec900000, 0x00000000eca00000, 0x00000000eca00000|100%| E|CS|TAMS 0x00000000ec900000, 0x00000000ec900000| Complete 
| 202|0x00000000eca00000, 0x00000000ecb00000, 0x00000000ecb00000|100%| E|CS|TAMS 0x00000000eca00000, 0x00000000eca00000| Complete 
| 203|0x00000000ecb00000, 0x00000000ecc00000, 0x00000000ecc00000|100%| E|CS|TAMS 0x00000000ecb00000, 0x00000000ecb00000| Complete 
| 204|0x00000000ecc00000, 0x00000000ecd00000, 0x00000000ecd00000|100%| E|CS|TAMS 0x00000000ecc00000, 0x00000000ecc00000| Complete 
| 205|0x00000000ecd00000, 0x00000000ece00000, 0x00000000ece00000|100%| E|CS|TAMS 0x00000000ecd00000, 0x00000000ecd00000| Complete 
| 206|0x00000000ece00000, 0x00000000ecf00000, 0x00000000ecf00000|100%| E|CS|TAMS 0x00000000ece00000, 0x00000000ece00000| Complete 
| 207|0x00000000ecf00000, 0x00000000ed000000, 0x00000000ed000000|100%| E|CS|TAMS 0x00000000ecf00000, 0x00000000ecf00000| Complete 
| 208|0x00000000ed000000, 0x00000000ed100000, 0x00000000ed100000|100%| E|CS|TAMS 0x00000000ed000000, 0x00000000ed000000| Complete 
| 209|0x00000000ed100000, 0x00000000ed200000, 0x00000000ed200000|100%| E|CS|TAMS 0x00000000ed100000, 0x00000000ed100000| Complete 
| 210|0x00000000ed200000, 0x00000000ed300000, 0x00000000ed300000|100%| E|CS|TAMS 0x00000000ed200000, 0x00000000ed200000| Complete 
| 211|0x00000000ed300000, 0x00000000ed400000, 0x00000000ed400000|100%| E|CS|TAMS 0x00000000ed300000, 0x00000000ed300000| Complete 
| 212|0x00000000ed400000, 0x00000000ed500000, 0x00000000ed500000|100%| E|CS|TAMS 0x00000000ed400000, 0x00000000ed400000| Complete 
| 213|0x00000000ed500000, 0x00000000ed600000, 0x00000000ed600000|100%| E|CS|TAMS 0x00000000ed500000, 0x00000000ed500000| Complete 
| 214|0x00000000ed600000, 0x00000000ed700000, 0x00000000ed700000|100%| E|CS|TAMS 0x00000000ed600000, 0x00000000ed600000| Complete 
| 215|0x00000000ed700000, 0x00000000ed800000, 0x00000000ed800000|100%| E|CS|TAMS 0x00000000ed700000, 0x00000000ed700000| Complete 
| 216|0x00000000ed800000, 0x00000000ed900000, 0x00000000ed900000|100%| E|CS|TAMS 0x00000000ed800000, 0x00000000ed800000| Complete 
| 217|0x00000000ed900000, 0x00000000eda00000, 0x00000000eda00000|100%| E|CS|TAMS 0x00000000ed900000, 0x00000000ed900000| Complete 
| 218|0x00000000eda00000, 0x00000000edb00000, 0x00000000edb00000|100%| E|CS|TAMS 0x00000000eda00000, 0x00000000eda00000| Complete 
| 219|0x00000000edb00000, 0x00000000edc00000, 0x00000000edc00000|100%| E|CS|TAMS 0x00000000edb00000, 0x00000000edb00000| Complete 
| 220|0x00000000edc00000, 0x00000000edd00000, 0x00000000edd00000|100%| E|CS|TAMS 0x00000000edc00000, 0x00000000edc00000| Complete 
| 221|0x00000000edd00000, 0x00000000ede00000, 0x00000000ede00000|100%| E|CS|TAMS 0x00000000edd00000, 0x00000000edd00000| Complete 
| 222|0x00000000ede00000, 0x00000000edf00000, 0x00000000edf00000|100%| E|CS|TAMS 0x00000000ede00000, 0x00000000ede00000| Complete 
| 223|0x00000000edf00000, 0x00000000ee000000, 0x00000000ee000000|100%| E|CS|TAMS 0x00000000edf00000, 0x00000000edf00000| Complete 
| 224|0x00000000ee000000, 0x00000000ee100000, 0x00000000ee100000|100%| E|CS|TAMS 0x00000000ee000000, 0x00000000ee000000| Complete 
| 225|0x00000000ee100000, 0x00000000ee200000, 0x00000000ee200000|100%| E|CS|TAMS 0x00000000ee100000, 0x00000000ee100000| Complete 
| 226|0x00000000ee200000, 0x00000000ee300000, 0x00000000ee300000|100%| E|CS|TAMS 0x00000000ee200000, 0x00000000ee200000| Complete 
| 227|0x00000000ee300000, 0x00000000ee400000, 0x00000000ee400000|100%| E|CS|TAMS 0x00000000ee300000, 0x00000000ee300000| Complete 
| 228|0x00000000ee400000, 0x00000000ee500000, 0x00000000ee500000|100%| E|CS|TAMS 0x00000000ee400000, 0x00000000ee400000| Complete 
| 229|0x00000000ee500000, 0x00000000ee600000, 0x00000000ee600000|100%| E|CS|TAMS 0x00000000ee500000, 0x00000000ee500000| Complete 
| 230|0x00000000ee600000, 0x00000000ee700000, 0x00000000ee700000|100%| E|CS|TAMS 0x00000000ee600000, 0x00000000ee600000| Complete 
| 231|0x00000000ee700000, 0x00000000ee800000, 0x00000000ee800000|100%| E|CS|TAMS 0x00000000ee700000, 0x00000000ee700000| Complete 
| 232|0x00000000ee800000, 0x00000000ee900000, 0x00000000ee900000|100%| E|CS|TAMS 0x00000000ee800000, 0x00000000ee800000| Complete 
| 233|0x00000000ee900000, 0x00000000eea00000, 0x00000000eea00000|100%| E|CS|TAMS 0x00000000ee900000, 0x00000000ee900000| Complete 
| 234|0x00000000eea00000, 0x00000000eeb00000, 0x00000000eeb00000|100%| E|CS|TAMS 0x00000000eea00000, 0x00000000eea00000| Complete 
| 235|0x00000000eeb00000, 0x00000000eec00000, 0x00000000eec00000|100%| E|CS|TAMS 0x00000000eeb00000, 0x00000000eeb00000| Complete 
| 236|0x00000000eec00000, 0x00000000eed00000, 0x00000000eed00000|100%| E|CS|TAMS 0x00000000eec00000, 0x00000000eec00000| Complete 
| 237|0x00000000eed00000, 0x00000000eee00000, 0x00000000eee00000|100%| E|CS|TAMS 0x00000000eed00000, 0x00000000eed00000| Complete 
| 238|0x00000000eee00000, 0x00000000eef00000, 0x00000000eef00000|100%| E|CS|TAMS 0x00000000eee00000, 0x00000000eee00000| Complete 
| 239|0x00000000eef00000, 0x00000000ef000000, 0x00000000ef000000|100%| E|CS|TAMS 0x00000000eef00000, 0x00000000eef00000| Complete 
| 240|0x00000000ef000000, 0x00000000ef100000, 0x00000000ef100000|100%| E|CS|TAMS 0x00000000ef000000, 0x00000000ef000000| Complete 
| 241|0x00000000ef100000, 0x00000000ef200000, 0x00000000ef200000|100%| E|CS|TAMS 0x00000000ef100000, 0x00000000ef100000| Complete 
| 242|0x00000000ef200000, 0x00000000ef300000, 0x00000000ef300000|100%| E|CS|TAMS 0x00000000ef200000, 0x00000000ef200000| Complete 
| 243|0x00000000ef300000, 0x00000000ef400000, 0x00000000ef400000|100%| E|CS|TAMS 0x00000000ef300000, 0x00000000ef300000| Complete 
| 244|0x00000000ef400000, 0x00000000ef500000, 0x00000000ef500000|100%| E|CS|TAMS 0x00000000ef400000, 0x00000000ef400000| Complete 
| 245|0x00000000ef500000, 0x00000000ef600000, 0x00000000ef600000|100%| E|CS|TAMS 0x00000000ef500000, 0x00000000ef500000| Complete 
| 246|0x00000000ef600000, 0x00000000ef700000, 0x00000000ef700000|100%| E|CS|TAMS 0x00000000ef600000, 0x00000000ef600000| Complete 
| 247|0x00000000ef700000, 0x00000000ef800000, 0x00000000ef800000|100%| E|CS|TAMS 0x00000000ef700000, 0x00000000ef700000| Complete 
| 248|0x00000000ef800000, 0x00000000ef900000, 0x00000000ef900000|100%| E|CS|TAMS 0x00000000ef800000, 0x00000000ef800000| Complete 
| 249|0x00000000ef900000, 0x00000000efa00000, 0x00000000efa00000|100%| E|CS|TAMS 0x00000000ef900000, 0x00000000ef900000| Complete 
| 250|0x00000000efa00000, 0x00000000efb00000, 0x00000000efb00000|100%| E|CS|TAMS 0x00000000efa00000, 0x00000000efa00000| Complete 
| 251|0x00000000efb00000, 0x00000000efc00000, 0x00000000efc00000|100%| E|CS|TAMS 0x00000000efb00000, 0x00000000efb00000| Complete 
| 252|0x00000000efc00000, 0x00000000efd00000, 0x00000000efd00000|100%| E|CS|TAMS 0x00000000efc00000, 0x00000000efc00000| Complete 
| 253|0x00000000efd00000, 0x00000000efe00000, 0x00000000efe00000|100%| E|CS|TAMS 0x00000000efd00000, 0x00000000efd00000| Complete 
| 254|0x00000000efe00000, 0x00000000eff00000, 0x00000000eff00000|100%| E|CS|TAMS 0x00000000efe00000, 0x00000000efe00000| Complete 
| 255|0x00000000eff00000, 0x00000000f0000000, 0x00000000f0000000|100%| E|CS|TAMS 0x00000000eff00000, 0x00000000eff00000| Complete 

Card table byte_map: [0x0000024260d20000,0x0000024260e20000] _byte_map_base: 0x0000024260620000

Marking Bits (Prev, Next): (CMBitMap*) 0x000002424c4bb1b0, (CMBitMap*) 0x000002424c4bb170
 Prev Bits: [0x0000024261720000, 0x0000024261f20000)
 Next Bits: [0x0000024260f20000, 0x0000024261720000)

Polling page: 0x000002424dd70000

Metaspace:

Usage:
  Non-class:     66.01 MB used.
      Class:     10.31 MB used.
       Both:     76.32 MB used.

Virtual space:
  Non-class space:      128.00 MB reserved,      66.31 MB ( 52%) committed,  2 nodes.
      Class space:      320.00 MB reserved,      10.62 MB (  3%) committed,  1 nodes.
             Both:      448.00 MB reserved,      76.94 MB ( 17%) committed. 

Chunk freelists:
   Non-Class:  13.00 MB
       Class:  5.44 MB
        Both:  18.44 MB

MaxMetaspaceSize: 384.00 MB
CompressedClassSpaceSize: 320.00 MB
Initial GC threshold: 21.00 MB
Current GC threshold: 98.06 MB
CDS: off
MetaspaceReclaimPolicy: balanced
 - commit_granule_bytes: 65536.
 - commit_granule_words: 8192.
 - virtual_space_node_default_size: 8388608.
 - enlarge_chunks_in_place: 1.
 - new_chunks_are_fully_committed: 0.
 - uncommit_free_chunks: 1.
 - use_allocation_guard: 0.
 - handle_deallocations: 1.


Internal statistics:

num_allocs_failed_limit: 9.
num_arena_births: 724.
num_arena_deaths: 0.
num_vsnodes_births: 3.
num_vsnodes_deaths: 0.
num_space_committed: 1231.
num_space_uncommitted: 0.
num_chunks_returned_to_freelist: 9.
num_chunks_taken_from_freelist: 3637.
num_chunk_merges: 6.
num_chunk_splits: 2341.
num_chunks_enlarged: 1574.
num_inconsistent_stats: 0.

CodeHeap 'non-profiled nmethods': size=120000Kb used=5877Kb max_used=6108Kb free=114122Kb
 bounds [0x00000242597f0000, 0x0000024259df0000, 0x0000024260d20000]
CodeHeap 'profiled nmethods': size=120000Kb used=18444Kb max_used=19234Kb free=101555Kb
 bounds [0x0000024251d20000, 0x0000024252ff0000, 0x0000024259250000]
CodeHeap 'non-nmethods': size=5760Kb used=2350Kb max_used=2381Kb free=3409Kb
 bounds [0x0000024259250000, 0x00000242594c0000, 0x00000242597f0000]
 total_blobs=10542 nmethods=9664 adapters=790
 compilation: enabled
              stopped_count=0, restarted_count=0
 full_count=0

Compilation events (20 events):
Event: 114.384 Thread 0x00000242646e5ad0 nmethod 11259 0x0000024252892890 code [0x0000024252892aa0, 0x00000242528934c8]
Event: 114.384 Thread 0x00000242646e5ad0 11260       3       com.sun.tools.javac.tree.TreeInfo$DeclScanner::scan (17 bytes)
Event: 114.384 Thread 0x00000242646e5ad0 nmethod 11260 0x0000024252595d90 code [0x0000024252595f40, 0x0000024252596188]
Event: 114.385 Thread 0x00000242646e5ad0 11261       3       com.sun.tools.javac.tree.TreeScanner::<init> (5 bytes)
Event: 114.386 Thread 0x00000242646e5ad0 nmethod 11261 0x0000024252595790 code [0x0000024252595940, 0x0000024252595af8]
Event: 114.386 Thread 0x00000242646e5ad0 11262       3       com.sun.tools.javac.code.Symbol::isCompleted (10 bytes)
Event: 114.386 Thread 0x00000242646e5ad0 nmethod 11262 0x00000242526f9d90 code [0x00000242526f9f40, 0x00000242526fa108]
Event: 114.387 Thread 0x00000242646e5ad0 11263       3       com.sun.tools.javac.code.Scope$ScopeImpl$1::doNext (43 bytes)
Event: 114.387 Thread 0x00000242646e5ad0 nmethod 11263 0x00000242526f9710 code [0x00000242526f98c0, 0x00000242526f9b08]
Event: 114.387 Thread 0x00000242646e5ad0 11264       3       com.sun.tools.javac.code.Scope$ScopeImpl$1::skipToNextMatchingEntry (48 bytes)
Event: 114.388 Thread 0x00000242646e5ad0 nmethod 11264 0x0000024252815d10 code [0x0000024252815ec0, 0x0000024252816228]
Event: 114.388 Thread 0x00000242646e5ad0 11265       3       com.sun.tools.javac.tree.JCTree$JCMethodDecl::accept (6 bytes)
Event: 114.388 Thread 0x00000242646e5ad0 nmethod 11265 0x0000024252815890 code [0x0000024252815a40, 0x0000024252815c08]
Event: 114.408 Thread 0x00000242646e5ad0 11266       3       lombok.javac.JavacNode::getAst (5 bytes)
Event: 114.408 Thread 0x00000242646e5ad0 nmethod 11266 0x000002425262d110 code [0x000002425262d2a0, 0x000002425262d3d8]
Event: 114.414 Thread 0x00000242646e5ad0 11267       1       lombok.javac.JavacTransformer::access$0 (5 bytes)
Event: 114.414 Thread 0x00000242646e5ad0 nmethod 11267 0x0000024259b50290 code [0x0000024259b50420, 0x0000024259b504d8]
Event: 114.414 Thread 0x00000242646e5ad0 11268       1       lombok.core.AST::getImportList (5 bytes)
Event: 114.414 Thread 0x00000242646e5ad0 nmethod 11268 0x0000024259b4ff90 code [0x0000024259b50120, 0x0000024259b501f8]
Event: 114.421 Thread 0x00000242646e5ad0 11269       3       com.sun.tools.javac.tree.Pretty::printExpr (7 bytes)

GC Heap History (20 events):
Event: 5.668 GC heap before
{Heap before GC invocations=1 (full 0):
 garbage-first heap   total 262144K, used 23724K [0x00000000e0000000, 0x0000000100000000)
  region size 1024K, 21 young (21504K), 2 survivors (2048K)
 Metaspace       used 10462K, committed 10688K, reserved 393216K
  class space    used 1057K, committed 1152K, reserved 327680K
}
Event: 5.675 GC heap after
{Heap after GC invocations=2 (full 0):
 garbage-first heap   total 262144K, used 10710K [0x00000000e0000000, 0x0000000100000000)
  region size 1024K, 3 young (3072K), 3 survivors (3072K)
 Metaspace       used 10462K, committed 10688K, reserved 393216K
  class space    used 1057K, committed 1152K, reserved 327680K
}
Event: 18.221 GC heap before
{Heap before GC invocations=2 (full 0):
 garbage-first heap   total 262144K, used 115158K [0x00000000e0000000, 0x0000000100000000)
  region size 1024K, 104 young (106496K), 3 survivors (3072K)
 Metaspace       used 21298K, committed 21504K, reserved 393216K
  class space    used 2518K, committed 2624K, reserved 327680K
}
Event: 18.247 GC heap after
{Heap after GC invocations=3 (full 0):
 garbage-first heap   total 262144K, used 20204K [0x00000000e0000000, 0x0000000100000000)
  region size 1024K, 12 young (12288K), 12 survivors (12288K)
 Metaspace       used 21298K, committed 21504K, reserved 393216K
  class space    used 2518K, committed 2624K, reserved 327680K
}
Event: 33.555 GC heap before
{Heap before GC invocations=4 (full 0):
 garbage-first heap   total 262144K, used 94956K [0x00000000e0000000, 0x0000000100000000)
  region size 1024K, 86 young (88064K), 12 survivors (12288K)
 Metaspace       used 31552K, committed 31808K, reserved 393216K
  class space    used 4236K, committed 4352K, reserved 327680K
}
Event: 33.578 GC heap after
{Heap after GC invocations=5 (full 0):
 garbage-first heap   total 262144K, used 24608K [0x00000000e0000000, 0x0000000100000000)
  region size 1024K, 5 young (5120K), 5 survivors (5120K)
 Metaspace       used 31552K, committed 31808K, reserved 393216K
  class space    used 4236K, committed 4352K, reserved 327680K
}
Event: 34.450 GC heap before
{Heap before GC invocations=5 (full 0):
 garbage-first heap   total 262144K, used 30752K [0x00000000e0000000, 0x0000000100000000)
  region size 1024K, 12 young (12288K), 5 survivors (5120K)
 Metaspace       used 32495K, committed 32768K, reserved 393216K
  class space    used 4376K, committed 4480K, reserved 327680K
}
Event: 34.461 GC heap after
{Heap after GC invocations=6 (full 0):
 garbage-first heap   total 262144K, used 24672K [0x00000000e0000000, 0x0000000100000000)
  region size 1024K, 1 young (1024K), 1 survivors (1024K)
 Metaspace       used 32495K, committed 32768K, reserved 393216K
  class space    used 4376K, committed 4480K, reserved 327680K
}
Event: 36.545 GC heap before
{Heap before GC invocations=6 (full 0):
 garbage-first heap   total 262144K, used 52320K [0x00000000e0000000, 0x0000000100000000)
  region size 1024K, 29 young (29696K), 1 survivors (1024K)
 Metaspace       used 35619K, committed 35968K, reserved 393216K
  class space    used 4879K, committed 5056K, reserved 327680K
}
Event: 36.552 GC heap after
{Heap after GC invocations=7 (full 0):
 garbage-first heap   total 262144K, used 25397K [0x00000000e0000000, 0x0000000100000000)
  region size 1024K, 2 young (2048K), 2 survivors (2048K)
 Metaspace       used 35619K, committed 35968K, reserved 393216K
  class space    used 4879K, committed 5056K, reserved 327680K
}
Event: 54.249 GC heap before
{Heap before GC invocations=8 (full 0):
 garbage-first heap   total 262144K, used 186165K [0x00000000e0000000, 0x0000000100000000)
  region size 1024K, 153 young (156672K), 2 survivors (2048K)
 Metaspace       used 55174K, committed 55680K, reserved 393216K
  class space    used 7444K, committed 7680K, reserved 327680K
}
Event: 54.455 GC heap after
{Heap after GC invocations=9 (full 0):
 garbage-first heap   total 262144K, used 35726K [0x00000000e0000000, 0x0000000100000000)
  region size 1024K, 12 young (12288K), 12 survivors (12288K)
 Metaspace       used 55174K, committed 55680K, reserved 393216K
  class space    used 7444K, committed 7680K, reserved 327680K
}
Event: 54.922 GC heap before
{Heap before GC invocations=9 (full 0):
 garbage-first heap   total 262144K, used 36750K [0x00000000e0000000, 0x0000000100000000)
  region size 1024K, 13 young (13312K), 12 survivors (12288K)
 Metaspace       used 55287K, committed 55808K, reserved 393216K
  class space    used 7460K, committed 7680K, reserved 327680K
}
Event: 54.954 GC heap after
{Heap after GC invocations=10 (full 0):
 garbage-first heap   total 262144K, used 35744K [0x00000000e0000000, 0x0000000100000000)
  region size 1024K, 2 young (2048K), 2 survivors (2048K)
 Metaspace       used 55287K, committed 55808K, reserved 393216K
  class space    used 7460K, committed 7680K, reserved 327680K
}
Event: 60.488 GC heap before
{Heap before GC invocations=10 (full 0):
 garbage-first heap   total 262144K, used 88992K [0x00000000e0000000, 0x0000000100000000)
  region size 1024K, 55 young (56320K), 2 survivors (2048K)
 Metaspace       used 59573K, committed 60096K, reserved 393216K
  class space    used 8130K, committed 8384K, reserved 327680K
}
Event: 60.500 GC heap after
{Heap after GC invocations=11 (full 0):
 garbage-first heap   total 262144K, used 37285K [0x00000000e0000000, 0x0000000100000000)
  region size 1024K, 3 young (3072K), 3 survivors (3072K)
 Metaspace       used 59573K, committed 60096K, reserved 393216K
  class space    used 8130K, committed 8384K, reserved 327680K
}
Event: 83.638 GC heap before
{Heap before GC invocations=12 (full 0):
 garbage-first heap   total 262144K, used 190885K [0x00000000e0000000, 0x0000000100000000)
  region size 1024K, 153 young (156672K), 3 survivors (3072K)
 Metaspace       used 65720K, committed 66240K, reserved 393216K
  class space    used 8887K, committed 9152K, reserved 327680K
}
Event: 83.720 GC heap after
{Heap after GC invocations=13 (full 0):
 garbage-first heap   total 262144K, used 49276K [0x00000000e0000000, 0x0000000100000000)
  region size 1024K, 15 young (15360K), 15 survivors (15360K)
 Metaspace       used 65720K, committed 66240K, reserved 393216K
  class space    used 8887K, committed 9152K, reserved 327680K
}
Event: 101.739 GC heap before
{Heap before GC invocations=13 (full 0):
 garbage-first heap   total 262144K, used 190588K [0x00000000e0000000, 0x0000000100000000)
  region size 1024K, 153 young (156672K), 15 survivors (15360K)
 Metaspace       used 70225K, committed 70784K, reserved 393216K
  class space    used 9585K, committed 9856K, reserved 327680K
}
Event: 101.923 GC heap after
{Heap after GC invocations=14 (full 0):
 garbage-first heap   total 262144K, used 63538K [0x00000000e0000000, 0x0000000100000000)
  region size 1024K, 18 young (18432K), 18 survivors (18432K)
 Metaspace       used 70225K, committed 70784K, reserved 393216K
  class space    used 9585K, committed 9856K, reserved 327680K
}

Dll operation events (3 events):
Event: 0.117 Loaded shared library C:\Program Files\JetBrains\IntelliJ IDEA 2023.2\jbr\bin\java.dll
Event: 1.325 Loaded shared library C:\Program Files\JetBrains\IntelliJ IDEA 2023.2\jbr\bin\zip.dll
Event: 4.149 Loaded shared library C:\Program Files\JetBrains\IntelliJ IDEA 2023.2\jbr\bin\verify.dll

Deoptimization events (20 events):
Event: 114.020 Thread 0x000002426c7f94d0 Uncommon trap: trap_request=0xffffffc6 fr.pc=0x0000024259bcc70c relative=0x000000000000050c
Event: 114.020 Thread 0x000002426c7f94d0 Uncommon trap: reason=bimorphic_or_optimized_type_check action=maybe_recompile pc=0x0000024259bcc70c method=java.util.Collections$UnmodifiableCollection.contains(Ljava/lang/Object;)Z @ 5 c2
Event: 114.020 Thread 0x000002426c7f94d0 DEOPT PACKING pc=0x0000024259bcc70c sp=0x0000006b7fbf7c30
Event: 114.020 Thread 0x000002426c7f94d0 DEOPT UNPACKING pc=0x00000242592a69a3 sp=0x0000006b7fbf7bd8 mode 2
Event: 114.027 Thread 0x000002426c7f94d0 Uncommon trap: trap_request=0xffffffc6 fr.pc=0x0000024259bcc70c relative=0x000000000000050c
Event: 114.027 Thread 0x000002426c7f94d0 Uncommon trap: reason=bimorphic_or_optimized_type_check action=maybe_recompile pc=0x0000024259bcc70c method=java.util.Collections$UnmodifiableCollection.contains(Ljava/lang/Object;)Z @ 5 c2
Event: 114.027 Thread 0x000002426c7f94d0 DEOPT PACKING pc=0x0000024259bcc70c sp=0x0000006b7fbf7c30
Event: 114.027 Thread 0x000002426c7f94d0 DEOPT UNPACKING pc=0x00000242592a69a3 sp=0x0000006b7fbf7bd8 mode 2
Event: 114.047 Thread 0x000002426c7f94d0 Uncommon trap: trap_request=0xffffff45 fr.pc=0x0000024259de69e0 relative=0x0000000000000b80
Event: 114.047 Thread 0x000002426c7f94d0 Uncommon trap: reason=unstable_if action=reinterpret pc=0x0000024259de69e0 method=java.util.HashMap.removeNode(ILjava/lang/Object;Ljava/lang/Object;ZZ)Ljava/util/HashMap$Node; @ 62 c2
Event: 114.047 Thread 0x000002426c7f94d0 DEOPT PACKING pc=0x0000024259de69e0 sp=0x0000006b7fbf7b90
Event: 114.047 Thread 0x000002426c7f94d0 DEOPT UNPACKING pc=0x00000242592a69a3 sp=0x0000006b7fbf7b20 mode 2
Event: 114.111 Thread 0x000002426c7f94d0 Uncommon trap: trap_request=0xffffffde fr.pc=0x0000024259c88ce4 relative=0x00000000000004e4
Event: 114.111 Thread 0x000002426c7f94d0 Uncommon trap: reason=class_check action=maybe_recompile pc=0x0000024259c88ce4 method=java.util.stream.FindOps$FindOp.evaluateSequential(Ljava/util/stream/PipelineHelper;Ljava/util/Spliterator;)Ljava/lang/Object; @ 5 c2
Event: 114.111 Thread 0x000002426c7f94d0 DEOPT PACKING pc=0x0000024259c88ce4 sp=0x0000006b7fbf7dc0
Event: 114.111 Thread 0x000002426c7f94d0 DEOPT UNPACKING pc=0x00000242592a69a3 sp=0x0000006b7fbf7d88 mode 2
Event: 114.166 Thread 0x000002426c7f94d0 Uncommon trap: trap_request=0xffffffc6 fr.pc=0x0000024259c2f618 relative=0x0000000000000058
Event: 114.166 Thread 0x000002426c7f94d0 Uncommon trap: reason=bimorphic_or_optimized_type_check action=maybe_recompile pc=0x0000024259c2f618 method=java.util.AbstractQueue.add(Ljava/lang/Object;)Z @ 2 c2
Event: 114.166 Thread 0x000002426c7f94d0 DEOPT PACKING pc=0x0000024259c2f618 sp=0x0000006b7fbf7d70
Event: 114.166 Thread 0x000002426c7f94d0 DEOPT UNPACKING pc=0x00000242592a69a3 sp=0x0000006b7fbf7d38 mode 2

Classes unloaded (0 events):
No events

Classes redefined (0 events):
No events

Internal exceptions (20 events):
Event: 110.830 Thread 0x000002426c7f94d0 Exception <a 'sun/nio/fs/WindowsException'{0x00000000ebbf3a70}> (0x00000000ebbf3a70) 
thrown [s\src\hotspot\share\prims\jni.cpp, line 517]
Event: 110.833 Thread 0x000002426c7f94d0 Exception <a 'sun/nio/fs/WindowsException'{0x00000000eba00b40}> (0x00000000eba00b40) 
thrown [s\src\hotspot\share\prims\jni.cpp, line 517]
Event: 110.840 Thread 0x000002426c7f94d0 Exception <a 'sun/nio/fs/WindowsException'{0x00000000eba0e300}> (0x00000000eba0e300) 
thrown [s\src\hotspot\share\prims\jni.cpp, line 517]
Event: 110.841 Thread 0x000002426c7f94d0 Exception <a 'sun/nio/fs/WindowsException'{0x00000000eba0e6c0}> (0x00000000eba0e6c0) 
thrown [s\src\hotspot\share\prims\jni.cpp, line 517]
Event: 110.847 Thread 0x000002426c7f94d0 Exception <a 'sun/nio/fs/WindowsException'{0x00000000eba4a010}> (0x00000000eba4a010) 
thrown [s\src\hotspot\share\prims\jni.cpp, line 517]
Event: 110.847 Thread 0x000002426c7f94d0 Exception <a 'sun/nio/fs/WindowsException'{0x00000000eba4a400}> (0x00000000eba4a400) 
thrown [s\src\hotspot\share\prims\jni.cpp, line 517]
Event: 110.850 Thread 0x000002426c7f94d0 Exception <a 'sun/nio/fs/WindowsException'{0x00000000eba71718}> (0x00000000eba71718) 
thrown [s\src\hotspot\share\prims\jni.cpp, line 517]
Event: 110.850 Thread 0x000002426c7f94d0 Exception <a 'sun/nio/fs/WindowsException'{0x00000000eba71b58}> (0x00000000eba71b58) 
thrown [s\src\hotspot\share\prims\jni.cpp, line 517]
Event: 110.854 Thread 0x000002426c7f94d0 Exception <a 'sun/nio/fs/WindowsException'{0x00000000eba965f8}> (0x00000000eba965f8) 
thrown [s\src\hotspot\share\prims\jni.cpp, line 517]
Event: 110.854 Thread 0x000002426c7f94d0 Exception <a 'sun/nio/fs/WindowsException'{0x00000000eba969e0}> (0x00000000eba969e0) 
thrown [s\src\hotspot\share\prims\jni.cpp, line 517]
Event: 110.867 Thread 0x000002426c7f94d0 Exception <a 'sun/nio/fs/WindowsException'{0x00000000ebaf9690}> (0x00000000ebaf9690) 
thrown [s\src\hotspot\share\prims\jni.cpp, line 517]
Event: 110.917 Thread 0x000002426c7f94d0 Exception <a 'sun/nio/fs/WindowsException'{0x00000000eb7e3a58}> (0x00000000eb7e3a58) 
thrown [s\src\hotspot\share\prims\jni.cpp, line 517]
Event: 110.917 Thread 0x000002426c7f94d0 Exception <a 'sun/nio/fs/WindowsException'{0x00000000eb7e3e00}> (0x00000000eb7e3e00) 
thrown [s\src\hotspot\share\prims\jni.cpp, line 517]
Event: 110.967 Thread 0x000002426c7f94d0 Exception <a 'sun/nio/fs/WindowsException'{0x00000000eb5207f0}> (0x00000000eb5207f0) 
thrown [s\src\hotspot\share\prims\jni.cpp, line 517]
Event: 110.967 Thread 0x000002426c7f94d0 Exception <a 'sun/nio/fs/WindowsException'{0x00000000eb520bf8}> (0x00000000eb520bf8) 
thrown [s\src\hotspot\share\prims\jni.cpp, line 517]
Event: 114.047 Thread 0x000002426c7f94d0 Implicit null exception at 0x0000024259de631e to 0x0000024259de69a0
Event: 114.104 Thread 0x000002426c7f94d0 Exception <a 'sun/nio/fs/WindowsException'{0x00000000e94fcf18}> (0x00000000e94fcf18) 
thrown [s\src\hotspot\share\prims\jni.cpp, line 517]
Event: 114.105 Thread 0x000002426c7f94d0 Exception <a 'sun/nio/fs/WindowsException'{0x00000000e94fd2a8}> (0x00000000e94fd2a8) 
thrown [s\src\hotspot\share\prims\jni.cpp, line 517]
Event: 114.269 Thread 0x000002426c7f94d0 Exception <a 'sun/nio/fs/WindowsException'{0x00000000e93c63d0}> (0x00000000e93c63d0) 
thrown [s\src\hotspot\share\prims\jni.cpp, line 517]
Event: 114.270 Thread 0x000002426c7f94d0 Exception <a 'sun/nio/fs/WindowsException'{0x00000000e93c6760}> (0x00000000e93c6760) 
thrown [s\src\hotspot\share\prims\jni.cpp, line 517]

VM Operations (20 events):
Event: 107.530 Executing VM operation: HandshakeAllThreads
Event: 107.550 Executing VM operation: HandshakeAllThreads done
Event: 108.562 Executing VM operation: Cleanup
Event: 108.578 Executing VM operation: Cleanup done
Event: 109.568 Executing VM operation: HandshakeAllThreads
Event: 109.592 Executing VM operation: HandshakeAllThreads done
Event: 109.592 Executing VM operation: Cleanup
Event: 109.627 Executing VM operation: Cleanup done
Event: 110.198 Executing VM operation: HandshakeAllThreads
Event: 110.199 Executing VM operation: HandshakeAllThreads done
Event: 110.440 Executing VM operation: HandshakeAllThreads
Event: 110.440 Executing VM operation: HandshakeAllThreads done
Event: 110.696 Executing VM operation: ICBufferFull
Event: 110.697 Executing VM operation: ICBufferFull done
Event: 111.704 Executing VM operation: Cleanup
Event: 111.721 Executing VM operation: Cleanup done
Event: 112.723 Executing VM operation: Cleanup
Event: 112.748 Executing VM operation: Cleanup done
Event: 113.760 Executing VM operation: Cleanup
Event: 113.761 Executing VM operation: Cleanup done

Events (20 events):
Event: 111.816 loading class java/text/BreakIterator
Event: 111.817 loading class java/text/BreakIterator done
Event: 112.068 loading class java/util/regex/Pattern$LookBehindEndNode
Event: 112.068 loading class java/util/regex/Pattern$LookBehindEndNode done
Event: 112.068 loading class java/util/regex/Pattern$NotBehind
Event: 112.069 loading class java/util/regex/Pattern$NotBehind done
Event: 112.187 loading class java/util/Vector$1
Event: 112.187 loading class java/util/Vector$1 done
Event: 112.207 loading class java/io/PushbackInputStream
Event: 112.208 loading class java/io/PushbackInputStream done
Event: 113.570 loading class java/util/Collections$UnmodifiableSortedSet
Event: 113.570 loading class java/util/Collections$UnmodifiableSortedSet done
Event: 113.660 loading class java/util/IdentityHashMap$EntrySet
Event: 113.661 loading class java/util/IdentityHashMap$EntrySet done
Event: 113.661 loading class java/util/IdentityHashMap$EntryIterator
Event: 113.661 loading class java/util/IdentityHashMap$EntryIterator done
Event: 113.661 loading class java/util/IdentityHashMap$EntryIterator$Entry
Event: 113.661 loading class java/util/IdentityHashMap$EntryIterator$Entry done
Event: 113.937 loading class sun/reflect/generics/repository/FieldRepository
Event: 113.938 loading class sun/reflect/generics/repository/FieldRepository done


Dynamic libraries:
0x00007ff7aec60000 - 0x00007ff7aec6a000 	C:\Program Files\JetBrains\IntelliJ IDEA 2023.2\jbr\bin\java.exe
0x00007fffb5eb0000 - 0x00007fffb60c7000 	C:\WINDOWS\SYSTEM32\ntdll.dll
0x00007fffb4a30000 - 0x00007fffb4af4000 	C:\WINDOWS\System32\KERNEL32.DLL
0x00007fffb35f0000 - 0x00007fffb39a7000 	C:\WINDOWS\System32\KERNELBASE.dll
0x00007fffb3310000 - 0x00007fffb3421000 	C:\WINDOWS\System32\ucrtbase.dll
0x00007fffa0490000 - 0x00007fffa04a7000 	C:\Program Files\JetBrains\IntelliJ IDEA 2023.2\jbr\bin\jli.dll
0x00007fffb5af0000 - 0x00007fffb5c9f000 	C:\WINDOWS\System32\USER32.dll
0x00007fffb31c0000 - 0x00007fffb31e6000 	C:\WINDOWS\System32\win32u.dll
0x00007fffb3ef0000 - 0x00007fffb3f19000 	C:\WINDOWS\System32\GDI32.dll
0x00007fffb31f0000 - 0x00007fffb3308000 	C:\WINDOWS\System32\gdi32full.dll
0x00007fffb3430000 - 0x00007fffb34ca000 	C:\WINDOWS\System32\msvcp_win.dll
0x00007fffab110000 - 0x00007fffab12b000 	C:\Program Files\JetBrains\IntelliJ IDEA 2023.2\jbr\bin\VCRUNTIME140.dll
0x00007fffa28c0000 - 0x00007fffa2b53000 	C:\WINDOWS\WinSxS\amd64_microsoft.windows.common-controls_6595b64144ccf1df_6.0.22621.3672_none_2713b9d173822955\COMCTL32.dll
0x00007fffb5970000 - 0x00007fffb5a17000 	C:\WINDOWS\System32\msvcrt.dll
0x00007fffb3f20000 - 0x00007fffb3f51000 	C:\WINDOWS\System32\IMM32.DLL
0x00007fffaece0000 - 0x00007fffaecec000 	C:\Program Files\JetBrains\IntelliJ IDEA 2023.2\jbr\bin\vcruntime140_1.dll
0x00007fff852d0000 - 0x00007fff8535d000 	C:\Program Files\JetBrains\IntelliJ IDEA 2023.2\jbr\bin\msvcp140.dll
0x00007fff6c5a0000 - 0x00007fff6d220000 	C:\Program Files\JetBrains\IntelliJ IDEA 2023.2\jbr\bin\server\jvm.dll
0x00007fffb4850000 - 0x00007fffb4902000 	C:\WINDOWS\System32\ADVAPI32.dll
0x00007fffb5a40000 - 0x00007fffb5ae8000 	C:\WINDOWS\System32\sechost.dll
0x00007fffb3550000 - 0x00007fffb3578000 	C:\WINDOWS\System32\bcrypt.dll
0x00007fffb4910000 - 0x00007fffb4a24000 	C:\WINDOWS\System32\RPCRT4.dll
0x00007fffab3e0000 - 0x00007fffab3e9000 	C:\WINDOWS\SYSTEM32\WSOCK32.dll
0x00007fffb5380000 - 0x00007fffb53f1000 	C:\WINDOWS\System32\WS2_32.dll
0x00007fffac460000 - 0x00007fffac494000 	C:\WINDOWS\SYSTEM32\WINMM.dll
0x00007fffa9120000 - 0x00007fffa912a000 	C:\WINDOWS\SYSTEM32\VERSION.dll
0x00007fffb2210000 - 0x00007fffb2228000 	C:\WINDOWS\SYSTEM32\kernel.appcore.dll
0x00007fffab1a0000 - 0x00007fffab1aa000 	C:\Program Files\JetBrains\IntelliJ IDEA 2023.2\jbr\bin\jimage.dll
0x00007fffb09c0000 - 0x00007fffb0bf2000 	C:\WINDOWS\SYSTEM32\DBGHELP.DLL
0x00007fffb3f70000 - 0x00007fffb42fe000 	C:\WINDOWS\System32\combase.dll
0x00007fffb5d00000 - 0x00007fffb5dd7000 	C:\WINDOWS\System32\OLEAUT32.dll
0x00007fff9b1a0000 - 0x00007fff9b1d2000 	C:\WINDOWS\SYSTEM32\dbgcore.DLL
0x00007fffb34d0000 - 0x00007fffb354b000 	C:\WINDOWS\System32\bcryptPrimitives.dll
0x00007fffa3a70000 - 0x00007fffa3a7e000 	C:\Program Files\JetBrains\IntelliJ IDEA 2023.2\jbr\bin\instrument.dll
0x00007fffa6230000 - 0x00007fffa6255000 	C:\Program Files\JetBrains\IntelliJ IDEA 2023.2\jbr\bin\java.dll
0x00007fffa5dc0000 - 0x00007fffa5dd8000 	C:\Program Files\JetBrains\IntelliJ IDEA 2023.2\jbr\bin\zip.dll
0x00007fffb4b00000 - 0x00007fffb5369000 	C:\WINDOWS\System32\SHELL32.dll
0x00007fffb1130000 - 0x00007fffb1a2f000 	C:\WINDOWS\SYSTEM32\windows.storage.dll
0x00007fffb0ff0000 - 0x00007fffb112f000 	C:\WINDOWS\SYSTEM32\wintypes.dll
0x00007fffb55b0000 - 0x00007fffb56a9000 	C:\WINDOWS\System32\SHCORE.dll
0x00007fffb5ca0000 - 0x00007fffb5cfe000 	C:\WINDOWS\System32\shlwapi.dll
0x00007fffb30f0000 - 0x00007fffb3117000 	C:\WINDOWS\SYSTEM32\profapi.dll
0x00007fffa5830000 - 0x00007fffa5849000 	C:\Program Files\JetBrains\IntelliJ IDEA 2023.2\jbr\bin\net.dll
0x00007fffaba20000 - 0x00007fffabb56000 	C:\WINDOWS\SYSTEM32\WINHTTP.dll
0x00007fffb2680000 - 0x00007fffb26e9000 	C:\WINDOWS\system32\mswsock.dll
0x00007fffa3700000 - 0x00007fffa3716000 	C:\Program Files\JetBrains\IntelliJ IDEA 2023.2\jbr\bin\nio.dll
0x00007fffa95b0000 - 0x00007fffa95c0000 	C:\Program Files\JetBrains\IntelliJ IDEA 2023.2\jbr\bin\verify.dll
0x00007fff57bb0000 - 0x00007fff57bd7000 	C:\Users\TUONG VY\.gradle\native\c067742578af261105cb4f569cf0c3c89f3d7b1fecec35dd04571415982c5e48\windows-amd64\native-platform.dll
0x00007fff57190000 - 0x00007fff572d4000 	C:\Users\TUONG VY\.gradle\native\100fb08df4bc3b14c8652ba06237920a3bd2aa13389f12d3474272988ae205f9\windows-amd64\native-platform-file-events.dll
0x00007fffa4c50000 - 0x00007fffa4c59000 	C:\Program Files\JetBrains\IntelliJ IDEA 2023.2\jbr\bin\management.dll
0x00007fffa3e50000 - 0x00007fffa3e5b000 	C:\Program Files\JetBrains\IntelliJ IDEA 2023.2\jbr\bin\management_ext.dll
0x00007fffb4300000 - 0x00007fffb4308000 	C:\WINDOWS\System32\PSAPI.DLL
0x00007fffb28d0000 - 0x00007fffb28eb000 	C:\WINDOWS\SYSTEM32\CRYPTSP.dll
0x00007fffb2170000 - 0x00007fffb21a5000 	C:\WINDOWS\system32\rsaenh.dll
0x00007fffb2770000 - 0x00007fffb2798000 	C:\WINDOWS\SYSTEM32\USERENV.dll
0x00007fffb28f0000 - 0x00007fffb28fc000 	C:\WINDOWS\SYSTEM32\CRYPTBASE.dll
0x00007fffb1c90000 - 0x00007fffb1cbd000 	C:\WINDOWS\SYSTEM32\IPHLPAPI.DLL
0x00007fffb5370000 - 0x00007fffb5379000 	C:\WINDOWS\System32\NSI.dll
0x00007fffabe60000 - 0x00007fffabe79000 	C:\WINDOWS\SYSTEM32\dhcpcsvc6.DLL
0x00007fffab8e0000 - 0x00007fffab8ff000 	C:\WINDOWS\SYSTEM32\dhcpcsvc.DLL
0x00007fffb1d00000 - 0x00007fffb1e02000 	C:\WINDOWS\SYSTEM32\DNSAPI.dll
0x00007fffa58e0000 - 0x00007fffa58ee000 	C:\Program Files\JetBrains\IntelliJ IDEA 2023.2\jbr\bin\sunmscapi.dll
0x00007fffb39b0000 - 0x00007fffb3b16000 	C:\WINDOWS\System32\CRYPT32.dll
0x00007fffb2a70000 - 0x00007fffb2a9d000 	C:\WINDOWS\SYSTEM32\ncrypt.dll
0x00007fffb2a30000 - 0x00007fffb2a67000 	C:\WINDOWS\SYSTEM32\NTASN1.dll
0x00007fffa4d50000 - 0x00007fffa4d58000 	C:\WINDOWS\system32\wshunix.dll

dbghelp: loaded successfully - version: 4.0.5 - missing functions: none
symbol engine: initialized successfully - sym options: 0x614 - pdb path: .;C:\Program Files\JetBrains\IntelliJ IDEA 2023.2\jbr\bin;C:\WINDOWS\SYSTEM32;C:\WINDOWS\WinSxS\amd64_microsoft.windows.common-controls_6595b64144ccf1df_6.0.22621.3672_none_2713b9d173822955;C:\Program Files\JetBrains\IntelliJ IDEA 2023.2\jbr\bin\server;C:\Users\TUONG VY\.gradle\native\c067742578af261105cb4f569cf0c3c89f3d7b1fecec35dd04571415982c5e48\windows-amd64;C:\Users\TUONG VY\.gradle\native\100fb08df4bc3b14c8652ba06237920a3bd2aa13389f12d3474272988ae205f9\windows-amd64

VM Arguments:
jvm_args: --add-opens=java.base/java.util=ALL-UNNAMED --add-opens=java.base/java.lang=ALL-UNNAMED --add-opens=java.base/java.lang.invoke=ALL-UNNAMED --add-opens=java.prefs/java.util.prefs=ALL-UNNAMED --add-exports=jdk.compiler/com.sun.tools.javac.api=ALL-UNNAMED --add-exports=jdk.compiler/com.sun.tools.javac.util=ALL-UNNAMED --add-opens=java.base/java.nio.charset=ALL-UNNAMED --add-opens=java.base/java.net=ALL-UNNAMED --add-opens=java.base/java.util.concurrent.atomic=ALL-UNNAMED -XX:MaxMetaspaceSize=384m -XX:+HeapDumpOnOutOfMemoryError -Xms256m -Xmx512m -Dfile.encoding=windows-1252 -Duser.country=US -Duser.language=en -Duser.variant -javaagent:C:\Users\TUONG VY\.gradle\wrapper\dists\gradle-8.10.2-bin\a04bxjujx95o3nb99gddekhwo\gradle-8.10.2\lib\agents\gradle-instrumentation-agent-8.10.2.jar 
java_command: org.gradle.launcher.daemon.bootstrap.GradleDaemon 8.10.2
java_class_path (initial): C:\Users\TUONG VY\.gradle\wrapper\dists\gradle-8.10.2-bin\a04bxjujx95o3nb99gddekhwo\gradle-8.10.2\lib\gradle-daemon-main-8.10.2.jar
Launcher Type: SUN_STANDARD

[Global flags]
     intx CICompilerCount                          = 3                                         {product} {ergonomic}
   size_t CompressedClassSpaceSize                 = 335544320                                 {product} {ergonomic}
     uint ConcGCThreads                            = 1                                         {product} {ergonomic}
     uint G1ConcRefinementThreads                  = 4                                         {product} {ergonomic}
   size_t G1HeapRegionSize                         = 1048576                                   {product} {ergonomic}
    uintx GCDrainStackTargetSize                   = 64                                        {product} {ergonomic}
     bool HeapDumpOnOutOfMemoryError               = true                                   {manageable} {command line}
   size_t InitialHeapSize                          = 268435456                                 {product} {command line}
   size_t MarkStackSize                            = 4194304                                   {product} {ergonomic}
   size_t MaxHeapSize                              = 536870912                                 {product} {command line}
   size_t MaxMetaspaceSize                         = 402653184                                 {product} {command line}
   size_t MaxNewSize                               = 321912832                                 {product} {ergonomic}
   size_t MinHeapDeltaBytes                        = 1048576                                   {product} {ergonomic}
   size_t MinHeapSize                              = 268435456                                 {product} {command line}
    uintx NonNMethodCodeHeapSize                   = 5832780                                {pd product} {ergonomic}
    uintx NonProfiledCodeHeapSize                  = 122912730                              {pd product} {ergonomic}
    uintx ProfiledCodeHeapSize                     = 122912730                              {pd product} {ergonomic}
    uintx ReservedCodeCacheSize                    = 251658240                              {pd product} {ergonomic}
     bool SegmentedCodeCache                       = true                                      {product} {ergonomic}
   size_t SoftMaxHeapSize                          = 536870912                              {manageable} {ergonomic}
     bool UseCompressedClassPointers               = true                           {product lp64_product} {ergonomic}
     bool UseCompressedOops                        = true                           {product lp64_product} {ergonomic}
     bool UseG1GC                                  = true                                      {product} {ergonomic}
     bool UseLargePagesIndividualAllocation        = false                                  {pd product} {ergonomic}

Logging:
Log output configuration:
 #0: stdout all=warning uptime,level,tags
 #1: stderr all=off uptime,level,tags

Environment Variables:
PATH=C:\Python312\Scripts\;C:\Python312\;C:\Program Files\Common Files\Oracle\Java\javapath;C:\Program Files (x86)\Common Files\Oracle\Java\javapath;C:\WINDOWS\system32;C:\WINDOWS;C:\WINDOWS\System32\Wbem;C:\WINDOWS\System32\WindowsPowerShell\v1.0\;C:\WINDOWS\System32\OpenSSH\;C:\Program Files\Git\cmd;C:\Program Files\Microsoft SQL Server\150\Tools\Binn\;C:\Program Files\Microsoft SQL Server\Client SDK\ODBC\170\Tools\Binn\;C:\Program Files\dotnet\;C:\Program Files (x86)\Windows Kits\10\Windows Performance Toolkit\;C:\Program Files\nodejs\;C:\ProgramData\chocolatey\bin;C:\Users\TUONG VY\AppData\Local\Microsoft\WindowsApps;C:\Program Files\JetBrains\IntelliJ IDEA 2023.2\bin;;D:\Microsoft VS Code\bin;D:\flutter_windows_3.19.5-stable\flutter\bin;C:\Users\TUONG VY\.dotnet\tools;C:\Users\TUONG VY\AppData\Roaming\npm
USERNAME=TUONG VY
OS=Windows_NT
PROCESSOR_IDENTIFIER=AMD64 Family 23 Model 24 Stepping 1, AuthenticAMD
TMP=C:\Users\TUONGV~1\AppData\Local\Temp
TEMP=C:\Users\TUONGV~1\AppData\Local\Temp


JNI global refs:
JNI global refs: 26, weak refs: 7

JNI global refs memory usage: 843, weak refs: 841

OOME stack traces (most recent first):
Classloader memory used:
Loader org.gradle.internal.classloader.VisitableURLClassLoader                         : 4172K
Loader bootstrap                                                                       : 2593K
Loader org.gradle.initialization.MixInLegacyTypesClassLoader                           : 1446K
Loader jdk.internal.loader.ClassLoaders$AppClassLoader                                 : 934K
Loader org.gradle.internal.classloader.VisitableURLClassLoader$InstrumentingVisitableURLClassLoader: 310K
Loader lombok.launch.ShadowClassLoader                                                 : 164K
Loader jdk.internal.loader.ClassLoaders$PlatformClassLoader                            : 100095B
Loader jdk.internal.reflect.DelegatingClassLoader                                      : 26621B
Loader org.gradle.groovy.scripts.internal.DefaultScriptCompilationHandler$ScriptClassLoader: 12920B
Loader java.net.URLClassLoader                                                         : 9431B
Loader org.codehaus.groovy.runtime.callsite.CallSiteClassLoader                        : 2924B
Loader org.gradle.internal.classloader.VisitableURLClassLoader                         : 2386B

Classes loaded by more than one classloader:
Class org.gradle.internal.installation.GradleInstallation                             : loaded 2 times (x 73B)
Class org.gradle.internal.classpath.ClassPath                                         : loaded 2 times (x 68B)
Class org.gradle.api.internal.classpath.DefaultModuleRegistry                         : loaded 2 times (x 84B)
Class org.gradle.api.Action                                                           : loaded 2 times (x 68B)
Class org.gradle.api.internal.DefaultClassPathProvider                                : loaded 2 times (x 74B)
Class org.gradle.internal.installation.GradleInstallation$1                           : loaded 2 times (x 73B)
Class org.gradle.internal.classloader.FilteringClassLoader                            : loaded 2 times (x 102B)
Class org.gradle.internal.classpath.DefaultClassPath$ImmutableUniqueList$Builder      : loaded 2 times (x 73B)
Class build_775mekhpeyteigwl4olvvx67q                                                 : loaded 2 times (x 178B)
Class org.gradle.internal.classloader.ClassLoaderVisitor                              : loaded 2 times (x 74B)
Class org.gradle.internal.service.DefaultServiceLocator                               : loaded 2 times (x 81B)
Class org.gradle.internal.service.UnknownServiceException                             : loaded 2 times (x 81B)
Class org.gradle.internal.classloader.DefaultClassLoaderFactory                       : loaded 2 times (x 80B)
Class org.gradle.internal.classloader.VisitableURLClassLoader$Spec                    : loaded 2 times (x 72B)
Class org.gradle.api.GradleException                                                  : loaded 2 times (x 80B)
Class org.gradle.api.internal.classpath.ModuleRegistry                                : loaded 2 times (x 68B)
Class org.gradle.api.internal.ClassPathProvider                                       : loaded 2 times (x 68B)
Class org.gradle.internal.classloader.ClasspathUtil$1                                 : loaded 2 times (x 74B)
Class org.gradle.internal.classloader.ClassLoaderFactory                              : loaded 2 times (x 68B)
Class org.gradle.api.internal.classpath.ManifestUtil                                  : loaded 2 times (x 69B)
Class org.gradle.api.specs.Spec                                                       : loaded 2 times (x 68B)
Class org.gradle.internal.IoActions                                                   : loaded 2 times (x 69B)
Class org.gradle.api.internal.classpath.EffectiveClassPath                            : loaded 2 times (x 88B)
Class org.gradle.internal.installation.CurrentGradleInstallation                      : loaded 2 times (x 71B)
Class org.gradle.internal.installation.CurrentGradleInstallationLocator               : loaded 2 times (x 69B)
Class org.gradle.api.internal.classpath.Module                                        : loaded 2 times (x 68B)
Class org.gradle.internal.service.CachingServiceLocator                               : loaded 2 times (x 80B)
Class org.gradle.internal.classpath.DefaultClassPath                                  : loaded 2 times (x 88B)
Class org.gradle.internal.classloader.SystemClassLoaderSpec                           : loaded 2 times (x 69B)
Class org.gradle.api.UncheckedIOException                                             : loaded 2 times (x 80B)
Class org.gradle.api.internal.classpath.GlobalCacheRootsProvider                      : loaded 2 times (x 68B)
Class org.gradle.internal.classloader.ClasspathUtil                                   : loaded 2 times (x 69B)
Class org.gradle.api.internal.DefaultClassPathRegistry                                : loaded 2 times (x 74B)
Class org.gradle.api.internal.classpath.DefaultModuleRegistry$DefaultModule           : loaded 2 times (x 84B)
Class org.gradle.api.internal.classpath.UnknownModuleException                        : loaded 2 times (x 80B)
Class org.gradle.internal.service.ServiceLookupException                              : loaded 2 times (x 80B)
Class [Lorg.gradle.api.internal.ClassPathProvider;                                    : loaded 2 times (x 67B)
Class org.gradle.util.internal.GUtil                                                  : loaded 2 times (x 69B)
Class org.gradle.internal.classloader.ClassLoaderSpec                                 : loaded 2 times (x 69B)
Class org.gradle.internal.classloader.InstrumentingClassLoader                        : loaded 2 times (x 68B)
Class org.gradle.internal.classloader.VisitableURLClassLoader                         : loaded 2 times (x 114B)
Class org.gradle.internal.Cast                                                        : loaded 2 times (x 69B)
Class org.gradle.api.internal.ClassPathRegistry                                       : loaded 2 times (x 68B)
Class org.gradle.internal.classloader.VisitableURLClassLoader$InstrumentingVisitableURLClassLoader: loaded 2 times (x 120B)
Class org.gradle.internal.classloader.ClassLoaderHierarchy                            : loaded 2 times (x 68B)
Class org.gradle.internal.InternalTransformer                                         : loaded 2 times (x 68B)
Class org.gradle.internal.service.ServiceLocator                                      : loaded 2 times (x 68B)
Class org.gradle.internal.classpath.DefaultClassPath$ImmutableUniqueList              : loaded 2 times (x 159B)
Class org.gradle.internal.classpath.TransformedClassPath                              : loaded 2 times (x 94B)
Class build_775mekhpeyteigwl4olvvx67q$_run_closure1                                   : loaded 2 times (x 137B)


---------------  S Y S T E M  ---------------

OS:
 Windows 11 , 64 bit Build 22621 (10.0.22621.3958)
OS uptime: 13 days 1:50 hours

CPU: total 4 (initial active 4) (4 cores per cpu, 2 threads per core) family 23 model 24 stepping 1 microcode 0x0, cx8, cmov, fxsr, ht, mmx, 3dnowpref, sse, sse2, sse3, ssse3, sse4a, sse4.1, sse4.2, popcnt, lzcnt, tsc, tscinvbit, avx, avx2, aes, clmul, bmi1, bmi2, adx, sha, fma, vzeroupper, clflush, clflushopt

Memory: 4k page, system-wide physical 3534M (120M free)
TotalPageFile size 14286M (AvailPageFile size 0M)
current process WorkingSet (physical memory assigned to process): 218M, peak: 302M
current process commit charge ("private bytes"): 495M, peak: 498M

vm_info: OpenJDK 64-Bit Server VM (17.0.7+7-b1000.6) for windows-amd64 JRE (17.0.7+7-b1000.6), built on 2023-07-07 by "builduser" with MS VC++ 16.10 / 16.11 (VS2019)

END.
