#
# There is insufficient memory for the Java Runtime Environment to continue.
# Native memory allocation (malloc) failed to allocate 911776 bytes for Chunk::new
# Possible reasons:
#   The system is out of physical RAM or swap space
#   The process is running with CompressedOops enabled, and the Java Heap may be blocking the growth of the native heap
# Possible solutions:
#   Reduce memory load on the system
#   Increase physical memory or swap space
#   Check if swap backing store is full
#   Decrease Java heap size (-Xmx/-Xms)
#   Decrease number of Java threads
#   Decrease Java thread stack sizes (-Xss)
#   Set larger code cache with -XX:ReservedCodeCacheSize=
#   JVM is running with Unscaled Compressed Oops mode in which the Java heap is
#     placed in the first 4GB address space. The Java Heap base address is the
#     maximum limit for the native heap growth. Please use -XX:HeapBaseMinAddress
#     to set the Java Heap base and to place the Java Heap above 4GB virtual address.
# This output file may be truncated or incomplete.
#
#  Out of Memory Error (arena.cpp:189), pid=16104, tid=21152
#
# JRE version: OpenJDK Runtime Environment JBR-17.0.7+7-1000.6-jcef (17.0.7+7) (build 17.0.7+7-b1000.6)
# Java VM: OpenJDK 64-Bit Server VM JBR-17.0.7+7-1000.6-jcef (17.0.7+7-b1000.6, mixed mode, tiered, compressed oops, compressed class ptrs, g1 gc, windows-amd64)
# No core dump will be written. Minidumps are not enabled by default on client versions of Windows
#

---------------  S U M M A R Y ------------

Command Line: --add-opens=java.base/java.util=ALL-UNNAMED --add-opens=java.base/java.lang=ALL-UNNAMED --add-opens=java.base/java.lang.invoke=ALL-UNNAMED --add-opens=java.prefs/java.util.prefs=ALL-UNNAMED --add-exports=jdk.compiler/com.sun.tools.javac.api=ALL-UNNAMED --add-exports=jdk.compiler/com.sun.tools.javac.util=ALL-UNNAMED --add-opens=java.base/java.nio.charset=ALL-UNNAMED --add-opens=java.base/java.net=ALL-UNNAMED --add-opens=java.base/java.util.concurrent.atomic=ALL-UNNAMED -XX:MaxMetaspaceSize=384m -XX:+HeapDumpOnOutOfMemoryError -Xms256m -Xmx512m -Dfile.encoding=windows-1252 -Duser.country=US -Duser.language=en -Duser.variant -javaagent:C:\Users\TUONG VY\.gradle\wrapper\dists\gradle-8.10.2-bin\a04bxjujx95o3nb99gddekhwo\gradle-8.10.2\lib\agents\gradle-instrumentation-agent-8.10.2.jar org.gradle.launcher.daemon.bootstrap.GradleDaemon 8.10.2

Host: AMD Ryzen 3 3250U with Radeon Graphics         , 4 cores, 3G,  Windows 11 , 64 bit Build 22621 (10.0.22621.3958)
Time: Sun Oct 27 22:40:44 2024 SE Asia Standard Time elapsed time: 111.214510 seconds (0d 0h 1m 51s)

---------------  T H R E A D  ---------------

Current thread (0x0000019b75c2c560):  JavaThread "C2 CompilerThread0" daemon [_thread_in_native, id=21152, stack(0x00000004c8800000,0x00000004c8900000)]


Current CompileTask:
C2: 111214 11270       4       com.sun.tools.javac.code.Symtab::lookupPackage (259 bytes)

Stack: [0x00000004c8800000,0x00000004c8900000]
Native frames: (J=compiled Java code, j=interpreted, Vv=VM code, C=native code)
V  [jvm.dll+0x683bfa]
V  [jvm.dll+0x8430a4]
V  [jvm.dll+0x8449be]
V  [jvm.dll+0x845023]
V  [jvm.dll+0x24ad2f]
V  [jvm.dll+0xac25c]
V  [jvm.dll+0xac82c]
V  [jvm.dll+0x2b218f]
V  [jvm.dll+0x58c2f7]
V  [jvm.dll+0x225a12]
V  [jvm.dll+0x21ee54]
V  [jvm.dll+0x21c56b]
V  [jvm.dll+0x1a605d]
V  [jvm.dll+0x22c148]
V  [jvm.dll+0x22a209]
V  [jvm.dll+0x7f858c]
V  [jvm.dll+0x7f2aea]
V  [jvm.dll+0x682a35]
C  [ucrtbase.dll+0x29333]
C  [KERNEL32.DLL+0x1257d]
C  [ntdll.dll+0x5af08]


---------------  P R O C E S S  ---------------

Threads class SMR info:
_java_thread_list=0x0000019b7b25a8b0, length=94, elements={
0x0000019b5fb11190, 0x0000019b75c02010, 0x0000019b75c03e90, 0x0000019b75abb9d0,
0x0000019b75abcca0, 0x0000019b75abd650, 0x0000019b75abe000, 0x0000019b75c2c560,
0x0000019b75c2ce60, 0x0000019b75ca9c60, 0x0000019b75a2f460, 0x0000019b75e50670,
0x0000019b7b773df0, 0x0000019b7b4a9c10, 0x0000019b7a344580, 0x0000019b7aabc480,
0x0000019b7a342f30, 0x0000019b7a117a30, 0x0000019b7b070fa0, 0x0000019b7b06edf0,
0x0000019b7b06fc60, 0x0000019b7b070600, 0x0000019b7b071470, 0x0000019b7b070ad0,
0x0000019b7b06f2c0, 0x0000019b7b071940, 0x0000019b7b06e920, 0x0000019b7b071e10,
0x0000019b7b06e450, 0x0000019b7c345090, 0x0000019b7c342070, 0x0000019b7c3463d0,
0x0000019b7c340d30, 0x0000019b7c340860, 0x0000019b7c3433b0, 0x0000019b7c344220,
0x0000019b7c345a30, 0x0000019b7c33fec0, 0x0000019b7c342ee0, 0x0000019b7c3416d0,
0x0000019b7c340390, 0x0000019b7c342a10, 0x0000019b7c343880, 0x0000019b7c341ba0,
0x0000019b7c343d50, 0x0000019b7c33f520, 0x0000019b7c345f00, 0x0000019b7c344bc0,
0x0000019b7c342540, 0x0000019b7c345560, 0x0000019b7c3468a0, 0x0000019b7c33f9f0,
0x0000019b7bf578a0, 0x0000019b7bf526d0, 0x0000019b7bf56f00, 0x0000019b7bf51390,
0x0000019b7bf556f0, 0x0000019b7bf51860, 0x0000019b7bf52ba0, 0x0000019b7bf53ee0,
0x0000019b7bf56560, 0x0000019b7bf53a10, 0x0000019b7bf53070, 0x0000019b7bf51d30,
0x0000019b7bf52200, 0x0000019b7bf53540, 0x0000019b7bf543b0, 0x0000019b7bf54880,
0x0000019b7bf54d50, 0x0000019b7bf55220, 0x0000019b7bf55bc0, 0x0000019b7bf56090,
0x0000019b7bf573d0, 0x0000019b7bf57d70, 0x0000019b7bf58240, 0x0000019b7bf58710,
0x0000019b7bf58be0, 0x0000019b7a362ea0, 0x0000019b7a362030, 0x0000019b7a3693b0,
0x0000019b7a364b80, 0x0000019b7a363370, 0x0000019b7a3646b0, 0x0000019b7a368ee0,
0x0000019b7a363d10, 0x0000019b7a3629d0, 0x0000019b7a365050, 0x0000019b7a3659f0,
0x0000019b7a362500, 0x0000019b7a3676d0, 0x0000019b7a361b60, 0x0000019b7a367ba0,
0x0000019b7a367200, 0x0000019b7a3641e0
}

Java Threads: ( => current thread )
  0x0000019b5fb11190 JavaThread "main" [_thread_blocked, id=2848, stack(0x00000004c7b00000,0x00000004c7c00000)]
  0x0000019b75c02010 JavaThread "Reference Handler" daemon [_thread_blocked, id=4232, stack(0x00000004c8200000,0x00000004c8300000)]
  0x0000019b75c03e90 JavaThread "Finalizer" daemon [_thread_blocked, id=19888, stack(0x00000004c8300000,0x00000004c8400000)]
  0x0000019b75abb9d0 JavaThread "Signal Dispatcher" daemon [_thread_blocked, id=22676, stack(0x00000004c8400000,0x00000004c8500000)]
  0x0000019b75abcca0 JavaThread "Attach Listener" daemon [_thread_blocked, id=17660, stack(0x00000004c8500000,0x00000004c8600000)]
  0x0000019b75abd650 JavaThread "Service Thread" daemon [_thread_blocked, id=14628, stack(0x00000004c8600000,0x00000004c8700000)]
  0x0000019b75abe000 JavaThread "Monitor Deflation Thread" daemon [_thread_blocked, id=19136, stack(0x00000004c8700000,0x00000004c8800000)]
=>0x0000019b75c2c560 JavaThread "C2 CompilerThread0" daemon [_thread_in_native, id=21152, stack(0x00000004c8800000,0x00000004c8900000)]
  0x0000019b75c2ce60 JavaThread "C1 CompilerThread0" daemon [_thread_blocked, id=18412, stack(0x00000004c8900000,0x00000004c8a00000)]
  0x0000019b75ca9c60 JavaThread "Sweeper thread" daemon [_thread_blocked, id=24496, stack(0x00000004c8a00000,0x00000004c8b00000)]
  0x0000019b75a2f460 JavaThread "Common-Cleaner" daemon [_thread_blocked, id=11424, stack(0x00000004c8b00000,0x00000004c8c00000)]
  0x0000019b75e50670 JavaThread "Notification Thread" daemon [_thread_blocked, id=24132, stack(0x00000004c8c00000,0x00000004c8d00000)]
  0x0000019b7b773df0 JavaThread "Daemon health stats" [_thread_blocked, id=16284, stack(0x00000004c9200000,0x00000004c9300000)]
  0x0000019b7b4a9c10 JavaThread "Incoming local TCP Connector on port 52117" [_thread_in_native, id=16040, stack(0x00000004c9300000,0x00000004c9400000)]
  0x0000019b7a344580 JavaThread "Daemon periodic checks" [_thread_blocked, id=1920, stack(0x00000004c9400000,0x00000004c9500000)]
  0x0000019b7aabc480 JavaThread "Daemon" [_thread_blocked, id=18324, stack(0x00000004c9500000,0x00000004c9600000)]
  0x0000019b7a342f30 JavaThread "Handler for socket connection from /127.0.0.1:52117 to /127.0.0.1:52118" [_thread_in_native, id=17548, stack(0x00000004c9600000,0x00000004c9700000)]
  0x0000019b7a117a30 JavaThread "Cancel handler" [_thread_blocked, id=3920, stack(0x00000004c9700000,0x00000004c9800000)]
  0x0000019b7b070fa0 JavaThread "Daemon worker" [_thread_blocked, id=23508, stack(0x00000004c9800000,0x00000004c9900000)]
  0x0000019b7b06edf0 JavaThread "Asynchronous log dispatcher for DefaultDaemonConnection: socket connection from /127.0.0.1:52117 to /127.0.0.1:52118" [_thread_blocked, id=6712, stack(0x00000004c9900000,0x00000004c9a00000)]
  0x0000019b7b06fc60 JavaThread "Stdin handler" [_thread_blocked, id=23240, stack(0x00000004c9a00000,0x00000004c9b00000)]
  0x0000019b7b070600 JavaThread "Daemon client event forwarder" [_thread_blocked, id=10624, stack(0x00000004c9b00000,0x00000004c9c00000)]
  0x0000019b7b071470 JavaThread "Cache worker for journal cache (C:\Users\TUONG VY\.gradle\caches\journal-1)" [_thread_blocked, id=23332, stack(0x00000004c9c00000,0x00000004c9d00000)]
  0x0000019b7b070ad0 JavaThread "File lock request listener" [_thread_in_native, id=23056, stack(0x00000004c9d00000,0x00000004c9e00000)]
  0x0000019b7b06f2c0 JavaThread "Cache worker for file hash cache (C:\Users\TUONG VY\.gradle\caches\8.10.2\fileHashes)" [_thread_blocked, id=12464, stack(0x00000004c9e00000,0x00000004c9f00000)]
  0x0000019b7b071940 JavaThread "Cache worker for file hash cache (D:\CodeGym\module6_C10\C1023L1-BE\C1023L1-BE\project-C1023I1\.gradle\8.10.2\fileHashes)" [_thread_blocked, id=4432, stack(0x00000004c9f00000,0x00000004ca000000)]
  0x0000019b7b06e920 JavaThread "Cache worker for Build Output Cleanup Cache (D:\CodeGym\module6_C10\C1023L1-BE\C1023L1-BE\project-C1023I1\.gradle\buildOutputCleanup)" [_thread_blocked, id=18668, stack(0x00000004ca000000,0x00000004ca100000)]
  0x0000019b7b071e10 JavaThread "File lock release action executor" [_thread_blocked, id=16840, stack(0x00000004ca100000,0x00000004ca200000)]
  0x0000019b7b06e450 JavaThread "File watcher server" daemon [_thread_in_native, id=3040, stack(0x00000004ca200000,0x00000004ca300000)]
  0x0000019b7c345090 JavaThread "File watcher consumer" daemon [_thread_blocked, id=24240, stack(0x00000004ca300000,0x00000004ca400000)]
  0x0000019b7c342070 JavaThread "Cache worker for checksums cache (D:\CodeGym\module6_C10\C1023L1-BE\C1023L1-BE\project-C1023I1\.gradle\8.10.2\checksums)" [_thread_blocked, id=3720, stack(0x00000004ca400000,0x00000004ca500000)]
  0x0000019b7c3463d0 JavaThread "Cache worker for file content cache (C:\Users\TUONG VY\.gradle\caches\8.10.2\fileContent)" [_thread_blocked, id=18220, stack(0x00000004ca500000,0x00000004ca600000)]
  0x0000019b7c340d30 JavaThread "Cache worker for cache directory md-rule (C:\Users\TUONG VY\.gradle\caches\8.10.2\md-rule)" [_thread_blocked, id=4948, stack(0x00000004ca600000,0x00000004ca700000)]
  0x0000019b7c340860 JavaThread "Cache worker for cache directory md-supplier (C:\Users\TUONG VY\.gradle\caches\8.10.2\md-supplier)" [_thread_blocked, id=10156, stack(0x00000004ca700000,0x00000004ca800000)]
  0x0000019b7c3433b0 JavaThread "jar transforms" [_thread_blocked, id=20728, stack(0x00000004ca800000,0x00000004ca900000)]
  0x0000019b7c344220 JavaThread "jar transforms Thread 2" [_thread_blocked, id=20180, stack(0x00000004ca900000,0x00000004caa00000)]
  0x0000019b7c345a30 JavaThread "jar transforms Thread 3" [_thread_blocked, id=6568, stack(0x00000004caa00000,0x00000004cab00000)]
  0x0000019b7c33fec0 JavaThread "jar transforms Thread 4" [_thread_blocked, id=4288, stack(0x00000004cab00000,0x00000004cac00000)]
  0x0000019b7c342ee0 JavaThread "Unconstrained build operations" [_thread_blocked, id=536, stack(0x00000004cae00000,0x00000004caf00000)]
  0x0000019b7c3416d0 JavaThread "Unconstrained build operations Thread 2" [_thread_blocked, id=2800, stack(0x00000004caf00000,0x00000004cb000000)]
  0x0000019b7c340390 JavaThread "Unconstrained build operations Thread 3" [_thread_blocked, id=10452, stack(0x00000004cb000000,0x00000004cb100000)]
  0x0000019b7c342a10 JavaThread "Unconstrained build operations Thread 4" [_thread_blocked, id=9624, stack(0x00000004cb100000,0x00000004cb200000)]
  0x0000019b7c343880 JavaThread "Unconstrained build operations Thread 5" [_thread_blocked, id=16928, stack(0x00000004cb200000,0x00000004cb300000)]
  0x0000019b7c341ba0 JavaThread "Unconstrained build operations Thread 6" [_thread_blocked, id=5512, stack(0x00000004cb300000,0x00000004cb400000)]
  0x0000019b7c343d50 JavaThread "Unconstrained build operations Thread 7" [_thread_blocked, id=22624, stack(0x00000004cb400000,0x00000004cb500000)]
  0x0000019b7c33f520 JavaThread "Unconstrained build operations Thread 8" [_thread_blocked, id=13628, stack(0x00000004cb500000,0x00000004cb600000)]
  0x0000019b7c345f00 JavaThread "Unconstrained build operations Thread 9" [_thread_blocked, id=18152, stack(0x00000004cb600000,0x00000004cb700000)]
  0x0000019b7c344bc0 JavaThread "Memory manager" [_thread_blocked, id=22476, stack(0x00000004cb700000,0x00000004cb800000)]
  0x0000019b7c342540 JavaThread "ForkJoinPool.commonPool-worker-1" daemon [_thread_blocked, id=16020, stack(0x00000004cb800000,0x00000004cb900000)]
  0x0000019b7c345560 JavaThread "ForkJoinPool.commonPool-worker-2" daemon [_thread_blocked, id=18476, stack(0x00000004cb900000,0x00000004cba00000)]
  0x0000019b7c3468a0 JavaThread "ForkJoinPool.commonPool-worker-3" daemon [_thread_blocked, id=11784, stack(0x00000004cba00000,0x00000004cbb00000)]
  0x0000019b7c33f9f0 JavaThread "Exec process" [_thread_blocked, id=7840, stack(0x00000004cbb00000,0x00000004cbc00000)]
  0x0000019b7bf578a0 JavaThread "Exec process Thread 2" [_thread_blocked, id=5296, stack(0x00000004cbc00000,0x00000004cbd00000)]
  0x0000019b7bf526d0 JavaThread "Exec process Thread 3" [_thread_blocked, id=22512, stack(0x00000004cbd00000,0x00000004cbe00000)]
  0x0000019b7bf56f00 JavaThread "Unconstrained build operations Thread 10" [_thread_blocked, id=11604, stack(0x00000004c7900000,0x00000004c7a00000)]
  0x0000019b7bf51390 JavaThread "Unconstrained build operations Thread 11" [_thread_blocked, id=19448, stack(0x00000004c7a00000,0x00000004c7b00000)]
  0x0000019b7bf556f0 JavaThread "Unconstrained build operations Thread 12" [_thread_blocked, id=2000, stack(0x00000004cbe00000,0x00000004cbf00000)]
  0x0000019b7bf51860 JavaThread "Unconstrained build operations Thread 13" [_thread_blocked, id=21200, stack(0x00000004cbf00000,0x00000004cc000000)]
  0x0000019b7bf52ba0 JavaThread "Unconstrained build operations Thread 14" [_thread_blocked, id=16636, stack(0x00000004cc000000,0x00000004cc100000)]
  0x0000019b7bf53ee0 JavaThread "Unconstrained build operations Thread 15" [_thread_blocked, id=12336, stack(0x00000004cc100000,0x00000004cc200000)]
  0x0000019b7bf56560 JavaThread "Unconstrained build operations Thread 16" [_thread_blocked, id=23632, stack(0x00000004cc200000,0x00000004cc300000)]
  0x0000019b7bf53a10 JavaThread "Unconstrained build operations Thread 17" [_thread_blocked, id=2344, stack(0x00000004cc300000,0x00000004cc400000)]
  0x0000019b7bf53070 JavaThread "Unconstrained build operations Thread 18" [_thread_blocked, id=4596, stack(0x00000004cc400000,0x00000004cc500000)]
  0x0000019b7bf51d30 JavaThread "Unconstrained build operations Thread 19" [_thread_blocked, id=12492, stack(0x00000004cc500000,0x00000004cc600000)]
  0x0000019b7bf52200 JavaThread "Unconstrained build operations Thread 20" [_thread_blocked, id=24304, stack(0x00000004cc600000,0x00000004cc700000)]
  0x0000019b7bf53540 JavaThread "Unconstrained build operations Thread 21" [_thread_blocked, id=7324, stack(0x00000004cc700000,0x00000004cc800000)]
  0x0000019b7bf543b0 JavaThread "Unconstrained build operations Thread 22" [_thread_blocked, id=11176, stack(0x00000004cc800000,0x00000004cc900000)]
  0x0000019b7bf54880 JavaThread "Unconstrained build operations Thread 23" [_thread_blocked, id=21356, stack(0x00000004cc900000,0x00000004cca00000)]
  0x0000019b7bf54d50 JavaThread "Unconstrained build operations Thread 24" [_thread_blocked, id=16024, stack(0x00000004cca00000,0x00000004ccb00000)]
  0x0000019b7bf55220 JavaThread "Unconstrained build operations Thread 25" [_thread_blocked, id=7236, stack(0x00000004ccb00000,0x00000004ccc00000)]
  0x0000019b7bf55bc0 JavaThread "Unconstrained build operations Thread 26" [_thread_blocked, id=14792, stack(0x00000004ccc00000,0x00000004ccd00000)]
  0x0000019b7bf56090 JavaThread "Unconstrained build operations Thread 27" [_thread_blocked, id=17536, stack(0x00000004ccd00000,0x00000004cce00000)]
  0x0000019b7bf573d0 JavaThread "Unconstrained build operations Thread 28" [_thread_blocked, id=2792, stack(0x00000004cce00000,0x00000004ccf00000)]
  0x0000019b7bf57d70 JavaThread "Unconstrained build operations Thread 29" [_thread_blocked, id=19956, stack(0x00000004ccf00000,0x00000004cd000000)]
  0x0000019b7bf58240 JavaThread "Unconstrained build operations Thread 30" [_thread_blocked, id=17808, stack(0x00000004cd000000,0x00000004cd100000)]
  0x0000019b7bf58710 JavaThread "Unconstrained build operations Thread 31" [_thread_blocked, id=11156, stack(0x00000004cd100000,0x00000004cd200000)]
  0x0000019b7bf58be0 JavaThread "Unconstrained build operations Thread 32" [_thread_blocked, id=9392, stack(0x00000004cd200000,0x00000004cd300000)]
  0x0000019b7a362ea0 JavaThread "Unconstrained build operations Thread 33" [_thread_blocked, id=5360, stack(0x00000004cd300000,0x00000004cd400000)]
  0x0000019b7a362030 JavaThread "Unconstrained build operations Thread 34" [_thread_blocked, id=17108, stack(0x00000004cd400000,0x00000004cd500000)]
  0x0000019b7a3693b0 JavaThread "Unconstrained build operations Thread 35" [_thread_blocked, id=16584, stack(0x00000004cd500000,0x00000004cd600000)]
  0x0000019b7a364b80 JavaThread "Unconstrained build operations Thread 36" [_thread_blocked, id=19784, stack(0x00000004cd600000,0x00000004cd700000)]
  0x0000019b7a363370 JavaThread "Unconstrained build operations Thread 37" [_thread_blocked, id=17624, stack(0x00000004cd700000,0x00000004cd800000)]
  0x0000019b7a3646b0 JavaThread "Unconstrained build operations Thread 38" [_thread_blocked, id=16860, stack(0x00000004cd800000,0x00000004cd900000)]
  0x0000019b7a368ee0 JavaThread "Unconstrained build operations Thread 39" [_thread_blocked, id=15096, stack(0x00000004cd900000,0x00000004cda00000)]
  0x0000019b7a363d10 JavaThread "Unconstrained build operations Thread 40" [_thread_blocked, id=7952, stack(0x00000004cda00000,0x00000004cdb00000)]
  0x0000019b7a3629d0 JavaThread "included builds" [_thread_in_vm, id=23888, stack(0x00000004cdb00000,0x00000004cdc00000)]
  0x0000019b7a365050 JavaThread "Execution worker" [_thread_blocked, id=7644, stack(0x00000004cdc00000,0x00000004cdd00000)]
  0x0000019b7a3659f0 JavaThread "Execution worker Thread 2" [_thread_blocked, id=15852, stack(0x00000004cdd00000,0x00000004cde00000)]
  0x0000019b7a362500 JavaThread "Execution worker Thread 3" [_thread_blocked, id=7164, stack(0x00000004cde00000,0x00000004cdf00000)]
  0x0000019b7a3676d0 JavaThread "Cache worker for execution history cache (D:\CodeGym\module6_C10\C1023L1-BE\C1023L1-BE\project-C1023I1\.gradle\8.10.2\executionHistory)" [_thread_blocked, id=20284, stack(0x00000004cdf00000,0x00000004ce000000)]
  0x0000019b7a361b60 JavaThread "Cache worker for Java compile cache (C:\Users\TUONG VY\.gradle\caches\8.10.2\javaCompile)" [_thread_blocked, id=17796, stack(0x00000004ce000000,0x00000004ce100000)]
  0x0000019b7a367ba0 JavaThread "Build operations" [_thread_blocked, id=24472, stack(0x00000004ce100000,0x00000004ce200000)]
  0x0000019b7a367200 JavaThread "Build operations Thread 2" [_thread_blocked, id=20976, stack(0x00000004ce200000,0x00000004ce300000)]
  0x0000019b7a3641e0 JavaThread "Build operations Thread 3" [_thread_blocked, id=18348, stack(0x00000004ce300000,0x00000004ce400000)]

Other Threads:
  0x0000019b75aa1fa0 VMThread "VM Thread" [stack: 0x00000004c8100000,0x00000004c8200000] [id=1908]
  0x0000019b5fb12000 WatcherThread [stack: 0x00000004c8d00000,0x00000004c8e00000] [id=10592]
  0x0000019b5fb3ef40 GCTaskThread "GC Thread#0" [stack: 0x00000004c7c00000,0x00000004c7d00000] [id=17608]
  0x0000019b75fee370 GCTaskThread "GC Thread#1" [stack: 0x00000004c8e00000,0x00000004c8f00000] [id=8428]
  0x0000019b75fee620 GCTaskThread "GC Thread#2" [stack: 0x00000004c8f00000,0x00000004c9000000] [id=5648]
  0x0000019b75fee8d0 GCTaskThread "GC Thread#3" [stack: 0x00000004c9000000,0x00000004c9100000] [id=14772]
  0x0000019b5fb43e80 ConcurrentGCThread "G1 Main Marker" [stack: 0x00000004c7d00000,0x00000004c7e00000] [id=9764]
  0x0000019b5fb44890 ConcurrentGCThread "G1 Conc#0" [stack: 0x00000004c7e00000,0x00000004c7f00000] [id=21552]
  0x0000019b5fbce120 ConcurrentGCThread "G1 Refine#0" [stack: 0x00000004c7f00000,0x00000004c8000000] [id=12920]
  0x0000019b7a8f80c0 ConcurrentGCThread "G1 Refine#1" [stack: 0x00000004c9100000,0x00000004c9200000] [id=15180]
  0x0000019b5fbceb40 ConcurrentGCThread "G1 Service" [stack: 0x00000004c8000000,0x00000004c8100000] [id=23336]

Threads with active compile tasks:
C2 CompilerThread0   111403 11270       4       com.sun.tools.javac.code.Symtab::lookupPackage (259 bytes)

VM state: not at safepoint (normal execution)

VM Mutex/Monitor currently owned by a thread: None

Heap address: 0x00000000e0000000, size: 512 MB, Compressed Oops mode: 32-bit

CDS archive(s) not mapped
Compressed class space mapped at: 0x0000000100000000-0x0000000114000000, reserved size: 335544320
Narrow klass base: 0x0000000000000000, Narrow klass shift: 3, Narrow klass range: 0x114000000

GC Precious Log:
 CPUs: 4 total, 4 available
 Memory: 3534M
 Large Page Support: Disabled
 NUMA Support: Disabled
 Compressed Oops: Enabled (32-bit)
 Heap Region Size: 1M
 Heap Min Capacity: 256M
 Heap Initial Capacity: 256M
 Heap Max Capacity: 512M
 Pre-touch: Disabled
 Parallel Workers: 4
 Concurrent Workers: 1
 Concurrent Refinement Workers: 4
 Periodic GC: Disabled

Heap:
 garbage-first heap   total 262144K, used 169618K [0x00000000e0000000, 0x0000000100000000)
  region size 1024K, 120 young (122880K), 19 survivors (19456K)
 Metaspace       used 78176K, committed 78848K, reserved 458752K
  class space    used 10564K, committed 10880K, reserved 327680K

Heap Regions: E=young(eden), S=young(survivor), O=old, HS=humongous(starts), HC=humongous(continues), CS=collection set, F=free, OA=open archive, CA=closed archive, TAMS=top-at-mark-start (previous, next)
|   0|0x00000000e0000000, 0x00000000e0100000, 0x00000000e0100000|100%|HS|  |TAMS 0x00000000e0100000, 0x00000000e0000000| Complete 
|   1|0x00000000e0100000, 0x00000000e0200000, 0x00000000e0200000|100%|HC|  |TAMS 0x00000000e0200000, 0x00000000e0100000| Complete 
|   2|0x00000000e0200000, 0x00000000e0300000, 0x00000000e0300000|100%|HC|  |TAMS 0x00000000e0300000, 0x00000000e0200000| Complete 
|   3|0x00000000e0300000, 0x00000000e0400000, 0x00000000e0400000|100%|HC|  |TAMS 0x00000000e0400000, 0x00000000e0300000| Complete 
|   4|0x00000000e0400000, 0x00000000e0500000, 0x00000000e0500000|100%| O|  |TAMS 0x00000000e0500000, 0x00000000e0400000| Untracked 
|   5|0x00000000e0500000, 0x00000000e0600000, 0x00000000e0600000|100%| O|  |TAMS 0x00000000e0600000, 0x00000000e0500000| Untracked 
|   6|0x00000000e0600000, 0x00000000e0700000, 0x00000000e0700000|100%| O|  |TAMS 0x00000000e0700000, 0x00000000e0600000| Untracked 
|   7|0x00000000e0700000, 0x00000000e0800000, 0x00000000e0800000|100%| O|  |TAMS 0x00000000e0800000, 0x00000000e0700000| Untracked 
|   8|0x00000000e0800000, 0x00000000e0900000, 0x00000000e0900000|100%|HS|  |TAMS 0x00000000e0900000, 0x00000000e0800000| Complete 
|   9|0x00000000e0900000, 0x00000000e0a00000, 0x00000000e0a00000|100%| O|  |TAMS 0x00000000e0a00000, 0x00000000e0900000| Untracked 
|  10|0x00000000e0a00000, 0x00000000e0b00000, 0x00000000e0b00000|100%| O|  |TAMS 0x00000000e0b00000, 0x00000000e0a00000| Untracked 
|  11|0x00000000e0b00000, 0x00000000e0c00000, 0x00000000e0c00000|100%| O|  |TAMS 0x00000000e0c00000, 0x00000000e0b00000| Untracked 
|  12|0x00000000e0c00000, 0x00000000e0d00000, 0x00000000e0d00000|100%| O|  |TAMS 0x00000000e0d00000, 0x00000000e0c00000| Untracked 
|  13|0x00000000e0d00000, 0x00000000e0e00000, 0x00000000e0e00000|100%| O|  |TAMS 0x00000000e0d00000, 0x00000000e0d00000| Untracked 
|  14|0x00000000e0e00000, 0x00000000e0f00000, 0x00000000e0f00000|100%| O|  |TAMS 0x00000000e0f00000, 0x00000000e0e00000| Untracked 
|  15|0x00000000e0f00000, 0x00000000e1000000, 0x00000000e1000000|100%| O|  |TAMS 0x00000000e1000000, 0x00000000e0f00000| Untracked 
|  16|0x00000000e1000000, 0x00000000e1100000, 0x00000000e1100000|100%| O|  |TAMS 0x00000000e1100000, 0x00000000e1000000| Untracked 
|  17|0x00000000e1100000, 0x00000000e1200000, 0x00000000e1200000|100%| O|  |TAMS 0x00000000e1200000, 0x00000000e1100000| Untracked 
|  18|0x00000000e1200000, 0x00000000e1300000, 0x00000000e1300000|100%| O|  |TAMS 0x00000000e1300000, 0x00000000e1200000| Untracked 
|  19|0x00000000e1300000, 0x00000000e1400000, 0x00000000e1400000|100%|HS|  |TAMS 0x00000000e1300000, 0x00000000e1300000| Complete 
|  20|0x00000000e1400000, 0x00000000e1500000, 0x00000000e1500000|100%| O|  |TAMS 0x00000000e1500000, 0x00000000e1400000| Untracked 
|  21|0x00000000e1500000, 0x00000000e1600000, 0x00000000e1600000|100%| O|  |TAMS 0x00000000e1600000, 0x00000000e1500000| Untracked 
|  22|0x00000000e1600000, 0x00000000e1700000, 0x00000000e1700000|100%| O|  |TAMS 0x00000000e1700000, 0x00000000e1600000| Untracked 
|  23|0x00000000e1700000, 0x00000000e1800000, 0x00000000e1800000|100%| O|  |TAMS 0x00000000e1800000, 0x00000000e1700000| Untracked 
|  24|0x00000000e1800000, 0x00000000e1900000, 0x00000000e1900000|100%| O|  |TAMS 0x00000000e1900000, 0x00000000e1800000| Untracked 
|  25|0x00000000e1900000, 0x00000000e1a00000, 0x00000000e1a00000|100%| O|  |TAMS 0x00000000e1a00000, 0x00000000e1900000| Untracked 
|  26|0x00000000e1a00000, 0x00000000e1b00000, 0x00000000e1b00000|100%| O|  |TAMS 0x00000000e1b00000, 0x00000000e1a00000| Untracked 
|  27|0x00000000e1b00000, 0x00000000e1c00000, 0x00000000e1c00000|100%| O|  |TAMS 0x00000000e1c00000, 0x00000000e1b00000| Untracked 
|  28|0x00000000e1c00000, 0x00000000e1d00000, 0x00000000e1d00000|100%| O|  |TAMS 0x00000000e1d00000, 0x00000000e1c00000| Untracked 
|  29|0x00000000e1d00000, 0x00000000e1e00000, 0x00000000e1e00000|100%| O|  |TAMS 0x00000000e1e00000, 0x00000000e1d00000| Untracked 
|  30|0x00000000e1e00000, 0x00000000e1f00000, 0x00000000e1f00000|100%| O|  |TAMS 0x00000000e1f00000, 0x00000000e1e00000| Untracked 
|  31|0x00000000e1f00000, 0x00000000e2000000, 0x00000000e2000000|100%| O|  |TAMS 0x00000000e2000000, 0x00000000e1f00000| Untracked 
|  32|0x00000000e2000000, 0x00000000e2100000, 0x00000000e2100000|100%| O|  |TAMS 0x00000000e2100000, 0x00000000e2000000| Untracked 
|  33|0x00000000e2100000, 0x00000000e2200000, 0x00000000e2200000|100%| O|  |TAMS 0x00000000e2200000, 0x00000000e2100000| Untracked 
|  34|0x00000000e2200000, 0x00000000e2300000, 0x00000000e2300000|100%| O|  |TAMS 0x00000000e2227400, 0x00000000e2200000| Untracked 
|  35|0x00000000e2300000, 0x00000000e2400000, 0x00000000e2400000|100%| O|  |TAMS 0x00000000e2300000, 0x00000000e2300000| Untracked 
|  36|0x00000000e2400000, 0x00000000e2500000, 0x00000000e2500000|100%| O|  |TAMS 0x00000000e2400000, 0x00000000e2400000| Untracked 
|  37|0x00000000e2500000, 0x00000000e2600000, 0x00000000e2600000|100%| O|  |TAMS 0x00000000e2500000, 0x00000000e2500000| Untracked 
|  38|0x00000000e2600000, 0x00000000e2700000, 0x00000000e2700000|100%| O|  |TAMS 0x00000000e2600000, 0x00000000e2600000| Untracked 
|  39|0x00000000e2700000, 0x00000000e2800000, 0x00000000e2800000|100%| O|  |TAMS 0x00000000e2700000, 0x00000000e2700000| Untracked 
|  40|0x00000000e2800000, 0x00000000e2900000, 0x00000000e2900000|100%| O|  |TAMS 0x00000000e2800000, 0x00000000e2800000| Untracked 
|  41|0x00000000e2900000, 0x00000000e2a00000, 0x00000000e2a00000|100%| O|  |TAMS 0x00000000e2900000, 0x00000000e2900000| Untracked 
|  42|0x00000000e2a00000, 0x00000000e2b00000, 0x00000000e2b00000|100%| O|  |TAMS 0x00000000e2a00000, 0x00000000e2a00000| Untracked 
|  43|0x00000000e2b00000, 0x00000000e2c00000, 0x00000000e2c00000|100%| O|  |TAMS 0x00000000e2b00000, 0x00000000e2b00000| Untracked 
|  44|0x00000000e2c00000, 0x00000000e2d00000, 0x00000000e2d00000|100%| O|  |TAMS 0x00000000e2c00000, 0x00000000e2c00000| Untracked 
|  45|0x00000000e2d00000, 0x00000000e2e00000, 0x00000000e2e00000|100%| O|  |TAMS 0x00000000e2d00000, 0x00000000e2d00000| Untracked 
|  46|0x00000000e2e00000, 0x00000000e2f00000, 0x00000000e2f00000|100%| O|  |TAMS 0x00000000e2e00000, 0x00000000e2e00000| Untracked 
|  47|0x00000000e2f00000, 0x00000000e2fcc400, 0x00000000e3000000| 79%| O|  |TAMS 0x00000000e2f00000, 0x00000000e2f00000| Untracked 
|  48|0x00000000e3000000, 0x00000000e3000000, 0x00000000e3100000|  0%| F|  |TAMS 0x00000000e3000000, 0x00000000e3000000| Untracked 
|  49|0x00000000e3100000, 0x00000000e3100000, 0x00000000e3200000|  0%| F|  |TAMS 0x00000000e3100000, 0x00000000e3100000| Untracked 
|  50|0x00000000e3200000, 0x00000000e3200000, 0x00000000e3300000|  0%| F|  |TAMS 0x00000000e3200000, 0x00000000e3200000| Untracked 
|  51|0x00000000e3300000, 0x00000000e3300000, 0x00000000e3400000|  0%| F|  |TAMS 0x00000000e3300000, 0x00000000e3300000| Untracked 
|  52|0x00000000e3400000, 0x00000000e3400000, 0x00000000e3500000|  0%| F|  |TAMS 0x00000000e3400000, 0x00000000e3400000| Untracked 
|  53|0x00000000e3500000, 0x00000000e3500000, 0x00000000e3600000|  0%| F|  |TAMS 0x00000000e3500000, 0x00000000e3500000| Untracked 
|  54|0x00000000e3600000, 0x00000000e3600000, 0x00000000e3700000|  0%| F|  |TAMS 0x00000000e3600000, 0x00000000e3600000| Untracked 
|  55|0x00000000e3700000, 0x00000000e3700000, 0x00000000e3800000|  0%| F|  |TAMS 0x00000000e3700000, 0x00000000e3700000| Untracked 
|  56|0x00000000e3800000, 0x00000000e3800000, 0x00000000e3900000|  0%| F|  |TAMS 0x00000000e3800000, 0x00000000e3800000| Untracked 
|  57|0x00000000e3900000, 0x00000000e3900000, 0x00000000e3a00000|  0%| F|  |TAMS 0x00000000e3900000, 0x00000000e3900000| Untracked 
|  58|0x00000000e3a00000, 0x00000000e3a00000, 0x00000000e3b00000|  0%| F|  |TAMS 0x00000000e3a00000, 0x00000000e3a00000| Untracked 
|  59|0x00000000e3b00000, 0x00000000e3b00000, 0x00000000e3c00000|  0%| F|  |TAMS 0x00000000e3b00000, 0x00000000e3b00000| Untracked 
|  60|0x00000000e3c00000, 0x00000000e3c00000, 0x00000000e3d00000|  0%| F|  |TAMS 0x00000000e3c00000, 0x00000000e3c00000| Untracked 
|  61|0x00000000e3d00000, 0x00000000e3d00000, 0x00000000e3e00000|  0%| F|  |TAMS 0x00000000e3d00000, 0x00000000e3d00000| Untracked 
|  62|0x00000000e3e00000, 0x00000000e3e00000, 0x00000000e3f00000|  0%| F|  |TAMS 0x00000000e3e00000, 0x00000000e3e00000| Untracked 
|  63|0x00000000e3f00000, 0x00000000e3f00000, 0x00000000e4000000|  0%| F|  |TAMS 0x00000000e3f00000, 0x00000000e3f00000| Untracked 
|  64|0x00000000e4000000, 0x00000000e4000000, 0x00000000e4100000|  0%| F|  |TAMS 0x00000000e4000000, 0x00000000e4000000| Untracked 
|  65|0x00000000e4100000, 0x00000000e4100000, 0x00000000e4200000|  0%| F|  |TAMS 0x00000000e4100000, 0x00000000e4100000| Untracked 
|  66|0x00000000e4200000, 0x00000000e4200000, 0x00000000e4300000|  0%| F|  |TAMS 0x00000000e4200000, 0x00000000e4200000| Untracked 
|  67|0x00000000e4300000, 0x00000000e4300000, 0x00000000e4400000|  0%| F|  |TAMS 0x00000000e4300000, 0x00000000e4300000| Untracked 
|  68|0x00000000e4400000, 0x00000000e4400000, 0x00000000e4500000|  0%| F|  |TAMS 0x00000000e4400000, 0x00000000e4400000| Untracked 
|  69|0x00000000e4500000, 0x00000000e4500000, 0x00000000e4600000|  0%| F|  |TAMS 0x00000000e4500000, 0x00000000e4500000| Untracked 
|  70|0x00000000e4600000, 0x00000000e4600000, 0x00000000e4700000|  0%| F|  |TAMS 0x00000000e4600000, 0x00000000e4600000| Untracked 
|  71|0x00000000e4700000, 0x00000000e4700000, 0x00000000e4800000|  0%| F|  |TAMS 0x00000000e4700000, 0x00000000e4700000| Untracked 
|  72|0x00000000e4800000, 0x00000000e4800000, 0x00000000e4900000|  0%| F|  |TAMS 0x00000000e4800000, 0x00000000e4800000| Untracked 
|  73|0x00000000e4900000, 0x00000000e4900000, 0x00000000e4a00000|  0%| F|  |TAMS 0x00000000e4900000, 0x00000000e4900000| Untracked 
|  74|0x00000000e4a00000, 0x00000000e4a00000, 0x00000000e4b00000|  0%| F|  |TAMS 0x00000000e4a00000, 0x00000000e4a00000| Untracked 
|  75|0x00000000e4b00000, 0x00000000e4b00000, 0x00000000e4c00000|  0%| F|  |TAMS 0x00000000e4b00000, 0x00000000e4b00000| Untracked 
|  76|0x00000000e4c00000, 0x00000000e4c00000, 0x00000000e4d00000|  0%| F|  |TAMS 0x00000000e4c00000, 0x00000000e4c00000| Untracked 
|  77|0x00000000e4d00000, 0x00000000e4d00000, 0x00000000e4e00000|  0%| F|  |TAMS 0x00000000e4d00000, 0x00000000e4d00000| Untracked 
|  78|0x00000000e4e00000, 0x00000000e4e00000, 0x00000000e4f00000|  0%| F|  |TAMS 0x00000000e4e00000, 0x00000000e4e00000| Untracked 
|  79|0x00000000e4f00000, 0x00000000e4f00000, 0x00000000e5000000|  0%| F|  |TAMS 0x00000000e4f00000, 0x00000000e4f00000| Untracked 
|  80|0x00000000e5000000, 0x00000000e5000000, 0x00000000e5100000|  0%| F|  |TAMS 0x00000000e5000000, 0x00000000e5000000| Untracked 
|  81|0x00000000e5100000, 0x00000000e5100000, 0x00000000e5200000|  0%| F|  |TAMS 0x00000000e5100000, 0x00000000e5100000| Untracked 
|  82|0x00000000e5200000, 0x00000000e5200000, 0x00000000e5300000|  0%| F|  |TAMS 0x00000000e5200000, 0x00000000e5200000| Untracked 
|  83|0x00000000e5300000, 0x00000000e5300000, 0x00000000e5400000|  0%| F|  |TAMS 0x00000000e5300000, 0x00000000e5300000| Untracked 
|  84|0x00000000e5400000, 0x00000000e5400000, 0x00000000e5500000|  0%| F|  |TAMS 0x00000000e5400000, 0x00000000e5400000| Untracked 
|  85|0x00000000e5500000, 0x00000000e5500000, 0x00000000e5600000|  0%| F|  |TAMS 0x00000000e5500000, 0x00000000e5500000| Untracked 
|  86|0x00000000e5600000, 0x00000000e56d8570, 0x00000000e5700000| 84%| S|CS|TAMS 0x00000000e5600000, 0x00000000e5600000| Complete 
|  87|0x00000000e5700000, 0x00000000e5800000, 0x00000000e5800000|100%| S|CS|TAMS 0x00000000e5700000, 0x00000000e5700000| Complete 
|  88|0x00000000e5800000, 0x00000000e5900000, 0x00000000e5900000|100%| S|CS|TAMS 0x00000000e5800000, 0x00000000e5800000| Complete 
|  89|0x00000000e5900000, 0x00000000e5a00000, 0x00000000e5a00000|100%| S|CS|TAMS 0x00000000e5900000, 0x00000000e5900000| Complete 
|  90|0x00000000e5a00000, 0x00000000e5b00000, 0x00000000e5b00000|100%| S|CS|TAMS 0x00000000e5a00000, 0x00000000e5a00000| Complete 
|  91|0x00000000e5b00000, 0x00000000e5c00000, 0x00000000e5c00000|100%| S|CS|TAMS 0x00000000e5b00000, 0x00000000e5b00000| Complete 
|  92|0x00000000e5c00000, 0x00000000e5d00000, 0x00000000e5d00000|100%| S|CS|TAMS 0x00000000e5c00000, 0x00000000e5c00000| Complete 
|  93|0x00000000e5d00000, 0x00000000e5e00000, 0x00000000e5e00000|100%| S|CS|TAMS 0x00000000e5d00000, 0x00000000e5d00000| Complete 
|  94|0x00000000e5e00000, 0x00000000e5f00000, 0x00000000e5f00000|100%| S|CS|TAMS 0x00000000e5e00000, 0x00000000e5e00000| Complete 
|  95|0x00000000e5f00000, 0x00000000e6000000, 0x00000000e6000000|100%| S|CS|TAMS 0x00000000e5f00000, 0x00000000e5f00000| Complete 
|  96|0x00000000e6000000, 0x00000000e6100000, 0x00000000e6100000|100%| S|CS|TAMS 0x00000000e6000000, 0x00000000e6000000| Complete 
|  97|0x00000000e6100000, 0x00000000e6200000, 0x00000000e6200000|100%| S|CS|TAMS 0x00000000e6100000, 0x00000000e6100000| Complete 
|  98|0x00000000e6200000, 0x00000000e6300000, 0x00000000e6300000|100%| S|CS|TAMS 0x00000000e6200000, 0x00000000e6200000| Complete 
|  99|0x00000000e6300000, 0x00000000e6400000, 0x00000000e6400000|100%| S|CS|TAMS 0x00000000e6300000, 0x00000000e6300000| Complete 
| 100|0x00000000e6400000, 0x00000000e6500000, 0x00000000e6500000|100%| S|CS|TAMS 0x00000000e6400000, 0x00000000e6400000| Complete 
| 101|0x00000000e6500000, 0x00000000e6600000, 0x00000000e6600000|100%| S|CS|TAMS 0x00000000e6500000, 0x00000000e6500000| Complete 
| 102|0x00000000e6600000, 0x00000000e6700000, 0x00000000e6700000|100%| S|CS|TAMS 0x00000000e6600000, 0x00000000e6600000| Complete 
| 103|0x00000000e6700000, 0x00000000e6800000, 0x00000000e6800000|100%| S|CS|TAMS 0x00000000e6700000, 0x00000000e6700000| Complete 
| 104|0x00000000e6800000, 0x00000000e6900000, 0x00000000e6900000|100%| S|CS|TAMS 0x00000000e6800000, 0x00000000e6800000| Complete 
| 105|0x00000000e6900000, 0x00000000e6900000, 0x00000000e6a00000|  0%| F|  |TAMS 0x00000000e6900000, 0x00000000e6900000| Untracked 
| 106|0x00000000e6a00000, 0x00000000e6a00000, 0x00000000e6b00000|  0%| F|  |TAMS 0x00000000e6a00000, 0x00000000e6a00000| Untracked 
| 107|0x00000000e6b00000, 0x00000000e6b00000, 0x00000000e6c00000|  0%| F|  |TAMS 0x00000000e6b00000, 0x00000000e6b00000| Untracked 
| 108|0x00000000e6c00000, 0x00000000e6c00000, 0x00000000e6d00000|  0%| F|  |TAMS 0x00000000e6c00000, 0x00000000e6c00000| Untracked 
| 109|0x00000000e6d00000, 0x00000000e6d00000, 0x00000000e6e00000|  0%| F|  |TAMS 0x00000000e6d00000, 0x00000000e6d00000| Untracked 
| 110|0x00000000e6e00000, 0x00000000e6e00000, 0x00000000e6f00000|  0%| F|  |TAMS 0x00000000e6e00000, 0x00000000e6e00000| Untracked 
| 111|0x00000000e6f00000, 0x00000000e6f00000, 0x00000000e7000000|  0%| F|  |TAMS 0x00000000e6f00000, 0x00000000e6f00000| Untracked 
| 112|0x00000000e7000000, 0x00000000e7000000, 0x00000000e7100000|  0%| F|  |TAMS 0x00000000e7000000, 0x00000000e7000000| Untracked 
| 113|0x00000000e7100000, 0x00000000e7100000, 0x00000000e7200000|  0%| F|  |TAMS 0x00000000e7100000, 0x00000000e7100000| Untracked 
| 114|0x00000000e7200000, 0x00000000e7200000, 0x00000000e7300000|  0%| F|  |TAMS 0x00000000e7200000, 0x00000000e7200000| Untracked 
| 115|0x00000000e7300000, 0x00000000e7300000, 0x00000000e7400000|  0%| F|  |TAMS 0x00000000e7300000, 0x00000000e7300000| Untracked 
| 116|0x00000000e7400000, 0x00000000e7400000, 0x00000000e7500000|  0%| F|  |TAMS 0x00000000e7400000, 0x00000000e7400000| Untracked 
| 117|0x00000000e7500000, 0x00000000e7500000, 0x00000000e7600000|  0%| F|  |TAMS 0x00000000e7500000, 0x00000000e7500000| Untracked 
| 118|0x00000000e7600000, 0x00000000e7600000, 0x00000000e7700000|  0%| F|  |TAMS 0x00000000e7600000, 0x00000000e7600000| Untracked 
| 119|0x00000000e7700000, 0x00000000e7700000, 0x00000000e7800000|  0%| F|  |TAMS 0x00000000e7700000, 0x00000000e7700000| Untracked 
| 120|0x00000000e7800000, 0x00000000e7800000, 0x00000000e7900000|  0%| F|  |TAMS 0x00000000e7800000, 0x00000000e7800000| Untracked 
| 121|0x00000000e7900000, 0x00000000e7900000, 0x00000000e7a00000|  0%| F|  |TAMS 0x00000000e7900000, 0x00000000e7900000| Untracked 
| 122|0x00000000e7a00000, 0x00000000e7a00000, 0x00000000e7b00000|  0%| F|  |TAMS 0x00000000e7a00000, 0x00000000e7a00000| Untracked 
| 123|0x00000000e7b00000, 0x00000000e7b00000, 0x00000000e7c00000|  0%| F|  |TAMS 0x00000000e7b00000, 0x00000000e7b00000| Untracked 
| 124|0x00000000e7c00000, 0x00000000e7c00000, 0x00000000e7d00000|  0%| F|  |TAMS 0x00000000e7c00000, 0x00000000e7c00000| Untracked 
| 125|0x00000000e7d00000, 0x00000000e7d00000, 0x00000000e7e00000|  0%| F|  |TAMS 0x00000000e7d00000, 0x00000000e7d00000| Untracked 
| 126|0x00000000e7e00000, 0x00000000e7e00000, 0x00000000e7f00000|  0%| F|  |TAMS 0x00000000e7e00000, 0x00000000e7e00000| Untracked 
| 127|0x00000000e7f00000, 0x00000000e7f00000, 0x00000000e8000000|  0%| F|  |TAMS 0x00000000e7f00000, 0x00000000e7f00000| Untracked 
| 128|0x00000000e8000000, 0x00000000e8000000, 0x00000000e8100000|  0%| F|  |TAMS 0x00000000e8000000, 0x00000000e8000000| Untracked 
| 129|0x00000000e8100000, 0x00000000e8100000, 0x00000000e8200000|  0%| F|  |TAMS 0x00000000e8100000, 0x00000000e8100000| Untracked 
| 130|0x00000000e8200000, 0x00000000e8200000, 0x00000000e8300000|  0%| F|  |TAMS 0x00000000e8200000, 0x00000000e8200000| Untracked 
| 131|0x00000000e8300000, 0x00000000e8300000, 0x00000000e8400000|  0%| F|  |TAMS 0x00000000e8300000, 0x00000000e8300000| Untracked 
| 132|0x00000000e8400000, 0x00000000e8400000, 0x00000000e8500000|  0%| F|  |TAMS 0x00000000e8400000, 0x00000000e8400000| Untracked 
| 133|0x00000000e8500000, 0x00000000e8500000, 0x00000000e8600000|  0%| F|  |TAMS 0x00000000e8500000, 0x00000000e8500000| Untracked 
| 134|0x00000000e8600000, 0x00000000e8600000, 0x00000000e8700000|  0%| F|  |TAMS 0x00000000e8600000, 0x00000000e8600000| Untracked 
| 135|0x00000000e8700000, 0x00000000e8700000, 0x00000000e8800000|  0%| F|  |TAMS 0x00000000e8700000, 0x00000000e8700000| Untracked 
| 136|0x00000000e8800000, 0x00000000e8800000, 0x00000000e8900000|  0%| F|  |TAMS 0x00000000e8800000, 0x00000000e8800000| Untracked 
| 137|0x00000000e8900000, 0x00000000e8900000, 0x00000000e8a00000|  0%| F|  |TAMS 0x00000000e8900000, 0x00000000e8900000| Untracked 
| 138|0x00000000e8a00000, 0x00000000e8a00000, 0x00000000e8b00000|  0%| F|  |TAMS 0x00000000e8a00000, 0x00000000e8a00000| Untracked 
| 139|0x00000000e8b00000, 0x00000000e8b00000, 0x00000000e8c00000|  0%| F|  |TAMS 0x00000000e8b00000, 0x00000000e8b00000| Untracked 
| 140|0x00000000e8c00000, 0x00000000e8c00000, 0x00000000e8d00000|  0%| F|  |TAMS 0x00000000e8c00000, 0x00000000e8c00000| Untracked 
| 141|0x00000000e8d00000, 0x00000000e8d00000, 0x00000000e8e00000|  0%| F|  |TAMS 0x00000000e8d00000, 0x00000000e8d00000| Untracked 
| 142|0x00000000e8e00000, 0x00000000e8e00000, 0x00000000e8f00000|  0%| F|  |TAMS 0x00000000e8e00000, 0x00000000e8e00000| Untracked 
| 143|0x00000000e8f00000, 0x00000000e8f00000, 0x00000000e9000000|  0%| F|  |TAMS 0x00000000e8f00000, 0x00000000e8f00000| Untracked 
| 144|0x00000000e9000000, 0x00000000e9000000, 0x00000000e9100000|  0%| F|  |TAMS 0x00000000e9000000, 0x00000000e9000000| Untracked 
| 145|0x00000000e9100000, 0x00000000e9100000, 0x00000000e9200000|  0%| F|  |TAMS 0x00000000e9100000, 0x00000000e9100000| Untracked 
| 146|0x00000000e9200000, 0x00000000e9200000, 0x00000000e9300000|  0%| F|  |TAMS 0x00000000e9200000, 0x00000000e9200000| Untracked 
| 147|0x00000000e9300000, 0x00000000e9300000, 0x00000000e9400000|  0%| F|  |TAMS 0x00000000e9300000, 0x00000000e9300000| Untracked 
| 148|0x00000000e9400000, 0x00000000e9400000, 0x00000000e9500000|  0%| F|  |TAMS 0x00000000e9400000, 0x00000000e9400000| Untracked 
| 149|0x00000000e9500000, 0x00000000e9500000, 0x00000000e9600000|  0%| F|  |TAMS 0x00000000e9500000, 0x00000000e9500000| Untracked 
| 150|0x00000000e9600000, 0x00000000e9600000, 0x00000000e9700000|  0%| F|  |TAMS 0x00000000e9600000, 0x00000000e9600000| Untracked 
| 151|0x00000000e9700000, 0x00000000e9700000, 0x00000000e9800000|  0%| F|  |TAMS 0x00000000e9700000, 0x00000000e9700000| Untracked 
| 152|0x00000000e9800000, 0x00000000e9800000, 0x00000000e9900000|  0%| F|  |TAMS 0x00000000e9800000, 0x00000000e9800000| Untracked 
| 153|0x00000000e9900000, 0x00000000e9900000, 0x00000000e9a00000|  0%| F|  |TAMS 0x00000000e9900000, 0x00000000e9900000| Untracked 
| 154|0x00000000e9a00000, 0x00000000e9a00000, 0x00000000e9b00000|  0%| F|  |TAMS 0x00000000e9a00000, 0x00000000e9a00000| Untracked 
| 155|0x00000000e9b00000, 0x00000000e9b80800, 0x00000000e9c00000| 50%| E|  |TAMS 0x00000000e9b00000, 0x00000000e9b00000| Complete 
| 156|0x00000000e9c00000, 0x00000000e9d00000, 0x00000000e9d00000|100%| E|CS|TAMS 0x00000000e9c00000, 0x00000000e9c00000| Complete 
| 157|0x00000000e9d00000, 0x00000000e9e00000, 0x00000000e9e00000|100%| E|CS|TAMS 0x00000000e9d00000, 0x00000000e9d00000| Complete 
| 158|0x00000000e9e00000, 0x00000000e9f00000, 0x00000000e9f00000|100%| E|CS|TAMS 0x00000000e9e00000, 0x00000000e9e00000| Complete 
| 159|0x00000000e9f00000, 0x00000000ea000000, 0x00000000ea000000|100%| E|CS|TAMS 0x00000000e9f00000, 0x00000000e9f00000| Complete 
| 160|0x00000000ea000000, 0x00000000ea100000, 0x00000000ea100000|100%| E|CS|TAMS 0x00000000ea000000, 0x00000000ea000000| Complete 
| 161|0x00000000ea100000, 0x00000000ea200000, 0x00000000ea200000|100%| E|CS|TAMS 0x00000000ea100000, 0x00000000ea100000| Complete 
| 162|0x00000000ea200000, 0x00000000ea300000, 0x00000000ea300000|100%| E|CS|TAMS 0x00000000ea200000, 0x00000000ea200000| Complete 
| 163|0x00000000ea300000, 0x00000000ea400000, 0x00000000ea400000|100%| E|CS|TAMS 0x00000000ea300000, 0x00000000ea300000| Complete 
| 164|0x00000000ea400000, 0x00000000ea500000, 0x00000000ea500000|100%| E|CS|TAMS 0x00000000ea400000, 0x00000000ea400000| Complete 
| 165|0x00000000ea500000, 0x00000000ea600000, 0x00000000ea600000|100%| E|CS|TAMS 0x00000000ea500000, 0x00000000ea500000| Complete 
| 166|0x00000000ea600000, 0x00000000ea700000, 0x00000000ea700000|100%| E|CS|TAMS 0x00000000ea600000, 0x00000000ea600000| Complete 
| 167|0x00000000ea700000, 0x00000000ea800000, 0x00000000ea800000|100%| E|CS|TAMS 0x00000000ea700000, 0x00000000ea700000| Complete 
| 168|0x00000000ea800000, 0x00000000ea900000, 0x00000000ea900000|100%| E|CS|TAMS 0x00000000ea800000, 0x00000000ea800000| Complete 
| 169|0x00000000ea900000, 0x00000000eaa00000, 0x00000000eaa00000|100%| E|CS|TAMS 0x00000000ea900000, 0x00000000ea900000| Complete 
| 170|0x00000000eaa00000, 0x00000000eab00000, 0x00000000eab00000|100%| E|CS|TAMS 0x00000000eaa00000, 0x00000000eaa00000| Complete 
| 171|0x00000000eab00000, 0x00000000eac00000, 0x00000000eac00000|100%| E|CS|TAMS 0x00000000eab00000, 0x00000000eab00000| Complete 
| 172|0x00000000eac00000, 0x00000000ead00000, 0x00000000ead00000|100%| E|CS|TAMS 0x00000000eac00000, 0x00000000eac00000| Complete 
| 173|0x00000000ead00000, 0x00000000eae00000, 0x00000000eae00000|100%| E|CS|TAMS 0x00000000ead00000, 0x00000000ead00000| Complete 
| 174|0x00000000eae00000, 0x00000000eaf00000, 0x00000000eaf00000|100%| E|CS|TAMS 0x00000000eae00000, 0x00000000eae00000| Complete 
| 175|0x00000000eaf00000, 0x00000000eb000000, 0x00000000eb000000|100%| E|CS|TAMS 0x00000000eaf00000, 0x00000000eaf00000| Complete 
| 176|0x00000000eb000000, 0x00000000eb100000, 0x00000000eb100000|100%| E|CS|TAMS 0x00000000eb000000, 0x00000000eb000000| Complete 
| 177|0x00000000eb100000, 0x00000000eb200000, 0x00000000eb200000|100%| E|CS|TAMS 0x00000000eb100000, 0x00000000eb100000| Complete 
| 178|0x00000000eb200000, 0x00000000eb300000, 0x00000000eb300000|100%| E|CS|TAMS 0x00000000eb200000, 0x00000000eb200000| Complete 
| 179|0x00000000eb300000, 0x00000000eb400000, 0x00000000eb400000|100%| E|CS|TAMS 0x00000000eb300000, 0x00000000eb300000| Complete 
| 180|0x00000000eb400000, 0x00000000eb500000, 0x00000000eb500000|100%| E|CS|TAMS 0x00000000eb400000, 0x00000000eb400000| Complete 
| 181|0x00000000eb500000, 0x00000000eb600000, 0x00000000eb600000|100%| E|CS|TAMS 0x00000000eb500000, 0x00000000eb500000| Complete 
| 182|0x00000000eb600000, 0x00000000eb700000, 0x00000000eb700000|100%| E|CS|TAMS 0x00000000eb600000, 0x00000000eb600000| Complete 
| 183|0x00000000eb700000, 0x00000000eb800000, 0x00000000eb800000|100%| E|CS|TAMS 0x00000000eb700000, 0x00000000eb700000| Complete 
| 184|0x00000000eb800000, 0x00000000eb900000, 0x00000000eb900000|100%| E|CS|TAMS 0x00000000eb800000, 0x00000000eb800000| Complete 
| 185|0x00000000eb900000, 0x00000000eba00000, 0x00000000eba00000|100%| E|CS|TAMS 0x00000000eb900000, 0x00000000eb900000| Complete 
| 186|0x00000000eba00000, 0x00000000ebb00000, 0x00000000ebb00000|100%| E|CS|TAMS 0x00000000eba00000, 0x00000000eba00000| Complete 
| 187|0x00000000ebb00000, 0x00000000ebc00000, 0x00000000ebc00000|100%| E|CS|TAMS 0x00000000ebb00000, 0x00000000ebb00000| Complete 
| 188|0x00000000ebc00000, 0x00000000ebd00000, 0x00000000ebd00000|100%| E|CS|TAMS 0x00000000ebc00000, 0x00000000ebc00000| Complete 
| 189|0x00000000ebd00000, 0x00000000ebe00000, 0x00000000ebe00000|100%| E|CS|TAMS 0x00000000ebd00000, 0x00000000ebd00000| Complete 
| 190|0x00000000ebe00000, 0x00000000ebf00000, 0x00000000ebf00000|100%| E|CS|TAMS 0x00000000ebe00000, 0x00000000ebe00000| Complete 
| 191|0x00000000ebf00000, 0x00000000ec000000, 0x00000000ec000000|100%| E|CS|TAMS 0x00000000ebf00000, 0x00000000ebf00000| Complete 
| 192|0x00000000ec000000, 0x00000000ec100000, 0x00000000ec100000|100%| E|CS|TAMS 0x00000000ec000000, 0x00000000ec000000| Complete 
| 193|0x00000000ec100000, 0x00000000ec200000, 0x00000000ec200000|100%| E|CS|TAMS 0x00000000ec100000, 0x00000000ec100000| Complete 
| 194|0x00000000ec200000, 0x00000000ec300000, 0x00000000ec300000|100%| E|CS|TAMS 0x00000000ec200000, 0x00000000ec200000| Complete 
| 195|0x00000000ec300000, 0x00000000ec400000, 0x00000000ec400000|100%| E|CS|TAMS 0x00000000ec300000, 0x00000000ec300000| Complete 
| 196|0x00000000ec400000, 0x00000000ec500000, 0x00000000ec500000|100%| E|CS|TAMS 0x00000000ec400000, 0x00000000ec400000| Complete 
| 197|0x00000000ec500000, 0x00000000ec600000, 0x00000000ec600000|100%| E|CS|TAMS 0x00000000ec500000, 0x00000000ec500000| Complete 
| 198|0x00000000ec600000, 0x00000000ec700000, 0x00000000ec700000|100%| E|CS|TAMS 0x00000000ec600000, 0x00000000ec600000| Complete 
| 199|0x00000000ec700000, 0x00000000ec800000, 0x00000000ec800000|100%| E|CS|TAMS 0x00000000ec700000, 0x00000000ec700000| Complete 
| 200|0x00000000ec800000, 0x00000000ec900000, 0x00000000ec900000|100%| E|CS|TAMS 0x00000000ec800000, 0x00000000ec800000| Complete 
| 201|0x00000000ec900000, 0x00000000eca00000, 0x00000000eca00000|100%| E|CS|TAMS 0x00000000ec900000, 0x00000000ec900000| Complete 
| 202|0x00000000eca00000, 0x00000000ecb00000, 0x00000000ecb00000|100%| E|CS|TAMS 0x00000000eca00000, 0x00000000eca00000| Complete 
| 203|0x00000000ecb00000, 0x00000000ecc00000, 0x00000000ecc00000|100%| E|CS|TAMS 0x00000000ecb00000, 0x00000000ecb00000| Complete 
| 204|0x00000000ecc00000, 0x00000000ecd00000, 0x00000000ecd00000|100%| E|CS|TAMS 0x00000000ecc00000, 0x00000000ecc00000| Complete 
| 205|0x00000000ecd00000, 0x00000000ece00000, 0x00000000ece00000|100%| E|CS|TAMS 0x00000000ecd00000, 0x00000000ecd00000| Complete 
| 206|0x00000000ece00000, 0x00000000ecf00000, 0x00000000ecf00000|100%| E|CS|TAMS 0x00000000ece00000, 0x00000000ece00000| Complete 
| 207|0x00000000ecf00000, 0x00000000ed000000, 0x00000000ed000000|100%| E|CS|TAMS 0x00000000ecf00000, 0x00000000ecf00000| Complete 
| 208|0x00000000ed000000, 0x00000000ed100000, 0x00000000ed100000|100%| E|CS|TAMS 0x00000000ed000000, 0x00000000ed000000| Complete 
| 209|0x00000000ed100000, 0x00000000ed200000, 0x00000000ed200000|100%| E|CS|TAMS 0x00000000ed100000, 0x00000000ed100000| Complete 
| 210|0x00000000ed200000, 0x00000000ed300000, 0x00000000ed300000|100%| E|CS|TAMS 0x00000000ed200000, 0x00000000ed200000| Complete 
| 211|0x00000000ed300000, 0x00000000ed400000, 0x00000000ed400000|100%| E|CS|TAMS 0x00000000ed300000, 0x00000000ed300000| Complete 
| 212|0x00000000ed400000, 0x00000000ed500000, 0x00000000ed500000|100%| E|CS|TAMS 0x00000000ed400000, 0x00000000ed400000| Complete 
| 213|0x00000000ed500000, 0x00000000ed600000, 0x00000000ed600000|100%| E|CS|TAMS 0x00000000ed500000, 0x00000000ed500000| Complete 
| 214|0x00000000ed600000, 0x00000000ed700000, 0x00000000ed700000|100%| E|CS|TAMS 0x00000000ed600000, 0x00000000ed600000| Complete 
| 215|0x00000000ed700000, 0x00000000ed800000, 0x00000000ed800000|100%| E|CS|TAMS 0x00000000ed700000, 0x00000000ed700000| Complete 
| 216|0x00000000ed800000, 0x00000000ed900000, 0x00000000ed900000|100%| E|CS|TAMS 0x00000000ed800000, 0x00000000ed800000| Complete 
| 217|0x00000000ed900000, 0x00000000eda00000, 0x00000000eda00000|100%| E|CS|TAMS 0x00000000ed900000, 0x00000000ed900000| Complete 
| 218|0x00000000eda00000, 0x00000000edb00000, 0x00000000edb00000|100%| E|CS|TAMS 0x00000000eda00000, 0x00000000eda00000| Complete 
| 219|0x00000000edb00000, 0x00000000edc00000, 0x00000000edc00000|100%| E|CS|TAMS 0x00000000edb00000, 0x00000000edb00000| Complete 
| 220|0x00000000edc00000, 0x00000000edd00000, 0x00000000edd00000|100%| E|CS|TAMS 0x00000000edc00000, 0x00000000edc00000| Complete 
| 221|0x00000000edd00000, 0x00000000ede00000, 0x00000000ede00000|100%| E|CS|TAMS 0x00000000edd00000, 0x00000000edd00000| Complete 
| 222|0x00000000ede00000, 0x00000000edf00000, 0x00000000edf00000|100%| E|CS|TAMS 0x00000000ede00000, 0x00000000ede00000| Complete 
| 223|0x00000000edf00000, 0x00000000ee000000, 0x00000000ee000000|100%| E|CS|TAMS 0x00000000edf00000, 0x00000000edf00000| Complete 
| 224|0x00000000ee000000, 0x00000000ee100000, 0x00000000ee100000|100%| E|CS|TAMS 0x00000000ee000000, 0x00000000ee000000| Complete 
| 225|0x00000000ee100000, 0x00000000ee200000, 0x00000000ee200000|100%| E|CS|TAMS 0x00000000ee100000, 0x00000000ee100000| Complete 
| 226|0x00000000ee200000, 0x00000000ee300000, 0x00000000ee300000|100%| E|CS|TAMS 0x00000000ee200000, 0x00000000ee200000| Complete 
| 227|0x00000000ee300000, 0x00000000ee400000, 0x00000000ee400000|100%| E|CS|TAMS 0x00000000ee300000, 0x00000000ee300000| Complete 
| 228|0x00000000ee400000, 0x00000000ee500000, 0x00000000ee500000|100%| E|CS|TAMS 0x00000000ee400000, 0x00000000ee400000| Complete 
| 229|0x00000000ee500000, 0x00000000ee600000, 0x00000000ee600000|100%| E|CS|TAMS 0x00000000ee500000, 0x00000000ee500000| Complete 
| 230|0x00000000ee600000, 0x00000000ee700000, 0x00000000ee700000|100%| E|CS|TAMS 0x00000000ee600000, 0x00000000ee600000| Complete 
| 231|0x00000000ee700000, 0x00000000ee800000, 0x00000000ee800000|100%| E|CS|TAMS 0x00000000ee700000, 0x00000000ee700000| Complete 
| 232|0x00000000ee800000, 0x00000000ee900000, 0x00000000ee900000|100%| E|CS|TAMS 0x00000000ee800000, 0x00000000ee800000| Complete 
| 233|0x00000000ee900000, 0x00000000eea00000, 0x00000000eea00000|100%| E|CS|TAMS 0x00000000ee900000, 0x00000000ee900000| Complete 
| 234|0x00000000eea00000, 0x00000000eeb00000, 0x00000000eeb00000|100%| E|CS|TAMS 0x00000000eea00000, 0x00000000eea00000| Complete 
| 235|0x00000000eeb00000, 0x00000000eec00000, 0x00000000eec00000|100%| E|CS|TAMS 0x00000000eeb00000, 0x00000000eeb00000| Complete 
| 236|0x00000000eec00000, 0x00000000eed00000, 0x00000000eed00000|100%| E|CS|TAMS 0x00000000eec00000, 0x00000000eec00000| Complete 
| 237|0x00000000eed00000, 0x00000000eee00000, 0x00000000eee00000|100%| E|CS|TAMS 0x00000000eed00000, 0x00000000eed00000| Complete 
| 238|0x00000000eee00000, 0x00000000eef00000, 0x00000000eef00000|100%| E|CS|TAMS 0x00000000eee00000, 0x00000000eee00000| Complete 
| 239|0x00000000eef00000, 0x00000000ef000000, 0x00000000ef000000|100%| E|CS|TAMS 0x00000000eef00000, 0x00000000eef00000| Complete 
| 240|0x00000000ef000000, 0x00000000ef100000, 0x00000000ef100000|100%| E|CS|TAMS 0x00000000ef000000, 0x00000000ef000000| Complete 
| 241|0x00000000ef100000, 0x00000000ef200000, 0x00000000ef200000|100%| E|CS|TAMS 0x00000000ef100000, 0x00000000ef100000| Complete 
| 242|0x00000000ef200000, 0x00000000ef300000, 0x00000000ef300000|100%| E|CS|TAMS 0x00000000ef200000, 0x00000000ef200000| Complete 
| 243|0x00000000ef300000, 0x00000000ef400000, 0x00000000ef400000|100%| E|CS|TAMS 0x00000000ef300000, 0x00000000ef300000| Complete 
| 244|0x00000000ef400000, 0x00000000ef500000, 0x00000000ef500000|100%| E|CS|TAMS 0x00000000ef400000, 0x00000000ef400000| Complete 
| 245|0x00000000ef500000, 0x00000000ef600000, 0x00000000ef600000|100%| E|CS|TAMS 0x00000000ef500000, 0x00000000ef500000| Complete 
| 246|0x00000000ef600000, 0x00000000ef700000, 0x00000000ef700000|100%| E|CS|TAMS 0x00000000ef600000, 0x00000000ef600000| Complete 
| 247|0x00000000ef700000, 0x00000000ef800000, 0x00000000ef800000|100%| E|CS|TAMS 0x00000000ef700000, 0x00000000ef700000| Complete 
| 248|0x00000000ef800000, 0x00000000ef900000, 0x00000000ef900000|100%| E|CS|TAMS 0x00000000ef800000, 0x00000000ef800000| Complete 
| 249|0x00000000ef900000, 0x00000000efa00000, 0x00000000efa00000|100%| E|CS|TAMS 0x00000000ef900000, 0x00000000ef900000| Complete 
| 250|0x00000000efa00000, 0x00000000efb00000, 0x00000000efb00000|100%| E|CS|TAMS 0x00000000efa00000, 0x00000000efa00000| Complete 
| 251|0x00000000efb00000, 0x00000000efc00000, 0x00000000efc00000|100%| E|CS|TAMS 0x00000000efb00000, 0x00000000efb00000| Complete 
| 252|0x00000000efc00000, 0x00000000efd00000, 0x00000000efd00000|100%| E|CS|TAMS 0x00000000efc00000, 0x00000000efc00000| Complete 
| 253|0x00000000efd00000, 0x00000000efe00000, 0x00000000efe00000|100%| E|  |TAMS 0x00000000efd00000, 0x00000000efd00000| Complete 
| 254|0x00000000efe00000, 0x00000000eff00000, 0x00000000eff00000|100%| E|CS|TAMS 0x00000000efe00000, 0x00000000efe00000| Complete 
| 255|0x00000000eff00000, 0x00000000f0000000, 0x00000000f0000000|100%| E|CS|TAMS 0x00000000eff00000, 0x00000000eff00000| Complete 

Card table byte_map: [0x0000019b72280000,0x0000019b72380000] _byte_map_base: 0x0000019b71b80000

Marking Bits (Prev, Next): (CMBitMap*) 0x0000019b5fb3f590, (CMBitMap*) 0x0000019b5fb3f550
 Prev Bits: [0x0000019b72c80000, 0x0000019b73480000)
 Next Bits: [0x0000019b72480000, 0x0000019b72c80000)

Polling page: 0x0000019b5da70000

Metaspace:

Usage:
  Non-class:     66.03 MB used.
      Class:     10.32 MB used.
       Both:     76.34 MB used.

Virtual space:
  Non-class space:      128.00 MB reserved,      66.38 MB ( 52%) committed,  2 nodes.
      Class space:      320.00 MB reserved,      10.62 MB (  3%) committed,  1 nodes.
             Both:      448.00 MB reserved,      77.00 MB ( 17%) committed. 

Chunk freelists:
   Non-Class:  13.42 MB
       Class:  5.37 MB
        Both:  18.79 MB

MaxMetaspaceSize: 384.00 MB
CompressedClassSpaceSize: 320.00 MB
Initial GC threshold: 21.00 MB
Current GC threshold: 98.25 MB
CDS: off
MetaspaceReclaimPolicy: balanced
 - commit_granule_bytes: 65536.
 - commit_granule_words: 8192.
 - virtual_space_node_default_size: 8388608.
 - enlarge_chunks_in_place: 1.
 - new_chunks_are_fully_committed: 0.
 - uncommit_free_chunks: 1.
 - use_allocation_guard: 0.
 - handle_deallocations: 1.


Internal statistics:

num_allocs_failed_limit: 9.
num_arena_births: 726.
num_arena_deaths: 0.
num_vsnodes_births: 3.
num_vsnodes_deaths: 0.
num_space_committed: 1232.
num_space_uncommitted: 0.
num_chunks_returned_to_freelist: 9.
num_chunks_taken_from_freelist: 3654.
num_chunk_merges: 6.
num_chunk_splits: 2323.
num_chunks_enlarged: 1548.
num_inconsistent_stats: 0.

CodeHeap 'non-profiled nmethods': size=120000Kb used=5961Kb max_used=6187Kb free=114038Kb
 bounds [0x0000019b6ad50000, 0x0000019b6b370000, 0x0000019b72280000]
CodeHeap 'profiled nmethods': size=120000Kb used=18476Kb max_used=19412Kb free=101523Kb
 bounds [0x0000019b63280000, 0x0000019b64580000, 0x0000019b6a7b0000]
CodeHeap 'non-nmethods': size=5760Kb used=2350Kb max_used=2397Kb free=3409Kb
 bounds [0x0000019b6a7b0000, 0x0000019b6aa20000, 0x0000019b6ad50000]
 total_blobs=10523 nmethods=9645 adapters=790
 compilation: enabled
              stopped_count=0, restarted_count=0
 full_count=0

Compilation events (20 events):
Event: 109.629 Thread 0x0000019b75c2ce60 11286       3       com.sun.tools.javac.code.TypeAnnotations$TypeAnnotationPositions::pop (24 bytes)
Event: 109.629 Thread 0x0000019b75c2ce60 nmethod 11286 0x0000019b63d59490 code [0x0000019b63d59640, 0x0000019b63d59898]
Event: 109.630 Thread 0x0000019b75c2ce60 11287   !   3       com.sun.tools.javac.code.TypeAnnotations$TypeAnnotationPositions::scan (27 bytes)
Event: 109.630 Thread 0x0000019b75c2ce60 nmethod 11287 0x0000019b63e12b90 code [0x0000019b63e12da0, 0x0000019b63e137c8]
Event: 109.649 Thread 0x0000019b75c2ce60 11288       3       com.sun.tools.javac.tree.JCTree$JCModifiers::accept (6 bytes)
Event: 109.650 Thread 0x0000019b75c2ce60 nmethod 11288 0x0000019b64115590 code [0x0000019b64115740, 0x0000019b64115908]
Event: 109.650 Thread 0x0000019b75c2ce60 11289       3       com.sun.tools.javac.tree.TreeScanner::visitModifiers (9 bytes)
Event: 109.650 Thread 0x0000019b75c2ce60 nmethod 11289 0x0000019b639e7910 code [0x0000019b639e7ae0, 0x0000019b639e80a8]
Event: 109.650 Thread 0x0000019b75c2ce60 11290       3       com.sun.tools.javac.code.Symbol::isCompleted (10 bytes)
Event: 109.727 Thread 0x0000019b75c2ce60 nmethod 11290 0x0000019b64115110 code [0x0000019b641152c0, 0x0000019b64115488]
Event: 109.814 Thread 0x0000019b75c2ce60 11291       3       com.sun.tools.javac.code.Scope$ScopeImpl$1::doNext (43 bytes)
Event: 109.814 Thread 0x0000019b75c2ce60 nmethod 11291 0x0000019b64506510 code [0x0000019b645066c0, 0x0000019b64506908]
Event: 109.815 Thread 0x0000019b75c2ce60 11292       3       com.sun.tools.javac.code.Scope$ScopeImpl$1::skipToNextMatchingEntry (48 bytes)
Event: 109.815 Thread 0x0000019b75c2ce60 nmethod 11292 0x0000019b63b16590 code [0x0000019b63b16740, 0x0000019b63b16aa8]
Event: 109.815 Thread 0x0000019b75c2ce60 11293       3       com.sun.tools.javac.tree.JCTree$JCMethodDecl::accept (6 bytes)
Event: 109.816 Thread 0x0000019b75c2ce60 nmethod 11293 0x0000019b63bb4090 code [0x0000019b63bb4240, 0x0000019b63bb4408]
Event: 109.822 Thread 0x0000019b75c2ce60 11294       3       lombok.javac.JavacNode::getAst (5 bytes)
Event: 109.822 Thread 0x0000019b75c2ce60 nmethod 11294 0x0000019b63ca2490 code [0x0000019b63ca2620, 0x0000019b63ca2758]
Event: 110.649 Thread 0x0000019b75c2ce60 11295   !   3       org.gradle.internal.concurrent.AbstractManagedExecutor$1::run (57 bytes)
Event: 110.732 Thread 0x0000019b75c2ce60 nmethod 11295 0x0000019b63cb0290 code [0x0000019b63cb0480, 0x0000019b63cb0918]

GC Heap History (20 events):
Event: 4.516 GC heap before
{Heap before GC invocations=1 (full 0):
 garbage-first heap   total 262144K, used 23736K [0x00000000e0000000, 0x0000000100000000)
  region size 1024K, 21 young (21504K), 2 survivors (2048K)
 Metaspace       used 10452K, committed 10624K, reserved 393216K
  class space    used 1056K, committed 1152K, reserved 327680K
}
Event: 4.524 GC heap after
{Heap after GC invocations=2 (full 0):
 garbage-first heap   total 262144K, used 10436K [0x00000000e0000000, 0x0000000100000000)
  region size 1024K, 3 young (3072K), 3 survivors (3072K)
 Metaspace       used 10452K, committed 10624K, reserved 393216K
  class space    used 1056K, committed 1152K, reserved 327680K
}
Event: 15.542 GC heap before
{Heap before GC invocations=2 (full 0):
 garbage-first heap   total 262144K, used 113860K [0x00000000e0000000, 0x0000000100000000)
  region size 1024K, 103 young (105472K), 3 survivors (3072K)
 Metaspace       used 21289K, committed 21504K, reserved 393216K
  class space    used 2518K, committed 2624K, reserved 327680K
}
Event: 15.562 GC heap after
{Heap after GC invocations=3 (full 0):
 garbage-first heap   total 262144K, used 19912K [0x00000000e0000000, 0x0000000100000000)
  region size 1024K, 12 young (12288K), 12 survivors (12288K)
 Metaspace       used 21289K, committed 21504K, reserved 393216K
  class space    used 2518K, committed 2624K, reserved 327680K
}
Event: 27.681 GC heap before
{Heap before GC invocations=4 (full 0):
 garbage-first heap   total 262144K, used 89544K [0x00000000e0000000, 0x0000000100000000)
  region size 1024K, 81 young (82944K), 12 survivors (12288K)
 Metaspace       used 30785K, committed 31040K, reserved 393216K
  class space    used 4094K, committed 4224K, reserved 327680K
}
Event: 27.707 GC heap after
{Heap after GC invocations=5 (full 0):
 garbage-first heap   total 262144K, used 24113K [0x00000000e0000000, 0x0000000100000000)
  region size 1024K, 5 young (5120K), 5 survivors (5120K)
 Metaspace       used 30785K, committed 31040K, reserved 393216K
  class space    used 4094K, committed 4224K, reserved 327680K
}
Event: 31.371 GC heap before
{Heap before GC invocations=5 (full 0):
 garbage-first heap   total 262144K, used 65073K [0x00000000e0000000, 0x0000000100000000)
  region size 1024K, 46 young (47104K), 5 survivors (5120K)
 Metaspace       used 35661K, committed 35968K, reserved 393216K
  class space    used 4893K, committed 5056K, reserved 327680K
}
Event: 31.382 GC heap after
{Heap after GC invocations=6 (full 0):
 garbage-first heap   total 262144K, used 25485K [0x00000000e0000000, 0x0000000100000000)
  region size 1024K, 6 young (6144K), 6 survivors (6144K)
 Metaspace       used 35661K, committed 35968K, reserved 393216K
  class space    used 4893K, committed 5056K, reserved 327680K
}
Event: 46.388 GC heap before
{Heap before GC invocations=7 (full 0):
 garbage-first heap   total 262144K, used 182157K [0x00000000e0000000, 0x0000000100000000)
  region size 1024K, 153 young (156672K), 6 survivors (6144K)
 Metaspace       used 54662K, committed 55104K, reserved 393216K
  class space    used 7350K, committed 7552K, reserved 327680K
}
Event: 46.440 GC heap after
{Heap after GC invocations=8 (full 0):
 garbage-first heap   total 262144K, used 35027K [0x00000000e0000000, 0x0000000100000000)
  region size 1024K, 15 young (15360K), 15 survivors (15360K)
 Metaspace       used 54662K, committed 55104K, reserved 393216K
  class space    used 7350K, committed 7552K, reserved 327680K
}
Event: 46.479 GC heap before
{Heap before GC invocations=8 (full 0):
 garbage-first heap   total 262144K, used 36051K [0x00000000e0000000, 0x0000000100000000)
  region size 1024K, 16 young (16384K), 15 survivors (15360K)
 Metaspace       used 54778K, committed 55232K, reserved 393216K
  class space    used 7370K, committed 7616K, reserved 327680K
}
Event: 46.525 GC heap after
{Heap after GC invocations=9 (full 0):
 garbage-first heap   total 262144K, used 35997K [0x00000000e0000000, 0x0000000100000000)
  region size 1024K, 2 young (2048K), 2 survivors (2048K)
 Metaspace       used 54778K, committed 55232K, reserved 393216K
  class space    used 7370K, committed 7616K, reserved 327680K
}
Event: 54.038 GC heap before
{Heap before GC invocations=9 (full 0):
 garbage-first heap   total 262144K, used 95389K [0x00000000e0000000, 0x0000000100000000)
  region size 1024K, 62 young (63488K), 2 survivors (2048K)
 Metaspace       used 59797K, committed 60288K, reserved 393216K
  class space    used 8174K, committed 8448K, reserved 327680K
}
Event: 54.049 GC heap after
{Heap after GC invocations=10 (full 0):
 garbage-first heap   total 262144K, used 36755K [0x00000000e0000000, 0x0000000100000000)
  region size 1024K, 3 young (3072K), 3 survivors (3072K)
 Metaspace       used 59797K, committed 60288K, reserved 393216K
  class space    used 8174K, committed 8448K, reserved 327680K
}
Event: 80.920 GC heap before
{Heap before GC invocations=11 (full 0):
 garbage-first heap   total 262144K, used 190355K [0x00000000e0000000, 0x0000000100000000)
  region size 1024K, 153 young (156672K), 3 survivors (3072K)
 Metaspace       used 65767K, committed 66368K, reserved 393216K
  class space    used 8889K, committed 9152K, reserved 327680K
}
Event: 81.084 GC heap after
{Heap after GC invocations=12 (full 0):
 garbage-first heap   total 262144K, used 49097K [0x00000000e0000000, 0x0000000100000000)
  region size 1024K, 15 young (15360K), 15 survivors (15360K)
 Metaspace       used 65767K, committed 66368K, reserved 393216K
  class space    used 8889K, committed 9152K, reserved 327680K
}
Event: 81.413 GC heap before
{Heap before GC invocations=12 (full 0):
 garbage-first heap   total 262144K, used 50121K [0x00000000e0000000, 0x0000000100000000)
  region size 1024K, 16 young (16384K), 15 survivors (15360K)
 Metaspace       used 65774K, committed 66368K, reserved 393216K
  class space    used 8889K, committed 9152K, reserved 327680K
}
Event: 81.490 GC heap after
{Heap after GC invocations=13 (full 0):
 garbage-first heap   total 262144K, used 49969K [0x00000000e0000000, 0x0000000100000000)
  region size 1024K, 2 young (2048K), 2 survivors (2048K)
 Metaspace       used 65774K, committed 66368K, reserved 393216K
  class space    used 8889K, committed 9152K, reserved 327680K
}
Event: 95.927 GC heap before
{Heap before GC invocations=13 (full 0):
 garbage-first heap   total 262144K, used 202545K [0x00000000e0000000, 0x0000000100000000)
  region size 1024K, 151 young (154624K), 2 survivors (2048K)
 Metaspace       used 71717K, committed 72320K, reserved 393216K
  class space    used 9816K, committed 10112K, reserved 327680K
}
Event: 96.073 GC heap after
{Heap after GC invocations=14 (full 0):
 garbage-first heap   total 262144K, used 67218K [0x00000000e0000000, 0x0000000100000000)
  region size 1024K, 19 young (19456K), 19 survivors (19456K)
 Metaspace       used 71717K, committed 72320K, reserved 393216K
  class space    used 9816K, committed 10112K, reserved 327680K
}

Dll operation events (3 events):
Event: 0.126 Loaded shared library C:\Program Files\JetBrains\IntelliJ IDEA 2023.2\jbr\bin\java.dll
Event: 1.030 Loaded shared library C:\Program Files\JetBrains\IntelliJ IDEA 2023.2\jbr\bin\zip.dll
Event: 3.482 Loaded shared library C:\Program Files\JetBrains\IntelliJ IDEA 2023.2\jbr\bin\verify.dll

Deoptimization events (20 events):
Event: 109.017 Thread 0x0000019b7a3629d0 Uncommon trap: trap_request=0xffffffc6 fr.pc=0x0000019b6b13590c relative=0x000000000000050c
Event: 109.017 Thread 0x0000019b7a3629d0 Uncommon trap: reason=bimorphic_or_optimized_type_check action=maybe_recompile pc=0x0000019b6b13590c method=java.util.Collections$UnmodifiableCollection.contains(Ljava/lang/Object;)Z @ 5 c2
Event: 109.017 Thread 0x0000019b7a3629d0 DEOPT PACKING pc=0x0000019b6b13590c sp=0x00000004cdbf7be0
Event: 109.017 Thread 0x0000019b7a3629d0 DEOPT UNPACKING pc=0x0000019b6a8069a3 sp=0x00000004cdbf7b88 mode 2
Event: 109.029 Thread 0x0000019b7a3629d0 Uncommon trap: trap_request=0xffffffc6 fr.pc=0x0000019b6b13590c relative=0x000000000000050c
Event: 109.029 Thread 0x0000019b7a3629d0 Uncommon trap: reason=bimorphic_or_optimized_type_check action=maybe_recompile pc=0x0000019b6b13590c method=java.util.Collections$UnmodifiableCollection.contains(Ljava/lang/Object;)Z @ 5 c2
Event: 109.029 Thread 0x0000019b7a3629d0 DEOPT PACKING pc=0x0000019b6b13590c sp=0x00000004cdbf7be0
Event: 109.029 Thread 0x0000019b7a3629d0 DEOPT UNPACKING pc=0x0000019b6a8069a3 sp=0x00000004cdbf7b88 mode 2
Event: 109.151 Thread 0x0000019b7a3629d0 Uncommon trap: trap_request=0xffffffc6 fr.pc=0x0000019b6b13590c relative=0x000000000000050c
Event: 109.151 Thread 0x0000019b7a3629d0 Uncommon trap: reason=bimorphic_or_optimized_type_check action=maybe_recompile pc=0x0000019b6b13590c method=java.util.Collections$UnmodifiableCollection.contains(Ljava/lang/Object;)Z @ 5 c2
Event: 109.151 Thread 0x0000019b7a3629d0 DEOPT PACKING pc=0x0000019b6b13590c sp=0x00000004cdbf7be0
Event: 109.151 Thread 0x0000019b7a3629d0 DEOPT UNPACKING pc=0x0000019b6a8069a3 sp=0x00000004cdbf7b88 mode 2
Event: 109.401 Thread 0x0000019b7a3629d0 Uncommon trap: trap_request=0xffffffde fr.pc=0x0000019b6b20f474 relative=0x00000000000004f4
Event: 109.401 Thread 0x0000019b7a3629d0 Uncommon trap: reason=class_check action=maybe_recompile pc=0x0000019b6b20f474 method=java.util.stream.FindOps$FindOp.evaluateSequential(Ljava/util/stream/PipelineHelper;Ljava/util/Spliterator;)Ljava/lang/Object; @ 5 c2
Event: 109.401 Thread 0x0000019b7a3629d0 DEOPT PACKING pc=0x0000019b6b20f474 sp=0x00000004cdbf7d70
Event: 109.401 Thread 0x0000019b7a3629d0 DEOPT UNPACKING pc=0x0000019b6a8069a3 sp=0x00000004cdbf7d38 mode 2
Event: 109.446 Thread 0x0000019b7a3629d0 Uncommon trap: trap_request=0xffffffc6 fr.pc=0x0000019b6b192998 relative=0x0000000000000058
Event: 109.446 Thread 0x0000019b7a3629d0 Uncommon trap: reason=bimorphic_or_optimized_type_check action=maybe_recompile pc=0x0000019b6b192998 method=java.util.AbstractQueue.add(Ljava/lang/Object;)Z @ 2 c2
Event: 109.446 Thread 0x0000019b7a3629d0 DEOPT PACKING pc=0x0000019b6b192998 sp=0x00000004cdbf7d20
Event: 109.446 Thread 0x0000019b7a3629d0 DEOPT UNPACKING pc=0x0000019b6a8069a3 sp=0x00000004cdbf7ce8 mode 2

Classes unloaded (0 events):
No events

Classes redefined (0 events):
No events

Internal exceptions (20 events):
Event: 105.106 Thread 0x0000019b7a3629d0 Exception <a 'sun/nio/fs/WindowsException'{0x00000000ec52f398}> (0x00000000ec52f398) 
thrown [s\src\hotspot\share\prims\jni.cpp, line 517]
Event: 105.109 Thread 0x0000019b7a3629d0 Exception <a 'sun/nio/fs/WindowsException'{0x00000000ec535490}> (0x00000000ec535490) 
thrown [s\src\hotspot\share\prims\jni.cpp, line 517]
Event: 105.115 Thread 0x0000019b7a3629d0 Exception <a 'sun/nio/fs/WindowsException'{0x00000000ec542098}> (0x00000000ec542098) 
thrown [s\src\hotspot\share\prims\jni.cpp, line 517]
Event: 105.125 Thread 0x0000019b7a3629d0 Exception <a 'sun/nio/fs/WindowsException'{0x00000000ec54f858}> (0x00000000ec54f858) 
thrown [s\src\hotspot\share\prims\jni.cpp, line 517]
Event: 105.125 Thread 0x0000019b7a3629d0 Exception <a 'sun/nio/fs/WindowsException'{0x00000000ec54fc18}> (0x00000000ec54fc18) 
thrown [s\src\hotspot\share\prims\jni.cpp, line 517]
Event: 105.131 Thread 0x0000019b7a3629d0 Exception <a 'sun/nio/fs/WindowsException'{0x00000000ec58b7c0}> (0x00000000ec58b7c0) 
thrown [s\src\hotspot\share\prims\jni.cpp, line 517]
Event: 105.131 Thread 0x0000019b7a3629d0 Exception <a 'sun/nio/fs/WindowsException'{0x00000000ec58bbb0}> (0x00000000ec58bbb0) 
thrown [s\src\hotspot\share\prims\jni.cpp, line 517]
Event: 105.139 Thread 0x0000019b7a3629d0 Exception <a 'sun/nio/fs/WindowsException'{0x00000000ec5b2c70}> (0x00000000ec5b2c70) 
thrown [s\src\hotspot\share\prims\jni.cpp, line 517]
Event: 105.139 Thread 0x0000019b7a3629d0 Exception <a 'sun/nio/fs/WindowsException'{0x00000000ec5b30b0}> (0x00000000ec5b30b0) 
thrown [s\src\hotspot\share\prims\jni.cpp, line 517]
Event: 105.147 Thread 0x0000019b7a3629d0 Exception <a 'sun/nio/fs/WindowsException'{0x00000000ec5d83e8}> (0x00000000ec5d83e8) 
thrown [s\src\hotspot\share\prims\jni.cpp, line 517]
Event: 105.147 Thread 0x0000019b7a3629d0 Exception <a 'sun/nio/fs/WindowsException'{0x00000000ec5d87d0}> (0x00000000ec5d87d0) 
thrown [s\src\hotspot\share\prims\jni.cpp, line 517]
Event: 105.186 Thread 0x0000019b7a3629d0 Exception <a 'sun/nio/fs/WindowsException'{0x00000000ec43a000}> (0x00000000ec43a000) 
thrown [s\src\hotspot\share\prims\jni.cpp, line 517]
Event: 105.509 Thread 0x0000019b7a3629d0 Exception <a 'sun/nio/fs/WindowsException'{0x00000000ec1232a0}> (0x00000000ec1232a0) 
thrown [s\src\hotspot\share\prims\jni.cpp, line 517]
Event: 105.509 Thread 0x0000019b7a3629d0 Exception <a 'sun/nio/fs/WindowsException'{0x00000000ec123648}> (0x00000000ec123648) 
thrown [s\src\hotspot\share\prims\jni.cpp, line 517]
Event: 105.583 Thread 0x0000019b7a3629d0 Exception <a 'sun/nio/fs/WindowsException'{0x00000000ec05f868}> (0x00000000ec05f868) 
thrown [s\src\hotspot\share\prims\jni.cpp, line 517]
Event: 105.583 Thread 0x0000019b7a3629d0 Exception <a 'sun/nio/fs/WindowsException'{0x00000000ec05fc70}> (0x00000000ec05fc70) 
thrown [s\src\hotspot\share\prims\jni.cpp, line 517]
Event: 109.374 Thread 0x0000019b7a3629d0 Exception <a 'sun/nio/fs/WindowsException'{0x00000000e9e59428}> (0x00000000e9e59428) 
thrown [s\src\hotspot\share\prims\jni.cpp, line 517]
Event: 109.374 Thread 0x0000019b7a3629d0 Exception <a 'sun/nio/fs/WindowsException'{0x00000000e9e597b8}> (0x00000000e9e597b8) 
thrown [s\src\hotspot\share\prims\jni.cpp, line 517]
Event: 109.575 Thread 0x0000019b7a3629d0 Exception <a 'sun/nio/fs/WindowsException'{0x00000000e9d22ed8}> (0x00000000e9d22ed8) 
thrown [s\src\hotspot\share\prims\jni.cpp, line 517]
Event: 109.575 Thread 0x0000019b7a3629d0 Exception <a 'sun/nio/fs/WindowsException'{0x00000000e9d23268}> (0x00000000e9d23268) 
thrown [s\src\hotspot\share\prims\jni.cpp, line 517]

VM Operations (20 events):
Event: 102.977 Executing VM operation: Cleanup
Event: 102.977 Executing VM operation: Cleanup done
Event: 103.939 Executing VM operation: HandshakeAllThreads
Event: 103.939 Executing VM operation: HandshakeAllThreads done
Event: 104.329 Executing VM operation: HandshakeAllThreads
Event: 104.340 Executing VM operation: HandshakeAllThreads done
Event: 104.340 Executing VM operation: Cleanup
Event: 104.346 Executing VM operation: Cleanup done
Event: 104.716 Executing VM operation: HandshakeAllThreads
Event: 104.721 Executing VM operation: HandshakeAllThreads done
Event: 105.735 Executing VM operation: Cleanup
Event: 105.737 Executing VM operation: Cleanup done
Event: 106.739 Executing VM operation: Cleanup
Event: 106.740 Executing VM operation: Cleanup done
Event: 107.741 Executing VM operation: Cleanup
Event: 107.742 Executing VM operation: Cleanup done
Event: 108.746 Executing VM operation: Cleanup
Event: 108.762 Executing VM operation: Cleanup done
Event: 109.822 Executing VM operation: Cleanup
Event: 109.823 Executing VM operation: Cleanup done

Events (20 events):
Event: 106.709 loading class java/text/BreakIterator
Event: 106.709 loading class java/text/BreakIterator done
Event: 107.028 loading class java/util/regex/Pattern$LookBehindEndNode
Event: 107.029 loading class java/util/regex/Pattern$LookBehindEndNode done
Event: 107.029 loading class java/util/regex/Pattern$NotBehind
Event: 107.029 loading class java/util/regex/Pattern$NotBehind done
Event: 107.173 loading class java/util/Vector$1
Event: 107.173 loading class java/util/Vector$1 done
Event: 107.190 loading class java/io/PushbackInputStream
Event: 107.190 loading class java/io/PushbackInputStream done
Event: 108.387 loading class java/util/Collections$UnmodifiableSortedSet
Event: 108.388 loading class java/util/Collections$UnmodifiableSortedSet done
Event: 108.487 loading class java/util/IdentityHashMap$EntrySet
Event: 108.507 loading class java/util/IdentityHashMap$EntrySet done
Event: 108.507 loading class java/util/IdentityHashMap$EntryIterator
Event: 108.508 loading class java/util/IdentityHashMap$EntryIterator done
Event: 108.509 loading class java/util/IdentityHashMap$EntryIterator$Entry
Event: 108.510 loading class java/util/IdentityHashMap$EntryIterator$Entry done
Event: 108.794 loading class sun/reflect/generics/repository/FieldRepository
Event: 108.795 loading class sun/reflect/generics/repository/FieldRepository done


Dynamic libraries:
0x00007ff7aec60000 - 0x00007ff7aec6a000 	C:\Program Files\JetBrains\IntelliJ IDEA 2023.2\jbr\bin\java.exe
0x00007fffb5eb0000 - 0x00007fffb60c7000 	C:\WINDOWS\SYSTEM32\ntdll.dll
0x00007fffb4a30000 - 0x00007fffb4af4000 	C:\WINDOWS\System32\KERNEL32.DLL
0x00007fffb35f0000 - 0x00007fffb39a7000 	C:\WINDOWS\System32\KERNELBASE.dll
0x00007fffb3310000 - 0x00007fffb3421000 	C:\WINDOWS\System32\ucrtbase.dll
0x00007fffa0490000 - 0x00007fffa04a7000 	C:\Program Files\JetBrains\IntelliJ IDEA 2023.2\jbr\bin\jli.dll
0x00007fffb5af0000 - 0x00007fffb5c9f000 	C:\WINDOWS\System32\USER32.dll
0x00007fffb31c0000 - 0x00007fffb31e6000 	C:\WINDOWS\System32\win32u.dll
0x00007fffb3ef0000 - 0x00007fffb3f19000 	C:\WINDOWS\System32\GDI32.dll
0x00007fffb31f0000 - 0x00007fffb3308000 	C:\WINDOWS\System32\gdi32full.dll
0x00007fffb3430000 - 0x00007fffb34ca000 	C:\WINDOWS\System32\msvcp_win.dll
0x00007fffab110000 - 0x00007fffab12b000 	C:\Program Files\JetBrains\IntelliJ IDEA 2023.2\jbr\bin\VCRUNTIME140.dll
0x00007fffa28c0000 - 0x00007fffa2b53000 	C:\WINDOWS\WinSxS\amd64_microsoft.windows.common-controls_6595b64144ccf1df_6.0.22621.3672_none_2713b9d173822955\COMCTL32.dll
0x00007fffb5970000 - 0x00007fffb5a17000 	C:\WINDOWS\System32\msvcrt.dll
0x00007fffb3f20000 - 0x00007fffb3f51000 	C:\WINDOWS\System32\IMM32.DLL
0x00007fffaece0000 - 0x00007fffaecec000 	C:\Program Files\JetBrains\IntelliJ IDEA 2023.2\jbr\bin\vcruntime140_1.dll
0x00007fff852d0000 - 0x00007fff8535d000 	C:\Program Files\JetBrains\IntelliJ IDEA 2023.2\jbr\bin\msvcp140.dll
0x00007fff6c5a0000 - 0x00007fff6d220000 	C:\Program Files\JetBrains\IntelliJ IDEA 2023.2\jbr\bin\server\jvm.dll
0x00007fffb4850000 - 0x00007fffb4902000 	C:\WINDOWS\System32\ADVAPI32.dll
0x00007fffb5a40000 - 0x00007fffb5ae8000 	C:\WINDOWS\System32\sechost.dll
0x00007fffb3550000 - 0x00007fffb3578000 	C:\WINDOWS\System32\bcrypt.dll
0x00007fffb4910000 - 0x00007fffb4a24000 	C:\WINDOWS\System32\RPCRT4.dll
0x00007fffab3e0000 - 0x00007fffab3e9000 	C:\WINDOWS\SYSTEM32\WSOCK32.dll
0x00007fffb5380000 - 0x00007fffb53f1000 	C:\WINDOWS\System32\WS2_32.dll
0x00007fffac460000 - 0x00007fffac494000 	C:\WINDOWS\SYSTEM32\WINMM.dll
0x00007fffa9120000 - 0x00007fffa912a000 	C:\WINDOWS\SYSTEM32\VERSION.dll
0x00007fffb2210000 - 0x00007fffb2228000 	C:\WINDOWS\SYSTEM32\kernel.appcore.dll
0x00007fffab1a0000 - 0x00007fffab1aa000 	C:\Program Files\JetBrains\IntelliJ IDEA 2023.2\jbr\bin\jimage.dll
0x00007fffb09c0000 - 0x00007fffb0bf2000 	C:\WINDOWS\SYSTEM32\DBGHELP.DLL
0x00007fffb3f70000 - 0x00007fffb42fe000 	C:\WINDOWS\System32\combase.dll
0x00007fffb5d00000 - 0x00007fffb5dd7000 	C:\WINDOWS\System32\OLEAUT32.dll
0x00007fff9b1a0000 - 0x00007fff9b1d2000 	C:\WINDOWS\SYSTEM32\dbgcore.DLL
0x00007fffb34d0000 - 0x00007fffb354b000 	C:\WINDOWS\System32\bcryptPrimitives.dll
0x00007fffa3a70000 - 0x00007fffa3a7e000 	C:\Program Files\JetBrains\IntelliJ IDEA 2023.2\jbr\bin\instrument.dll
0x00007fffa6230000 - 0x00007fffa6255000 	C:\Program Files\JetBrains\IntelliJ IDEA 2023.2\jbr\bin\java.dll
0x00007fffa5dc0000 - 0x00007fffa5dd8000 	C:\Program Files\JetBrains\IntelliJ IDEA 2023.2\jbr\bin\zip.dll
0x00007fffb4b00000 - 0x00007fffb5369000 	C:\WINDOWS\System32\SHELL32.dll
0x00007fffb1130000 - 0x00007fffb1a2f000 	C:\WINDOWS\SYSTEM32\windows.storage.dll
0x00007fffb0ff0000 - 0x00007fffb112f000 	C:\WINDOWS\SYSTEM32\wintypes.dll
0x00007fffb55b0000 - 0x00007fffb56a9000 	C:\WINDOWS\System32\SHCORE.dll
0x00007fffb5ca0000 - 0x00007fffb5cfe000 	C:\WINDOWS\System32\shlwapi.dll
0x00007fffb30f0000 - 0x00007fffb3117000 	C:\WINDOWS\SYSTEM32\profapi.dll
0x00007fffa5830000 - 0x00007fffa5849000 	C:\Program Files\JetBrains\IntelliJ IDEA 2023.2\jbr\bin\net.dll
0x00007fffaba20000 - 0x00007fffabb56000 	C:\WINDOWS\SYSTEM32\WINHTTP.dll
0x00007fffb2680000 - 0x00007fffb26e9000 	C:\WINDOWS\system32\mswsock.dll
0x00007fffa3700000 - 0x00007fffa3716000 	C:\Program Files\JetBrains\IntelliJ IDEA 2023.2\jbr\bin\nio.dll
0x00007fffa95b0000 - 0x00007fffa95c0000 	C:\Program Files\JetBrains\IntelliJ IDEA 2023.2\jbr\bin\verify.dll
0x00007fff57bb0000 - 0x00007fff57bd7000 	C:\Users\TUONG VY\.gradle\native\c067742578af261105cb4f569cf0c3c89f3d7b1fecec35dd04571415982c5e48\windows-amd64\native-platform.dll
0x00007fff57190000 - 0x00007fff572d4000 	C:\Users\TUONG VY\.gradle\native\100fb08df4bc3b14c8652ba06237920a3bd2aa13389f12d3474272988ae205f9\windows-amd64\native-platform-file-events.dll
0x00007fffa4c50000 - 0x00007fffa4c59000 	C:\Program Files\JetBrains\IntelliJ IDEA 2023.2\jbr\bin\management.dll
0x00007fffa3e50000 - 0x00007fffa3e5b000 	C:\Program Files\JetBrains\IntelliJ IDEA 2023.2\jbr\bin\management_ext.dll
0x00007fffb4300000 - 0x00007fffb4308000 	C:\WINDOWS\System32\PSAPI.DLL
0x00007fffb28d0000 - 0x00007fffb28eb000 	C:\WINDOWS\SYSTEM32\CRYPTSP.dll
0x00007fffb2170000 - 0x00007fffb21a5000 	C:\WINDOWS\system32\rsaenh.dll
0x00007fffb2770000 - 0x00007fffb2798000 	C:\WINDOWS\SYSTEM32\USERENV.dll
0x00007fffb28f0000 - 0x00007fffb28fc000 	C:\WINDOWS\SYSTEM32\CRYPTBASE.dll
0x00007fffb1c90000 - 0x00007fffb1cbd000 	C:\WINDOWS\SYSTEM32\IPHLPAPI.DLL
0x00007fffb5370000 - 0x00007fffb5379000 	C:\WINDOWS\System32\NSI.dll
0x00007fffabe60000 - 0x00007fffabe79000 	C:\WINDOWS\SYSTEM32\dhcpcsvc6.DLL
0x00007fffab8e0000 - 0x00007fffab8ff000 	C:\WINDOWS\SYSTEM32\dhcpcsvc.DLL
0x00007fffb1d00000 - 0x00007fffb1e02000 	C:\WINDOWS\SYSTEM32\DNSAPI.dll
0x00007fffa58e0000 - 0x00007fffa58ee000 	C:\Program Files\JetBrains\IntelliJ IDEA 2023.2\jbr\bin\sunmscapi.dll
0x00007fffb39b0000 - 0x00007fffb3b16000 	C:\WINDOWS\System32\CRYPT32.dll
0x00007fffb2a70000 - 0x00007fffb2a9d000 	C:\WINDOWS\SYSTEM32\ncrypt.dll
0x00007fffb2a30000 - 0x00007fffb2a67000 	C:\WINDOWS\SYSTEM32\NTASN1.dll
0x00007fffa4d50000 - 0x00007fffa4d58000 	C:\WINDOWS\system32\wshunix.dll

dbghelp: loaded successfully - version: 4.0.5 - missing functions: none
symbol engine: initialized successfully - sym options: 0x614 - pdb path: .;C:\Program Files\JetBrains\IntelliJ IDEA 2023.2\jbr\bin;C:\WINDOWS\SYSTEM32;C:\WINDOWS\WinSxS\amd64_microsoft.windows.common-controls_6595b64144ccf1df_6.0.22621.3672_none_2713b9d173822955;C:\Program Files\JetBrains\IntelliJ IDEA 2023.2\jbr\bin\server;C:\Users\TUONG VY\.gradle\native\c067742578af261105cb4f569cf0c3c89f3d7b1fecec35dd04571415982c5e48\windows-amd64;C:\Users\TUONG VY\.gradle\native\100fb08df4bc3b14c8652ba06237920a3bd2aa13389f12d3474272988ae205f9\windows-amd64

VM Arguments:
jvm_args: --add-opens=java.base/java.util=ALL-UNNAMED --add-opens=java.base/java.lang=ALL-UNNAMED --add-opens=java.base/java.lang.invoke=ALL-UNNAMED --add-opens=java.prefs/java.util.prefs=ALL-UNNAMED --add-exports=jdk.compiler/com.sun.tools.javac.api=ALL-UNNAMED --add-exports=jdk.compiler/com.sun.tools.javac.util=ALL-UNNAMED --add-opens=java.base/java.nio.charset=ALL-UNNAMED --add-opens=java.base/java.net=ALL-UNNAMED --add-opens=java.base/java.util.concurrent.atomic=ALL-UNNAMED -XX:MaxMetaspaceSize=384m -XX:+HeapDumpOnOutOfMemoryError -Xms256m -Xmx512m -Dfile.encoding=windows-1252 -Duser.country=US -Duser.language=en -Duser.variant -javaagent:C:\Users\TUONG VY\.gradle\wrapper\dists\gradle-8.10.2-bin\a04bxjujx95o3nb99gddekhwo\gradle-8.10.2\lib\agents\gradle-instrumentation-agent-8.10.2.jar 
java_command: org.gradle.launcher.daemon.bootstrap.GradleDaemon 8.10.2
java_class_path (initial): C:\Users\TUONG VY\.gradle\wrapper\dists\gradle-8.10.2-bin\a04bxjujx95o3nb99gddekhwo\gradle-8.10.2\lib\gradle-daemon-main-8.10.2.jar
Launcher Type: SUN_STANDARD

[Global flags]
     intx CICompilerCount                          = 3                                         {product} {ergonomic}
   size_t CompressedClassSpaceSize                 = 335544320                                 {product} {ergonomic}
     uint ConcGCThreads                            = 1                                         {product} {ergonomic}
     uint G1ConcRefinementThreads                  = 4                                         {product} {ergonomic}
   size_t G1HeapRegionSize                         = 1048576                                   {product} {ergonomic}
    uintx GCDrainStackTargetSize                   = 64                                        {product} {ergonomic}
     bool HeapDumpOnOutOfMemoryError               = true                                   {manageable} {command line}
   size_t InitialHeapSize                          = 268435456                                 {product} {command line}
   size_t MarkStackSize                            = 4194304                                   {product} {ergonomic}
   size_t MaxHeapSize                              = 536870912                                 {product} {command line}
   size_t MaxMetaspaceSize                         = 402653184                                 {product} {command line}
   size_t MaxNewSize                               = 321912832                                 {product} {ergonomic}
   size_t MinHeapDeltaBytes                        = 1048576                                   {product} {ergonomic}
   size_t MinHeapSize                              = 268435456                                 {product} {command line}
    uintx NonNMethodCodeHeapSize                   = 5832780                                {pd product} {ergonomic}
    uintx NonProfiledCodeHeapSize                  = 122912730                              {pd product} {ergonomic}
    uintx ProfiledCodeHeapSize                     = 122912730                              {pd product} {ergonomic}
    uintx ReservedCodeCacheSize                    = 251658240                              {pd product} {ergonomic}
     bool SegmentedCodeCache                       = true                                      {product} {ergonomic}
   size_t SoftMaxHeapSize                          = 536870912                              {manageable} {ergonomic}
     bool UseCompressedClassPointers               = true                           {product lp64_product} {ergonomic}
     bool UseCompressedOops                        = true                           {product lp64_product} {ergonomic}
     bool UseG1GC                                  = true                                      {product} {ergonomic}
     bool UseLargePagesIndividualAllocation        = false                                  {pd product} {ergonomic}

Logging:
Log output configuration:
 #0: stdout all=warning uptime,level,tags
 #1: stderr all=off uptime,level,tags

Environment Variables:
PATH=C:\Python312\Scripts\;C:\Python312\;C:\Program Files\Common Files\Oracle\Java\javapath;C:\Program Files (x86)\Common Files\Oracle\Java\javapath;C:\WINDOWS\system32;C:\WINDOWS;C:\WINDOWS\System32\Wbem;C:\WINDOWS\System32\WindowsPowerShell\v1.0\;C:\WINDOWS\System32\OpenSSH\;C:\Program Files\Git\cmd;C:\Program Files\Microsoft SQL Server\150\Tools\Binn\;C:\Program Files\Microsoft SQL Server\Client SDK\ODBC\170\Tools\Binn\;C:\Program Files\dotnet\;C:\Program Files (x86)\Windows Kits\10\Windows Performance Toolkit\;C:\Program Files\nodejs\;C:\ProgramData\chocolatey\bin;C:\Users\TUONG VY\AppData\Local\Microsoft\WindowsApps;C:\Program Files\JetBrains\IntelliJ IDEA 2023.2\bin;;D:\Microsoft VS Code\bin;D:\flutter_windows_3.19.5-stable\flutter\bin;C:\Users\TUONG VY\.dotnet\tools;C:\Users\TUONG VY\AppData\Roaming\npm
USERNAME=TUONG VY
OS=Windows_NT
PROCESSOR_IDENTIFIER=AMD64 Family 23 Model 24 Stepping 1, AuthenticAMD
TMP=C:\Users\TUONGV~1\AppData\Local\Temp
TEMP=C:\Users\TUONGV~1\AppData\Local\Temp


JNI global refs:
JNI global refs: 26, weak refs: 7

JNI global refs memory usage: 843, weak refs: 841

OOME stack traces (most recent first):
Classloader memory used:
Loader org.gradle.internal.classloader.VisitableURLClassLoader                         : 4171K
Loader bootstrap                                                                       : 2593K
Loader org.gradle.initialization.MixInLegacyTypesClassLoader                           : 1447K
Loader jdk.internal.loader.ClassLoaders$AppClassLoader                                 : 939K
Loader org.gradle.internal.classloader.VisitableURLClassLoader$InstrumentingVisitableURLClassLoader: 310K
Loader lombok.launch.ShadowClassLoader                                                 : 164K
Loader jdk.internal.loader.ClassLoaders$PlatformClassLoader                            : 100031B
Loader jdk.internal.reflect.DelegatingClassLoader                                      : 26468B
Loader org.gradle.groovy.scripts.internal.DefaultScriptCompilationHandler$ScriptClassLoader: 13734B
Loader java.net.URLClassLoader                                                         : 9460B
Loader org.codehaus.groovy.runtime.callsite.CallSiteClassLoader                        : 2924B
Loader org.gradle.internal.classloader.VisitableURLClassLoader                         : 2388B

Classes loaded by more than one classloader:
Class org.gradle.internal.installation.GradleInstallation                             : loaded 2 times (x 73B)
Class org.gradle.internal.classpath.ClassPath                                         : loaded 2 times (x 68B)
Class org.gradle.api.internal.classpath.DefaultModuleRegistry                         : loaded 2 times (x 84B)
Class org.gradle.api.Action                                                           : loaded 2 times (x 68B)
Class org.gradle.api.internal.DefaultClassPathProvider                                : loaded 2 times (x 74B)
Class org.gradle.internal.installation.GradleInstallation$1                           : loaded 2 times (x 73B)
Class org.gradle.internal.classloader.FilteringClassLoader                            : loaded 2 times (x 102B)
Class org.gradle.internal.classpath.DefaultClassPath$ImmutableUniqueList$Builder      : loaded 2 times (x 73B)
Class build_775mekhpeyteigwl4olvvx67q                                                 : loaded 2 times (x 178B)
Class org.gradle.internal.classloader.ClassLoaderVisitor                              : loaded 2 times (x 74B)
Class org.gradle.internal.service.DefaultServiceLocator                               : loaded 2 times (x 81B)
Class org.gradle.internal.service.UnknownServiceException                             : loaded 2 times (x 81B)
Class org.gradle.internal.classloader.DefaultClassLoaderFactory                       : loaded 2 times (x 80B)
Class org.gradle.internal.classloader.VisitableURLClassLoader$Spec                    : loaded 2 times (x 72B)
Class org.gradle.api.GradleException                                                  : loaded 2 times (x 80B)
Class org.gradle.api.internal.classpath.ModuleRegistry                                : loaded 2 times (x 68B)
Class org.gradle.api.internal.ClassPathProvider                                       : loaded 2 times (x 68B)
Class org.gradle.internal.classloader.ClasspathUtil$1                                 : loaded 2 times (x 74B)
Class org.gradle.internal.classloader.ClassLoaderFactory                              : loaded 2 times (x 68B)
Class org.gradle.api.internal.classpath.ManifestUtil                                  : loaded 2 times (x 69B)
Class org.gradle.api.specs.Spec                                                       : loaded 2 times (x 68B)
Class org.gradle.internal.IoActions                                                   : loaded 2 times (x 69B)
Class org.gradle.api.internal.classpath.EffectiveClassPath                            : loaded 2 times (x 88B)
Class org.gradle.internal.installation.CurrentGradleInstallation                      : loaded 2 times (x 71B)
Class org.gradle.internal.installation.CurrentGradleInstallationLocator               : loaded 2 times (x 69B)
Class org.gradle.api.internal.classpath.Module                                        : loaded 2 times (x 68B)
Class org.gradle.internal.service.CachingServiceLocator                               : loaded 2 times (x 80B)
Class org.gradle.internal.classpath.DefaultClassPath                                  : loaded 2 times (x 88B)
Class org.gradle.internal.classloader.SystemClassLoaderSpec                           : loaded 2 times (x 69B)
Class org.gradle.api.UncheckedIOException                                             : loaded 2 times (x 80B)
Class org.gradle.api.internal.classpath.GlobalCacheRootsProvider                      : loaded 2 times (x 68B)
Class org.gradle.internal.classloader.ClasspathUtil                                   : loaded 2 times (x 69B)
Class org.gradle.api.internal.DefaultClassPathRegistry                                : loaded 2 times (x 74B)
Class org.gradle.api.internal.classpath.DefaultModuleRegistry$DefaultModule           : loaded 2 times (x 84B)
Class org.gradle.api.internal.classpath.UnknownModuleException                        : loaded 2 times (x 80B)
Class org.gradle.internal.service.ServiceLookupException                              : loaded 2 times (x 80B)
Class [Lorg.gradle.api.internal.ClassPathProvider;                                    : loaded 2 times (x 67B)
Class org.gradle.util.internal.GUtil                                                  : loaded 2 times (x 69B)
Class org.gradle.internal.classloader.ClassLoaderSpec                                 : loaded 2 times (x 69B)
Class org.gradle.internal.classloader.InstrumentingClassLoader                        : loaded 2 times (x 68B)
Class org.gradle.internal.classloader.VisitableURLClassLoader                         : loaded 2 times (x 114B)
Class org.gradle.internal.Cast                                                        : loaded 2 times (x 69B)
Class org.gradle.api.internal.ClassPathRegistry                                       : loaded 2 times (x 68B)
Class org.gradle.internal.classloader.VisitableURLClassLoader$InstrumentingVisitableURLClassLoader: loaded 2 times (x 120B)
Class org.gradle.internal.classloader.ClassLoaderHierarchy                            : loaded 2 times (x 68B)
Class org.gradle.internal.InternalTransformer                                         : loaded 2 times (x 68B)
Class org.gradle.internal.service.ServiceLocator                                      : loaded 2 times (x 68B)
Class org.gradle.internal.classpath.DefaultClassPath$ImmutableUniqueList              : loaded 2 times (x 159B)
Class org.gradle.internal.classpath.TransformedClassPath                              : loaded 2 times (x 94B)
Class build_775mekhpeyteigwl4olvvx67q$_run_closure1                                   : loaded 2 times (x 137B)


---------------  S Y S T E M  ---------------

OS:
 Windows 11 , 64 bit Build 22621 (10.0.22621.3958)
OS uptime: 13 days 1:50 hours

CPU: total 4 (initial active 4) (4 cores per cpu, 2 threads per core) family 23 model 24 stepping 1 microcode 0x0, cx8, cmov, fxsr, ht, mmx, 3dnowpref, sse, sse2, sse3, ssse3, sse4a, sse4.1, sse4.2, popcnt, lzcnt, tsc, tscinvbit, avx, avx2, aes, clmul, bmi1, bmi2, adx, sha, fma, vzeroupper, clflush, clflushopt

Memory: 4k page, system-wide physical 3534M (125M free)
TotalPageFile size 14286M (AvailPageFile size 49M)
current process WorkingSet (physical memory assigned to process): 223M, peak: 326M
current process commit charge ("private bytes"): 503M, peak: 507M

vm_info: OpenJDK 64-Bit Server VM (17.0.7+7-b1000.6) for windows-amd64 JRE (17.0.7+7-b1000.6), built on 2023-07-07 by "builduser" with MS VC++ 16.10 / 16.11 (VS2019)

END.
